

*******************************************************************************
Mon May 27 03:06:05 2024


FIT:    data read from "tof_gr.dat" u 1:3
        format = x:z
        #datapoints = 5
        residuals are weighted equally (unit weight)

function used for fitting: f(x)
	f(x)=b*x+c
fitted parameters initialized with current variable values



*******************************************************************************
Mon May 27 03:06:09 2024


FIT:    data read from "tof_gr.dat" u 1:3
        format = x:z
        #datapoints = 5
        residuals are weighted equally (unit weight)

function used for fitting: f(x)
	f(x)=b*x+c
fitted parameters initialized with current variable values

iter      chisq       delta/lim  lambda   b             c            
   0 9.4371637307e+05   0.00e+00  2.16e+02    1.000000e+00   1.000000e+00
   6 2.7037169348e-01  -3.11e-02  2.16e-04   -1.354553e-02  -3.136500e+02

After 6 iterations the fit converged.
final sum of squares of residuals : 0.270372
rel. change during last iteration : -3.10812e-07

degrees of freedom    (FIT_NDF)                        : 3
rms of residuals      (FIT_STDFIT) = sqrt(WSSR/ndf)    : 0.300206
variance of residuals (reduced chisquare) = WSSR/ndf   : 0.0901239

Final set of parameters            Asymptotic Standard Error
=======================            ==========================
b               = -0.0135455       +/- 0.0004399    (3.247%)
c               = -313.65          +/- 0.1343       (0.04283%)

correlation matrix of the fit parameters:
                b      c      
b               1.000 
c               0.031  1.000 


*******************************************************************************
Mon May 27 03:06:38 2024


FIT:    data read from "tof_gr.dat" u 1:2
        format = x:z
        #datapoints = 5
        residuals are weighted equally (unit weight)

function used for fitting: f(x)
	f(x)=a*x*x+b*x+c
fitted parameters initialized with current variable values

iter      chisq       delta/lim  lambda   b             c            
   0 7.4155552022e+10   0.00e+00  2.22e+02   -1.354553e-02  -3.136500e+02
   5 3.0340085025e+10  -1.66e-06  2.22e-03    3.898642e+01  -9.279502e+04

After 5 iterations the fit converged.
final sum of squares of residuals : 3.03401e+10
rel. change during last iteration : -1.65626e-11

degrees of freedom    (FIT_NDF)                        : 3
rms of residuals      (FIT_STDFIT) = sqrt(WSSR/ndf)    : 100565
variance of residuals (reduced chisquare) = WSSR/ndf   : 1.01134e+10

Final set of parameters            Asymptotic Standard Error
=======================            ==========================
b               = 38.9864          +/- 147.4        (378%)
c               = -92795           +/- 4.5e+04      (48.49%)

correlation matrix of the fit parameters:
                b      c      
b               1.000 
c               0.031  1.000 


*******************************************************************************
Mon May 27 03:07:02 2024


FIT:    data read from "tof_gr.dat" u 1:2
        format = x:z
        #datapoints = 5
        residuals are weighted equally (unit weight)

function used for fitting: f(x)
	f(x)=a*x*x+b*x+c
fitted parameters initialized with current variable values

iter      chisq       delta/lim  lambda   a             b             c            
   0 3.0340085025e+10   0.00e+00  8.88e+04    1.000000e+00   3.898642e+01  -9.279502e+04
   5 1.9603228620e+00  -5.76e-05  8.88e-01   -1.205490e-05  -1.110616e-02   8.443912e+01

After 5 iterations the fit converged.
final sum of squares of residuals : 1.96032
rel. change during last iteration : -5.75744e-10

degrees of freedom    (FIT_NDF)                        : 2
rms of residuals      (FIT_STDFIT) = sqrt(WSSR/ndf)    : 0.990031
variance of residuals (reduced chisquare) = WSSR/ndf   : 0.980161

Final set of parameters            Asymptotic Standard Error
=======================            ==========================
a               = -1.20549e-05     +/- 5.684e-06    (47.15%)
b               = -0.0111062       +/- 0.001467     (13.21%)
c               = 84.4391          +/- 0.6891       (0.8161%)

correlation matrix of the fit parameters:
                a      b      c      
a               1.000 
b               0.151  1.000 
c              -0.766 -0.096  1.000 


*******************************************************************************
Tue Jun  4 14:54:31 2024


FIT:    data read from "tof_gr.dat" u 1:2
        format = x:z
        #datapoints = 5
        residuals are weighted equally (unit weight)

function used for fitting: f(x)
	f(x)=p0+p1*x+p2*x*x
fitted parameters initialized with current variable values

iter      chisq       delta/lim  lambda   p0            p1            p2           
   0 7.4543736855e+10   0.00e+00  7.05e+04    1.000000e+00   1.000000e+00   1.000000e+00
   9 3.0232986589e+00  -5.75e-08  7.05e-05   -8.333689e+01   2.745619e-02   2.223355e-05

After 9 iterations the fit converged.
final sum of squares of residuals : 3.0233
rel. change during last iteration : -5.7463e-13

degrees of freedom    (FIT_NDF)                        : 2
rms of residuals      (FIT_STDFIT) = sqrt(WSSR/ndf)    : 1.22949
variance of residuals (reduced chisquare) = WSSR/ndf   : 1.51165

Final set of parameters            Asymptotic Standard Error
=======================            ==========================
p0              = -83.3369         +/- 0.8559       (1.027%)
p1              = 0.0274562        +/- 0.001822     (6.637%)
p2              = 2.22336e-05      +/- 7.06e-06     (31.75%)

correlation matrix of the fit parameters:
                p0     p1     p2     
p0              1.000 
p1             -0.096  1.000 
p2             -0.766  0.151  1.000 


*******************************************************************************
Tue Jun  4 14:54:49 2024


FIT:    data read from "tof_gr.dat" u 1:2
        format = x:z
        #datapoints = 5
        residuals are weighted equally (unit weight)

function used for fitting: f(x)
	f(x)=p0+p1*x+p2*x*x
fitted parameters initialized with current variable values

iter      chisq       delta/lim  lambda   p0            p1            p2           
   0 7.4543736855e+10   0.00e+00  7.05e+04    1.000000e+00   1.000000e+00   1.000000e+00
   9 3.0232986589e+00  -5.75e-08  7.05e-05   -8.333689e+01   2.745619e-02   2.223355e-05

After 9 iterations the fit converged.
final sum of squares of residuals : 3.0233
rel. change during last iteration : -5.7463e-13

degrees of freedom    (FIT_NDF)                        : 2
rms of residuals      (FIT_STDFIT) = sqrt(WSSR/ndf)    : 1.22949
variance of residuals (reduced chisquare) = WSSR/ndf   : 1.51165

Final set of parameters            Asymptotic Standard Error
=======================            ==========================
p0              = -83.3369         +/- 0.8559       (1.027%)
p1              = 0.0274562        +/- 0.001822     (6.637%)
p2              = 2.22336e-05      +/- 7.06e-06     (31.75%)

correlation matrix of the fit parameters:
                p0     p1     p2     
p0              1.000 
p1             -0.096  1.000 
p2             -0.766  0.151  1.000 


*******************************************************************************
Tue Jun  4 14:56:49 2024


FIT:    data read from "tof_gr.dat" u 1:3
        format = x:z
        #datapoints = 5
        residuals are weighted equally (unit weight)

function used for fitting: f(x)
	f(x)=p0+p1*x+p2*x*x
fitted parameters initialized with current variable values

iter      chisq       delta/lim  lambda   p0            p1            p2           
   0 7.4591895117e+10   0.00e+00  7.05e+04    1.000000e+00   1.000000e+00   1.000000e+00
   9 3.4772270005e+02  -7.36e-10  7.05e-05   -1.030194e+02  -9.254240e-02  -2.131525e-04

After 9 iterations the fit converged.
final sum of squares of residuals : 347.723
rel. change during last iteration : -7.3563e-15

degrees of freedom    (FIT_NDF)                        : 2
rms of residuals      (FIT_STDFIT) = sqrt(WSSR/ndf)    : 13.1856
variance of residuals (reduced chisquare) = WSSR/ndf   : 173.861

Final set of parameters            Asymptotic Standard Error
=======================            ==========================
p0              = -103.019         +/- 9.179        (8.91%)
p1              = -0.0925424       +/- 0.01954      (21.12%)
p2              = -0.000213153     +/- 7.571e-05    (35.52%)

correlation matrix of the fit parameters:
                p0     p1     p2     
p0              1.000 
p1             -0.096  1.000 
p2             -0.766  0.151  1.000 


*******************************************************************************
Tue Jun  4 14:58:06 2024


FIT:    data read from "tof_gr.dat" u 1:3
        format = x:z
        #datapoints = 5
        residuals are weighted equally (unit weight)

function used for fitting: f(x)
	f(x)=p0+p1*x+p2*x*x
fitted parameters initialized with current variable values

iter      chisq       delta/lim  lambda   p0            p1            p2           
   0 7.4591895117e+10   0.00e+00  7.05e+04    1.000000e+00   1.000000e+00   1.000000e+00
   9 3.4772270005e+02  -7.36e-10  7.05e-05   -1.030194e+02  -9.254240e-02  -2.131525e-04

After 9 iterations the fit converged.
final sum of squares of residuals : 347.723
rel. change during last iteration : -7.3563e-15

degrees of freedom    (FIT_NDF)                        : 2
rms of residuals      (FIT_STDFIT) = sqrt(WSSR/ndf)    : 13.1856
variance of residuals (reduced chisquare) = WSSR/ndf   : 173.861

Final set of parameters            Asymptotic Standard Error
=======================            ==========================
p0              = -103.019         +/- 9.179        (8.91%)
p1              = -0.0925424       +/- 0.01954      (21.12%)
p2              = -0.000213153     +/- 7.571e-05    (35.52%)

correlation matrix of the fit parameters:
                p0     p1     p2     
p0              1.000 
p1             -0.096  1.000 
p2             -0.766  0.151  1.000 


*******************************************************************************
Tue Jun  4 15:00:43 2024


FIT:    data read from "tof_gr.dat" u 1:4
        format = x:z
        #datapoints = 5
        residuals are weighted equally (unit weight)

function used for fitting: f(x)
	f(x)=p0+p1*x+p2*x*x
fitted parameters initialized with current variable values

iter      chisq       delta/lim  lambda   p0            p1            p2           
   0 7.4652481274e+10   0.00e+00  7.05e+04    1.000000e+00   1.000000e+00   1.000000e+00
   8 1.2941826406e+04  -3.67e-01  7.05e-04   -3.381539e+02   3.108534e-01   9.736192e-04

After 8 iterations the fit converged.
final sum of squares of residuals : 12941.8
rel. change during last iteration : -3.66792e-06

degrees of freedom    (FIT_NDF)                        : 2
rms of residuals      (FIT_STDFIT) = sqrt(WSSR/ndf)    : 80.442
variance of residuals (reduced chisquare) = WSSR/ndf   : 6470.91

Final set of parameters            Asymptotic Standard Error
=======================            ==========================
p0              = -338.154         +/- 56           (16.56%)
p1              = 0.310853         +/- 0.1192       (38.36%)
p2              = 0.000973619      +/- 0.0004619    (47.44%)

correlation matrix of the fit parameters:
                p0     p1     p2     
p0              1.000 
p1             -0.096  1.000 
p2             -0.766  0.151  1.000 


*******************************************************************************
Tue Jun  4 15:01:20 2024


FIT:    data read from "tof_gr.dat" u 1:4
        format = x:z
        #datapoints = 5
        residuals are weighted equally (unit weight)

function used for fitting: f(x)
	f(x)=p0+p1*x+p2*x*x
fitted parameters initialized with current variable values

iter      chisq       delta/lim  lambda   p0            p1            p2           
   0 7.4652481274e+10   0.00e+00  7.05e+04    1.000000e+00   1.000000e+00   1.000000e+00
   8 1.2941826406e+04  -3.67e-01  7.05e-04   -3.381539e+02   3.108534e-01   9.736192e-04

After 8 iterations the fit converged.
final sum of squares of residuals : 12941.8
rel. change during last iteration : -3.66792e-06

degrees of freedom    (FIT_NDF)                        : 2
rms of residuals      (FIT_STDFIT) = sqrt(WSSR/ndf)    : 80.442
variance of residuals (reduced chisquare) = WSSR/ndf   : 6470.91

Final set of parameters            Asymptotic Standard Error
=======================            ==========================
p0              = -338.154         +/- 56           (16.56%)
p1              = 0.310853         +/- 0.1192       (38.36%)
p2              = 0.000973619      +/- 0.0004619    (47.44%)

correlation matrix of the fit parameters:
                p0     p1     p2     
p0              1.000 
p1             -0.096  1.000 
p2             -0.766  0.151  1.000 


*******************************************************************************
Tue Jun  4 15:01:37 2024


FIT:    data read from "tof_gr.dat" u 1:3
        format = x:z
        #datapoints = 5
        residuals are weighted equally (unit weight)

function used for fitting: f(x)
	f(x)=p0+p1*x+p2*x*x
fitted parameters initialized with current variable values

iter      chisq       delta/lim  lambda   p0            p1            p2           
   0 7.4591895117e+10   0.00e+00  7.05e+04    1.000000e+00   1.000000e+00   1.000000e+00
   9 3.4772270005e+02  -7.36e-10  7.05e-05   -1.030194e+02  -9.254240e-02  -2.131525e-04

After 9 iterations the fit converged.
final sum of squares of residuals : 347.723
rel. change during last iteration : -7.3563e-15

degrees of freedom    (FIT_NDF)                        : 2
rms of residuals      (FIT_STDFIT) = sqrt(WSSR/ndf)    : 13.1856
variance of residuals (reduced chisquare) = WSSR/ndf   : 173.861

Final set of parameters            Asymptotic Standard Error
=======================            ==========================
p0              = -103.019         +/- 9.179        (8.91%)
p1              = -0.0925424       +/- 0.01954      (21.12%)
p2              = -0.000213153     +/- 7.571e-05    (35.52%)

correlation matrix of the fit parameters:
                p0     p1     p2     
p0              1.000 
p1             -0.096  1.000 
p2             -0.766  0.151  1.000 


*******************************************************************************
Tue Jun  4 15:02:06 2024


FIT:    data read from "tof_gr.dat" u 1:3
        format = x:z
        #datapoints = 5
        residuals are weighted equally (unit weight)

function used for fitting: f(x)
	f(x)=p0+p1*x+p2*x*x
fitted parameters initialized with current variable values

iter      chisq       delta/lim  lambda   p0            p1            p2           
   0 7.4591895117e+10   0.00e+00  7.05e+04    1.000000e+00   1.000000e+00   1.000000e+00
   9 3.4772270005e+02  -7.36e-10  7.05e-05   -1.030194e+02  -9.254240e-02  -2.131525e-04

After 9 iterations the fit converged.
final sum of squares of residuals : 347.723
rel. change during last iteration : -7.3563e-15

degrees of freedom    (FIT_NDF)                        : 2
rms of residuals      (FIT_STDFIT) = sqrt(WSSR/ndf)    : 13.1856
variance of residuals (reduced chisquare) = WSSR/ndf   : 173.861

Final set of parameters            Asymptotic Standard Error
=======================            ==========================
p0              = -103.019         +/- 9.179        (8.91%)
p1              = -0.0925424       +/- 0.01954      (21.12%)
p2              = -0.000213153     +/- 7.571e-05    (35.52%)

correlation matrix of the fit parameters:
                p0     p1     p2     
p0              1.000 
p1             -0.096  1.000 
p2             -0.766  0.151  1.000 


*******************************************************************************
Tue Jun  4 15:02:25 2024


FIT:    data read from "tof_gr.dat" u 1:4
        format = x:z
        #datapoints = 5
        residuals are weighted equally (unit weight)

function used for fitting: f(x)
	f(x)=p0+p1*x+p2*x*x
fitted parameters initialized with current variable values

iter      chisq       delta/lim  lambda   p0            p1            p2           
   0 7.4760463177e+10   0.00e+00  7.05e+04    1.000000e+00   1.000000e+00   1.000000e+00
   9 2.4862609411e-01  -9.53e-06  7.05e-05   -3.136447e+02  -1.354093e-02  -2.035532e-07

After 9 iterations the fit converged.
final sum of squares of residuals : 0.248626
rel. change during last iteration : -9.53222e-11

degrees of freedom    (FIT_NDF)                        : 2
rms of residuals      (FIT_STDFIT) = sqrt(WSSR/ndf)    : 0.352581
variance of residuals (reduced chisquare) = WSSR/ndf   : 0.124313

Final set of parameters            Asymptotic Standard Error
=======================            ==========================
p0              = -313.645         +/- 0.2455       (0.07826%)
p1              = -0.0135409       +/- 0.0005226    (3.859%)
p2              = -2.03553e-07     +/- 2.025e-06    (994.6%)

correlation matrix of the fit parameters:
                p0     p1     p2     
p0              1.000 
p1             -0.096  1.000 
p2             -0.766  0.151  1.000 


*******************************************************************************
Tue Jun  4 15:03:34 2024


FIT:    data read from "tof_gr.dat" u 1:4
        format = x:z
        #datapoints = 5
        residuals are weighted equally (unit weight)

function used for fitting: f(x)
	f(x)=p0+p1*x
fitted parameters initialized with current variable values

iter      chisq       delta/lim  lambda   p0            p1           
   0 9.4375768187e+05   0.00e+00  2.16e+02    1.000000e+00   1.000000e+00
   6 2.4988269018e-01  -3.36e-02  2.16e-04   -3.136636e+02  -1.353299e-02

After 6 iterations the fit converged.
final sum of squares of residuals : 0.249883
rel. change during last iteration : -3.36326e-07

degrees of freedom    (FIT_NDF)                        : 3
rms of residuals      (FIT_STDFIT) = sqrt(WSSR/ndf)    : 0.288607
variance of residuals (reduced chisquare) = WSSR/ndf   : 0.0832942

Final set of parameters            Asymptotic Standard Error
=======================            ==========================
p0              = -313.664         +/- 0.1291       (0.04117%)
p1              = -0.013533        +/- 0.0004229    (3.125%)

correlation matrix of the fit parameters:
                p0     p1     
p0              1.000 
p1              0.031  1.000 


*******************************************************************************
Tue Jun  4 15:27:01 2024


FIT:    data read from "tof_gr.dat" u 1:4
        format = x:z
        #datapoints = 5
        residuals are weighted equally (unit weight)

function used for fitting: f(x)
	f(x)=p0+p1*x
fitted parameters initialized with current variable values

iter      chisq       delta/lim  lambda   p0            p1           
   0 9.4375768187e+05   0.00e+00  2.16e+02    1.000000e+00   1.000000e+00
   6 2.4988269018e-01  -3.36e-02  2.16e-04   -3.136636e+02  -1.353299e-02

After 6 iterations the fit converged.
final sum of squares of residuals : 0.249883
rel. change during last iteration : -3.36326e-07

degrees of freedom    (FIT_NDF)                        : 3
rms of residuals      (FIT_STDFIT) = sqrt(WSSR/ndf)    : 0.288607
variance of residuals (reduced chisquare) = WSSR/ndf   : 0.0832942

Final set of parameters            Asymptotic Standard Error
=======================            ==========================
p0              = -313.664         +/- 0.1291       (0.04117%)
p1              = -0.013533        +/- 0.0004229    (3.125%)

correlation matrix of the fit parameters:
                p0     p1     
p0              1.000 
p1              0.031  1.000 


*******************************************************************************
Tue Jun  4 15:27:07 2024


FIT:    data read from "tof_gr.dat" u 1:2
        format = x:z
        #datapoints = 5
        residuals are weighted equally (unit weight)

function used for fitting: f(x)
	f(x)=p0+p1*x+p2*x*x
fitted parameters initialized with current variable values

iter      chisq       delta/lim  lambda   p0            p1            p2           
   0 7.4543736855e+10   0.00e+00  7.05e+04    1.000000e+00   1.000000e+00   1.000000e+00
   9 3.0232986589e+00  -5.75e-08  7.05e-05   -8.333689e+01   2.745619e-02   2.223355e-05

After 9 iterations the fit converged.
final sum of squares of residuals : 3.0233
rel. change during last iteration : -5.7463e-13

degrees of freedom    (FIT_NDF)                        : 2
rms of residuals      (FIT_STDFIT) = sqrt(WSSR/ndf)    : 1.22949
variance of residuals (reduced chisquare) = WSSR/ndf   : 1.51165

Final set of parameters            Asymptotic Standard Error
=======================            ==========================
p0              = -83.3369         +/- 0.8559       (1.027%)
p1              = 0.0274562        +/- 0.001822     (6.637%)
p2              = 2.22336e-05      +/- 7.06e-06     (31.75%)

correlation matrix of the fit parameters:
                p0     p1     p2     
p0              1.000 
p1             -0.096  1.000 
p2             -0.766  0.151  1.000 


*******************************************************************************
Tue Jun  4 15:27:11 2024


FIT:    data read from "tof_gr.dat" u 1:3
        format = x:z
        #datapoints = 5
        residuals are weighted equally (unit weight)

function used for fitting: f(x)
	f(x)=p0+p1*x+p2*x*x
fitted parameters initialized with current variable values

iter      chisq       delta/lim  lambda   p0            p1            p2           
   0 7.4591895117e+10   0.00e+00  7.05e+04    1.000000e+00   1.000000e+00   1.000000e+00
   9 3.4772270005e+02  -7.36e-10  7.05e-05   -1.030194e+02  -9.254240e-02  -2.131525e-04

After 9 iterations the fit converged.
final sum of squares of residuals : 347.723
rel. change during last iteration : -7.3563e-15

degrees of freedom    (FIT_NDF)                        : 2
rms of residuals      (FIT_STDFIT) = sqrt(WSSR/ndf)    : 13.1856
variance of residuals (reduced chisquare) = WSSR/ndf   : 173.861

Final set of parameters            Asymptotic Standard Error
=======================            ==========================
p0              = -103.019         +/- 9.179        (8.91%)
p1              = -0.0925424       +/- 0.01954      (21.12%)
p2              = -0.000213153     +/- 7.571e-05    (35.52%)

correlation matrix of the fit parameters:
                p0     p1     p2     
p0              1.000 
p1             -0.096  1.000 
p2             -0.766  0.151  1.000 


*******************************************************************************
Tue Jun  4 15:29:22 2024


FIT:    data read from "tof_gr.dat" u 1:3
        format = x:z
        #datapoints = 5
        residuals are weighted equally (unit weight)

function used for fitting: f(x)
	f(x)=p0+p1*x+p2*x*x
fitted parameters initialized with current variable values

iter      chisq       delta/lim  lambda   p0            p1            p2           
   0 7.4591895117e+10   0.00e+00  7.05e+04    1.000000e+00   1.000000e+00   1.000000e+00
   9 3.4772270005e+02  -7.36e-10  7.05e-05   -1.030194e+02  -9.254240e-02  -2.131525e-04

After 9 iterations the fit converged.
final sum of squares of residuals : 347.723
rel. change during last iteration : -7.3563e-15

degrees of freedom    (FIT_NDF)                        : 2
rms of residuals      (FIT_STDFIT) = sqrt(WSSR/ndf)    : 13.1856
variance of residuals (reduced chisquare) = WSSR/ndf   : 173.861

Final set of parameters            Asymptotic Standard Error
=======================            ==========================
p0              = -103.019         +/- 9.179        (8.91%)
p1              = -0.0925424       +/- 0.01954      (21.12%)
p2              = -0.000213153     +/- 7.571e-05    (35.52%)

correlation matrix of the fit parameters:
                p0     p1     p2     
p0              1.000 
p1             -0.096  1.000 
p2             -0.766  0.151  1.000 


*******************************************************************************
Tue Jun  4 15:29:55 2024


FIT:    data read from "tof_gr.dat" u 1:3
        format = x:z
        #datapoints = 5
        residuals are weighted equally (unit weight)

function used for fitting: f(x)
	f(x)=p0+p1*x+p2*x*x
fitted parameters initialized with current variable values

iter      chisq       delta/lim  lambda   p0            p1            p2           
   0 7.4591895117e+10   0.00e+00  7.05e+04    1.000000e+00   1.000000e+00   1.000000e+00
   9 3.4772270005e+02  -7.36e-10  7.05e-05   -1.030194e+02  -9.254240e-02  -2.131525e-04

After 9 iterations the fit converged.
final sum of squares of residuals : 347.723
rel. change during last iteration : -7.3563e-15

degrees of freedom    (FIT_NDF)                        : 2
rms of residuals      (FIT_STDFIT) = sqrt(WSSR/ndf)    : 13.1856
variance of residuals (reduced chisquare) = WSSR/ndf   : 173.861

Final set of parameters            Asymptotic Standard Error
=======================            ==========================
p0              = -103.019         +/- 9.179        (8.91%)
p1              = -0.0925424       +/- 0.01954      (21.12%)
p2              = -0.000213153     +/- 7.571e-05    (35.52%)

correlation matrix of the fit parameters:
                p0     p1     p2     
p0              1.000 
p1             -0.096  1.000 
p2             -0.766  0.151  1.000 


*******************************************************************************
Tue Jun  4 15:29:58 2024


FIT:    data read from "tof_gr.dat" u 1:4
        format = x:z
        #datapoints = 5
        residuals are weighted equally (unit weight)

function used for fitting: f(x)
	f(x)=p0+p1*x
fitted parameters initialized with current variable values

iter      chisq       delta/lim  lambda   p0            p1           
   0 2.2634447137e+05   0.00e+00  7.55e+01   -1.030194e+02  -9.254240e-02
   4 2.4988269018e-01  -1.57e-03  7.55e-03   -3.136636e+02  -1.353299e-02

After 4 iterations the fit converged.
final sum of squares of residuals : 0.249883
rel. change during last iteration : -1.56824e-08

degrees of freedom    (FIT_NDF)                        : 3
rms of residuals      (FIT_STDFIT) = sqrt(WSSR/ndf)    : 0.288607
variance of residuals (reduced chisquare) = WSSR/ndf   : 0.0832942

Final set of parameters            Asymptotic Standard Error
=======================            ==========================
p0              = -313.664         +/- 0.1291       (0.04117%)
p1              = -0.013533        +/- 0.0004229    (3.125%)

correlation matrix of the fit parameters:
                p0     p1     
p0              1.000 
p1              0.031  1.000 
