

*******************************************************************************
Wed May  8 22:36:30 2024


FIT:    data read from "fit/fp_gr_fit.dat"  u 1:2
        format = x:z
        #datapoints = 4
        residuals are weighted equally (unit weight)

function used for fitting: g(x)
	g(x)=p0+p1*x+p2*x**2
fitted parameters initialized with current variable values

iter      chisq       delta/lim  lambda   p0            p1            p2           
   0 7.4453135989e+10   0.00e+00  7.89e+04    1.000000e+00   1.000000e+00   1.000000e+00
   8 1.3847992553e+04  -1.45e-01  7.89e-04    6.621535e+01   1.178023e+00   1.390091e-03

After 8 iterations the fit converged.
final sum of squares of residuals : 13848
rel. change during last iteration : -1.44863e-06

degrees of freedom    (FIT_NDF)                        : 1
rms of residuals      (FIT_STDFIT) = sqrt(WSSR/ndf)    : 117.677
variance of residuals (reduced chisquare) = WSSR/ndf   : 13848

Final set of parameters            Asymptotic Standard Error
=======================            ==========================
p0              = 66.2154          +/- 113.9        (172.1%)
p1              = 1.17802          +/- 0.175        (14.86%)
p2              = 0.00139009       +/- 0.0008393    (60.38%)

correlation matrix of the fit parameters:
                p0     p1     p2     
p0              1.000 
p1             -0.131  1.000 
p2             -0.856  0.174  1.000 


*******************************************************************************
Wed May  8 22:38:18 2024


FIT:    data read from "fit/fp_gr_fit.dat"  u 1:3
        format = x:z
        #datapoints = 4
        residuals are weighted equally (unit weight)

function used for fitting: g(x)
	g(x)=p0+p1*x+p2*x**2
fitted parameters initialized with current variable values

iter      chisq       delta/lim  lambda   p0            p1            p2           
   0 8.5581249018e+10   0.00e+00  7.89e+04    1.000000e+00   1.000000e+00   1.000000e+00
   9 3.2599220990e+06  -9.53e-09  7.89e-05   -4.427058e+03  -1.429610e+01  -4.629527e-02

After 9 iterations the fit converged.
final sum of squares of residuals : 3.25992e+06
rel. change during last iteration : -9.52771e-14

degrees of freedom    (FIT_NDF)                        : 1
rms of residuals      (FIT_STDFIT) = sqrt(WSSR/ndf)    : 1805.53
variance of residuals (reduced chisquare) = WSSR/ndf   : 3.25992e+06

Final set of parameters            Asymptotic Standard Error
=======================            ==========================
p0              = -4427.06         +/- 1748         (39.49%)
p1              = -14.2961         +/- 2.686        (18.78%)
p2              = -0.0462953       +/- 0.01288      (27.82%)

correlation matrix of the fit parameters:
                p0     p1     p2     
p0              1.000 
p1             -0.131  1.000 
p2             -0.856  0.174  1.000 


*******************************************************************************
Wed May  8 22:38:50 2024


FIT:    data read from "fit/fp_gr_fit.dat"  u 1:4
        format = x:z
        #datapoints = 4
        residuals are weighted equally (unit weight)

function used for fitting: g(x)
	g(x)=p0+p1*x+p2*x**2
fitted parameters initialized with current variable values

iter      chisq       delta/lim  lambda   p0            p1            p2           
   0 8.7361645698e+10   0.00e+00  5.27e+03   -4.427058e+03  -1.429610e+01  -4.629527e-02
   4 1.9606320877e+08  -4.18e-07  5.27e-01    4.077605e+04   3.670099e+02   2.323307e-01

After 4 iterations the fit converged.
final sum of squares of residuals : 1.96063e+08
rel. change during last iteration : -4.17676e-12

degrees of freedom    (FIT_NDF)                        : 1
rms of residuals      (FIT_STDFIT) = sqrt(WSSR/ndf)    : 14002.3
variance of residuals (reduced chisquare) = WSSR/ndf   : 1.96063e+08

Final set of parameters            Asymptotic Standard Error
=======================            ==========================
p0              = 40776.1          +/- 1.356e+04    (33.25%)
p1              = 367.01           +/- 20.83        (5.675%)
p2              = 0.232331         +/- 0.09987      (42.99%)

correlation matrix of the fit parameters:
                p0     p1     p2     
p0              1.000 
p1             -0.131  1.000 
p2             -0.856  0.174  1.000 


*******************************************************************************
Wed May  8 22:39:43 2024


FIT:    data read from "fit/fp_gr_fit.dat"  u 1:5
        format = x:z
        #datapoints = 4
        residuals are weighted equally (unit weight)

function used for fitting: g(x)
	g(x)=p0+p1*x+p2*x**2
fitted parameters initialized with current variable values

iter      chisq       delta/lim  lambda   p0            p1            p2           
   0 6.8938175919e+12   0.00e+00  7.83e+04    4.077605e+04   3.670099e+02   2.323307e-01
   4 3.4051567492e+10  -8.11e-04  7.83e+00   -1.032637e+06  -8.596302e+02  -1.340747e+00

After 4 iterations the fit converged.
final sum of squares of residuals : 3.40516e+10
rel. change during last iteration : -8.11211e-09

degrees of freedom    (FIT_NDF)                        : 1
rms of residuals      (FIT_STDFIT) = sqrt(WSSR/ndf)    : 184531
variance of residuals (reduced chisquare) = WSSR/ndf   : 3.40516e+10

Final set of parameters            Asymptotic Standard Error
=======================            ==========================
p0              = -1.03264e+06     +/- 1.787e+05    (17.3%)
p1              = -859.63          +/- 274.5        (31.93%)
p2              = -1.34075         +/- 1.316        (98.17%)

correlation matrix of the fit parameters:
                p0     p1     p2     
p0              1.000 
p1             -0.131  1.000 
p2             -0.856  0.174  1.000 


*******************************************************************************
Wed May  8 22:40:34 2024


FIT:    data read from "fit/fp_gr_fit.dat"  u 1:5
        format = x:z
        #datapoints = 4
        residuals are weighted equally (unit weight)

function used for fitting: h(x)
	h(x)=p0+p1*x+p2*x**2++p3*x**3
fitted parameters initialized with current variable values

iter      chisq       delta/lim  lambda   p0            p1            p2            p3           
   0 1.3541112201e+16   0.00e+00  2.91e+07   -1.032637e+06  -8.596302e+02  -1.340747e+00   1.000000e+00
   8 2.7105054312e-20   0.00e+00  2.91e-01   -1.053576e+06  -1.622878e+03  -1.005620e+00   4.854691e-03

After 8 iterations the fit converged.
final sum of squares of residuals : 2.71051e-20
rel. change during last iteration : 0


Exactly as many data points as there are parameters.
In this degenerate case, all errors are zero by definition.

Final set of parameters 
======================= 

p0              = -1.05358e+06   
p1              = -1622.88       
p2              = -1.00562       
p3              = 0.00485469     


*******************************************************************************
Wed May  8 23:09:47 2024


FIT:    data read from "fit/fp_gr_fit.dat"  u 1:4
        format = x:z
        #datapoints = 4
        residuals are weighted equally (unit weight)

function used for fitting: g(x)
	g(x)=p0+p1*x+p2*x**2
fitted parameters initialized with current variable values

iter      chisq       delta/lim  lambda   p0            p1            p2           
   0 9.5373418694e+10   0.00e+00  7.89e+04    1.000000e+00   1.000000e+00   1.000000e+00
   9 1.9606320877e+08  -1.34e-08  7.89e-05    4.077605e+04   3.670099e+02   2.323307e-01

After 9 iterations the fit converged.
final sum of squares of residuals : 1.96063e+08
rel. change during last iteration : -1.34219e-13

degrees of freedom    (FIT_NDF)                        : 1
rms of residuals      (FIT_STDFIT) = sqrt(WSSR/ndf)    : 14002.3
variance of residuals (reduced chisquare) = WSSR/ndf   : 1.96063e+08

Final set of parameters            Asymptotic Standard Error
=======================            ==========================
p0              = 40776.1          +/- 1.356e+04    (33.25%)
p1              = 367.01           +/- 20.83        (5.675%)
p2              = 0.232331         +/- 0.09987      (42.99%)

correlation matrix of the fit parameters:
                p0     p1     p2     
p0              1.000 
p1             -0.131  1.000 
p2             -0.856  0.174  1.000 


*******************************************************************************
Wed May  8 23:09:59 2024


FIT:    data read from "fit/fp_gr_fit.dat"  u 1:5
        format = x:z
        #datapoints = 4
        residuals are weighted equally (unit weight)

function used for fitting: g(x)
	g(x)=p0+p1*x+p2*x**2
fitted parameters initialized with current variable values

iter      chisq       delta/lim  lambda   p0            p1            p2           
   0 6.8938175919e+12   0.00e+00  7.83e+04    4.077605e+04   3.670099e+02   2.323307e-01
   4 3.4051567492e+10  -8.11e-04  7.83e+00   -1.032637e+06  -8.596302e+02  -1.340747e+00

After 4 iterations the fit converged.
final sum of squares of residuals : 3.40516e+10
rel. change during last iteration : -8.11211e-09

degrees of freedom    (FIT_NDF)                        : 1
rms of residuals      (FIT_STDFIT) = sqrt(WSSR/ndf)    : 184531
variance of residuals (reduced chisquare) = WSSR/ndf   : 3.40516e+10

Final set of parameters            Asymptotic Standard Error
=======================            ==========================
p0              = -1.03264e+06     +/- 1.787e+05    (17.3%)
p1              = -859.63          +/- 274.5        (31.93%)
p2              = -1.34075         +/- 1.316        (98.17%)

correlation matrix of the fit parameters:
                p0     p1     p2     
p0              1.000 
p1             -0.131  1.000 
p2             -0.856  0.174  1.000 


*******************************************************************************
Wed May  8 23:12:31 2024


FIT:    data read from "fit/fp_gr_fit.dat"  u 1:5
        format = x:z
        #datapoints = 4
        residuals are weighted equally (unit weight)

function used for fitting: g(x)
	g(x)=p0+p1*x+p2*x**2
fitted parameters initialized with current variable values

iter      chisq       delta/lim  lambda   p0            p1            p2           
   0 3.4051567492e+10   0.00e+00  6.29e+05   -1.032637e+06  -8.596302e+02  -1.340747e+00
   1 3.4051567492e+10  -6.72e-11  6.29e+05   -1.032637e+06  -8.596302e+02  -1.340747e+00

After 1 iterations the fit converged.
final sum of squares of residuals : 3.40516e+10
rel. change during last iteration : -6.72162e-16

degrees of freedom    (FIT_NDF)                        : 1
rms of residuals      (FIT_STDFIT) = sqrt(WSSR/ndf)    : 184531
variance of residuals (reduced chisquare) = WSSR/ndf   : 3.40516e+10

Final set of parameters            Asymptotic Standard Error
=======================            ==========================
p0              = -1.03264e+06     +/- 1.787e+05    (17.3%)
p1              = -859.63          +/- 274.5        (31.93%)
p2              = -1.34075         +/- 1.316        (98.17%)

correlation matrix of the fit parameters:
                p0     p1     p2     
p0              1.000 
p1             -0.131  1.000 
p2             -0.856  0.174  1.000 


*******************************************************************************
Thu May 30 03:21:48 2024


FIT:    data read from "dispersion_fp.dat" u 1:2
        format = x:z
        #datapoints = 5
        residuals are weighted equally (unit weight)

function used for fitting: f(x)
	f(x)=p0+p1*x+p2*x*x
fitted parameters initialized with current variable values

iter      chisq       delta/lim  lambda   p0            p1            p2           
   0 4.6599398782e+05   0.00e+00  5.77e-01    1.000000e+00   1.000000e+00   1.000000e+00
   7 1.5454828395e+00  -3.01e-04  5.77e-08   -3.230558e-01   2.156742e+04  -4.693513e+04

After 7 iterations the fit converged.
final sum of squares of residuals : 1.54548
rel. change during last iteration : -3.01008e-09

degrees of freedom    (FIT_NDF)                        : 2
rms of residuals      (FIT_STDFIT) = sqrt(WSSR/ndf)    : 0.879057
variance of residuals (reduced chisquare) = WSSR/ndf   : 0.772741

Final set of parameters            Asymptotic Standard Error
=======================            ==========================
p0              = -0.323056        +/- 0.6126       (189.6%)
p1              = 21567.4          +/- 27.8         (0.1289%)
p2              = -46935.1         +/- 2349         (5.006%)

correlation matrix of the fit parameters:
                p0     p1     p2     
p0              1.000 
p1              0.000  1.000 
p2             -0.767 -0.000  1.000 


*******************************************************************************
Thu May 30 03:22:14 2024


FIT:    data read from "dispersion_fp.dat" u 2:(-$1)
        format = x:z
        #datapoints = 5
        residuals are weighted equally (unit weight)

function used for fitting: f(x)
	f(x)=p0+p1*x+p2*x*x
fitted parameters initialized with current variable values

iter      chisq       delta/lim  lambda   p0            p1            p2           
   0 1.6404548762e+20   0.00e+00  3.31e+09   -3.230558e-01   2.156742e+04  -4.693513e+04
   8 2.1546237640e-01  -3.94e-01  3.31e+01   -3.230552e-01   1.948841e-05   2.037273e-06

After 8 iterations the fit converged.
final sum of squares of residuals : 0.215462
rel. change during last iteration : -3.94181e-06

degrees of freedom    (FIT_NDF)                        : 2
rms of residuals      (FIT_STDFIT) = sqrt(WSSR/ndf)    : 0.328224
variance of residuals (reduced chisquare) = WSSR/ndf   : 0.107731

Final set of parameters            Asymptotic Standard Error
=======================            ==========================
p0              = -0.323055        +/- 0.2284       (70.71%)
p1              = 1.94884e-05      +/- 0.0004867    (2497%)
p2              = 2.03727e-06      +/- 1.885e-06    (92.53%)

correlation matrix of the fit parameters:
                p0     p1     p2     
p0              1.000 
p1             -0.096  1.000 
p2             -0.766  0.152  1.000 


*******************************************************************************
Thu May 30 03:22:33 2024


FIT:    data read from "dispersion_fp.dat" u 2:(-$1)
        format = x:z
        #datapoints = 5
        residuals are weighted equally (unit weight)

function used for fitting: f(x)
	f(x)=p0+p1*x+p2*x*x
fitted parameters initialized with current variable values

iter      chisq       delta/lim  lambda   p0            p1            p2           
   0 2.1546237640e-01   0.00e+00  2.35e-01   -3.230552e-01   1.948841e-05   2.037273e-06
   6 3.3308688466e-09  -9.69e-10  2.35e+00   -1.603961e-05  -4.651834e-05  -4.675086e-09

After 6 iterations the fit converged.
final sum of squares of residuals : 3.33087e-09
rel. change during last iteration : -9.68517e-15

degrees of freedom    (FIT_NDF)                        : 2
rms of residuals      (FIT_STDFIT) = sqrt(WSSR/ndf)    : 4.08097e-05
variance of residuals (reduced chisquare) = WSSR/ndf   : 1.66543e-09

Final set of parameters            Asymptotic Standard Error
=======================            ==========================
p0              = -1.60396e-05     +/- 2.84e-05     (177.1%)
p1              = -4.65183e-05     +/- 6.052e-08    (0.1301%)
p2              = -4.67509e-09     +/- 2.344e-10    (5.014%)

correlation matrix of the fit parameters:
                p0     p1     p2     
p0              1.000 
p1             -0.096  1.000 
p2             -0.766  0.152  1.000 


*******************************************************************************
Thu May 30 03:31:48 2024


FIT:    data read from "dispersion_fp.dat" u 2:(-$1)
        format = x:z
        #datapoints = 5
        residuals are weighted equally (unit weight)

function used for fitting: f(x)
	f(x)=p0+p1*x+p2*x*x
fitted parameters initialized with current variable values

iter      chisq       delta/lim  lambda   p0            p1            p2           
   0 7.4402663674e+10   0.00e+00  7.04e+04    1.000000e+00   1.000000e+00   1.000000e+00
   9 3.3308688466e-09  -7.12e-03  7.04e-05   -1.603961e-05  -4.651834e-05  -4.675086e-09

After 9 iterations the fit converged.
final sum of squares of residuals : 3.33087e-09
rel. change during last iteration : -7.12079e-08

degrees of freedom    (FIT_NDF)                        : 2
rms of residuals      (FIT_STDFIT) = sqrt(WSSR/ndf)    : 4.08097e-05
variance of residuals (reduced chisquare) = WSSR/ndf   : 1.66543e-09

Final set of parameters            Asymptotic Standard Error
=======================            ==========================
p0              = -1.60396e-05     +/- 2.84e-05     (177.1%)
p1              = -4.65183e-05     +/- 6.052e-08    (0.1301%)
p2              = -4.67509e-09     +/- 2.344e-10    (5.014%)

correlation matrix of the fit parameters:
                p0     p1     p2     
p0              1.000 
p1             -0.096  1.000 
p2             -0.766  0.152  1.000 


*******************************************************************************
Thu May 30 03:50:31 2024


FIT:    data read from "dispersion_fp.dat" u 2:(-$1)
        format = x:z
        #datapoints = 5
        residuals are weighted equally (unit weight)

function used for fitting: f(x)
	f(x)=1/(D+A*x)
fitted parameters initialized with current variable values

iter      chisq       delta/lim  lambda   D             A            
   0 4.3391455721e-01   0.00e+00  1.54e-01    1.000000e+00   1.000000e+00
  11 1.0000005228e-03  -2.88e-01  1.54e-12   -8.371499e+05   1.717810e+06

After 11 iterations the fit converged.
final sum of squares of residuals : 0.001
rel. change during last iteration : -2.87776e-06

degrees of freedom    (FIT_NDF)                        : 3
rms of residuals      (FIT_STDFIT) = sqrt(WSSR/ndf)    : 0.0182574
variance of residuals (reduced chisquare) = WSSR/ndf   : 0.000333334

Final set of parameters            Asymptotic Standard Error
=======================            ==========================
D               = -837150          +/- 3.706e+12    (4.427e+08%)
A               = 1.71781e+06      +/- 7.338e+12    (4.272e+08%)

correlation matrix of the fit parameters:
                D      A      
D               1.000 
A              -1.000  1.000 


*******************************************************************************
Thu May 30 03:51:14 2024


FIT:    data read from "dispersion_fp.dat" u 2:(-$1)
        format = x:z
        #datapoints = 5
        residuals are weighted equally (unit weight)

function used for fitting: f(x)
	f(x)=x/(D+A*x)
fitted parameters initialized with current variable values

iter      chisq       delta/lim  lambda   D             A            
   0 1.0000001898e-03   0.00e+00  6.17e-05   -8.371499e+05   1.717810e+06
   1 1.0000001179e-03  -7.19e-03  6.17e-06   -8.166086e+05   1.784912e+06

After 1 iterations the fit converged.
final sum of squares of residuals : 0.001
rel. change during last iteration : -7.19449e-08

degrees of freedom    (FIT_NDF)                        : 3
rms of residuals      (FIT_STDFIT) = sqrt(WSSR/ndf)    : 0.0182574
variance of residuals (reduced chisquare) = WSSR/ndf   : 0.000333333

Final set of parameters            Asymptotic Standard Error
=======================            ==========================
D               = -816609          +/- 1.493e+10    (1.828e+06%)
A               = 1.78491e+06      +/- 2.911e+10    (1.631e+06%)

correlation matrix of the fit parameters:
                D      A      
D               1.000 
A              -1.000  1.000 


*******************************************************************************
Thu May 30 03:51:38 2024


FIT:    data read from "dispersion_fp.dat" u 2:(-$1)
        format = x:z
        #datapoints = 5
        residuals are weighted equally (unit weight)

function used for fitting: f(x)
	f(x)=x/(D+A*x)
fitted parameters initialized with current variable values

iter      chisq       delta/lim  lambda   D             A            
   0 1.0000001179e-03   0.00e+00  1.60e-05   -8.166086e+05   1.784912e+06
   1 1.0000000756e-03  -4.23e-03  1.60e-06   -8.191293e+05   2.075540e+06

After 1 iterations the fit converged.
final sum of squares of residuals : 0.001
rel. change during last iteration : -4.23267e-08

degrees of freedom    (FIT_NDF)                        : 3
rms of residuals      (FIT_STDFIT) = sqrt(WSSR/ndf)    : 0.0182574
variance of residuals (reduced chisquare) = WSSR/ndf   : 0.000333333

Final set of parameters            Asymptotic Standard Error
=======================            ==========================
D               = -819129          +/- 2.048e+10    (2.501e+06%)
A               = 2.07554e+06      +/- 3.936e+10    (1.897e+06%)

correlation matrix of the fit parameters:
                D      A      
D               1.000 
A              -0.993  1.000 


*******************************************************************************
Thu May 30 03:52:04 2024


FIT:    data read from "dispersion_fp.dat" u 2:(-$1)
        format = x:z
        #datapoints = 5
        residuals are weighted equally (unit weight)

function used for fitting: f(x)
	f(x)=x/D
fitted parameters initialized with current variable values

iter      chisq       delta/lim  lambda   D            
   0 9.4803504104e-04   0.00e+00  3.72e-04   -8.191293e+05
  27 1.6770168556e-06  -3.86e-04  3.72e-07   -2.160365e+04

After 27 iterations the fit converged.
final sum of squares of residuals : 1.67702e-06
rel. change during last iteration : -3.85544e-09

degrees of freedom    (FIT_NDF)                        : 4
rms of residuals      (FIT_STDFIT) = sqrt(WSSR/ndf)    : 0.000647498
variance of residuals (reduced chisquare) = WSSR/ndf   : 4.19254e-07

Final set of parameters            Asymptotic Standard Error
=======================            ==========================
D               = -21603.6         +/- 443.2        (2.051%)


*******************************************************************************
Thu May 30 03:52:37 2024


FIT:    data read from "dispersion_fp.dat" u 2:(-$1)
        format = x:z
        #datapoints = 5
        residuals are weighted equally (unit weight)

function used for fitting: f(x)
	f(x)=x/(D+A*x)
fitted parameters initialized with current variable values

iter      chisq       delta/lim  lambda   D             A            
   0 1.0000000030e-03   0.00e+00  3.43e-07   -2.160365e+04   2.075540e+06
   1 9.9999999894e-04  -4.09e-04  3.43e-08    1.479045e+05   6.873700e+06

After 1 iterations the fit converged.
final sum of squares of residuals : 0.001
rel. change during last iteration : -4.09268e-09

degrees of freedom    (FIT_NDF)                        : 3
rms of residuals      (FIT_STDFIT) = sqrt(WSSR/ndf)    : 0.0182574
variance of residuals (reduced chisquare) = WSSR/ndf   : 0.000333333

Final set of parameters            Asymptotic Standard Error
=======================            ==========================
D               = 147904           +/- 5.363e+11    (3.626e+08%)
A               = 6.8737e+06       +/- 4.318e+11    (6.281e+06%)

correlation matrix of the fit parameters:
                D      A      
D               1.000 
A              -0.419  1.000 


*******************************************************************************
Thu May 30 03:53:47 2024


FIT:    data read from "dispersion_fp.dat" u 2:(-$1)
        format = x:z
        #datapoints = 5
        residuals are weighted equally (unit weight)

function used for fitting: f(x)
	f(x)=x/D
fitted parameters initialized with current variable values

iter      chisq       delta/lim  lambda   D            
   0 1.3129390703e-03   0.00e+00  2.06e-03    1.479045e+05
   7 1.0000047444e-03  -2.12e-01  2.06e-10    9.091834e+09

After 7 iterations the fit converged.
final sum of squares of residuals : 0.001
rel. change during last iteration : -2.11717e-06

degrees of freedom    (FIT_NDF)                        : 4
rms of residuals      (FIT_STDFIT) = sqrt(WSSR/ndf)    : 0.0158114
variance of residuals (reduced chisquare) = WSSR/ndf   : 0.000250001

Final set of parameters            Asymptotic Standard Error
=======================            ==========================
D               = 9.09183e+09      +/- 1.917e+15    (2.108e+07%)


*******************************************************************************
Thu May 30 03:54:24 2024


FIT:    data read from "dispersion_fp.dat" u 2:(-$1)
        format = x:z
        #datapoints = 5
        residuals are weighted equally (unit weight)

function used for fitting: f(x)
	f(x)=x/D
fitted parameters initialized with current variable values

iter      chisq       delta/lim  lambda   D            
   0 1.0000047444e-03   0.00e+00  3.35e-08    9.091834e+09
   1 1.0000000000e-03  -4.74e-01  3.35e-09    3.191766e+15

After 1 iterations the fit converged.
final sum of squares of residuals : 0.001
rel. change during last iteration : -4.74434e-06

degrees of freedom    (FIT_NDF)                        : 4
rms of residuals      (FIT_STDFIT) = sqrt(WSSR/ndf)    : 0.0158114
variance of residuals (reduced chisquare) = WSSR/ndf   : 0.00025

Final set of parameters            Asymptotic Standard Error
=======================            ==========================
D               = 3.19177e+15      +/- 2.362e+26    (7.401e+12%)


*******************************************************************************
Thu May 30 03:54:39 2024


FIT:    data read from "dispersion_fp.dat" u 2:(-$1)
        format = x:z
        #datapoints = 5
        residuals are weighted equally (unit weight)

function used for fitting: f(x)
	f(x)=x/D
fitted parameters initialized with current variable values

iter      chisq       delta/lim  lambda   D            
   0 4.6597812212e+05   0.00e+00  3.05e+02    1.000000e+00
  20 1.0000000008e-03  -2.17e-11  3.05e-18    5.109451e+13

After 20 iterations the fit converged.
final sum of squares of residuals : 0.001
rel. change during last iteration : -2.1684e-16

degrees of freedom    (FIT_NDF)                        : 4
rms of residuals      (FIT_STDFIT) = sqrt(WSSR/ndf)    : 0.0158114
variance of residuals (reduced chisquare) = WSSR/ndf   : 0.00025

Final set of parameters            Asymptotic Standard Error
=======================            ==========================
D               = 5.10945e+13      +/- 6.053e+22    (1.185e+11%)


*******************************************************************************
Thu May 30 03:55:17 2024


FIT:    data read from "dispersion_fp.dat" u 2:(-$1)
        format = x:z
        #datapoints = 5
        residuals are weighted equally (unit weight)

function used for fitting: f(x)
	f(x)=x/D
fitted parameters initialized with current variable values

iter      chisq       delta/lim  lambda   D            
   0 1.0000000008e-03   0.00e+00  5.97e-12    5.109451e+13
   1 1.0000000000e-03  -8.44e-05  5.97e-13    1.008032e+23

After 1 iterations the fit converged.
final sum of squares of residuals : 0.001
rel. change during last iteration : -8.44217e-10

degrees of freedom    (FIT_NDF)                        : 4
rms of residuals      (FIT_STDFIT) = sqrt(WSSR/ndf)    : 0.0158114
variance of residuals (reduced chisquare) = WSSR/ndf   : 0.00025

Final set of parameters            Asymptotic Standard Error
=======================            ==========================
D               = 1.00803e+23      +/- 2.356e+41    (2.337e+20%)


*******************************************************************************
Thu May 30 03:55:20 2024


FIT:    data read from "dispersion_fp.dat" u 2:(-$1)
        format = x:z
        #datapoints = 5
        residuals are weighted equally (unit weight)

function used for fitting: f(x)
	f(x)=x/D
fitted parameters initialized with current variable values

iter      chisq       delta/lim  lambda   D            
   0 1.0000000000e-03   0.00e+00  3.03e-21    1.008032e+23
   1 1.0000000000e-03   0.00e+00  3.03e-21    3.923505e+41

After 1 iterations the fit converged.
final sum of squares of residuals : 0.001
rel. change during last iteration : 0

degrees of freedom    (FIT_NDF)                        : 4
rms of residuals      (FIT_STDFIT) = sqrt(WSSR/ndf)    : 0.0158114
variance of residuals (reduced chisquare) = WSSR/ndf   : 0.00025

Final set of parameters            Asymptotic Standard Error
=======================            ==========================
D               = 3.9235e+41       +/- 3.569e+78    (9.097e+38%)


*******************************************************************************
Thu May 30 03:55:53 2024


FIT:    data read from "dispersion_fp.dat" u 2:(-$1)
        format = x:z
        #datapoints = 5
        residuals are weighted equally (unit weight)

function used for fitting: f(x)
	f(x)=p0*x/(1+p1*x)
fitted parameters initialized with current variable values

iter      chisq       delta/lim  lambda   p0            p1           
   0 4.1171121387e+00   0.00e+00  9.01e-01    1.000000e+00   1.000000e+00
   5 9.9999559210e-04  -1.26e-01  9.01e-06    3.997741e-05   1.362701e+00

After 5 iterations the fit converged.
final sum of squares of residuals : 0.000999996
rel. change during last iteration : -1.25786e-06

degrees of freedom    (FIT_NDF)                        : 3
rms of residuals      (FIT_STDFIT) = sqrt(WSSR/ndf)    : 0.0182574
variance of residuals (reduced chisquare) = WSSR/ndf   : 0.000333332

Final set of parameters            Asymptotic Standard Error
=======================            ==========================
p0              = 3.99774e-05      +/- 0.1029       (2.573e+05%)
p1              = 1.3627           +/- 3572         (2.621e+05%)

correlation matrix of the fit parameters:
                p0     p1     
p0              1.000 
p1              0.993  1.000 


*******************************************************************************
Thu May 30 03:56:19 2024


FIT:    data read from "dispersion_fp.dat" u 2:(-$1)
        format = x:z
        #datapoints = 5
        residuals are weighted equally (unit weight)

function used for fitting: f(x)
	f(x)=p0*x
fitted parameters initialized with current variable values

iter      chisq       delta/lim  lambda   p0           
   0 3.4690734033e-03   0.00e+00  1.22e-02    3.997741e-05
   4 1.6770168556e-06  -9.41e-09  1.22e-06   -4.628848e-05

After 4 iterations the fit converged.
final sum of squares of residuals : 1.67702e-06
rel. change during last iteration : -9.40717e-14

degrees of freedom    (FIT_NDF)                        : 4
rms of residuals      (FIT_STDFIT) = sqrt(WSSR/ndf)    : 0.000647498
variance of residuals (reduced chisquare) = WSSR/ndf   : 4.19254e-07

Final set of parameters            Asymptotic Standard Error
=======================            ==========================
p0              = -4.62885e-05     +/- 9.486e-07    (2.049%)
