

*******************************************************************************
Fri Aug 23 14:23:47 2024


FIT:    data read from "delta93.dat" u 1:2
        format = x:z
        #datapoints = 5
        residuals are weighted equally (unit weight)

function used for fitting: f(x)
	f(x)=p0+p1*x+p3*x*x*x
fitted parameters initialized with current variable values

iter      chisq       delta/lim  lambda   p0            p1            p3           
   0 7.3098407741e+10   0.00e+00  6.98e+04    1.000000e+00   1.000000e+00   1.000000e+00
   8 1.5006729002e+03  -4.43e-04  6.98e-04   -1.297795e+01   4.270231e+00  -4.981269e-04

After 8 iterations the fit converged.
final sum of squares of residuals : 1500.67
rel. change during last iteration : -4.42721e-09

degrees of freedom    (FIT_NDF)                        : 2
rms of residuals      (FIT_STDFIT) = sqrt(WSSR/ndf)    : 27.3923
variance of residuals (reduced chisquare) = WSSR/ndf   : 750.336

Final set of parameters            Asymptotic Standard Error
=======================            ==========================
p0              = -12.978          +/- 12.46        (95.99%)
p1              = 4.27023          +/- 1.023        (23.95%)
p3              = -0.000498127     +/- 0.0003205    (64.35%)

correlation matrix of the fit parameters:
                p0     p1     p3     
p0              1.000 
p1              0.053  1.000 
p3             -0.106 -0.947  1.000 


*******************************************************************************
Fri Aug 23 14:24:27 2024


FIT:    data read from "delta93.dat" u 1:2
        format = x:z
        #datapoints = 5
        residuals are weighted equally (unit weight)

function used for fitting: f(x)
	f(x)=p0+p1*x+p2*x*x+p3*x*x*x
fitted parameters initialized with current variable values

iter      chisq       delta/lim  lambda   p0            p1            p3            p2           
   0 2.1457150010e+07   0.00e+00  1.04e+03   -1.297795e+01   4.270231e+00  -4.981269e-04   1.000000e+00
   5 1.1822012250e+02  -3.88e-01  1.04e-02   -3.133436e+01   5.183955e+00  -8.452218e-04   1.441766e-02

After 5 iterations the fit converged.
final sum of squares of residuals : 118.22
rel. change during last iteration : -3.87547e-06

degrees of freedom    (FIT_NDF)                        : 1
rms of residuals      (FIT_STDFIT) = sqrt(WSSR/ndf)    : 10.8729
variance of residuals (reduced chisquare) = WSSR/ndf   : 118.22

Final set of parameters            Asymptotic Standard Error
=======================            ==========================
p0              = -31.3344         +/- 7.298        (23.29%)
p1              = 5.18396          +/- 0.4861       (9.376%)
p3              = -0.000845222     +/- 0.0001628    (19.26%)
p2              = 0.0144177        +/- 0.004216     (29.24%)

correlation matrix of the fit parameters:
                p0     p1     p3     p2     
p0              1.000 
p1             -0.375  1.000 
p3              0.403 -0.961  1.000 
p2             -0.735  0.550 -0.624  1.000 


*******************************************************************************
Fri Aug 23 14:26:02 2024


FIT:    data read from "delta93.dat" u 1:3
        format = x:z
        #datapoints = 5
        residuals are weighted equally (unit weight)

function used for fitting: f(x)
	f(x)=p0+p1*x+p2*x*x+p3*x*x*x
fitted parameters initialized with current variable values

iter      chisq       delta/lim  lambda   p0            p1            p3            p2           
   0 2.7798215547e+05   0.00e+00  1.12e+02   -3.133436e+01   5.183955e+00  -8.452218e-04   1.441766e-02
   4 3.1277698324e+04  -5.20e-03  1.12e-02   -1.759607e+02   1.808829e+01  -3.537739e-03   8.135750e-02

After 4 iterations the fit converged.
final sum of squares of residuals : 31277.7
rel. change during last iteration : -5.19579e-08

degrees of freedom    (FIT_NDF)                        : 1
rms of residuals      (FIT_STDFIT) = sqrt(WSSR/ndf)    : 176.855
variance of residuals (reduced chisquare) = WSSR/ndf   : 31277.7

Final set of parameters            Asymptotic Standard Error
=======================            ==========================
p0              = -175.961         +/- 118.7        (67.47%)
p1              = 18.0883          +/- 7.906        (43.71%)
p3              = -0.00353774      +/- 0.002647     (74.83%)
p2              = 0.0813575        +/- 0.06858      (84.29%)

correlation matrix of the fit parameters:
                p0     p1     p3     p2     
p0              1.000 
p1             -0.375  1.000 
p3              0.403 -0.961  1.000 
p2             -0.735  0.550 -0.624  1.000 


*******************************************************************************
Fri Aug 23 14:26:57 2024


FIT:    data read from "delta93.dat" u 1:3
        format = x:z
        #datapoints = 5
        residuals are weighted equally (unit weight)

function used for fitting: f(x)
	f(x)=p0+p1*x+p2*x*x+p3*x*x*x
fitted parameters initialized with current variable values

iter      chisq       delta/lim  lambda   p0            p1            p3            p2           
   0 3.1277698324e+04   0.00e+00  4.21e+02   -1.759607e+02   1.808829e+01  -3.537739e-03   8.135750e-02
   1 3.1277698324e+04   0.00e+00  4.21e+05   -1.759607e+02   1.808829e+01  -3.537739e-03   8.135750e-02

After 1 iterations the fit converged.
final sum of squares of residuals : 31277.7
rel. change during last iteration : 0

degrees of freedom    (FIT_NDF)                        : 1
rms of residuals      (FIT_STDFIT) = sqrt(WSSR/ndf)    : 176.855
variance of residuals (reduced chisquare) = WSSR/ndf   : 31277.7

Final set of parameters            Asymptotic Standard Error
=======================            ==========================
p0              = -175.961         +/- 118.7        (67.47%)
p1              = 18.0883          +/- 7.906        (43.71%)
p3              = -0.00353774      +/- 0.002647     (74.83%)
p2              = 0.0813575        +/- 0.06858      (84.29%)

correlation matrix of the fit parameters:
                p0     p1     p3     p2     
p0              1.000 
p1             -0.375  1.000 
p3              0.403 -0.961  1.000 
p2             -0.735  0.550 -0.624  1.000 


*******************************************************************************
Sun Aug 25 20:04:46 2024


FIT:    data read from "xy.dat"
        format = z
        #datapoints = 5
        residuals are weighted equally (unit weight)

function used for fitting: f(x)
	f(x)=p0+p1*x
fitted parameters initialized with current variable values

iter      chisq       delta/lim  lambda   p0            p1           
   0 1.7562078617e+04   0.00e+00  4.18e+01    1.000000e+00   1.000000e+00
   5 1.6623456831e-03  -2.48e-02  4.18e-04    1.169061e-02  -1.611489e-03

After 5 iterations the fit converged.
final sum of squares of residuals : 0.00166235
rel. change during last iteration : -2.47904e-07

degrees of freedom    (FIT_NDF)                        : 3
rms of residuals      (FIT_STDFIT) = sqrt(WSSR/ndf)    : 0.0235397
variance of residuals (reduced chisquare) = WSSR/ndf   : 0.000554115

Final set of parameters            Asymptotic Standard Error
=======================            ==========================
p0              = 0.0116906        +/- 0.01054      (90.19%)
p1              = -0.00161149      +/- 0.0001784    (11.07%)

correlation matrix of the fit parameters:
                p0     p1     
p0              1.000 
p1             -0.057  1.000 
