

*******************************************************************************
Sun Jul 28 15:11:40 2024


FIT:    data read from "delta100.dat" u 1:2
        format = x:z
        #datapoints = 4
        residuals are weighted equally (unit weight)

function used for fitting: f(x)
	f(x)=p0+p1*x+p2*x*x
fitted parameters initialized with current variable values

iter      chisq       delta/lim  lambda   p0            p1            p2           
   0 3.9562246311e+00   0.00e+00  5.77e-01    1.000000e+00   1.000000e+00   1.000000e+00
   7 2.6860785986e-08  -1.86e-08  5.77e-08    1.593234e-03  -1.126393e-02   3.812002e-01

After 7 iterations the fit converged.
final sum of squares of residuals : 2.68608e-08
rel. change during last iteration : -1.86126e-13

degrees of freedom    (FIT_NDF)                        : 1
rms of residuals      (FIT_STDFIT) = sqrt(WSSR/ndf)    : 0.000163893
variance of residuals (reduced chisquare) = WSSR/ndf   : 2.68608e-08

Final set of parameters            Asymptotic Standard Error
=======================            ==========================
p0              = 0.00159323       +/- 0.0001302    (8.169%)
p1              = -0.0112639       +/- 0.004225     (37.5%)
p2              = 0.3812           +/- 0.2272       (59.59%)

correlation matrix of the fit parameters:
                p0     p1     p2     
p0              1.000 
p1             -0.198  1.000 
p2             -0.766  0.412  1.000 


*******************************************************************************
Sun Jul 28 15:12:16 2024


FIT:    data read from "delta100.dat" u 1:3
        format = x:z
        #datapoints = 4
        residuals are weighted equally (unit weight)

function used for fitting: f(x)
	f(x)=p0+p1*x+p2*x*x
fitted parameters initialized with current variable values

iter      chisq       delta/lim  lambda   p0            p1            p2           
   0 2.7574969617e-06   0.00e+00  9.40e-04    1.593234e-03  -1.126393e-02   3.812002e-01
   4 1.0602200254e-08  -3.37e-02  9.40e-08    1.573803e-03   2.842751e-02   5.446580e-01

After 4 iterations the fit converged.
final sum of squares of residuals : 1.06022e-08
rel. change during last iteration : -3.37278e-07

degrees of freedom    (FIT_NDF)                        : 1
rms of residuals      (FIT_STDFIT) = sqrt(WSSR/ndf)    : 0.000102967
variance of residuals (reduced chisquare) = WSSR/ndf   : 1.06022e-08

Final set of parameters            Asymptotic Standard Error
=======================            ==========================
p0              = 0.0015738        +/- 8.177e-05    (5.196%)
p1              = 0.0284275        +/- 0.002654     (9.336%)
p2              = 0.544658         +/- 0.1427       (26.2%)

correlation matrix of the fit parameters:
                p0     p1     p2     
p0              1.000 
p1             -0.198  1.000 
p2             -0.766  0.412  1.000 


*******************************************************************************
Sun Jul 28 15:17:51 2024


FIT:    data read from "delta98.dat" u 1:2
        format = x:z
        #datapoints = 4
        residuals are weighted equally (unit weight)

function used for fitting: f(x)
	f(x)=p0+p1*x+p2*x*x
fitted parameters initialized with current variable values

iter      chisq       delta/lim  lambda   p0            p1            p2           
   0 3.7735237733e+00   0.00e+00  5.78e-01    1.000000e+00   1.000000e+00   1.000000e+00
   7 1.1152836129e-08  -1.38e-07  5.78e-08    2.986550e-03   1.401020e-01   2.400226e+00

After 7 iterations the fit converged.
final sum of squares of residuals : 1.11528e-08
rel. change during last iteration : -1.37996e-12

degrees of freedom    (FIT_NDF)                        : 1
rms of residuals      (FIT_STDFIT) = sqrt(WSSR/ndf)    : 0.000105607
variance of residuals (reduced chisquare) = WSSR/ndf   : 1.11528e-08

Final set of parameters            Asymptotic Standard Error
=======================            ==========================
p0              = 0.00298655       +/- 9.463e-05    (3.168%)
p1              = 0.140102         +/- 0.00804      (5.739%)
p2              = 2.40023          +/- 0.139        (5.793%)

correlation matrix of the fit parameters:
                p0     p1     p2     
p0              1.000 
p1              0.612  1.000 
p2              0.416  0.954  1.000 


*******************************************************************************
Sun Jul 28 15:18:35 2024


FIT:    data read from "delta98.dat" u 1:3
        format = x:z
        #datapoints = 2
        residuals are weighted equally (unit weight)

function used for fitting: f(x)
	f(x)=p0+p1*x+p2*x*x
fitted parameters initialized with current variable values

BREAK: Number of data points smaller than number of parameters

*******************************************************************************
Sun Jul 28 15:19:30 2024


FIT:    data read from "delta98.dat" u 1:2
        format = x:z
        #datapoints = 4
        residuals are weighted equally (unit weight)

function used for fitting: f(x)
	f(x)=p0+p1*x+p2*x*x
fitted parameters initialized with current variable values

iter      chisq       delta/lim  lambda   p0            p1            p2           
   0 3.7664523304e+00   0.00e+00  5.78e-01    1.000000e+00   1.000000e+00   1.000000e+00
   7 2.8752269217e-08  -3.20e-08  5.78e-08    3.219506e-03   7.694331e-03  -1.926021e-03

After 7 iterations the fit converged.
final sum of squares of residuals : 2.87523e-08
rel. change during last iteration : -3.20489e-13

degrees of freedom    (FIT_NDF)                        : 1
rms of residuals      (FIT_STDFIT) = sqrt(WSSR/ndf)    : 0.000169565
variance of residuals (reduced chisquare) = WSSR/ndf   : 2.87523e-08

Final set of parameters            Asymptotic Standard Error
=======================            ==========================
p0              = 0.00321951       +/- 0.0001519    (4.719%)
p1              = 0.00769433       +/- 0.01291      (167.8%)
p2              = -0.00192602      +/- 0.2232       (1.159e+04%)

correlation matrix of the fit parameters:
                p0     p1     p2     
p0              1.000 
p1              0.612  1.000 
p2              0.416  0.954  1.000 


*******************************************************************************
Sun Jul 28 15:19:57 2024


FIT:    data read from "delta98.dat" u 1:3
        format = x:z
        #datapoints = 4
        residuals are weighted equally (unit weight)

function used for fitting: f(x)
	f(x)=p0+p1*x+p2*x*x
fitted parameters initialized with current variable values

iter      chisq       delta/lim  lambda   p0            p1            p2           
   0 1.2316470394e-05   0.00e+00  1.87e-03    3.219506e-03   7.694331e-03  -1.926021e-03
   7 1.2533254811e-09  -4.31e-06  1.87e-10    1.668218e-03   2.336351e-02   1.891907e-01

After 7 iterations the fit converged.
final sum of squares of residuals : 1.25333e-09
rel. change during last iteration : -4.31403e-11

degrees of freedom    (FIT_NDF)                        : 1
rms of residuals      (FIT_STDFIT) = sqrt(WSSR/ndf)    : 3.54023e-05
variance of residuals (reduced chisquare) = WSSR/ndf   : 1.25333e-09

Final set of parameters            Asymptotic Standard Error
=======================            ==========================
p0              = 0.00166822       +/- 3.172e-05    (1.902%)
p1              = 0.0233635        +/- 0.002695     (11.54%)
p2              = 0.189191         +/- 0.04661      (24.64%)

correlation matrix of the fit parameters:
                p0     p1     p2     
p0              1.000 
p1              0.612  1.000 
p2              0.416  0.954  1.000 


*******************************************************************************
Sun Jul 28 15:20:55 2024


FIT:    data read from "delta99.dat" u 1:2
        format = x:z
        #datapoints = 4
        residuals are weighted equally (unit weight)

function used for fitting: f(x)
	f(x)=p0+p1*x+p2*x*x
fitted parameters initialized with current variable values

iter      chisq       delta/lim  lambda   p0            p1            p2           
   0 3.8331385254e+00   0.00e+00  5.78e-01    1.000000e+00   1.000000e+00   1.000000e+00
   7 4.6570129857e-08  -5.25e-08  5.78e-08    5.842198e-03   1.245205e-02  -4.525764e-01

After 7 iterations the fit converged.
final sum of squares of residuals : 4.65701e-08
rel. change during last iteration : -5.24762e-13

degrees of freedom    (FIT_NDF)                        : 1
rms of residuals      (FIT_STDFIT) = sqrt(WSSR/ndf)    : 0.000215801
variance of residuals (reduced chisquare) = WSSR/ndf   : 4.65701e-08

Final set of parameters            Asymptotic Standard Error
=======================            ==========================
p0              = 0.0058422        +/- 0.000149     (2.55%)
p1              = 0.0124521        +/- 0.01073      (86.17%)
p2              = -0.452576        +/- 0.2936       (64.86%)

correlation matrix of the fit parameters:
                p0     p1     p2     
p0              1.000 
p1             -0.087  1.000 
p2             -0.397  0.884  1.000 


*******************************************************************************
Sun Jul 28 15:21:27 2024


FIT:    data read from "delta99.dat" u 1:3
        format = x:z
        #datapoints = 4
        residuals are weighted equally (unit weight)

function used for fitting: f(x)
	f(x)=p0+p1*x+p2*x*x
fitted parameters initialized with current variable values

iter      chisq       delta/lim  lambda   p0            p1            p2           
   0 6.0723761711e-05   0.00e+00  3.39e-03    5.842198e-03   1.245205e-02  -4.525764e-01
   5 2.3981524385e-10  -1.15e-03  3.39e-08    1.639558e-03   2.277753e-02   2.134778e-01

After 5 iterations the fit converged.
final sum of squares of residuals : 2.39815e-10
rel. change during last iteration : -1.14629e-08

degrees of freedom    (FIT_NDF)                        : 1
rms of residuals      (FIT_STDFIT) = sqrt(WSSR/ndf)    : 1.5486e-05
variance of residuals (reduced chisquare) = WSSR/ndf   : 2.39815e-10

Final set of parameters            Asymptotic Standard Error
=======================            ==========================
p0              = 0.00163956       +/- 1.069e-05    (0.6521%)
p1              = 0.0227775        +/- 0.00077      (3.381%)
p2              = 0.213478         +/- 0.02107      (9.868%)

correlation matrix of the fit parameters:
                p0     p1     p2     
p0              1.000 
p1             -0.087  1.000 
p2             -0.397  0.884  1.000 


*******************************************************************************
Sun Jul 28 15:22:12 2024


FIT:    data read from "delta101.dat" u 1:2
        format = x:z
        #datapoints = 4
        residuals are weighted equally (unit weight)

function used for fitting: f(x)
	f(x)=p0+p1*x+p2*x*x
fitted parameters initialized with current variable values

iter      chisq       delta/lim  lambda   p0            p1            p2           
   0 4.0119568039e+00   0.00e+00  5.77e-01    1.000000e+00   1.000000e+00   1.000000e+00
   6 2.7684101715e-07  -2.80e-02  5.77e-07    4.793248e-03   3.046584e-02   1.138645e+00

After 6 iterations the fit converged.
final sum of squares of residuals : 2.76841e-07
rel. change during last iteration : -2.8026e-07

degrees of freedom    (FIT_NDF)                        : 1
rms of residuals      (FIT_STDFIT) = sqrt(WSSR/ndf)    : 0.000526157
variance of residuals (reduced chisquare) = WSSR/ndf   : 2.76841e-07

Final set of parameters            Asymptotic Standard Error
=======================            ==========================
p0              = 0.00479325       +/- 0.0004031    (8.409%)
p1              = 0.0304658        +/- 0.01604      (52.66%)
p2              = 1.13864          +/- 0.741        (65.08%)

correlation matrix of the fit parameters:
                p0     p1     p2     
p0              1.000 
p1              0.307  1.000 
p2             -0.732 -0.628  1.000 


*******************************************************************************
Sun Jul 28 15:22:53 2024


FIT:    data read from "delta101.dat" u 1:3
        format = x:z
        #datapoints = 4
        residuals are weighted equally (unit weight)

function used for fitting: f(x)
	f(x)=p0+p1*x+p2*x*x
fitted parameters initialized with current variable values

iter      chisq       delta/lim  lambda   p0            p1            p2           
   0 5.2165183507e-05   0.00e+00  2.83e-03    4.793248e-03   3.046584e-02   1.138645e+00
   4 2.5217257471e-08  -1.24e-03  2.83e-07    1.480656e-03   2.140485e-02   6.796705e-01

After 4 iterations the fit converged.
final sum of squares of residuals : 2.52173e-08
rel. change during last iteration : -1.23794e-08

degrees of freedom    (FIT_NDF)                        : 1
rms of residuals      (FIT_STDFIT) = sqrt(WSSR/ndf)    : 0.000158799
variance of residuals (reduced chisquare) = WSSR/ndf   : 2.52173e-08

Final set of parameters            Asymptotic Standard Error
=======================            ==========================
p0              = 0.00148066       +/- 0.0001217    (8.216%)
p1              = 0.0214048        +/- 0.004842     (22.62%)
p2              = 0.679671         +/- 0.2236       (32.9%)

correlation matrix of the fit parameters:
                p0     p1     p2     
p0              1.000 
p1              0.307  1.000 
p2             -0.732 -0.628  1.000 


*******************************************************************************
Sun Jul 28 15:23:41 2024


FIT:    data read from "delta102.dat" u 1:2
        format = x:z
        #datapoints = 4
        residuals are weighted equally (unit weight)

function used for fitting: f(x)
	f(x)=p0+p1*x+p2*x*x
fitted parameters initialized with current variable values

iter      chisq       delta/lim  lambda   p0            p1            p2           
   0 4.1162969891e+00   0.00e+00  5.78e-01    1.000000e+00   1.000000e+00   1.000000e+00
   7 9.8233931343e-08  -6.93e-09  5.78e-08    4.535545e-03   6.823139e-03   1.641043e+00

After 7 iterations the fit converged.
final sum of squares of residuals : 9.82339e-08
rel. change during last iteration : -6.92503e-14

degrees of freedom    (FIT_NDF)                        : 1
rms of residuals      (FIT_STDFIT) = sqrt(WSSR/ndf)    : 0.000313423
variance of residuals (reduced chisquare) = WSSR/ndf   : 9.82339e-08

Final set of parameters            Asymptotic Standard Error
=======================            ==========================
p0              = 0.00453554       +/- 0.0002141    (4.72%)
p1              = 0.00682314       +/- 0.01894      (277.6%)
p2              = 1.64104          +/- 0.4393       (26.77%)

correlation matrix of the fit parameters:
                p0     p1     p2     
p0              1.000 
p1             -0.162  1.000 
p2             -0.110 -0.920  1.000 


*******************************************************************************
Sun Jul 28 15:24:02 2024


FIT:    data read from "delta102.dat" u 1:3
        format = x:z
        #datapoints = 4
        residuals are weighted equally (unit weight)

function used for fitting: f(x)
	f(x)=p0+p1*x+p2*x*x
fitted parameters initialized with current variable values

iter      chisq       delta/lim  lambda   p0            p1            p2           
   0 5.7548296704e-05   0.00e+00  2.87e-03    4.535545e-03   6.823139e-03   1.641043e+00
   5 2.8390049596e-08  -7.93e-06  2.87e-08    1.413817e-03   3.900569e-03   9.690763e-01

After 5 iterations the fit converged.
final sum of squares of residuals : 2.839e-08
rel. change during last iteration : -7.93475e-11

degrees of freedom    (FIT_NDF)                        : 1
rms of residuals      (FIT_STDFIT) = sqrt(WSSR/ndf)    : 0.000168493
variance of residuals (reduced chisquare) = WSSR/ndf   : 2.839e-08

Final set of parameters            Asymptotic Standard Error
=======================            ==========================
p0              = 0.00141382       +/- 0.0001151    (8.141%)
p1              = 0.00390057       +/- 0.01018      (261%)
p2              = 0.969076         +/- 0.2362       (24.37%)

correlation matrix of the fit parameters:
                p0     p1     p2     
p0              1.000 
p1             -0.162  1.000 
p2             -0.110 -0.920  1.000 


*******************************************************************************
Sun Jul 28 15:26:56 2024


FIT:    data read from "fit.dat" u 1:5
        format = x:z
        #datapoints = 5
        residuals are weighted equally (unit weight)

function used for fitting: f(x)
	f(x)=p0+p1*x+p2*x*x
fitted parameters initialized with current variable values

iter      chisq       delta/lim  lambda   p0            p1            p2           
   0 7.2933503783e+10   0.00e+00  6.97e+04    1.000000e+00   1.000000e+00   1.000000e+00
   9 3.1621987736e-10  -7.20e-02  6.97e-05    1.574377e-03  -3.125654e-07  -2.024157e-10

After 9 iterations the fit converged.
final sum of squares of residuals : 3.1622e-10
rel. change during last iteration : -7.20102e-07

degrees of freedom    (FIT_NDF)                        : 2
rms of residuals      (FIT_STDFIT) = sqrt(WSSR/ndf)    : 1.25742e-05
variance of residuals (reduced chisquare) = WSSR/ndf   : 1.5811e-10

Final set of parameters            Asymptotic Standard Error
=======================            ==========================
p0              = 0.00157438       +/- 8.824e-06    (0.5605%)
p1              = -3.12565e-07     +/- 1.85e-08     (5.919%)
p2              = -2.02416e-10     +/- 7.313e-11    (36.13%)

correlation matrix of the fit parameters:
                p0     p1     p2     
p0              1.000 
p1             -0.063  1.000 
p2             -0.771  0.078  1.000 


*******************************************************************************
Sun Jul 28 15:27:57 2024


FIT:    data read from "fit.dat" u 1:6
        format = x:z
        #datapoints = 5
        residuals are weighted equally (unit weight)

function used for fitting: f(x)
	f(x)=p0+p1*x+p2*x*x+p3*x*x*x
fitted parameters initialized with current variable values

iter      chisq       delta/lim  lambda   p0            p1            p2            p3           
   0 1.2906277769e+16   0.00e+00  2.54e+07    1.574377e-03  -3.125654e-07  -2.024157e-10   1.000000e+00
   5 1.8362883459e-03  -3.47e-07  2.54e+02    1.574377e-03  -3.125654e-07  -2.024157e-10  -1.261243e-10

After 5 iterations the fit converged.
final sum of squares of residuals : 0.00183629
rel. change during last iteration : -3.46536e-12

degrees of freedom    (FIT_NDF)                        : 1
rms of residuals      (FIT_STDFIT) = sqrt(WSSR/ndf)    : 0.0428519
variance of residuals (reduced chisquare) = WSSR/ndf   : 0.00183629

Final set of parameters            Asymptotic Standard Error
=======================            ==========================
p0              = 0.00157438       +/- 0.03008      (1911%)
p1              = -3.12565e-07     +/- 0.000189     (6.048e+04%)
p2              = -2.02416e-10     +/- 2.513e-07    (1.242e+05%)
p3              = -1.26124e-10     +/- 1.139e-09    (903.4%)

correlation matrix of the fit parameters:
                p0     p1     p2     p3     
p0              1.000 
p1              0.006  1.000 
p2             -0.767 -0.096  1.000 
p3             -0.028 -0.943  0.130  1.000 


*******************************************************************************
Sun Jul 28 15:28:10 2024


FIT:    data read from "fit.dat" u 1:6
        format = x:z
        #datapoints = 5
        residuals are weighted equally (unit weight)

function used for fitting: f(x)
	f(x)=p0+p1*x+p2*x*x+p3*x*x*x
fitted parameters initialized with current variable values

iter      chisq       delta/lim  lambda   p0            p1            p2            p3           
   0 1.8362883459e-03   0.00e+00  3.30e-03    1.574377e-03  -3.125654e-07  -2.024157e-10  -1.261243e-10
   6 4.3409407938e-06  -6.22e-07  3.30e-09    2.688835e-02   5.967875e-06  -7.748658e-08  -1.631420e-10

After 6 iterations the fit converged.
final sum of squares of residuals : 4.34094e-06
rel. change during last iteration : -6.21556e-12

degrees of freedom    (FIT_NDF)                        : 1
rms of residuals      (FIT_STDFIT) = sqrt(WSSR/ndf)    : 0.00208349
variance of residuals (reduced chisquare) = WSSR/ndf   : 4.34094e-06

Final set of parameters            Asymptotic Standard Error
=======================            ==========================
p0              = 0.0268884        +/- 0.001463     (5.44%)
p1              = 5.96787e-06      +/- 9.192e-06    (154%)
p2              = -7.74866e-08     +/- 1.222e-08    (15.77%)
p3              = -1.63142e-10     +/- 5.54e-11     (33.96%)

correlation matrix of the fit parameters:
                p0     p1     p2     p3     
p0              1.000 
p1              0.006  1.000 
p2             -0.767 -0.096  1.000 
p3             -0.028 -0.943  0.130  1.000 


*******************************************************************************
Sun Jul 28 15:28:59 2024


FIT:    data read from "fit.dat" u 1:7
        format = x:z
        #datapoints = 5
        residuals are weighted equally (unit weight)

function used for fitting: f(x)
	f(x)=p0+p1*x+p2*x*x+p3*x*x*x
fitted parameters initialized with current variable values

iter      chisq       delta/lim  lambda   p0            p1            p2            p3           
   0 1.6956519322e+00   0.00e+00  1.49e-02    2.688835e-02   5.967875e-06  -7.748658e-08  -1.631420e-10
   5 1.0106078375e-02  -4.50e-07  1.49e-07    4.599720e-01   1.134698e-03   6.014954e-07  -1.190696e-09

After 5 iterations the fit converged.
final sum of squares of residuals : 0.0101061
rel. change during last iteration : -4.49916e-12

degrees of freedom    (FIT_NDF)                        : 1
rms of residuals      (FIT_STDFIT) = sqrt(WSSR/ndf)    : 0.100529
variance of residuals (reduced chisquare) = WSSR/ndf   : 0.0101061

Final set of parameters            Asymptotic Standard Error
=======================            ==========================
p0              = 0.459972         +/- 0.07057      (15.34%)
p1              = 0.0011347        +/- 0.0004435    (39.08%)
p2              = 6.01495e-07      +/- 5.896e-07    (98.03%)
p3              = -1.1907e-09      +/- 2.673e-09    (224.5%)

correlation matrix of the fit parameters:
                p0     p1     p2     p3     
p0              1.000 
p1              0.006  1.000 
p2             -0.767 -0.096  1.000 
p3             -0.028 -0.943  0.130  1.000 


*******************************************************************************
Sun Jul 28 15:29:01 2024


FIT:    data read from "fit.dat" u 1:7
        format = x:z
        #datapoints = 5
        residuals are weighted equally (unit weight)

function used for fitting: f(x)
	f(x)=p0+p1*x+p2*x*x+p3*x*x*x
fitted parameters initialized with current variable values

iter      chisq       delta/lim  lambda   p0            p1            p2            p3           
   0 1.0106078375e-02   0.00e+00  2.92e-01    4.599720e-01   1.134698e-03   6.014954e-07  -1.190696e-09
   1 1.0106078375e-02  -5.15e-11  2.92e-01    4.599720e-01   1.134698e-03   6.014954e-07  -1.190696e-09

After 1 iterations the fit converged.
final sum of squares of residuals : 0.0101061
rel. change during last iteration : -5.14954e-16

degrees of freedom    (FIT_NDF)                        : 1
rms of residuals      (FIT_STDFIT) = sqrt(WSSR/ndf)    : 0.100529
variance of residuals (reduced chisquare) = WSSR/ndf   : 0.0101061

Final set of parameters            Asymptotic Standard Error
=======================            ==========================
p0              = 0.459972         +/- 0.07057      (15.34%)
p1              = 0.0011347        +/- 0.0004435    (39.08%)
p2              = 6.01495e-07      +/- 5.896e-07    (98.03%)
p3              = -1.1907e-09      +/- 2.673e-09    (224.5%)

correlation matrix of the fit parameters:
                p0     p1     p2     p3     
p0              1.000 
p1              0.006  1.000 
p2             -0.767 -0.096  1.000 
p3             -0.028 -0.943  0.130  1.000 


*******************************************************************************
Sun Jul 28 15:29:10 2024


FIT:    data read from "fit.dat" u 1:7
        format = x:z
        #datapoints = 5
        residuals are weighted equally (unit weight)

function used for fitting: f(x)
	f(x)=p0+p1*x+p2*x*x+p3*x*x*x
fitted parameters initialized with current variable values

iter      chisq       delta/lim  lambda   p0            p1            p2            p3           
   0 1.0106078375e-02   0.00e+00  2.92e-01    4.599720e-01   1.134698e-03   6.014954e-07  -1.190696e-09
   1 1.0106078375e-02   0.00e+00  2.92e-02    4.599720e-01   1.134698e-03   6.014954e-07  -1.190696e-09

After 1 iterations the fit converged.
final sum of squares of residuals : 0.0101061
rel. change during last iteration : 0

degrees of freedom    (FIT_NDF)                        : 1
rms of residuals      (FIT_STDFIT) = sqrt(WSSR/ndf)    : 0.100529
variance of residuals (reduced chisquare) = WSSR/ndf   : 0.0101061

Final set of parameters            Asymptotic Standard Error
=======================            ==========================
p0              = 0.459972         +/- 0.07057      (15.34%)
p1              = 0.0011347        +/- 0.0004435    (39.08%)
p2              = 6.01495e-07      +/- 5.896e-07    (98.03%)
p3              = -1.1907e-09      +/- 2.673e-09    (224.5%)

correlation matrix of the fit parameters:
                p0     p1     p2     p3     
p0              1.000 
p1              0.006  1.000 
p2             -0.767 -0.096  1.000 
p3             -0.028 -0.943  0.130  1.000 


*******************************************************************************
Sun Jul 28 15:34:44 2024


FIT:    data read from "delta98.dat" u 1:2
        format = x:z
        #datapoints = 4
        residuals are weighted equally (unit weight)

function used for fitting: f(x)
	f(x)=p0+p1*x
fitted parameters initialized with current variable values

iter      chisq       delta/lim  lambda   p0            p1           
   0 3.7568228764e+00   0.00e+00  7.08e-01    1.000000e+00   1.000000e+00
   5 2.8754409341e-08  -1.62e-01  7.08e-06    3.220050e-03   7.800550e-03

After 5 iterations the fit converged.
final sum of squares of residuals : 2.87544e-08
rel. change during last iteration : -1.61774e-06

degrees of freedom    (FIT_NDF)                        : 2
rms of residuals      (FIT_STDFIT) = sqrt(WSSR/ndf)    : 0.000119905
variance of residuals (reduced chisquare) = WSSR/ndf   : 1.43772e-08

Final set of parameters            Asymptotic Standard Error
=======================            ==========================
p0              = 0.00322005       +/- 9.772e-05    (3.035%)
p1              = 0.00780055       +/- 0.002745     (35.18%)

correlation matrix of the fit parameters:
                p0     p1     
p0              1.000 
p1              0.790  1.000 


*******************************************************************************
Sun Jul 28 15:35:22 2024


FIT:    data read from "delta99.dat" u 1:2
        format = x:z
        #datapoints = 4
        residuals are weighted equally (unit weight)

function used for fitting: f(x)
	f(x)=p0+p1*x
fitted parameters initialized with current variable values

iter      chisq       delta/lim  lambda   p0            p1           
   0 2.0352737028e-05   0.00e+00  2.28e-03    3.220050e-03   7.800550e-03
   4 1.5725689924e-07  -9.15e-01  2.28e-07    5.750984e-03   2.707328e-02

After 4 iterations the fit converged.
final sum of squares of residuals : 1.57257e-07
rel. change during last iteration : -9.14647e-06

degrees of freedom    (FIT_NDF)                        : 2
rms of residuals      (FIT_STDFIT) = sqrt(WSSR/ndf)    : 0.000280408
variance of residuals (reduced chisquare) = WSSR/ndf   : 7.86284e-08

Final set of parameters            Asymptotic Standard Error
=======================            ==========================
p0              = 0.00575098       +/- 0.0001777    (3.089%)
p1              = 0.0270733        +/- 0.006522     (24.09%)

correlation matrix of the fit parameters:
                p0     p1     
p0              1.000 
p1              0.614  1.000 


*******************************************************************************
Sun Jul 28 15:35:22 2024


FIT:    data read from "delta99.dat" u 1:2
        format = x:z
        #datapoints = 4
        residuals are weighted equally (unit weight)

function used for fitting: f(x)
	f(x)=p0+p1*x
fitted parameters initialized with current variable values

iter      chisq       delta/lim  lambda   p0            p1           
   0 1.5725689924e-07   0.00e+00  4.10e-03    5.750984e-03   2.707328e-02
   1 1.5725689924e-07  -2.36e-10  4.10e-04    5.750984e-03   2.707328e-02

After 1 iterations the fit converged.
final sum of squares of residuals : 1.57257e-07
rel. change during last iteration : -2.35651e-15

degrees of freedom    (FIT_NDF)                        : 2
rms of residuals      (FIT_STDFIT) = sqrt(WSSR/ndf)    : 0.000280408
variance of residuals (reduced chisquare) = WSSR/ndf   : 7.86284e-08

Final set of parameters            Asymptotic Standard Error
=======================            ==========================
p0              = 0.00575098       +/- 0.0001777    (3.089%)
p1              = 0.0270733        +/- 0.006522     (24.09%)

correlation matrix of the fit parameters:
                p0     p1     
p0              1.000 
p1              0.614  1.000 


*******************************************************************************
Sun Jul 28 15:35:47 2024


FIT:    data read from "delta100.dat" u 1:2
        format = x:z
        #datapoints = 4
        residuals are weighted equally (unit weight)

function used for fitting: f(x)
	f(x)=p0+p1*x
fitted parameters initialized with current variable values

iter      chisq       delta/lim  lambda   p0            p1           
   0 6.1260211641e-05   0.00e+00  4.09e-03    5.750984e-03   2.707328e-02
   4 1.0250874108e-07  -5.18e-02  4.09e-07    1.760575e-03  -1.418814e-02

After 4 iterations the fit converged.
final sum of squares of residuals : 1.02509e-07
rel. change during last iteration : -5.18034e-07

degrees of freedom    (FIT_NDF)                        : 2
rms of residuals      (FIT_STDFIT) = sqrt(WSSR/ndf)    : 0.000226394
variance of residuals (reduced chisquare) = WSSR/ndf   : 5.12544e-08

Final set of parameters            Asymptotic Standard Error
=======================            ==========================
p0              = 0.00176057       +/- 0.0001156    (6.563%)
p1              = -0.0141881       +/- 0.005316     (37.47%)

correlation matrix of the fit parameters:
                p0     p1     
p0              1.000 
p1              0.201  1.000 


*******************************************************************************
Sun Jul 28 15:35:48 2024


FIT:    data read from "delta100.dat" u 1:2
        format = x:z
        #datapoints = 4
        residuals are weighted equally (unit weight)

function used for fitting: f(x)
	f(x)=p0+p1*x
fitted parameters initialized with current variable values

iter      chisq       delta/lim  lambda   p0            p1           
   0 1.0250874108e-07   0.00e+00  1.26e-03    1.760575e-03  -1.418814e-02
   1 1.0250874108e-07  -7.75e-11  1.26e-02    1.760575e-03  -1.418814e-02

After 1 iterations the fit converged.
final sum of squares of residuals : 1.02509e-07
rel. change during last iteration : -7.74659e-16

degrees of freedom    (FIT_NDF)                        : 2
rms of residuals      (FIT_STDFIT) = sqrt(WSSR/ndf)    : 0.000226394
variance of residuals (reduced chisquare) = WSSR/ndf   : 5.12544e-08

Final set of parameters            Asymptotic Standard Error
=======================            ==========================
p0              = 0.00176057       +/- 0.0001156    (6.563%)
p1              = -0.0141881       +/- 0.005316     (37.47%)

correlation matrix of the fit parameters:
                p0     p1     
p0              1.000 
p1              0.201  1.000 


*******************************************************************************
Sun Jul 28 15:36:35 2024


FIT:    data read from "delta101.dat" u 1:2
        format = x:z
        #datapoints = 4
        residuals are weighted equally (unit weight)

function used for fitting: f(x)
	f(x)=p0+p1*x
fitted parameters initialized with current variable values

iter      chisq       delta/lim  lambda   p0            p1           
   0 6.7171750959e-05   0.00e+00  1.26e-03    1.760575e-03  -1.418814e-02
   4 9.3052658709e-07  -1.61e-04  1.26e-07    5.246466e-03   4.594726e-02

After 4 iterations the fit converged.
final sum of squares of residuals : 9.30527e-07
rel. change during last iteration : -1.61399e-09

degrees of freedom    (FIT_NDF)                        : 2
rms of residuals      (FIT_STDFIT) = sqrt(WSSR/ndf)    : 0.000682102
variance of residuals (reduced chisquare) = WSSR/ndf   : 4.65263e-07

Final set of parameters            Asymptotic Standard Error
=======================            ==========================
p0              = 0.00524647       +/- 0.0003562    (6.788%)
p1              = 0.0459473        +/- 0.01618      (35.22%)

correlation matrix of the fit parameters:
                p0     p1     
p0              1.000 
p1             -0.288  1.000 


*******************************************************************************
Sun Jul 28 15:36:36 2024


FIT:    data read from "delta101.dat" u 1:2
        format = x:z
        #datapoints = 4
        residuals are weighted equally (unit weight)

function used for fitting: f(x)
	f(x)=p0+p1*x
fitted parameters initialized with current variable values

iter      chisq       delta/lim  lambda   p0            p1           
   0 9.3052658709e-07   0.00e+00  3.78e-03    5.246466e-03   4.594726e-02
   1 9.3052658709e-07  -3.41e-11  3.78e-02    5.246466e-03   4.594726e-02

After 1 iterations the fit converged.
final sum of squares of residuals : 9.30527e-07
rel. change during last iteration : -3.41352e-16

degrees of freedom    (FIT_NDF)                        : 2
rms of residuals      (FIT_STDFIT) = sqrt(WSSR/ndf)    : 0.000682102
variance of residuals (reduced chisquare) = WSSR/ndf   : 4.65263e-07

Final set of parameters            Asymptotic Standard Error
=======================            ==========================
p0              = 0.00524647       +/- 0.0003562    (6.788%)
p1              = 0.0459473        +/- 0.01618      (35.22%)

correlation matrix of the fit parameters:
                p0     p1     
p0              1.000 
p1             -0.288  1.000 


*******************************************************************************
Sun Jul 28 15:37:09 2024


FIT:    data read from "delta102.dat" u 1:2
        format = x:z
        #datapoints = 4
        residuals are weighted equally (unit weight)

function used for fitting: f(x)
	f(x)=p0+p1*x
fitted parameters initialized with current variable values

iter      chisq       delta/lim  lambda   p0            p1           
   0 2.7327635624e-06   0.00e+00  3.83e-03    5.246466e-03   4.594726e-02
   4 1.4690589882e-06  -1.25e-05  3.83e-07    4.623684e-03   7.193646e-02

After 4 iterations the fit converged.
final sum of squares of residuals : 1.46906e-06
rel. change during last iteration : -1.24875e-10

degrees of freedom    (FIT_NDF)                        : 2
rms of residuals      (FIT_STDFIT) = sqrt(WSSR/ndf)    : 0.000857047
variance of residuals (reduced chisquare) = WSSR/ndf   : 7.34529e-07

Final set of parameters            Asymptotic Standard Error
=======================            ==========================
p0              = 0.00462368       +/- 0.0005819    (12.58%)
p1              = 0.0719365        +/- 0.02027      (28.17%)

correlation matrix of the fit parameters:
                p0     p1     
p0              1.000 
p1             -0.676  1.000 


*******************************************************************************
Sun Jul 28 15:37:10 2024


FIT:    data read from "delta102.dat" u 1:2
        format = x:z
        #datapoints = 4
        residuals are weighted equally (unit weight)

function used for fitting: f(x)
	f(x)=p0+p1*x
fitted parameters initialized with current variable values

iter      chisq       delta/lim  lambda   p0            p1           
   0 1.4690589882e-06   0.00e+00  3.58e-03    4.623684e-03   7.193646e-02
   1 1.4690589882e-06   0.00e+00  3.58e-01    4.623684e-03   7.193646e-02

After 1 iterations the fit converged.
final sum of squares of residuals : 1.46906e-06
rel. change during last iteration : 0

degrees of freedom    (FIT_NDF)                        : 2
rms of residuals      (FIT_STDFIT) = sqrt(WSSR/ndf)    : 0.000857047
variance of residuals (reduced chisquare) = WSSR/ndf   : 7.34529e-07

Final set of parameters            Asymptotic Standard Error
=======================            ==========================
p0              = 0.00462368       +/- 0.0005819    (12.58%)
p1              = 0.0719365        +/- 0.02027      (28.17%)

correlation matrix of the fit parameters:
                p0     p1     
p0              1.000 
p1             -0.676  1.000 


*******************************************************************************
Sun Jul 28 15:39:00 2024


FIT:    data read from "fit.dat" u 1:3
        format = x:z
        #datapoints = 4
        residuals are weighted equally (unit weight)

function used for fitting: f(x)
	f(x)=p0+p1*x+p2*x*x
fitted parameters initialized with current variable values

iter      chisq       delta/lim  lambda   p0            p1            p2           
   0 7.2933447992e+10   0.00e+00  7.80e+04    1.000000e+00   1.000000e+00   1.000000e+00
   9 7.8859626523e-05  -1.90e-05  7.80e-05    3.500399e-02   6.854289e-05   2.831097e-08

After 9 iterations the fit converged.
final sum of squares of residuals : 7.88596e-05
rel. change during last iteration : -1.90028e-10

degrees of freedom    (FIT_NDF)                        : 1
rms of residuals      (FIT_STDFIT) = sqrt(WSSR/ndf)    : 0.00888029
variance of residuals (reduced chisquare) = WSSR/ndf   : 7.88596e-05

Final set of parameters            Asymptotic Standard Error
=======================            ==========================
p0              = 0.035004         +/- 0.008728     (24.93%)
p1              = 6.85429e-05      +/- 1.307e-05    (19.08%)
p2              = 2.8311e-08       +/- 6.47e-08     (228.5%)

correlation matrix of the fit parameters:
                p0     p1     p2     
p0              1.000 
p1             -0.071  1.000 
p2             -0.861  0.085  1.000 


*******************************************************************************
Sun Jul 28 15:39:08 2024


FIT:    data read from "fit.dat" u 1:3
        format = x:z
        #datapoints = 4
        residuals are weighted equally (unit weight)

function used for fitting: f(x)
	f(x)=p0+p1*x+p2*x*x
fitted parameters initialized with current variable values

iter      chisq       delta/lim  lambda   p0            p1            p2           
   0 7.8859626523e-05   0.00e+00  2.44e-02    3.500399e-02   6.854289e-05   2.831097e-08
   1 7.8859626523e-05  -8.59e-11  2.44e-03    3.500399e-02   6.854289e-05   2.831097e-08

After 1 iterations the fit converged.
final sum of squares of residuals : 7.88596e-05
rel. change during last iteration : -8.59282e-16

degrees of freedom    (FIT_NDF)                        : 1
rms of residuals      (FIT_STDFIT) = sqrt(WSSR/ndf)    : 0.00888029
variance of residuals (reduced chisquare) = WSSR/ndf   : 7.88596e-05

Final set of parameters            Asymptotic Standard Error
=======================            ==========================
p0              = 0.035004         +/- 0.008728     (24.93%)
p1              = 6.85429e-05      +/- 1.307e-05    (19.08%)
p2              = 2.8311e-08       +/- 6.47e-08     (228.5%)

correlation matrix of the fit parameters:
                p0     p1     p2     
p0              1.000 
p1             -0.071  1.000 
p2             -0.861  0.085  1.000 


*******************************************************************************
Sun Jul 28 15:39:12 2024


FIT:    data read from "fit.dat" u 1:2
        format = x:z
        #datapoints = 4
        residuals are weighted equally (unit weight)

function used for fitting: f(x)
	f(x)=p0+p1*x+p2*x*x
fitted parameters initialized with current variable values

iter      chisq       delta/lim  lambda   p0            p1            p2           
   0 6.5961624642e-03   0.00e+00  2.44e-02    3.500399e-02   6.854289e-05   2.831097e-08
   5 4.4340071501e-07  -1.12e-08  2.44e-07    6.070366e-03   9.151296e-07  -1.169644e-08

After 5 iterations the fit converged.
final sum of squares of residuals : 4.43401e-07
rel. change during last iteration : -1.11873e-13

degrees of freedom    (FIT_NDF)                        : 1
rms of residuals      (FIT_STDFIT) = sqrt(WSSR/ndf)    : 0.000665883
variance of residuals (reduced chisquare) = WSSR/ndf   : 4.43401e-07

Final set of parameters            Asymptotic Standard Error
=======================            ==========================
p0              = 0.00607037       +/- 0.0006545    (10.78%)
p1              = 9.1513e-07       +/- 9.804e-07    (107.1%)
p2              = -1.16964e-08     +/- 4.852e-09    (41.48%)

correlation matrix of the fit parameters:
                p0     p1     p2     
p0              1.000 
p1             -0.071  1.000 
p2             -0.861  0.085  1.000 


*******************************************************************************
Sun Jul 28 15:39:14 2024


FIT:    data read from "fit.dat" u 1:3
        format = x:z
        #datapoints = 4
        residuals are weighted equally (unit weight)

function used for fitting: f(x)
	f(x)=p0+p1*x+p2*x*x
fitted parameters initialized with current variable values

iter      chisq       delta/lim  lambda   p0            p1            p2           
   0 6.6745786900e-03   0.00e+00  3.63e-03    6.070366e-03   9.151296e-07  -1.169644e-08
   5 7.8859626523e-05  -2.18e-09  3.63e-08    3.500399e-02   6.854289e-05   2.831097e-08

After 5 iterations the fit converged.
final sum of squares of residuals : 7.88596e-05
rel. change during last iteration : -2.18258e-14

degrees of freedom    (FIT_NDF)                        : 1
rms of residuals      (FIT_STDFIT) = sqrt(WSSR/ndf)    : 0.00888029
variance of residuals (reduced chisquare) = WSSR/ndf   : 7.88596e-05

Final set of parameters            Asymptotic Standard Error
=======================            ==========================
p0              = 0.035004         +/- 0.008728     (24.93%)
p1              = 6.85429e-05      +/- 1.307e-05    (19.08%)
p2              = 2.8311e-08       +/- 6.47e-08     (228.5%)

correlation matrix of the fit parameters:
                p0     p1     p2     
p0              1.000 
p1             -0.071  1.000 
p2             -0.861  0.085  1.000 


*******************************************************************************
Sun Jul 28 15:39:15 2024


FIT:    data read from "fit.dat" u 1:2
        format = x:z
        #datapoints = 4
        residuals are weighted equally (unit weight)

function used for fitting: f(x)
	f(x)=p0+p1*x+p2*x*x
fitted parameters initialized with current variable values

iter      chisq       delta/lim  lambda   p0            p1            p2           
   0 6.5961624642e-03   0.00e+00  2.44e-02    3.500399e-02   6.854289e-05   2.831097e-08
   5 4.4340071501e-07  -1.15e-08  2.44e-07    6.070366e-03   9.151296e-07  -1.169644e-08

After 5 iterations the fit converged.
final sum of squares of residuals : 4.43401e-07
rel. change during last iteration : -1.14977e-13

degrees of freedom    (FIT_NDF)                        : 1
rms of residuals      (FIT_STDFIT) = sqrt(WSSR/ndf)    : 0.000665883
variance of residuals (reduced chisquare) = WSSR/ndf   : 4.43401e-07

Final set of parameters            Asymptotic Standard Error
=======================            ==========================
p0              = 0.00607037       +/- 0.0006545    (10.78%)
p1              = 9.1513e-07       +/- 9.804e-07    (107.1%)
p2              = -1.16964e-08     +/- 4.852e-09    (41.48%)

correlation matrix of the fit parameters:
                p0     p1     p2     
p0              1.000 
p1             -0.071  1.000 
p2             -0.861  0.085  1.000 


*******************************************************************************
Sun Jul 28 15:39:16 2024


FIT:    data read from "fit.dat" u 1:2
        format = x:z
        #datapoints = 4
        residuals are weighted equally (unit weight)

function used for fitting: f(x)
	f(x)=p0+p1*x+p2*x*x
fitted parameters initialized with current variable values

iter      chisq       delta/lim  lambda   p0            p1            p2           
   0 4.4340071501e-07   0.00e+00  3.63e-03    6.070366e-03   9.151296e-07  -1.169644e-08
   1 4.4340071501e-07  -3.10e-10  3.63e-04    6.070366e-03   9.151296e-07  -1.169644e-08

After 1 iterations the fit converged.
final sum of squares of residuals : 4.43401e-07
rel. change during last iteration : -3.10425e-15

degrees of freedom    (FIT_NDF)                        : 1
rms of residuals      (FIT_STDFIT) = sqrt(WSSR/ndf)    : 0.000665883
variance of residuals (reduced chisquare) = WSSR/ndf   : 4.43401e-07

Final set of parameters            Asymptotic Standard Error
=======================            ==========================
p0              = 0.00607037       +/- 0.0006545    (10.78%)
p1              = 9.1513e-07       +/- 9.804e-07    (107.1%)
p2              = -1.16964e-08     +/- 4.852e-09    (41.48%)

correlation matrix of the fit parameters:
                p0     p1     p2     
p0              1.000 
p1             -0.071  1.000 
p2             -0.861  0.085  1.000 


*******************************************************************************
Sun Jul 28 15:40:29 2024


FIT:    data read from "fit.dat" u 1:3
        format = x:z
        #datapoints = 4
        residuals are weighted equally (unit weight)

function used for fitting: f(x)
	f(x)=p0+p1*x+p2*x*x
fitted parameters initialized with current variable values

iter      chisq       delta/lim  lambda   p0            p1            p2           
   0 6.6745786900e-03   0.00e+00  3.63e-03    6.070366e-03   9.151296e-07  -1.169644e-08
   5 7.8859626523e-05  -2.13e-09  3.63e-08    3.500399e-02   6.854289e-05   2.831097e-08

After 5 iterations the fit converged.
final sum of squares of residuals : 7.88596e-05
rel. change during last iteration : -2.13102e-14

degrees of freedom    (FIT_NDF)                        : 1
rms of residuals      (FIT_STDFIT) = sqrt(WSSR/ndf)    : 0.00888029
variance of residuals (reduced chisquare) = WSSR/ndf   : 7.88596e-05

Final set of parameters            Asymptotic Standard Error
=======================            ==========================
p0              = 0.035004         +/- 0.008728     (24.93%)
p1              = 6.85429e-05      +/- 1.307e-05    (19.08%)
p2              = 2.8311e-08       +/- 6.47e-08     (228.5%)

correlation matrix of the fit parameters:
                p0     p1     p2     
p0              1.000 
p1             -0.071  1.000 
p2             -0.861  0.085  1.000 


*******************************************************************************
Sun Jul 28 15:40:30 2024


FIT:    data read from "fit.dat" u 1:3
        format = x:z
        #datapoints = 4
        residuals are weighted equally (unit weight)

function used for fitting: f(x)
	f(x)=p0+p1*x+p2*x*x
fitted parameters initialized with current variable values

iter      chisq       delta/lim  lambda   p0            p1            p2           
   0 7.8859626523e-05   0.00e+00  2.44e-02    3.500399e-02   6.854289e-05   2.831097e-08
   1 7.8859626523e-05  -1.72e-10  2.44e-03    3.500399e-02   6.854289e-05   2.831097e-08

After 1 iterations the fit converged.
final sum of squares of residuals : 7.88596e-05
rel. change during last iteration : -1.71856e-15

degrees of freedom    (FIT_NDF)                        : 1
rms of residuals      (FIT_STDFIT) = sqrt(WSSR/ndf)    : 0.00888029
variance of residuals (reduced chisquare) = WSSR/ndf   : 7.88596e-05

Final set of parameters            Asymptotic Standard Error
=======================            ==========================
p0              = 0.035004         +/- 0.008728     (24.93%)
p1              = 6.85429e-05      +/- 1.307e-05    (19.08%)
p2              = 2.8311e-08       +/- 6.47e-08     (228.5%)

correlation matrix of the fit parameters:
                p0     p1     p2     
p0              1.000 
p1             -0.071  1.000 
p2             -0.861  0.085  1.000 
