2024年 9月 19日 木曜日 13:44:19 JST
scripts/phys.C(2102,"pph_48Ca")
Registering art::TStreamingModuleDecoderLRTDC
Registering art::TStreamingModuleDecoderHRTDC
Registering art::TStreamingModuleDecoderLRTDC64
Registering art::streaming::v1::TStreamingModuleDecoderLRTDC64
Registering art::streaming::v1::TStreamingModuleDecoderHRTDC
Use mass table inside root since Art.MassTable is not defined in .rootrc
Created art::TStreamingModuleDecoderHRTDC with decoder ID 2
Created art::TStreamingModuleDecoderLRTDC with decoder ID 1
Created art::TStreamingModuleDecoderLRTDC64 with decoder ID 3
Created art::streaming::v1::TStreamingModuleDecoderHRTDC with decoder ID 5
Created art::streaming::v1::TStreamingModuleDecoderLRTDC64 with decoder ID 6

Processing scripts/phys.C(2102,"pph_48Ca")...
timer
es_ttree
steering gate/gate_coin.yaml steering/gate gate_coin.yaml
gate_array_init_coin
trigger_gates
stop_proc_coin
steering gate/las/gate_las_pph_48Ca.yaml steering/gate/las gate_las_pph_48Ca.yaml
loading tmpl/gate_las_calib.tmpl.yaml
steering/gate/las tmpl/gate_las_calib.tmpl.yaml steering/gate/las/tmpl gate_las_calib.tmpl.yaml
gate_array_init_las_pid
las_pid
stop_proc_las_pid
steering gate/gr/gate_gr_pph_48Ca.yaml steering/gate/gr gate_gr_pph_48Ca.yaml
loading tmpl/gate_gr_calib.tmpl.yaml
steering/gate/gr tmpl/gate_gr_calib.tmpl.yaml steering/gate/gr/tmpl gate_gr_calib.tmpl.yaml
gate_array_init
gr_charge
stop_proc
steering gate/ppx/energy_gr/gate_gr_energy_pph_48Ca.yaml steering/gate/ppx/energy_gr gate_gr_energy_pph_48Ca.yaml
gate_array_init_gr_energy
def_gate_gr_energy
stop_proc_gr_energy
steering gate/ppx/energy_las/gate_las_energy_pph_48Ca.yaml steering/gate/ppx/energy_las gate_las_energy_pph_48Ca.yaml
gate_array_init_las_energy
def_gate_las_energy
stop_proc_las_energy
steering gate/ppx/ang_gr/gate_gr_ang_pph_48Ca.yaml steering/gate/ppx/ang_gr gate_gr_ang_pph_48Ca.yaml
gate_array_init_gr_ang
def_gate_gr_ang
stop_proc_gr_ang
steering gate/ppx/ang_las/gate_las_ang_pph_48Ca.yaml steering/gate/ppx/ang_las gate_las_ang_pph_48Ca.yaml
gate_array_init_las_ang
def_gate_las_ang
stop_proc_las_ang
hist_pid_gr
hist_pid_las
hist_vdc_gr_track
hist_vdc_las_track
hist_vdc_gr_las
hist_optics_gr
hist_optics_las
hist_optics_corr
hist_phys
itrBegin = 78831888 itrEnd = 110887840
branch : gdc
branch : gfp
branch : ldc
branch : lfp_prime
branch : lfp
branch : gtgt
branch : ltgt
branch : pid_gr
branch : pid_las
branch : tof_raw
branch : tof
branch : gr_rf1
branch : gr_rf2
branch : gr_rf3
branch : las_rf1
branch : las_rf2
branch : las_rf3
branch : trig_gr
branch : trig_las
branch : trig_coin
branch : rf1
branch : rf2
branch : rf3
branch : pgr
branch : plas
scripts/phys.C(2105,"pph_48Ca")
Registering art::TStreamingModuleDecoderLRTDC
Registering art::TStreamingModuleDecoderHRTDC
Registering art::TStreamingModuleDecoderLRTDC64
Registering art::streaming::v1::TStreamingModuleDecoderLRTDC64
Registering art::streaming::v1::TStreamingModuleDecoderHRTDC
Use mass table inside root since Art.MassTable is not defined in .rootrc
Created art::TStreamingModuleDecoderHRTDC with decoder ID 2
Created art::TStreamingModuleDecoderLRTDC with decoder ID 1
Created art::TStreamingModuleDecoderLRTDC64 with decoder ID 3
Created art::streaming::v1::TStreamingModuleDecoderHRTDC with decoder ID 5
Created art::streaming::v1::TStreamingModuleDecoderLRTDC64 with decoder ID 6

Processing scripts/phys.C(2105,"pph_48Ca")...
timer
es_ttree
steering gate/gate_coin.yaml steering/gate gate_coin.yaml
gate_array_init_coin
trigger_gates
stop_proc_coin
steering gate/las/gate_las_pph_48Ca.yaml steering/gate/las gate_las_pph_48Ca.yaml
loading tmpl/gate_las_calib.tmpl.yaml
steering/gate/las tmpl/gate_las_calib.tmpl.yaml steering/gate/las/tmpl gate_las_calib.tmpl.yaml
gate_array_init_las_pid
las_pid
stop_proc_las_pid
steering gate/gr/gate_gr_pph_48Ca.yaml steering/gate/gr gate_gr_pph_48Ca.yaml
loading tmpl/gate_gr_calib.tmpl.yaml
steering/gate/gr tmpl/gate_gr_calib.tmpl.yaml steering/gate/gr/tmpl gate_gr_calib.tmpl.yaml
gate_array_init
gr_charge
stop_proc
steering gate/ppx/energy_gr/gate_gr_energy_pph_48Ca.yaml steering/gate/ppx/energy_gr gate_gr_energy_pph_48Ca.yaml
gate_array_init_gr_energy
def_gate_gr_energy
stop_proc_gr_energy
steering gate/ppx/energy_las/gate_las_energy_pph_48Ca.yaml steering/gate/ppx/energy_las gate_las_energy_pph_48Ca.yaml
gate_array_init_las_energy
def_gate_las_energy
stop_proc_las_energy
steering gate/ppx/ang_gr/gate_gr_ang_pph_48Ca.yaml steering/gate/ppx/ang_gr gate_gr_ang_pph_48Ca.yaml
gate_array_init_gr_ang
def_gate_gr_ang
stop_proc_gr_ang
steering gate/ppx/ang_las/gate_las_ang_pph_48Ca.yaml steering/gate/ppx/ang_las gate_las_ang_pph_48Ca.yaml
gate_array_init_las_ang
def_gate_las_ang
stop_proc_las_ang
hist_pid_gr
hist_pid_las
hist_vdc_gr_track
hist_vdc_las_track
hist_vdc_gr_las
hist_optics_gr
hist_optics_las
hist_optics_corr
hist_phys
itrBegin = 93457008 itrEnd = 122185824
branch : gdc
branch : gfp
branch : ldc
branch : lfp_prime
branch : lfp
branch : gtgt
branch : ltgt
branch : pid_gr
branch : pid_las
branch : tof_raw
branch : tof
branch : gr_rf1
branch : gr_rf2
branch : gr_rf3
branch : las_rf1
branch : las_rf2
branch : las_rf3
branch : trig_gr
branch : trig_las
branch : trig_coin
branch : rf1
branch : rf2
branch : rf3
branch : pgr
branch : plas
scripts/phys.C(2139,"pph_48Ca")
Registering art::TStreamingModuleDecoderLRTDC
Registering art::TStreamingModuleDecoderHRTDC
Registering art::TStreamingModuleDecoderLRTDC64
Registering art::streaming::v1::TStreamingModuleDecoderLRTDC64
Registering art::streaming::v1::TStreamingModuleDecoderHRTDC
Use mass table inside root since Art.MassTable is not defined in .rootrc
Created art::TStreamingModuleDecoderHRTDC with decoder ID 2
Created art::TStreamingModuleDecoderLRTDC with decoder ID 1
Created art::TStreamingModuleDecoderLRTDC64 with decoder ID 3
Created art::streaming::v1::TStreamingModuleDecoderHRTDC with decoder ID 5
Created art::streaming::v1::TStreamingModuleDecoderLRTDC64 with decoder ID 6

Processing scripts/phys.C(2139,"pph_48Ca")...
timer
es_ttree
steering gate/gate_coin.yaml steering/gate gate_coin.yaml
gate_array_init_coin
trigger_gates
stop_proc_coin
steering gate/las/gate_las_pph_48Ca.yaml steering/gate/las gate_las_pph_48Ca.yaml
loading tmpl/gate_las_calib.tmpl.yaml
steering/gate/las tmpl/gate_las_calib.tmpl.yaml steering/gate/las/tmpl gate_las_calib.tmpl.yaml
gate_array_init_las_pid
las_pid
stop_proc_las_pid
steering gate/gr/gate_gr_pph_48Ca.yaml steering/gate/gr gate_gr_pph_48Ca.yaml
loading tmpl/gate_gr_calib.tmpl.yaml
steering/gate/gr tmpl/gate_gr_calib.tmpl.yaml steering/gate/gr/tmpl gate_gr_calib.tmpl.yaml
gate_array_init
gr_charge
stop_proc
steering gate/ppx/energy_gr/gate_gr_energy_pph_48Ca.yaml steering/gate/ppx/energy_gr gate_gr_energy_pph_48Ca.yaml
gate_array_init_gr_energy
def_gate_gr_energy
stop_proc_gr_energy
steering gate/ppx/energy_las/gate_las_energy_pph_48Ca.yaml steering/gate/ppx/energy_las gate_las_energy_pph_48Ca.yaml
gate_array_init_las_energy
def_gate_las_energy
stop_proc_las_energy
steering gate/ppx/ang_gr/gate_gr_ang_pph_48Ca.yaml steering/gate/ppx/ang_gr gate_gr_ang_pph_48Ca.yaml
gate_array_init_gr_ang
def_gate_gr_ang
stop_proc_gr_ang
steering gate/ppx/ang_las/gate_las_ang_pph_48Ca.yaml steering/gate/ppx/ang_las gate_las_ang_pph_48Ca.yaml
gate_array_init_las_ang
def_gate_las_ang
stop_proc_las_ang
hist_pid_gr
hist_pid_las
hist_vdc_gr_track
hist_vdc_las_track
hist_vdc_gr_las
hist_optics_gr
hist_optics_las
hist_optics_corr
hist_phys
itrBegin = 27446352 itrEnd = 111341680
branch : gdc
branch : gfp
branch : ldc
branch : lfp_prime
branch : lfp
branch : gtgt
branch : ltgt
branch : pid_gr
branch : pid_las
branch : tof_raw
branch : tof
branch : gr_rf1
branch : gr_rf2
branch : gr_rf3
branch : las_rf1
branch : las_rf2
branch : las_rf3
branch : trig_gr
branch : trig_las
branch : trig_coin
branch : rf1
branch : rf2
branch : rf3
branch : pgr
branch : plas
scripts/phys.C(2140,"pph_48Ca")
Registering art::TStreamingModuleDecoderLRTDC
Registering art::TStreamingModuleDecoderHRTDC
Registering art::TStreamingModuleDecoderLRTDC64
Registering art::streaming::v1::TStreamingModuleDecoderLRTDC64
Registering art::streaming::v1::TStreamingModuleDecoderHRTDC
Use mass table inside root since Art.MassTable is not defined in .rootrc
Created art::TStreamingModuleDecoderHRTDC with decoder ID 2
Created art::TStreamingModuleDecoderLRTDC with decoder ID 1
Created art::TStreamingModuleDecoderLRTDC64 with decoder ID 3
Created art::streaming::v1::TStreamingModuleDecoderHRTDC with decoder ID 5
Created art::streaming::v1::TStreamingModuleDecoderLRTDC64 with decoder ID 6

Processing scripts/phys.C(2140,"pph_48Ca")...
timer
es_ttree
steering gate/gate_coin.yaml steering/gate gate_coin.yaml
gate_array_init_coin
trigger_gates
stop_proc_coin
steering gate/las/gate_las_pph_48Ca.yaml steering/gate/las gate_las_pph_48Ca.yaml
loading tmpl/gate_las_calib.tmpl.yaml
steering/gate/las tmpl/gate_las_calib.tmpl.yaml steering/gate/las/tmpl gate_las_calib.tmpl.yaml
gate_array_init_las_pid
las_pid
stop_proc_las_pid
steering gate/gr/gate_gr_pph_48Ca.yaml steering/gate/gr gate_gr_pph_48Ca.yaml
loading tmpl/gate_gr_calib.tmpl.yaml
steering/gate/gr tmpl/gate_gr_calib.tmpl.yaml steering/gate/gr/tmpl gate_gr_calib.tmpl.yaml
gate_array_init
gr_charge
stop_proc
steering gate/ppx/energy_gr/gate_gr_energy_pph_48Ca.yaml steering/gate/ppx/energy_gr gate_gr_energy_pph_48Ca.yaml
gate_array_init_gr_energy
def_gate_gr_energy
stop_proc_gr_energy
steering gate/ppx/energy_las/gate_las_energy_pph_48Ca.yaml steering/gate/ppx/energy_las gate_las_energy_pph_48Ca.yaml
gate_array_init_las_energy
def_gate_las_energy
stop_proc_las_energy
steering gate/ppx/ang_gr/gate_gr_ang_pph_48Ca.yaml steering/gate/ppx/ang_gr gate_gr_ang_pph_48Ca.yaml
gate_array_init_gr_ang
def_gate_gr_ang
stop_proc_gr_ang
steering gate/ppx/ang_las/gate_las_ang_pph_48Ca.yaml steering/gate/ppx/ang_las gate_las_ang_pph_48Ca.yaml
gate_array_init_las_ang
def_gate_las_ang
stop_proc_las_ang
hist_pid_gr
hist_pid_las
hist_vdc_gr_track
hist_vdc_las_track
hist_vdc_gr_las
hist_optics_gr
hist_optics_las
hist_optics_corr
hist_phys
itrBegin = 109515392 itrEnd = 134319440
branch : gdc
branch : gfp
branch : ldc
branch : lfp_prime
branch : lfp
branch : gtgt
branch : ltgt
branch : pid_gr
branch : pid_las
branch : tof_raw
branch : tof
branch : gr_rf1
branch : gr_rf2
branch : gr_rf3
branch : las_rf1
branch : las_rf2
branch : las_rf3
branch : trig_gr
branch : trig_las
branch : trig_coin
branch : rf1
branch : rf2
branch : rf3
branch : pgr
branch : plas
scripts/phys.C(2141,"pph_48Ca")
Registering art::TStreamingModuleDecoderLRTDC
Registering art::TStreamingModuleDecoderHRTDC
Registering art::TStreamingModuleDecoderLRTDC64
Registering art::streaming::v1::TStreamingModuleDecoderLRTDC64
Registering art::streaming::v1::TStreamingModuleDecoderHRTDC
Use mass table inside root since Art.MassTable is not defined in .rootrc
Created art::TStreamingModuleDecoderHRTDC with decoder ID 2
Created art::TStreamingModuleDecoderLRTDC with decoder ID 1
Created art::TStreamingModuleDecoderLRTDC64 with decoder ID 3
Created art::streaming::v1::TStreamingModuleDecoderHRTDC with decoder ID 5
Created art::streaming::v1::TStreamingModuleDecoderLRTDC64 with decoder ID 6

Processing scripts/phys.C(2141,"pph_48Ca")...
timer
es_ttree
steering gate/gate_coin.yaml steering/gate gate_coin.yaml
gate_array_init_coin
trigger_gates
stop_proc_coin
steering gate/las/gate_las_pph_48Ca.yaml steering/gate/las gate_las_pph_48Ca.yaml
loading tmpl/gate_las_calib.tmpl.yaml
steering/gate/las tmpl/gate_las_calib.tmpl.yaml steering/gate/las/tmpl gate_las_calib.tmpl.yaml
gate_array_init_las_pid
las_pid
stop_proc_las_pid
steering gate/gr/gate_gr_pph_48Ca.yaml steering/gate/gr gate_gr_pph_48Ca.yaml
loading tmpl/gate_gr_calib.tmpl.yaml
steering/gate/gr tmpl/gate_gr_calib.tmpl.yaml steering/gate/gr/tmpl gate_gr_calib.tmpl.yaml
gate_array_init
gr_charge
stop_proc
steering gate/ppx/energy_gr/gate_gr_energy_pph_48Ca.yaml steering/gate/ppx/energy_gr gate_gr_energy_pph_48Ca.yaml
gate_array_init_gr_energy
def_gate_gr_energy
stop_proc_gr_energy
steering gate/ppx/energy_las/gate_las_energy_pph_48Ca.yaml steering/gate/ppx/energy_las gate_las_energy_pph_48Ca.yaml
gate_array_init_las_energy
def_gate_las_energy
stop_proc_las_energy
steering gate/ppx/ang_gr/gate_gr_ang_pph_48Ca.yaml steering/gate/ppx/ang_gr gate_gr_ang_pph_48Ca.yaml
gate_array_init_gr_ang
def_gate_gr_ang
stop_proc_gr_ang
steering gate/ppx/ang_las/gate_las_ang_pph_48Ca.yaml steering/gate/ppx/ang_las gate_las_ang_pph_48Ca.yaml
gate_array_init_las_ang
def_gate_las_ang
stop_proc_las_ang
hist_pid_gr
hist_pid_las
hist_vdc_gr_track
hist_vdc_las_track
hist_vdc_gr_las
hist_optics_gr
hist_optics_las
hist_optics_corr
hist_phys
itrBegin = 128463232 itrEnd = 129262048
branch : gdc
branch : gfp
branch : ldc
branch : lfp_prime
branch : lfp
branch : gtgt
branch : ltgt
branch : pid_gr
branch : pid_las
branch : tof_raw
branch : tof
branch : gr_rf1
branch : gr_rf2
branch : gr_rf3
branch : las_rf1
branch : las_rf2
branch : las_rf3
branch : trig_gr
branch : trig_las
branch : trig_coin
branch : rf1
branch : rf2
branch : rf3
branch : pgr
branch : plas
scripts/phys.C(2143,"pph_48Ca")
Registering art::TStreamingModuleDecoderLRTDC
Registering art::TStreamingModuleDecoderHRTDC
Registering art::TStreamingModuleDecoderLRTDC64
Registering art::streaming::v1::TStreamingModuleDecoderLRTDC64
Registering art::streaming::v1::TStreamingModuleDecoderHRTDC
Use mass table inside root since Art.MassTable is not defined in .rootrc
Created art::TStreamingModuleDecoderHRTDC with decoder ID 2
Created art::TStreamingModuleDecoderLRTDC with decoder ID 1
Created art::TStreamingModuleDecoderLRTDC64 with decoder ID 3
Created art::streaming::v1::TStreamingModuleDecoderHRTDC with decoder ID 5
Created art::streaming::v1::TStreamingModuleDecoderLRTDC64 with decoder ID 6

Processing scripts/phys.C(2143,"pph_48Ca")...
timer
es_ttree
steering gate/gate_coin.yaml steering/gate gate_coin.yaml
gate_array_init_coin
trigger_gates
stop_proc_coin
steering gate/las/gate_las_pph_48Ca.yaml steering/gate/las gate_las_pph_48Ca.yaml
loading tmpl/gate_las_calib.tmpl.yaml
steering/gate/las tmpl/gate_las_calib.tmpl.yaml steering/gate/las/tmpl gate_las_calib.tmpl.yaml
gate_array_init_las_pid
las_pid
stop_proc_las_pid
steering gate/gr/gate_gr_pph_48Ca.yaml steering/gate/gr gate_gr_pph_48Ca.yaml
loading tmpl/gate_gr_calib.tmpl.yaml
steering/gate/gr tmpl/gate_gr_calib.tmpl.yaml steering/gate/gr/tmpl gate_gr_calib.tmpl.yaml
gate_array_init
gr_charge
stop_proc
steering gate/ppx/energy_gr/gate_gr_energy_pph_48Ca.yaml steering/gate/ppx/energy_gr gate_gr_energy_pph_48Ca.yaml
gate_array_init_gr_energy
def_gate_gr_energy
stop_proc_gr_energy
steering gate/ppx/energy_las/gate_las_energy_pph_48Ca.yaml steering/gate/ppx/energy_las gate_las_energy_pph_48Ca.yaml
gate_array_init_las_energy
def_gate_las_energy
stop_proc_las_energy
steering gate/ppx/ang_gr/gate_gr_ang_pph_48Ca.yaml steering/gate/ppx/ang_gr gate_gr_ang_pph_48Ca.yaml
gate_array_init_gr_ang
def_gate_gr_ang
stop_proc_gr_ang
steering gate/ppx/ang_las/gate_las_ang_pph_48Ca.yaml steering/gate/ppx/ang_las gate_las_ang_pph_48Ca.yaml
gate_array_init_las_ang
def_gate_las_ang
stop_proc_las_ang
hist_pid_gr
hist_pid_las
hist_vdc_gr_track
hist_vdc_las_track
hist_vdc_gr_las
hist_optics_gr
hist_optics_las
hist_optics_corr
hist_phys
itrBegin = 122718048 itrEnd = 122634272
branch : gdc
branch : gfp
branch : ldc
branch : lfp_prime
branch : lfp
branch : gtgt
branch : ltgt
branch : pid_gr
branch : pid_las
branch : tof_raw
branch : tof
branch : gr_rf1
branch : gr_rf2
branch : gr_rf3
branch : las_rf1
branch : las_rf2
branch : las_rf3
branch : trig_gr
branch : trig_las
branch : trig_coin
branch : rf1
branch : rf2
branch : rf3
branch : pgr
branch : plas
scripts/phys.C(2144,"pph_48Ca")
Registering art::TStreamingModuleDecoderLRTDC
Registering art::TStreamingModuleDecoderHRTDC
Registering art::TStreamingModuleDecoderLRTDC64
Registering art::streaming::v1::TStreamingModuleDecoderLRTDC64
Registering art::streaming::v1::TStreamingModuleDecoderHRTDC
Use mass table inside root since Art.MassTable is not defined in .rootrc
Created art::TStreamingModuleDecoderHRTDC with decoder ID 2
Created art::TStreamingModuleDecoderLRTDC with decoder ID 1
Created art::TStreamingModuleDecoderLRTDC64 with decoder ID 3
Created art::streaming::v1::TStreamingModuleDecoderHRTDC with decoder ID 5
Created art::streaming::v1::TStreamingModuleDecoderLRTDC64 with decoder ID 6

Processing scripts/phys.C(2144,"pph_48Ca")...
timer
es_ttree
steering gate/gate_coin.yaml steering/gate gate_coin.yaml
gate_array_init_coin
trigger_gates
stop_proc_coin
steering gate/las/gate_las_pph_48Ca.yaml steering/gate/las gate_las_pph_48Ca.yaml
loading tmpl/gate_las_calib.tmpl.yaml
steering/gate/las tmpl/gate_las_calib.tmpl.yaml steering/gate/las/tmpl gate_las_calib.tmpl.yaml
gate_array_init_las_pid
las_pid
stop_proc_las_pid
steering gate/gr/gate_gr_pph_48Ca.yaml steering/gate/gr gate_gr_pph_48Ca.yaml
loading tmpl/gate_gr_calib.tmpl.yaml
steering/gate/gr tmpl/gate_gr_calib.tmpl.yaml steering/gate/gr/tmpl gate_gr_calib.tmpl.yaml
gate_array_init
gr_charge
stop_proc
steering gate/ppx/energy_gr/gate_gr_energy_pph_48Ca.yaml steering/gate/ppx/energy_gr gate_gr_energy_pph_48Ca.yaml
gate_array_init_gr_energy
def_gate_gr_energy
stop_proc_gr_energy
steering gate/ppx/energy_las/gate_las_energy_pph_48Ca.yaml steering/gate/ppx/energy_las gate_las_energy_pph_48Ca.yaml
gate_array_init_las_energy
def_gate_las_energy
stop_proc_las_energy
steering gate/ppx/ang_gr/gate_gr_ang_pph_48Ca.yaml steering/gate/ppx/ang_gr gate_gr_ang_pph_48Ca.yaml
gate_array_init_gr_ang
def_gate_gr_ang
stop_proc_gr_ang
steering gate/ppx/ang_las/gate_las_ang_pph_48Ca.yaml steering/gate/ppx/ang_las gate_las_ang_pph_48Ca.yaml
gate_array_init_las_ang
def_gate_las_ang
stop_proc_las_ang
hist_pid_gr
hist_pid_las
hist_vdc_gr_track
hist_vdc_las_track
hist_vdc_gr_las
hist_optics_gr
hist_optics_las
hist_optics_corr
hist_phys
itrBegin = 77867152 itrEnd = 118993264
branch : gdc
branch : gfp
branch : ldc
branch : lfp_prime
branch : lfp
branch : gtgt
branch : ltgt
branch : pid_gr
branch : pid_las
branch : tof_raw
branch : tof
branch : gr_rf1
branch : gr_rf2
branch : gr_rf3
branch : las_rf1
branch : las_rf2
branch : las_rf3
branch : trig_gr
branch : trig_las
branch : trig_coin
branch : rf1
branch : rf2
branch : rf3
branch : pgr
branch : plas
scripts/phys.C(2145,"pph_48Ca")
Registering art::TStreamingModuleDecoderLRTDC
Registering art::TStreamingModuleDecoderHRTDC
Registering art::TStreamingModuleDecoderLRTDC64
Registering art::streaming::v1::TStreamingModuleDecoderLRTDC64
Registering art::streaming::v1::TStreamingModuleDecoderHRTDC
Use mass table inside root since Art.MassTable is not defined in .rootrc
Created art::TStreamingModuleDecoderHRTDC with decoder ID 2
Created art::TStreamingModuleDecoderLRTDC with decoder ID 1
Created art::TStreamingModuleDecoderLRTDC64 with decoder ID 3
Created art::streaming::v1::TStreamingModuleDecoderHRTDC with decoder ID 5
Created art::streaming::v1::TStreamingModuleDecoderLRTDC64 with decoder ID 6

Processing scripts/phys.C(2145,"pph_48Ca")...
timer
es_ttree
steering gate/gate_coin.yaml steering/gate gate_coin.yaml
gate_array_init_coin
trigger_gates
stop_proc_coin
steering gate/las/gate_las_pph_48Ca.yaml steering/gate/las gate_las_pph_48Ca.yaml
loading tmpl/gate_las_calib.tmpl.yaml
steering/gate/las tmpl/gate_las_calib.tmpl.yaml steering/gate/las/tmpl gate_las_calib.tmpl.yaml
gate_array_init_las_pid
las_pid
stop_proc_las_pid
steering gate/gr/gate_gr_pph_48Ca.yaml steering/gate/gr gate_gr_pph_48Ca.yaml
loading tmpl/gate_gr_calib.tmpl.yaml
steering/gate/gr tmpl/gate_gr_calib.tmpl.yaml steering/gate/gr/tmpl gate_gr_calib.tmpl.yaml
gate_array_init
gr_charge
stop_proc
steering gate/ppx/energy_gr/gate_gr_energy_pph_48Ca.yaml steering/gate/ppx/energy_gr gate_gr_energy_pph_48Ca.yaml
gate_array_init_gr_energy
def_gate_gr_energy
stop_proc_gr_energy
steering gate/ppx/energy_las/gate_las_energy_pph_48Ca.yaml steering/gate/ppx/energy_las gate_las_energy_pph_48Ca.yaml
gate_array_init_las_energy
def_gate_las_energy
stop_proc_las_energy
steering gate/ppx/ang_gr/gate_gr_ang_pph_48Ca.yaml steering/gate/ppx/ang_gr gate_gr_ang_pph_48Ca.yaml
gate_array_init_gr_ang
def_gate_gr_ang
stop_proc_gr_ang
steering gate/ppx/ang_las/gate_las_ang_pph_48Ca.yaml steering/gate/ppx/ang_las gate_las_ang_pph_48Ca.yaml
gate_array_init_las_ang
def_gate_las_ang
stop_proc_las_ang
hist_pid_gr
hist_pid_las
hist_vdc_gr_track
hist_vdc_las_track
hist_vdc_gr_las
hist_optics_gr
hist_optics_las
hist_optics_corr
hist_phys
itrBegin = 115525728 itrEnd = 114853904
branch : gdc
branch : gfp
branch : ldc
branch : lfp_prime
branch : lfp
branch : gtgt
branch : ltgt
branch : pid_gr
branch : pid_las
branch : tof_raw
branch : tof
branch : gr_rf1
branch : gr_rf2
branch : gr_rf3
branch : las_rf1
branch : las_rf2
branch : las_rf3
branch : trig_gr
branch : trig_las
branch : trig_coin
branch : rf1
branch : rf2
branch : rf3
branch : pgr
branch : plas
scripts/phys.C(2146,"pph_48Ca")
Registering art::TStreamingModuleDecoderLRTDC
Registering art::TStreamingModuleDecoderHRTDC
Registering art::TStreamingModuleDecoderLRTDC64
Registering art::streaming::v1::TStreamingModuleDecoderLRTDC64
Registering art::streaming::v1::TStreamingModuleDecoderHRTDC
Use mass table inside root since Art.MassTable is not defined in .rootrc
Created art::TStreamingModuleDecoderHRTDC with decoder ID 2
Created art::TStreamingModuleDecoderLRTDC with decoder ID 1
Created art::TStreamingModuleDecoderLRTDC64 with decoder ID 3
Created art::streaming::v1::TStreamingModuleDecoderHRTDC with decoder ID 5
Created art::streaming::v1::TStreamingModuleDecoderLRTDC64 with decoder ID 6

Processing scripts/phys.C(2146,"pph_48Ca")...
timer
es_ttree
steering gate/gate_coin.yaml steering/gate gate_coin.yaml
gate_array_init_coin
trigger_gates
stop_proc_coin
steering gate/las/gate_las_pph_48Ca.yaml steering/gate/las gate_las_pph_48Ca.yaml
loading tmpl/gate_las_calib.tmpl.yaml
steering/gate/las tmpl/gate_las_calib.tmpl.yaml steering/gate/las/tmpl gate_las_calib.tmpl.yaml
gate_array_init_las_pid
las_pid
stop_proc_las_pid
steering gate/gr/gate_gr_pph_48Ca.yaml steering/gate/gr gate_gr_pph_48Ca.yaml
loading tmpl/gate_gr_calib.tmpl.yaml
steering/gate/gr tmpl/gate_gr_calib.tmpl.yaml steering/gate/gr/tmpl gate_gr_calib.tmpl.yaml
gate_array_init
gr_charge
stop_proc
steering gate/ppx/energy_gr/gate_gr_energy_pph_48Ca.yaml steering/gate/ppx/energy_gr gate_gr_energy_pph_48Ca.yaml
gate_array_init_gr_energy
def_gate_gr_energy
stop_proc_gr_energy
steering gate/ppx/energy_las/gate_las_energy_pph_48Ca.yaml steering/gate/ppx/energy_las gate_las_energy_pph_48Ca.yaml
gate_array_init_las_energy
def_gate_las_energy
stop_proc_las_energy
steering gate/ppx/ang_gr/gate_gr_ang_pph_48Ca.yaml steering/gate/ppx/ang_gr gate_gr_ang_pph_48Ca.yaml
gate_array_init_gr_ang
def_gate_gr_ang
stop_proc_gr_ang
steering gate/ppx/ang_las/gate_las_ang_pph_48Ca.yaml steering/gate/ppx/ang_las gate_las_ang_pph_48Ca.yaml
gate_array_init_las_ang
def_gate_las_ang
stop_proc_las_ang
hist_pid_gr
hist_pid_las
hist_vdc_gr_track
hist_vdc_las_track
hist_vdc_gr_las
hist_optics_gr
hist_optics_las
hist_optics_corr
hist_phys
itrBegin = 54752096 itrEnd = 120691280
branch : gdc
branch : gfp
branch : ldc
branch : lfp_prime
branch : lfp
branch : gtgt
branch : ltgt
branch : pid_gr
branch : pid_las
branch : tof_raw
branch : tof
branch : gr_rf1
branch : gr_rf2
branch : gr_rf3
branch : las_rf1
branch : las_rf2
branch : las_rf3
branch : trig_gr
branch : trig_las
branch : trig_coin
branch : rf1
branch : rf2
branch : rf3
branch : pgr
branch : plas
scripts/phys.C(2191,"pph_48Ca")
Registering art::TStreamingModuleDecoderLRTDC
Registering art::TStreamingModuleDecoderHRTDC
Registering art::TStreamingModuleDecoderLRTDC64
Registering art::streaming::v1::TStreamingModuleDecoderLRTDC64
Registering art::streaming::v1::TStreamingModuleDecoderHRTDC
Use mass table inside root since Art.MassTable is not defined in .rootrc
Created art::TStreamingModuleDecoderHRTDC with decoder ID 2
Created art::TStreamingModuleDecoderLRTDC with decoder ID 1
Created art::TStreamingModuleDecoderLRTDC64 with decoder ID 3
Created art::streaming::v1::TStreamingModuleDecoderHRTDC with decoder ID 5
Created art::streaming::v1::TStreamingModuleDecoderLRTDC64 with decoder ID 6

Processing scripts/phys.C(2191,"pph_48Ca")...
timer
es_ttree
steering gate/gate_coin.yaml steering/gate gate_coin.yaml
gate_array_init_coin
trigger_gates
stop_proc_coin
steering gate/las/gate_las_pph_48Ca.yaml steering/gate/las gate_las_pph_48Ca.yaml
loading tmpl/gate_las_calib.tmpl.yaml
steering/gate/las tmpl/gate_las_calib.tmpl.yaml steering/gate/las/tmpl gate_las_calib.tmpl.yaml
gate_array_init_las_pid
las_pid
stop_proc_las_pid
steering gate/gr/gate_gr_pph_48Ca.yaml steering/gate/gr gate_gr_pph_48Ca.yaml
loading tmpl/gate_gr_calib.tmpl.yaml
steering/gate/gr tmpl/gate_gr_calib.tmpl.yaml steering/gate/gr/tmpl gate_gr_calib.tmpl.yaml
gate_array_init
gr_charge
stop_proc
steering gate/ppx/energy_gr/gate_gr_energy_pph_48Ca.yaml steering/gate/ppx/energy_gr gate_gr_energy_pph_48Ca.yaml
gate_array_init_gr_energy
def_gate_gr_energy
stop_proc_gr_energy
steering gate/ppx/energy_las/gate_las_energy_pph_48Ca.yaml steering/gate/ppx/energy_las gate_las_energy_pph_48Ca.yaml
gate_array_init_las_energy
def_gate_las_energy
stop_proc_las_energy
steering gate/ppx/ang_gr/gate_gr_ang_pph_48Ca.yaml steering/gate/ppx/ang_gr gate_gr_ang_pph_48Ca.yaml
gate_array_init_gr_ang
def_gate_gr_ang
stop_proc_gr_ang
steering gate/ppx/ang_las/gate_las_ang_pph_48Ca.yaml steering/gate/ppx/ang_las gate_las_ang_pph_48Ca.yaml
gate_array_init_las_ang
def_gate_las_ang
stop_proc_las_ang
hist_pid_gr
hist_pid_las
hist_vdc_gr_track
hist_vdc_las_track
hist_vdc_gr_las
hist_optics_gr
hist_optics_las
hist_optics_corr
hist_phys
itrBegin = 140577168 itrEnd = 124850944
branch : gdc
branch : gfp
branch : ldc
branch : lfp_prime
branch : lfp
branch : gtgt
branch : ltgt
branch : pid_gr
branch : pid_las
branch : tof_raw
branch : tof
branch : gr_rf1
branch : gr_rf2
branch : gr_rf3
branch : las_rf1
branch : las_rf2
branch : las_rf3
branch : trig_gr
branch : trig_las
branch : trig_coin
branch : rf1
branch : rf2
branch : rf3
branch : pgr
branch : plas
scripts/phys.C(2192,"pph_48Ca")
Registering art::TStreamingModuleDecoderLRTDC
Registering art::TStreamingModuleDecoderHRTDC
Registering art::TStreamingModuleDecoderLRTDC64
Registering art::streaming::v1::TStreamingModuleDecoderLRTDC64
Registering art::streaming::v1::TStreamingModuleDecoderHRTDC
Use mass table inside root since Art.MassTable is not defined in .rootrc
Created art::TStreamingModuleDecoderHRTDC with decoder ID 2
Created art::TStreamingModuleDecoderLRTDC with decoder ID 1
Created art::TStreamingModuleDecoderLRTDC64 with decoder ID 3
Created art::streaming::v1::TStreamingModuleDecoderHRTDC with decoder ID 5
Created art::streaming::v1::TStreamingModuleDecoderLRTDC64 with decoder ID 6

Processing scripts/phys.C(2192,"pph_48Ca")...
timer
es_ttree
steering gate/gate_coin.yaml steering/gate gate_coin.yaml
gate_array_init_coin
trigger_gates
stop_proc_coin
steering gate/las/gate_las_pph_48Ca.yaml steering/gate/las gate_las_pph_48Ca.yaml
loading tmpl/gate_las_calib.tmpl.yaml
steering/gate/las tmpl/gate_las_calib.tmpl.yaml steering/gate/las/tmpl gate_las_calib.tmpl.yaml
gate_array_init_las_pid
las_pid
stop_proc_las_pid
steering gate/gr/gate_gr_pph_48Ca.yaml steering/gate/gr gate_gr_pph_48Ca.yaml
loading tmpl/gate_gr_calib.tmpl.yaml
steering/gate/gr tmpl/gate_gr_calib.tmpl.yaml steering/gate/gr/tmpl gate_gr_calib.tmpl.yaml
gate_array_init
gr_charge
stop_proc
steering gate/ppx/energy_gr/gate_gr_energy_pph_48Ca.yaml steering/gate/ppx/energy_gr gate_gr_energy_pph_48Ca.yaml
gate_array_init_gr_energy
def_gate_gr_energy
stop_proc_gr_energy
steering gate/ppx/energy_las/gate_las_energy_pph_48Ca.yaml steering/gate/ppx/energy_las gate_las_energy_pph_48Ca.yaml
gate_array_init_las_energy
def_gate_las_energy
stop_proc_las_energy
steering gate/ppx/ang_gr/gate_gr_ang_pph_48Ca.yaml steering/gate/ppx/ang_gr gate_gr_ang_pph_48Ca.yaml
gate_array_init_gr_ang
def_gate_gr_ang
stop_proc_gr_ang
steering gate/ppx/ang_las/gate_las_ang_pph_48Ca.yaml steering/gate/ppx/ang_las gate_las_ang_pph_48Ca.yaml
gate_array_init_las_ang
def_gate_las_ang
stop_proc_las_ang
hist_pid_gr
hist_pid_las
hist_vdc_gr_track
hist_vdc_las_track
hist_vdc_gr_las
hist_optics_gr
hist_optics_las
hist_optics_corr
hist_phys
itrBegin = 105863168 itrEnd = 115043456
branch : gdc
branch : gfp
branch : ldc
branch : lfp_prime
branch : lfp
branch : gtgt
branch : ltgt
branch : pid_gr
branch : pid_las
branch : tof_raw
branch : tof
branch : gr_rf1
branch : gr_rf2
branch : gr_rf3
branch : las_rf1
branch : las_rf2
branch : las_rf3
branch : trig_gr
branch : trig_las
branch : trig_coin
branch : rf1
branch : rf2
branch : rf3
branch : pgr
branch : plas
