2024年 9月 19日 木曜日 13:44:19 JST
scripts/phys.C(2103,"pph_48Ca")
Registering art::TStreamingModuleDecoderLRTDC
Registering art::TStreamingModuleDecoderHRTDC
Registering art::TStreamingModuleDecoderLRTDC64
Registering art::streaming::v1::TStreamingModuleDecoderLRTDC64
Registering art::streaming::v1::TStreamingModuleDecoderHRTDC
Use mass table inside root since Art.MassTable is not defined in .rootrc
Created art::TStreamingModuleDecoderHRTDC with decoder ID 2
Created art::TStreamingModuleDecoderLRTDC with decoder ID 1
Created art::TStreamingModuleDecoderLRTDC64 with decoder ID 3
Created art::streaming::v1::TStreamingModuleDecoderHRTDC with decoder ID 5
Created art::streaming::v1::TStreamingModuleDecoderLRTDC64 with decoder ID 6

Processing scripts/phys.C(2103,"pph_48Ca")...
timer
es_ttree
steering gate/gate_coin.yaml steering/gate gate_coin.yaml
gate_array_init_coin
trigger_gates
stop_proc_coin
steering gate/las/gate_las_pph_48Ca.yaml steering/gate/las gate_las_pph_48Ca.yaml
loading tmpl/gate_las_calib.tmpl.yaml
steering/gate/las tmpl/gate_las_calib.tmpl.yaml steering/gate/las/tmpl gate_las_calib.tmpl.yaml
gate_array_init_las_pid
las_pid
stop_proc_las_pid
steering gate/gr/gate_gr_pph_48Ca.yaml steering/gate/gr gate_gr_pph_48Ca.yaml
loading tmpl/gate_gr_calib.tmpl.yaml
steering/gate/gr tmpl/gate_gr_calib.tmpl.yaml steering/gate/gr/tmpl gate_gr_calib.tmpl.yaml
gate_array_init
gr_charge
stop_proc
steering gate/ppx/energy_gr/gate_gr_energy_pph_48Ca.yaml steering/gate/ppx/energy_gr gate_gr_energy_pph_48Ca.yaml
gate_array_init_gr_energy
def_gate_gr_energy
stop_proc_gr_energy
steering gate/ppx/energy_las/gate_las_energy_pph_48Ca.yaml steering/gate/ppx/energy_las gate_las_energy_pph_48Ca.yaml
gate_array_init_las_energy
def_gate_las_energy
stop_proc_las_energy
steering gate/ppx/ang_gr/gate_gr_ang_pph_48Ca.yaml steering/gate/ppx/ang_gr gate_gr_ang_pph_48Ca.yaml
gate_array_init_gr_ang
def_gate_gr_ang
stop_proc_gr_ang
steering gate/ppx/ang_las/gate_las_ang_pph_48Ca.yaml steering/gate/ppx/ang_las gate_las_ang_pph_48Ca.yaml
gate_array_init_las_ang
def_gate_las_ang
stop_proc_las_ang
hist_pid_gr
hist_pid_las
hist_vdc_gr_track
hist_vdc_las_track
hist_vdc_gr_las
hist_optics_gr
hist_optics_las
hist_optics_corr
hist_phys
itrBegin = 118360224 itrEnd = 133049200
branch : gdc
branch : gfp
branch : ldc
branch : lfp_prime
branch : lfp
branch : gtgt
branch : ltgt
branch : pid_gr
branch : pid_las
branch : tof_raw
branch : tof
branch : gr_rf1
branch : gr_rf2
branch : gr_rf3
branch : las_rf1
branch : las_rf2
branch : las_rf3
branch : trig_gr
branch : trig_las
branch : trig_coin
branch : rf1
branch : rf2
branch : rf3
branch : pgr
branch : plas
scripts/phys.C(2106,"pph_48Ca")
Registering art::TStreamingModuleDecoderLRTDC
Registering art::TStreamingModuleDecoderHRTDC
Registering art::TStreamingModuleDecoderLRTDC64
Registering art::streaming::v1::TStreamingModuleDecoderLRTDC64
Registering art::streaming::v1::TStreamingModuleDecoderHRTDC
Use mass table inside root since Art.MassTable is not defined in .rootrc
Created art::TStreamingModuleDecoderHRTDC with decoder ID 2
Created art::TStreamingModuleDecoderLRTDC with decoder ID 1
Created art::TStreamingModuleDecoderLRTDC64 with decoder ID 3
Created art::streaming::v1::TStreamingModuleDecoderHRTDC with decoder ID 5
Created art::streaming::v1::TStreamingModuleDecoderLRTDC64 with decoder ID 6

Processing scripts/phys.C(2106,"pph_48Ca")...
timer
es_ttree
steering gate/gate_coin.yaml steering/gate gate_coin.yaml
gate_array_init_coin
trigger_gates
stop_proc_coin
steering gate/las/gate_las_pph_48Ca.yaml steering/gate/las gate_las_pph_48Ca.yaml
loading tmpl/gate_las_calib.tmpl.yaml
steering/gate/las tmpl/gate_las_calib.tmpl.yaml steering/gate/las/tmpl gate_las_calib.tmpl.yaml
gate_array_init_las_pid
las_pid
stop_proc_las_pid
steering gate/gr/gate_gr_pph_48Ca.yaml steering/gate/gr gate_gr_pph_48Ca.yaml
loading tmpl/gate_gr_calib.tmpl.yaml
steering/gate/gr tmpl/gate_gr_calib.tmpl.yaml steering/gate/gr/tmpl gate_gr_calib.tmpl.yaml
gate_array_init
gr_charge
stop_proc
steering gate/ppx/energy_gr/gate_gr_energy_pph_48Ca.yaml steering/gate/ppx/energy_gr gate_gr_energy_pph_48Ca.yaml
gate_array_init_gr_energy
def_gate_gr_energy
stop_proc_gr_energy
steering gate/ppx/energy_las/gate_las_energy_pph_48Ca.yaml steering/gate/ppx/energy_las gate_las_energy_pph_48Ca.yaml
gate_array_init_las_energy
def_gate_las_energy
stop_proc_las_energy
steering gate/ppx/ang_gr/gate_gr_ang_pph_48Ca.yaml steering/gate/ppx/ang_gr gate_gr_ang_pph_48Ca.yaml
gate_array_init_gr_ang
def_gate_gr_ang
stop_proc_gr_ang
steering gate/ppx/ang_las/gate_las_ang_pph_48Ca.yaml steering/gate/ppx/ang_las gate_las_ang_pph_48Ca.yaml
gate_array_init_las_ang
def_gate_las_ang
stop_proc_las_ang
hist_pid_gr
hist_pid_las
hist_vdc_gr_track
hist_vdc_las_track
hist_vdc_gr_las
hist_optics_gr
hist_optics_las
hist_optics_corr
hist_phys
itrBegin = 98315024 itrEnd = 112989408
branch : gdc
branch : gfp
branch : ldc
branch : lfp_prime
branch : lfp
branch : gtgt
branch : ltgt
branch : pid_gr
branch : pid_las
branch : tof_raw
branch : tof
branch : gr_rf1
branch : gr_rf2
branch : gr_rf3
branch : las_rf1
branch : las_rf2
branch : las_rf3
branch : trig_gr
branch : trig_las
branch : trig_coin
branch : rf1
branch : rf2
branch : rf3
branch : pgr
branch : plas
scripts/phys.C(2162,"pph_48Ca")
Registering art::TStreamingModuleDecoderLRTDC
Registering art::TStreamingModuleDecoderHRTDC
Registering art::TStreamingModuleDecoderLRTDC64
Registering art::streaming::v1::TStreamingModuleDecoderLRTDC64
Registering art::streaming::v1::TStreamingModuleDecoderHRTDC
Use mass table inside root since Art.MassTable is not defined in .rootrc
Created art::TStreamingModuleDecoderHRTDC with decoder ID 2
Created art::TStreamingModuleDecoderLRTDC with decoder ID 1
Created art::TStreamingModuleDecoderLRTDC64 with decoder ID 3
Created art::streaming::v1::TStreamingModuleDecoderHRTDC with decoder ID 5
Created art::streaming::v1::TStreamingModuleDecoderLRTDC64 with decoder ID 6

Processing scripts/phys.C(2162,"pph_48Ca")...
timer
es_ttree
steering gate/gate_coin.yaml steering/gate gate_coin.yaml
gate_array_init_coin
trigger_gates
stop_proc_coin
steering gate/las/gate_las_pph_48Ca.yaml steering/gate/las gate_las_pph_48Ca.yaml
loading tmpl/gate_las_calib.tmpl.yaml
steering/gate/las tmpl/gate_las_calib.tmpl.yaml steering/gate/las/tmpl gate_las_calib.tmpl.yaml
gate_array_init_las_pid
las_pid
stop_proc_las_pid
steering gate/gr/gate_gr_pph_48Ca.yaml steering/gate/gr gate_gr_pph_48Ca.yaml
loading tmpl/gate_gr_calib.tmpl.yaml
steering/gate/gr tmpl/gate_gr_calib.tmpl.yaml steering/gate/gr/tmpl gate_gr_calib.tmpl.yaml
gate_array_init
gr_charge
stop_proc
steering gate/ppx/energy_gr/gate_gr_energy_pph_48Ca.yaml steering/gate/ppx/energy_gr gate_gr_energy_pph_48Ca.yaml
gate_array_init_gr_energy
def_gate_gr_energy
stop_proc_gr_energy
steering gate/ppx/energy_las/gate_las_energy_pph_48Ca.yaml steering/gate/ppx/energy_las gate_las_energy_pph_48Ca.yaml
gate_array_init_las_energy
def_gate_las_energy
stop_proc_las_energy
steering gate/ppx/ang_gr/gate_gr_ang_pph_48Ca.yaml steering/gate/ppx/ang_gr gate_gr_ang_pph_48Ca.yaml
gate_array_init_gr_ang
def_gate_gr_ang
stop_proc_gr_ang
steering gate/ppx/ang_las/gate_las_ang_pph_48Ca.yaml steering/gate/ppx/ang_las gate_las_ang_pph_48Ca.yaml
gate_array_init_las_ang
def_gate_las_ang
stop_proc_las_ang
hist_pid_gr
hist_pid_las
hist_vdc_gr_track
hist_vdc_las_track
hist_vdc_gr_las
hist_optics_gr
hist_optics_las
hist_optics_corr
hist_phys
itrBegin = 39437808 itrEnd = 113765536
branch : gdc
branch : gfp
branch : ldc
branch : lfp_prime
branch : lfp
branch : gtgt
branch : ltgt
branch : pid_gr
branch : pid_las
branch : tof_raw
branch : tof
branch : gr_rf1
branch : gr_rf2
branch : gr_rf3
branch : las_rf1
branch : las_rf2
branch : las_rf3
branch : trig_gr
branch : trig_las
branch : trig_coin
branch : rf1
branch : rf2
branch : rf3
branch : pgr
branch : plas
scripts/phys.C(2163,"pph_48Ca")
Registering art::TStreamingModuleDecoderLRTDC
Registering art::TStreamingModuleDecoderHRTDC
Registering art::TStreamingModuleDecoderLRTDC64
Registering art::streaming::v1::TStreamingModuleDecoderLRTDC64
Registering art::streaming::v1::TStreamingModuleDecoderHRTDC
Use mass table inside root since Art.MassTable is not defined in .rootrc
Created art::TStreamingModuleDecoderHRTDC with decoder ID 2
Created art::TStreamingModuleDecoderLRTDC with decoder ID 1
Created art::TStreamingModuleDecoderLRTDC64 with decoder ID 3
Created art::streaming::v1::TStreamingModuleDecoderHRTDC with decoder ID 5
Created art::streaming::v1::TStreamingModuleDecoderLRTDC64 with decoder ID 6

Processing scripts/phys.C(2163,"pph_48Ca")...
timer
es_ttree
steering gate/gate_coin.yaml steering/gate gate_coin.yaml
gate_array_init_coin
trigger_gates
stop_proc_coin
steering gate/las/gate_las_pph_48Ca.yaml steering/gate/las gate_las_pph_48Ca.yaml
loading tmpl/gate_las_calib.tmpl.yaml
steering/gate/las tmpl/gate_las_calib.tmpl.yaml steering/gate/las/tmpl gate_las_calib.tmpl.yaml
gate_array_init_las_pid
las_pid
stop_proc_las_pid
steering gate/gr/gate_gr_pph_48Ca.yaml steering/gate/gr gate_gr_pph_48Ca.yaml
loading tmpl/gate_gr_calib.tmpl.yaml
steering/gate/gr tmpl/gate_gr_calib.tmpl.yaml steering/gate/gr/tmpl gate_gr_calib.tmpl.yaml
gate_array_init
gr_charge
stop_proc
steering gate/ppx/energy_gr/gate_gr_energy_pph_48Ca.yaml steering/gate/ppx/energy_gr gate_gr_energy_pph_48Ca.yaml
gate_array_init_gr_energy
def_gate_gr_energy
stop_proc_gr_energy
steering gate/ppx/energy_las/gate_las_energy_pph_48Ca.yaml steering/gate/ppx/energy_las gate_las_energy_pph_48Ca.yaml
gate_array_init_las_energy
def_gate_las_energy
stop_proc_las_energy
steering gate/ppx/ang_gr/gate_gr_ang_pph_48Ca.yaml steering/gate/ppx/ang_gr gate_gr_ang_pph_48Ca.yaml
gate_array_init_gr_ang
def_gate_gr_ang
stop_proc_gr_ang
steering gate/ppx/ang_las/gate_las_ang_pph_48Ca.yaml steering/gate/ppx/ang_las gate_las_ang_pph_48Ca.yaml
gate_array_init_las_ang
def_gate_las_ang
stop_proc_las_ang
hist_pid_gr
hist_pid_las
hist_vdc_gr_track
hist_vdc_las_track
hist_vdc_gr_las
hist_optics_gr
hist_optics_las
hist_optics_corr
hist_phys
itrBegin = 121444240 itrEnd = 130614256
branch : gdc
branch : gfp
branch : ldc
branch : lfp_prime
branch : lfp
branch : gtgt
branch : ltgt
branch : pid_gr
branch : pid_las
branch : tof_raw
branch : tof
branch : gr_rf1
branch : gr_rf2
branch : gr_rf3
branch : las_rf1
branch : las_rf2
branch : las_rf3
branch : trig_gr
branch : trig_las
branch : trig_coin
branch : rf1
branch : rf2
branch : rf3
branch : pgr
branch : plas
