

*******************************************************************************
Mon Jul 22 17:27:07 2024


FIT:    data read from "fit/merge.dat" u 1:2
        format = x:z
        #datapoints = 5
        residuals are weighted equally (unit weight)

function used for fitting: f(x)
	f(x)=p0+p1*x+p2*x*x
fitted parameters initialized with current variable values



*******************************************************************************
Mon Jul 22 17:27:14 2024


FIT:    data read from "fit/merge.dat" u 1:2
        format = x:z
        #datapoints = 5
        residuals are weighted equally (unit weight)

function used for fitting: f(x)
	f(x)=p0+p1*x+p2*x*x
fitted parameters initialized with current variable values

iter      chisq       delta/lim  lambda   p0            p1            p2           
   0 7.2537365586e+10   0.00e+00  6.96e+04    1.000000e+00   1.000000e+00   1.000000e+00
   8 1.8313089426e+04  -8.69e-03  6.96e-04   -6.354838e+01   1.289831e+00   1.860188e-03

After 8 iterations the fit converged.
final sum of squares of residuals : 18313.1
rel. change during last iteration : -8.69491e-08

degrees of freedom    (FIT_NDF)                        : 2
rms of residuals      (FIT_STDFIT) = sqrt(WSSR/ndf)    : 95.6898
variance of residuals (reduced chisquare) = WSSR/ndf   : 9156.54

Final set of parameters            Asymptotic Standard Error
=======================            ==========================
p0              = -63.5484         +/- 66.76        (105.1%)
p1              = 1.28983          +/- 0.1409       (10.93%)
p2              = 0.00186019       +/- 0.0005536    (29.76%)

correlation matrix of the fit parameters:
                p0     p1     p2     
p0              1.000 
p1             -0.050  1.000 
p2             -0.767  0.054  1.000 


*******************************************************************************
Mon Jul 22 17:28:56 2024


FIT:    data read from "fit/merge.dat" u 1:3
        format = x:z
        #datapoints = 5
        residuals are weighted equally (unit weight)

function used for fitting: f(x)
	f(x)=p0+p1*x+p2*x*x
fitted parameters initialized with current variable values

iter      chisq       delta/lim  lambda   p0            p1            p2           
   0 7.3070772342e+08   0.00e+00  2.63e+02   -6.354838e+01   1.289831e+00   1.860188e-03
   4 4.8697777905e+06  -2.93e-03  2.63e-02   -4.827196e+03  -1.854998e+01  -5.102696e-02

After 4 iterations the fit converged.
final sum of squares of residuals : 4.86978e+06
rel. change during last iteration : -2.92661e-08

degrees of freedom    (FIT_NDF)                        : 2
rms of residuals      (FIT_STDFIT) = sqrt(WSSR/ndf)    : 1560.41
variance of residuals (reduced chisquare) = WSSR/ndf   : 2.43489e+06

Final set of parameters            Asymptotic Standard Error
=======================            ==========================
p0              = -4827.2          +/- 1089         (22.55%)
p1              = -18.55           +/- 2.298        (12.39%)
p2              = -0.051027        +/- 0.009028     (17.69%)

correlation matrix of the fit parameters:
                p0     p1     p2     
p0              1.000 
p1             -0.050  1.000 
p2             -0.767  0.054  1.000 


*******************************************************************************
Mon Jul 22 17:30:05 2024


FIT:    data read from "fit/merge.dat" u 1:4
        format = x:z
        #datapoints = 5
        residuals are weighted equally (unit weight)

function used for fitting: f(x)
	f(x)=p0+p1*x+p2*x*x
fitted parameters initialized with current variable values

iter      chisq       delta/lim  lambda   p0            p1            p2           
   0 1.1546049314e+11   0.00e+00  5.57e+03   -4.827196e+03  -1.854998e+01  -5.102696e-02
   4 3.5988620320e+08  -3.97e-08  5.57e-01    5.167871e+04   3.816028e+02   2.818877e-01

After 4 iterations the fit converged.
final sum of squares of residuals : 3.59886e+08
rel. change during last iteration : -3.96827e-13

degrees of freedom    (FIT_NDF)                        : 2
rms of residuals      (FIT_STDFIT) = sqrt(WSSR/ndf)    : 13414.3
variance of residuals (reduced chisquare) = WSSR/ndf   : 1.79943e+08

Final set of parameters            Asymptotic Standard Error
=======================            ==========================
p0              = 51678.7          +/- 9359         (18.11%)
p1              = 381.603          +/- 19.76        (5.177%)
p2              = 0.281888         +/- 0.07761      (27.53%)

correlation matrix of the fit parameters:
                p0     p1     p2     
p0              1.000 
p1             -0.050  1.000 
p2             -0.767  0.054  1.000 


*******************************************************************************
Mon Jul 22 17:31:20 2024


FIT:    data read from "fit/merge.dat" u 1:5
        format = x:z
        #datapoints = 5
        residuals are weighted equally (unit weight)

function used for fitting: f(x)
fitted parameters initialized with current variable values



*******************************************************************************
Mon Jul 22 17:31:30 2024


FIT:    data read from "fit/merge.dat" u 1:5
        format = x:z
        #datapoints = 5
        residuals are weighted equally (unit weight)

function used for fitting: f(x)
	f(x)=p0+p1*x+p2*x*x
fitted parameters initialized with current variable values

iter      chisq       delta/lim  lambda   p0            p1            p2           
   0 7.9015578216e+12   0.00e+00  6.96e+04    1.000000e+00   1.000000e+00   1.000000e+00
   8 5.8825888123e+10  -6.81e-01  6.96e-04   -1.023590e+06  -9.147432e+02  -1.010683e+00

After 8 iterations the fit converged.
final sum of squares of residuals : 5.88259e+10
rel. change during last iteration : -6.80676e-06

degrees of freedom    (FIT_NDF)                        : 2
rms of residuals      (FIT_STDFIT) = sqrt(WSSR/ndf)    : 171502
variance of residuals (reduced chisquare) = WSSR/ndf   : 2.94129e+10

Final set of parameters            Asymptotic Standard Error
=======================            ==========================
p0              = -1.02359e+06     +/- 1.197e+05    (11.69%)
p1              = -914.743         +/- 252.6        (27.61%)
p2              = -1.01068         +/- 0.9922       (98.17%)

correlation matrix of the fit parameters:
                p0     p1     p2     
p0              1.000 
p1             -0.050  1.000 
p2             -0.767  0.054  1.000 


*******************************************************************************
Mon Jul 22 17:33:16 2024


FIT:    data read from "fit/merge.dat" u 1:2
        format = x:z
        #datapoints = 5
        residuals are weighted equally (unit weight)

function used for fitting: f(x)
	f(x)=p0+p1*x+p2*x*x
fitted parameters initialized with current variable values

iter      chisq       delta/lim  lambda   p0            p1            p2           
   0 7.2537365586e+10   0.00e+00  6.96e+04    1.000000e+00   1.000000e+00   1.000000e+00
   8 1.8313089426e+04  -8.69e-03  6.96e-04   -6.354838e+01   1.289831e+00   1.860188e-03

After 8 iterations the fit converged.
final sum of squares of residuals : 18313.1
rel. change during last iteration : -8.69491e-08

degrees of freedom    (FIT_NDF)                        : 2
rms of residuals      (FIT_STDFIT) = sqrt(WSSR/ndf)    : 95.6898
variance of residuals (reduced chisquare) = WSSR/ndf   : 9156.54

Final set of parameters            Asymptotic Standard Error
=======================            ==========================
p0              = -63.5484         +/- 66.76        (105.1%)
p1              = 1.28983          +/- 0.1409       (10.93%)
p2              = 0.00186019       +/- 0.0005536    (29.76%)

correlation matrix of the fit parameters:
                p0     p1     p2     
p0              1.000 
p1             -0.050  1.000 
p2             -0.767  0.054  1.000 


*******************************************************************************
Mon Jul 22 17:33:36 2024


FIT:    data read from "fit/merge.dat" u 1:3
        format = x:z
        #datapoints = 5
        residuals are weighted equally (unit weight)

function used for fitting: f(x)
	f(x)=p0+p1*x+p2*x*x
fitted parameters initialized with current variable values

iter      chisq       delta/lim  lambda   p0            p1            p2           
   0 7.3070772342e+08   0.00e+00  2.63e+02   -6.354838e+01   1.289831e+00   1.860188e-03
   4 4.8697777905e+06  -2.93e-03  2.63e-02   -4.827196e+03  -1.854998e+01  -5.102696e-02

After 4 iterations the fit converged.
final sum of squares of residuals : 4.86978e+06
rel. change during last iteration : -2.92661e-08

degrees of freedom    (FIT_NDF)                        : 2
rms of residuals      (FIT_STDFIT) = sqrt(WSSR/ndf)    : 1560.41
variance of residuals (reduced chisquare) = WSSR/ndf   : 2.43489e+06

Final set of parameters            Asymptotic Standard Error
=======================            ==========================
p0              = -4827.2          +/- 1089         (22.55%)
p1              = -18.55           +/- 2.298        (12.39%)
p2              = -0.051027        +/- 0.009028     (17.69%)

correlation matrix of the fit parameters:
                p0     p1     p2     
p0              1.000 
p1             -0.050  1.000 
p2             -0.767  0.054  1.000 


*******************************************************************************
Mon Jul 22 17:33:51 2024


FIT:    data read from "fit/merge.dat" u 1:4
        format = x:z
        #datapoints = 5
        residuals are weighted equally (unit weight)

function used for fitting: f(x)
	f(x)=p0+p1*x+p2*x*x
fitted parameters initialized with current variable values

iter      chisq       delta/lim  lambda   p0            p1            p2           
   0 1.1546049314e+11   0.00e+00  5.57e+03   -4.827196e+03  -1.854998e+01  -5.102696e-02
   4 3.5988620320e+08  -3.97e-08  5.57e-01    5.167871e+04   3.816028e+02   2.818877e-01

After 4 iterations the fit converged.
final sum of squares of residuals : 3.59886e+08
rel. change during last iteration : -3.96827e-13

degrees of freedom    (FIT_NDF)                        : 2
rms of residuals      (FIT_STDFIT) = sqrt(WSSR/ndf)    : 13414.3
variance of residuals (reduced chisquare) = WSSR/ndf   : 1.79943e+08

Final set of parameters            Asymptotic Standard Error
=======================            ==========================
p0              = 51678.7          +/- 9359         (18.11%)
p1              = 381.603          +/- 19.76        (5.177%)
p2              = 0.281888         +/- 0.07761      (27.53%)

correlation matrix of the fit parameters:
                p0     p1     p2     
p0              1.000 
p1             -0.050  1.000 
p2             -0.767  0.054  1.000 


*******************************************************************************
Mon Jul 22 17:33:58 2024


FIT:    data read from "fit/merge.dat" u 1:6
        format = x:z
BREAK: No data to fit

*******************************************************************************
Mon Jul 22 17:34:06 2024


FIT:    data read from "fit/merge.dat" u 1:5
        format = x:z
        #datapoints = 5
        residuals are weighted equally (unit weight)

function used for fitting: f(x)
	f(x)=p0+p1*x+p2*x*x
fitted parameters initialized with current variable values

iter      chisq       delta/lim  lambda   p0            p1            p2           
   0 8.0613862012e+12   0.00e+00  7.59e+04    5.167871e+04   3.816028e+02   2.818877e-01
   4 5.8825888123e+10  -7.03e-06  7.59e+00   -1.023590e+06  -9.147432e+02  -1.010683e+00

After 4 iterations the fit converged.
final sum of squares of residuals : 5.88259e+10
rel. change during last iteration : -7.02553e-11

degrees of freedom    (FIT_NDF)                        : 2
rms of residuals      (FIT_STDFIT) = sqrt(WSSR/ndf)    : 171502
variance of residuals (reduced chisquare) = WSSR/ndf   : 2.94129e+10

Final set of parameters            Asymptotic Standard Error
=======================            ==========================
p0              = -1.02359e+06     +/- 1.197e+05    (11.69%)
p1              = -914.743         +/- 252.6        (27.61%)
p2              = -1.01068         +/- 0.9922       (98.17%)

correlation matrix of the fit parameters:
                p0     p1     p2     
p0              1.000 
p1             -0.050  1.000 
p2             -0.767  0.054  1.000 


*******************************************************************************
Mon Jul 29 17:08:20 2024


FIT:    data read from "dat/prm_itr.dat"  u 1:2
        format = x:z
        #datapoints = 5
        residuals are weighted equally (unit weight)

function used for fitting: f(x)
	f(x)=p0+p1*x+p2*x*x*x
fitted parameters initialized with current variable values

iter      chisq       delta/lim  lambda   p0            p1            p2           
   0 1.2860207414e+16   0.00e+00  2.93e+07    1.000000e+00   1.000000e+00   1.000000e+00
  11 2.7919931448e+03  -1.02e-06  2.93e-04   -3.987694e+01  -7.900468e-02  -3.204693e-08

After 11 iterations the fit converged.
final sum of squares of residuals : 2791.99
rel. change during last iteration : -1.01667e-11

degrees of freedom    (FIT_NDF)                        : 2
rms of residuals      (FIT_STDFIT) = sqrt(WSSR/ndf)    : 37.363
variance of residuals (reduced chisquare) = WSSR/ndf   : 1396

Final set of parameters            Asymptotic Standard Error
=======================            ==========================
p0              = -39.8769         +/- 16.78        (42.08%)
p1              = -0.0790047       +/- 0.1651       (209%)
p2              = -3.20469e-08     +/- 9.902e-07    (3090%)

correlation matrix of the fit parameters:
                p0     p1     p2     
p0              1.000 
p1             -0.090  1.000 
p2              0.091 -0.943  1.000 


*******************************************************************************
Mon Jul 29 17:08:55 2024


FIT:    data read from "dat/prm_itr.dat"  u 1:2
        format = x:z
        #datapoints = 5
        residuals are weighted equally (unit weight)

function used for fitting: f(x)
	f(x)=p0+p1*x+p2*x*x*x
fitted parameters initialized with current variable values

iter      chisq       delta/lim  lambda   p0            p1            p2           
   0 1.2860207414e+16   0.00e+00  2.93e+07    1.000000e+00   1.000000e+00   1.000000e+00
  11 2.7919931448e+03  -1.02e-06  2.93e-04   -3.987694e+01  -7.900468e-02  -3.204693e-08

After 11 iterations the fit converged.
final sum of squares of residuals : 2791.99
rel. change during last iteration : -1.01667e-11

degrees of freedom    (FIT_NDF)                        : 2
rms of residuals      (FIT_STDFIT) = sqrt(WSSR/ndf)    : 37.363
variance of residuals (reduced chisquare) = WSSR/ndf   : 1396

Final set of parameters            Asymptotic Standard Error
=======================            ==========================
p0              = -39.8769         +/- 16.78        (42.08%)
p1              = -0.0790047       +/- 0.1651       (209%)
p2              = -3.20469e-08     +/- 9.902e-07    (3090%)

correlation matrix of the fit parameters:
                p0     p1     p2     
p0              1.000 
p1             -0.090  1.000 
p2              0.091 -0.943  1.000 


*******************************************************************************
Mon Jul 29 17:09:36 2024


FIT:    data read from "dat/prm_itr.dat"  u 1:2
        format = x:z
        #datapoints = 5
        residuals are weighted equally (unit weight)

function used for fitting: f(x)
	f(x)=p0+p1*x+p2*x*x
fitted parameters initialized with current variable values

iter      chisq       delta/lim  lambda   p0            p1            p2           
   0 7.2723906315e+10   0.00e+00  6.96e+04    1.000000e+00   1.000000e+00   1.000000e+00
   8 3.5190539803e+01  -1.75e-01  6.96e-04   -1.169641e+01  -8.829526e-02  -3.040542e-04

After 8 iterations the fit converged.
final sum of squares of residuals : 35.1905
rel. change during last iteration : -1.74638e-06

degrees of freedom    (FIT_NDF)                        : 2
rms of residuals      (FIT_STDFIT) = sqrt(WSSR/ndf)    : 4.19467
variance of residuals (reduced chisquare) = WSSR/ndf   : 17.5953

Final set of parameters            Asymptotic Standard Error
=======================            ==========================
p0              = -11.6964         +/- 2.927        (25.03%)
p1              = -0.0882953       +/- 0.006179     (6.998%)
p2              = -0.000304054     +/- 2.428e-05    (7.987%)

correlation matrix of the fit parameters:
                p0     p1     p2     
p0              1.000 
p1             -0.050  1.000 
p2             -0.768  0.055  1.000 


*******************************************************************************
Mon Jul 29 17:10:17 2024


FIT:    data read from "dat/prm_itr.dat"  u 1:2
        format = x:z
        #datapoints = 5
        residuals are weighted equally (unit weight)

function used for fitting: f(x)
	f(x)=p0+p1*x+p2*x*x
fitted parameters initialized with current variable values

iter      chisq       delta/lim  lambda   p0            p1            p2           
   0 7.2723906315e+10   0.00e+00  6.96e+04    1.000000e+00   1.000000e+00   1.000000e+00
   8 3.5190539803e+01  -1.75e-01  6.96e-04   -1.169641e+01  -8.829526e-02  -3.040542e-04

After 8 iterations the fit converged.
final sum of squares of residuals : 35.1905
rel. change during last iteration : -1.74638e-06

degrees of freedom    (FIT_NDF)                        : 2
rms of residuals      (FIT_STDFIT) = sqrt(WSSR/ndf)    : 4.19467
variance of residuals (reduced chisquare) = WSSR/ndf   : 17.5953

Final set of parameters            Asymptotic Standard Error
=======================            ==========================
p0              = -11.6964         +/- 2.927        (25.03%)
p1              = -0.0882953       +/- 0.006179     (6.998%)
p2              = -0.000304054     +/- 2.428e-05    (7.987%)

correlation matrix of the fit parameters:
                p0     p1     p2     
p0              1.000 
p1             -0.050  1.000 
p2             -0.768  0.055  1.000 


*******************************************************************************
Mon Jul 29 17:12:28 2024


FIT:    data read from "dat/prm_itr.dat"  u 1:3
        format = x:z
        #datapoints = 5
        residuals are weighted equally (unit weight)

function used for fitting: f(x)
	f(x)=p0+p1*x+p2*x*x
fitted parameters initialized with current variable values

iter      chisq       delta/lim  lambda   p0            p1            p2           
   0 7.2470367217e+10   0.00e+00  6.96e+04    1.000000e+00   1.000000e+00   1.000000e+00
   8 1.7573969090e+05  -1.40e-02  6.96e-04    2.554682e+02   3.693770e+00   9.462326e-06

After 8 iterations the fit converged.
final sum of squares of residuals : 175740
rel. change during last iteration : -1.40478e-07

degrees of freedom    (FIT_NDF)                        : 2
rms of residuals      (FIT_STDFIT) = sqrt(WSSR/ndf)    : 296.428
variance of residuals (reduced chisquare) = WSSR/ndf   : 87869.8

Final set of parameters            Asymptotic Standard Error
=======================            ==========================
p0              = 255.468          +/- 206.9        (80.97%)
p1              = 3.69377          +/- 0.4366       (11.82%)
p2              = 9.46233e-06      +/- 0.001716     (1.814e+04%)

correlation matrix of the fit parameters:
                p0     p1     p2     
p0              1.000 
p1             -0.050  1.000 
p2             -0.768  0.055  1.000 


*******************************************************************************
Mon Jul 29 17:13:02 2024


FIT:    data read from "dat/prm_itr.dat"  u 1:3
        format = x:z
        #datapoints = 5
        residuals are weighted equally (unit weight)

function used for fitting: f(x)
	f(x)=p0+p1*x
fitted parameters initialized with current variable values

iter      chisq       delta/lim  lambda   p0            p1           
   0 3.8821836945e+06   0.00e+00  2.15e+02    1.000000e+00   1.000000e+00
   6 1.7574236224e+05  -3.01e-08  2.15e-04    2.563437e+02   3.693638e+00

After 6 iterations the fit converged.
final sum of squares of residuals : 175742
rel. change during last iteration : -3.00573e-13

degrees of freedom    (FIT_NDF)                        : 3
rms of residuals      (FIT_STDFIT) = sqrt(WSSR/ndf)    : 242.035
variance of residuals (reduced chisquare) = WSSR/ndf   : 58580.8

Final set of parameters            Asymptotic Standard Error
=======================            ==========================
p0              = 256.344          +/- 108.2        (42.23%)
p1              = 3.69364          +/- 0.356        (9.638%)

correlation matrix of the fit parameters:
                p0     p1     
p0              1.000 
p1             -0.012  1.000 


*******************************************************************************
Mon Jul 29 17:13:58 2024


FIT:    data read from "dat/prm_itr.dat"  u 1:4
        format = x:z
        #datapoints = 5
        residuals are weighted equally (unit weight)

function used for fitting: f(x)
	f(x)=p0+p1*x+p2*x*x
fitted parameters initialized with current variable values

iter      chisq       delta/lim  lambda   p0            p1            p2           
   0 9.0974883659e+10   0.00e+00  6.96e+04    1.000000e+00   1.000000e+00   1.000000e+00
   8 1.3904194269e+07  -7.51e-01  6.96e-04   -1.655022e+04   2.537318e+00  -9.878308e-03

After 8 iterations the fit converged.
final sum of squares of residuals : 1.39042e+07
rel. change during last iteration : -7.51147e-06

degrees of freedom    (FIT_NDF)                        : 2
rms of residuals      (FIT_STDFIT) = sqrt(WSSR/ndf)    : 2636.68
variance of residuals (reduced chisquare) = WSSR/ndf   : 6.9521e+06

Final set of parameters            Asymptotic Standard Error
=======================            ==========================
p0              = -16550.2         +/- 1840         (11.12%)
p1              = 2.53732          +/- 3.884        (153.1%)
p2              = -0.00987831      +/- 0.01526      (154.5%)

correlation matrix of the fit parameters:
                p0     p1     p2     
p0              1.000 
p1             -0.050  1.000 
p2             -0.768  0.055  1.000 


*******************************************************************************
Mon Jul 29 17:14:20 2024


FIT:    data read from "dat/prm_itr.dat"  u 1:4
        format = x:z
        #datapoints = 5
        residuals are weighted equally (unit weight)

function used for fitting: f(x)
	f(x)=p0+p1*x+p2*x*x+p3*x*x*x
fitted parameters initialized with current variable values

iter      chisq       delta/lim  lambda   p0            p1            p2            p3           
   0 1.2855519872e+16   0.00e+00  2.54e+07    1.000000e+00   1.000000e+00   1.000000e+00   1.000000e+00
  11 7.3309785172e+06  -3.96e-04  2.54e-04   -1.656202e+04  -8.168969e+00  -8.618647e-03   6.819324e-05

After 11 iterations the fit converged.
final sum of squares of residuals : 7.33098e+06
rel. change during last iteration : -3.96166e-09

degrees of freedom    (FIT_NDF)                        : 1
rms of residuals      (FIT_STDFIT) = sqrt(WSSR/ndf)    : 2707.58
variance of residuals (reduced chisquare) = WSSR/ndf   : 7.33098e+06

Final set of parameters            Asymptotic Standard Error
=======================            ==========================
p0              = -16562           +/- 1889         (11.41%)
p1              = -8.16897         +/- 11.99        (146.8%)
p2              = -0.00861865      +/- 0.01573      (182.5%)
p3              = 6.81932e-05      +/- 7.202e-05    (105.6%)

correlation matrix of the fit parameters:
                p0     p1     p2     p3     
p0              1.000 
p1             -0.010  1.000 
p2             -0.765 -0.062  1.000 
p3             -0.007 -0.943  0.085  1.000 


*******************************************************************************
Mon Jul 29 17:15:01 2024


FIT:    data read from "dat/prm_itr.dat"  u 1:4
        format = x:z
        #datapoints = 5
        residuals are weighted equally (unit weight)

function used for fitting: f(x)
	f(x)=p0
fitted parameters initialized with current variable values

iter      chisq       delta/lim  lambda   p0           
   0 1.5435305312e+09   0.00e+00  1.00e+00    1.000000e+00
   3 2.0124460168e+07  -8.38e-01  1.00e-03   -1.745412e+04

After 3 iterations the fit converged.
final sum of squares of residuals : 2.01245e+07
rel. change during last iteration : -8.37748e-06

degrees of freedom    (FIT_NDF)                        : 4
rms of residuals      (FIT_STDFIT) = sqrt(WSSR/ndf)    : 2243.01
variance of residuals (reduced chisquare) = WSSR/ndf   : 5.03112e+06

Final set of parameters            Asymptotic Standard Error
=======================            ==========================
p0              = -17454.1         +/- 1003         (5.747%)


*******************************************************************************
Mon Jul 29 17:52:12 2024


FIT:    data read from "dat/prm_itr.dat"  u 1:4
        format = x:z
        #datapoints = 5
        residuals are weighted equally (unit weight)

function used for fitting: f(x)
	f(x)=p0
fitted parameters initialized with current variable values

iter      chisq       delta/lim  lambda   p0           
   0 1.5435305312e+09   0.00e+00  1.00e+00    1.000000e+00
   3 2.0124460168e+07  -8.38e-01  1.00e-03   -1.745412e+04

After 3 iterations the fit converged.
final sum of squares of residuals : 2.01245e+07
rel. change during last iteration : -8.37748e-06

degrees of freedom    (FIT_NDF)                        : 4
rms of residuals      (FIT_STDFIT) = sqrt(WSSR/ndf)    : 2243.01
variance of residuals (reduced chisquare) = WSSR/ndf   : 5.03112e+06

Final set of parameters            Asymptotic Standard Error
=======================            ==========================
p0              = -17454.1         +/- 1003         (5.747%)


*******************************************************************************
Mon Jul 29 17:52:22 2024


FIT:    data read from "dat/prm_itr.dat"  u 1:2
        format = x:z
        #datapoints = 5
        residuals are weighted equally (unit weight)

function used for fitting: f(x)
	f(x)=p0+p1*x+p2*x*x
fitted parameters initialized with current variable values

iter      chisq       delta/lim  lambda   p0            p1            p2           
   0 5.8099046849e+10   0.00e+00  7.03e+04   -1.745412e+04   1.000000e+00   1.000000e+00
   6 3.5190539803e+01  -5.31e-04  7.03e-02   -1.169641e+01  -8.829526e-02  -3.040542e-04

After 6 iterations the fit converged.
final sum of squares of residuals : 35.1905
rel. change during last iteration : -5.31489e-09

degrees of freedom    (FIT_NDF)                        : 2
rms of residuals      (FIT_STDFIT) = sqrt(WSSR/ndf)    : 4.19467
variance of residuals (reduced chisquare) = WSSR/ndf   : 17.5953

Final set of parameters            Asymptotic Standard Error
=======================            ==========================
p0              = -11.6964         +/- 2.927        (25.03%)
p1              = -0.0882953       +/- 0.006179     (6.998%)
p2              = -0.000304054     +/- 2.428e-05    (7.987%)

correlation matrix of the fit parameters:
                p0     p1     p2     
p0              1.000 
p1             -0.050  1.000 
p2             -0.768  0.055  1.000 


*******************************************************************************
Mon Jul 29 17:52:31 2024


FIT:    data read from "dat/prm_itr.dat"  u 1:3
        format = x:z
        #datapoints = 5
        residuals are weighted equally (unit weight)

function used for fitting: f(x)
	f(x)=p0+p1*x
fitted parameters initialized with current variable values

iter      chisq       delta/lim  lambda   p0            p1           
   0 7.1859228179e+06   0.00e+00  2.07e+01   -1.169641e+01  -8.829526e-02
   4 1.7574236224e+05  -4.50e-09  2.07e-03    2.563437e+02   3.693638e+00

After 4 iterations the fit converged.
final sum of squares of residuals : 175742
rel. change during last iteration : -4.50446e-14

degrees of freedom    (FIT_NDF)                        : 3
rms of residuals      (FIT_STDFIT) = sqrt(WSSR/ndf)    : 242.035
variance of residuals (reduced chisquare) = WSSR/ndf   : 58580.8

Final set of parameters            Asymptotic Standard Error
=======================            ==========================
p0              = 256.344          +/- 108.2        (42.23%)
p1              = 3.69364          +/- 0.356        (9.638%)

correlation matrix of the fit parameters:
                p0     p1     
p0              1.000 
p1             -0.012  1.000 


*******************************************************************************
Mon Jul 29 17:53:24 2024


FIT:    data read from "dat/prm_itr.dat"  u 1:4
        format = x:z
        #datapoints = 5
        residuals are weighted equally (unit weight)

function used for fitting: f(x)
	f(x)=p0+p1*x+p2*x*x+p3*x*x*x++p4*x*x*x*x
fitted parameters initialized with current variable values

iter      chisq       delta/lim  lambda   p0            p1            p2            p3            p4           
   0 2.3540774610e+21   0.00e+00  9.71e+09    1.000000e+00   1.000000e+00   1.000000e+00   1.000000e+00   1.000000e+00
  17 6.6174449004e-24   0.00e+00  9.71e+06   -1.460992e+04  -7.975442e+00  -9.967485e-02   7.281544e-05   4.452082e-07

After 17 iterations the fit converged.
final sum of squares of residuals : 6.61744e-24
rel. change during last iteration : 0


Exactly as many data points as there are parameters.
In this degenerate case, all errors are zero by definition.

Final set of parameters 
======================= 

p0              = -14609.9       
p1              = -7.97544       
p2              = -0.0996749     
p3              = 7.28154e-05    
p4              = 4.45208e-07    


*******************************************************************************
Mon Jul 29 18:23:53 2024


FIT:    data read from "dat/prm_itr.dat"  u 1:2
        format = x:z
        #datapoints = 5
        residuals are weighted equally (unit weight)

function used for fitting: f(x)
	f(x)=p0+p1*x+p2*x*x
fitted parameters initialized with current variable values

iter      chisq       delta/lim  lambda   p0            p1            p2           
   0 7.2705429522e+10   0.00e+00  6.96e+04    1.000000e+00   1.000000e+00   1.000000e+00
   8 3.2185562810e+01  -1.88e-01  6.96e-04   -1.161288e+01  -8.735770e-02  -3.072265e-04

After 8 iterations the fit converged.
final sum of squares of residuals : 32.1856
rel. change during last iteration : -1.88283e-06

degrees of freedom    (FIT_NDF)                        : 2
rms of residuals      (FIT_STDFIT) = sqrt(WSSR/ndf)    : 4.01158
variance of residuals (reduced chisquare) = WSSR/ndf   : 16.0928

Final set of parameters            Asymptotic Standard Error
=======================            ==========================
p0              = -11.6129         +/- 2.799        (24.11%)
p1              = -0.0873577       +/- 0.005909     (6.765%)
p2              = -0.000307226     +/- 2.323e-05    (7.561%)

correlation matrix of the fit parameters:
                p0     p1     p2     
p0              1.000 
p1             -0.050  1.000 
p2             -0.768  0.055  1.000 


*******************************************************************************
Mon Jul 29 18:24:53 2024


FIT:    data read from "dat/prm_itr.dat"  u 1:3
        format = x:z
        #datapoints = 5
        residuals are weighted equally (unit weight)

function used for fitting: f(x)
	f(x)=p0+p1*x
fitted parameters initialized with current variable values

iter      chisq       delta/lim  lambda   p0            p1           
   0 3.9386152369e+06   0.00e+00  2.15e+02    1.000000e+00   1.000000e+00
   6 1.7861019125e+05  -2.82e-08  2.15e-04    2.504394e+02   3.721237e+00

After 6 iterations the fit converged.
final sum of squares of residuals : 178610
rel. change during last iteration : -2.81897e-13

degrees of freedom    (FIT_NDF)                        : 3
rms of residuals      (FIT_STDFIT) = sqrt(WSSR/ndf)    : 244.001
variance of residuals (reduced chisquare) = WSSR/ndf   : 59536.7

Final set of parameters            Asymptotic Standard Error
=======================            ==========================
p0              = 250.439          +/- 109.1        (43.58%)
p1              = 3.72124          +/- 0.3589       (9.645%)

correlation matrix of the fit parameters:
                p0     p1     
p0              1.000 
p1             -0.012  1.000 


*******************************************************************************
Mon Jul 29 18:25:15 2024


FIT:    data read from "dat/prm_itr.dat"  u 1:4
        format = x:z
        #datapoints = 5
        residuals are weighted equally (unit weight)

function used for fitting: f(x)
	f(x)=p0+p1*x+p2*x*x+p3*x*x*x++p4*x*x*x*x
fitted parameters initialized with current variable values

iter      chisq       delta/lim  lambda   p0            p1            p2            p3            p4           
   0 2.3527122476e+21   0.00e+00  9.70e+09    1.000000e+00   1.000000e+00   1.000000e+00   1.000000e+00   1.000000e+00
  18 2.6469779602e-23   0.00e+00  9.70e+09   -1.460820e+04  -8.098110e+00  -9.947649e-02   7.559436e-05   4.391012e-07

After 18 iterations the fit converged.
final sum of squares of residuals : 2.64698e-23
rel. change during last iteration : 0


Exactly as many data points as there are parameters.
In this degenerate case, all errors are zero by definition.

Final set of parameters 
======================= 

p0              = -14608.2       
p1              = -8.09811       
p2              = -0.0994765     
p3              = 7.55944e-05    
p4              = 4.39101e-07    


*******************************************************************************
Tue Jul 30 17:53:51 2024


FIT:    data read from "~/work/art_analysis/e559_24apr/work/fp_gr/fit/merge.dat" u 1:(-$2)
        format = x:z
        #datapoints = 5
        residuals are weighted equally (unit weight)

function used for fitting: f(x)
	f(x)=p0+p1*x+p2*x*x+p3*x*x*x
fitted parameters initialized with current variable values

iter      chisq       delta/lim  lambda   p0            p1            p2            p3           
   0 1.2875611954e+16   0.00e+00  2.54e+07    1.000000e+00   1.000000e+00   1.000000e+00   1.000000e+00
  11 9.0775838472e+02  -4.67e-05  2.54e-04    6.411629e+01  -7.389887e-01  -1.924117e-03  -3.506376e-06

After 11 iterations the fit converged.
final sum of squares of residuals : 907.758
rel. change during last iteration : -4.67038e-10

degrees of freedom    (FIT_NDF)                        : 1
rms of residuals      (FIT_STDFIT) = sqrt(WSSR/ndf)    : 30.129
variance of residuals (reduced chisquare) = WSSR/ndf   : 907.758

Final set of parameters            Asymptotic Standard Error
=======================            ==========================
p0              = 64.1163          +/- 21.02        (32.79%)
p1              = -0.738989        +/- 0.1334       (18.05%)
p2              = -0.00192412      +/- 0.0001749    (9.091%)
p3              = -3.50638e-06     +/- 8.008e-07    (22.84%)

correlation matrix of the fit parameters:
                p0     p1     p2     p3     
p0              1.000 
p1             -0.011  1.000 
p2             -0.765 -0.061  1.000 
p3             -0.006 -0.943  0.083  1.000 


*******************************************************************************
Tue Jul 30 17:54:05 2024


FIT:    data read from "~/work/art_analysis/e559_24apr/work/fp_gr/fit/merge.dat" u 1:(-$3)
        format = x:z
        #datapoints = 5
        residuals are weighted equally (unit weight)

function used for fitting: f(x)
	f(x)=p0+p1*x+p2*x*x+p3*x*x*x
fitted parameters initialized with current variable values

iter      chisq       delta/lim  lambda   p0            p1            p2            p3           
   0 1.2872794862e+16   0.00e+00  2.54e+07    1.000000e+00   1.000000e+00   1.000000e+00   1.000000e+00
  11 1.5600010265e+05  -1.58e-03  2.54e-04    4.817850e+03   9.484921e+00   5.207902e-02   5.770346e-05

After 11 iterations the fit converged.
final sum of squares of residuals : 156000
rel. change during last iteration : -1.58285e-08

degrees of freedom    (FIT_NDF)                        : 1
rms of residuals      (FIT_STDFIT) = sqrt(WSSR/ndf)    : 394.968
variance of residuals (reduced chisquare) = WSSR/ndf   : 156000

Final set of parameters            Asymptotic Standard Error
=======================            ==========================
p0              = 4817.85          +/- 275.6        (5.72%)
p1              = 9.48492          +/- 1.749        (18.44%)
p2              = 0.052079         +/- 0.002293     (4.403%)
p3              = 5.77035e-05      +/- 1.05e-05     (18.19%)

correlation matrix of the fit parameters:
                p0     p1     p2     p3     
p0              1.000 
p1             -0.011  1.000 
p2             -0.765 -0.061  1.000 
p3             -0.006 -0.943  0.083  1.000 


*******************************************************************************
Tue Jul 30 17:54:21 2024


FIT:    data read from "~/work/art_analysis/e559_24apr/work/fp_gr/fit/merge.dat" u 1:(-$4)
        format = x:z
        #datapoints = 5
        residuals are weighted equally (unit weight)

function used for fitting: f(x)
	f(x)=p0+p1*x+p2*x*x
fitted parameters initialized with current variable values

iter      chisq       delta/lim  lambda   p0            p1            p2           
   0 2.5841942474e+11   0.00e+00  6.96e+04    1.000000e+00   1.000000e+00   1.000000e+00
   8 3.5988620320e+08  -2.84e-01  6.96e-04   -5.167871e+04  -3.816028e+02  -2.818877e-01

After 8 iterations the fit converged.
final sum of squares of residuals : 3.59886e+08
rel. change during last iteration : -2.83616e-06

degrees of freedom    (FIT_NDF)                        : 2
rms of residuals      (FIT_STDFIT) = sqrt(WSSR/ndf)    : 13414.3
variance of residuals (reduced chisquare) = WSSR/ndf   : 1.79943e+08

Final set of parameters            Asymptotic Standard Error
=======================            ==========================
p0              = -51678.7         +/- 9359         (18.11%)
p1              = -381.603         +/- 19.76        (5.177%)
p2              = -0.281888        +/- 0.07761      (27.53%)

correlation matrix of the fit parameters:
                p0     p1     p2     
p0              1.000 
p1             -0.050  1.000 
p2             -0.767  0.054  1.000 


*******************************************************************************
Tue Jul 30 17:54:27 2024


FIT:    data read from "~/work/art_analysis/e559_24apr/work/fp_gr/fit/merge.dat" u 1:(-$5)
        format = x:z
        #datapoints = 5
        residuals are weighted equally (unit weight)

function used for fitting: f(x)
	f(x)=p0+p1*x
fitted parameters initialized with current variable values

iter      chisq       delta/lim  lambda   p0            p1           
   0 6.7416900161e+12   0.00e+00  2.15e+02    1.000000e+00   1.000000e+00
   6 8.9343118253e+10  -1.13e-06  2.15e-04    1.117132e+06   9.007537e+02

After 6 iterations the fit converged.
final sum of squares of residuals : 8.93431e+10
rel. change during last iteration : -1.13469e-11

degrees of freedom    (FIT_NDF)                        : 3
rms of residuals      (FIT_STDFIT) = sqrt(WSSR/ndf)    : 172572
variance of residuals (reduced chisquare) = WSSR/ndf   : 2.9781e+10

Final set of parameters            Asymptotic Standard Error
=======================            ==========================
p0              = 1.11713e+06      +/- 7.718e+04    (6.909%)
p1              = 900.754          +/- 253.8        (28.17%)

correlation matrix of the fit parameters:
                p0     p1     
p0              1.000 
p1             -0.012  1.000 


*******************************************************************************
Tue Jul 30 18:00:11 2024


FIT:    data read from "dat/prm_itr.dat"  u 1:2
        format = x:z
        #datapoints = 5
        residuals are weighted equally (unit weight)

function used for fitting: f(x)
	f(x)=p0+p1*x+p2*x*x
fitted parameters initialized with current variable values

iter      chisq       delta/lim  lambda   p0            p1            p2           
   0 7.2705429522e+10   0.00e+00  6.96e+04    1.000000e+00   1.000000e+00   1.000000e+00
   8 3.2185562810e+01  -1.88e-01  6.96e-04   -1.161288e+01  -8.735770e-02  -3.072265e-04

After 8 iterations the fit converged.
final sum of squares of residuals : 32.1856
rel. change during last iteration : -1.88283e-06

degrees of freedom    (FIT_NDF)                        : 2
rms of residuals      (FIT_STDFIT) = sqrt(WSSR/ndf)    : 4.01158
variance of residuals (reduced chisquare) = WSSR/ndf   : 16.0928

Final set of parameters            Asymptotic Standard Error
=======================            ==========================
p0              = -11.6129         +/- 2.799        (24.11%)
p1              = -0.0873577       +/- 0.005909     (6.765%)
p2              = -0.000307226     +/- 2.323e-05    (7.561%)

correlation matrix of the fit parameters:
                p0     p1     p2     
p0              1.000 
p1             -0.050  1.000 
p2             -0.768  0.055  1.000 


*******************************************************************************
Tue Jul 30 18:03:12 2024


FIT:    data read from "dat/prm_itr.dat"  u 1:2
        format = x:z
        #datapoints = 5
        residuals are weighted equally (unit weight)

function used for fitting: f(x)
	f(x)=p0+p1*x+p2*x*x
fitted parameters initialized with current variable values

iter      chisq       delta/lim  lambda   p0            p1            p2           
   0 7.2705429522e+10   0.00e+00  6.96e+04    1.000000e+00   1.000000e+00   1.000000e+00
   8 3.2185562810e+01  -1.88e-01  6.96e-04   -1.161288e+01  -8.735770e-02  -3.072265e-04

After 8 iterations the fit converged.
final sum of squares of residuals : 32.1856
rel. change during last iteration : -1.88283e-06

degrees of freedom    (FIT_NDF)                        : 2
rms of residuals      (FIT_STDFIT) = sqrt(WSSR/ndf)    : 4.01158
variance of residuals (reduced chisquare) = WSSR/ndf   : 16.0928

Final set of parameters            Asymptotic Standard Error
=======================            ==========================
p0              = -11.6129         +/- 2.799        (24.11%)
p1              = -0.0873577       +/- 0.005909     (6.765%)
p2              = -0.000307226     +/- 2.323e-05    (7.561%)

correlation matrix of the fit parameters:
                p0     p1     p2     
p0              1.000 
p1             -0.050  1.000 
p2             -0.768  0.055  1.000 


*******************************************************************************
Tue Jul 30 18:03:22 2024


FIT:    data read from "dat/prm_itr.dat"  u 1:3
        format = x:z
        #datapoints = 5
        residuals are weighted equally (unit weight)

function used for fitting: f(x)
	f(x)=p0+p1*x
fitted parameters initialized with current variable values

iter      chisq       delta/lim  lambda   p0            p1           
   0 3.9386152369e+06   0.00e+00  2.15e+02    1.000000e+00   1.000000e+00
   6 1.7861019125e+05  -2.82e-08  2.15e-04    2.504394e+02   3.721237e+00

After 6 iterations the fit converged.
final sum of squares of residuals : 178610
rel. change during last iteration : -2.81897e-13

degrees of freedom    (FIT_NDF)                        : 3
rms of residuals      (FIT_STDFIT) = sqrt(WSSR/ndf)    : 244.001
variance of residuals (reduced chisquare) = WSSR/ndf   : 59536.7

Final set of parameters            Asymptotic Standard Error
=======================            ==========================
p0              = 250.439          +/- 109.1        (43.58%)
p1              = 3.72124          +/- 0.3589       (9.645%)

correlation matrix of the fit parameters:
                p0     p1     
p0              1.000 
p1             -0.012  1.000 


*******************************************************************************
Tue Jul 30 18:05:22 2024


FIT:    data read from "dat/prm_itr.dat"  u 1:4
        format = x:z
        #datapoints = 5
        residuals are weighted equally (unit weight)

function used for fitting: f(x)
	f(x)=p0+p1*x+p2*x*x+p3*x*x*x++p4*x*x*x*x
fitted parameters initialized with current variable values

iter      chisq       delta/lim  lambda   p0            p1            p2            p3            p4           
   0 2.3527122476e+21   0.00e+00  9.70e+09    1.000000e+00   1.000000e+00   1.000000e+00   1.000000e+00   1.000000e+00
  18 2.6469779602e-23   0.00e+00  9.70e+09   -1.460820e+04  -8.098110e+00  -9.947649e-02   7.559436e-05   4.391012e-07

After 18 iterations the fit converged.
final sum of squares of residuals : 2.64698e-23
rel. change during last iteration : 0


Exactly as many data points as there are parameters.
In this degenerate case, all errors are zero by definition.

Final set of parameters 
======================= 

p0              = -14608.2       
p1              = -8.09811       
p2              = -0.0994765     
p3              = 7.55944e-05    
p4              = 4.39101e-07    


*******************************************************************************
Tue Jul 30 18:05:35 2024


FIT:    data read from "dat/prm_itr.dat"  u 1:4
        format = x:z
        #datapoints = 5
        residuals are weighted equally (unit weight)

function used for fitting: f(x)
	f(x)=p0+p1*x+p2*x*x+p3*x*x*x++p4*x*x*x*x
fitted parameters initialized with current variable values

iter      chisq       delta/lim  lambda   p0            p1            p2            p3            p4           
   0 2.3527122476e+21   0.00e+00  9.70e+09    1.000000e+00   1.000000e+00   1.000000e+00   1.000000e+00   1.000000e+00
  18 2.6469779602e-23   0.00e+00  9.70e+09   -1.460820e+04  -8.098110e+00  -9.947649e-02   7.559436e-05   4.391012e-07

After 18 iterations the fit converged.
final sum of squares of residuals : 2.64698e-23
rel. change during last iteration : 0


Exactly as many data points as there are parameters.
In this degenerate case, all errors are zero by definition.

Final set of parameters 
======================= 

p0              = -14608.2       
p1              = -8.09811       
p2              = -0.0994765     
p3              = 7.55944e-05    
p4              = 4.39101e-07    


*******************************************************************************
Tue Jul 30 18:08:02 2024


FIT:    data read from "dat/prm_itr.dat"  u 1:2
        format = x:z
        #datapoints = 5
        residuals are weighted equally (unit weight)

function used for fitting: f(x)
	f(x)=p0+p1*x+p2*x*x
fitted parameters initialized with current variable values

iter      chisq       delta/lim  lambda   p0            p1            p2           
   0 7.2705429522e+10   0.00e+00  6.96e+04    1.000000e+00   1.000000e+00   1.000000e+00
   8 3.2185562810e+01  -1.88e-01  6.96e-04   -1.161288e+01  -8.735770e-02  -3.072265e-04

After 8 iterations the fit converged.
final sum of squares of residuals : 32.1856
rel. change during last iteration : -1.88283e-06

degrees of freedom    (FIT_NDF)                        : 2
rms of residuals      (FIT_STDFIT) = sqrt(WSSR/ndf)    : 4.01158
variance of residuals (reduced chisquare) = WSSR/ndf   : 16.0928

Final set of parameters            Asymptotic Standard Error
=======================            ==========================
p0              = -11.6129         +/- 2.799        (24.11%)
p1              = -0.0873577       +/- 0.005909     (6.765%)
p2              = -0.000307226     +/- 2.323e-05    (7.561%)

correlation matrix of the fit parameters:
                p0     p1     p2     
p0              1.000 
p1             -0.050  1.000 
p2             -0.768  0.055  1.000 


*******************************************************************************
Tue Jul 30 18:08:14 2024


FIT:    data read from "dat/prm_itr.dat"  u 1:2
        format = x:z
        #datapoints = 5
        residuals are weighted equally (unit weight)

function used for fitting: f(x)
	f(x)=p0+p1*x+p2*x*x
fitted parameters initialized with current variable values

iter      chisq       delta/lim  lambda   p0            p1            p2           
   0 7.2705429522e+10   0.00e+00  6.96e+04    1.000000e+00   1.000000e+00   1.000000e+00
   8 3.2185562810e+01  -1.88e-01  6.96e-04   -1.161288e+01  -8.735770e-02  -3.072265e-04

After 8 iterations the fit converged.
final sum of squares of residuals : 32.1856
rel. change during last iteration : -1.88283e-06

degrees of freedom    (FIT_NDF)                        : 2
rms of residuals      (FIT_STDFIT) = sqrt(WSSR/ndf)    : 4.01158
variance of residuals (reduced chisquare) = WSSR/ndf   : 16.0928

Final set of parameters            Asymptotic Standard Error
=======================            ==========================
p0              = -11.6129         +/- 2.799        (24.11%)
p1              = -0.0873577       +/- 0.005909     (6.765%)
p2              = -0.000307226     +/- 2.323e-05    (7.561%)

correlation matrix of the fit parameters:
                p0     p1     p2     
p0              1.000 
p1             -0.050  1.000 
p2             -0.768  0.055  1.000 


*******************************************************************************
Tue Jul 30 18:08:30 2024


FIT:    data read from "dat/prm_itr.dat"  u 1:2
        format = x:z
        #datapoints = 5
        residuals are weighted equally (unit weight)

function used for fitting: f(x)
	f(x)=p0+p1*x+p2*x*x
fitted parameters initialized with current variable values

iter      chisq       delta/lim  lambda   p0            p1            p2           
   0 7.2705429522e+10   0.00e+00  6.96e+04    1.000000e+00   1.000000e+00   1.000000e+00
   8 3.2185562810e+01  -1.88e-01  6.96e-04   -1.161288e+01  -8.735770e-02  -3.072265e-04

After 8 iterations the fit converged.
final sum of squares of residuals : 32.1856
rel. change during last iteration : -1.88283e-06

degrees of freedom    (FIT_NDF)                        : 2
rms of residuals      (FIT_STDFIT) = sqrt(WSSR/ndf)    : 4.01158
variance of residuals (reduced chisquare) = WSSR/ndf   : 16.0928

Final set of parameters            Asymptotic Standard Error
=======================            ==========================
p0              = -11.6129         +/- 2.799        (24.11%)
p1              = -0.0873577       +/- 0.005909     (6.765%)
p2              = -0.000307226     +/- 2.323e-05    (7.561%)

correlation matrix of the fit parameters:
                p0     p1     p2     
p0              1.000 
p1             -0.050  1.000 
p2             -0.768  0.055  1.000 


*******************************************************************************
Tue Jul 30 18:09:31 2024


FIT:    data read from "dat/prm_itr.dat"  u 1:2
        format = x:z
        #datapoints = 5
        residuals are weighted equally (unit weight)

function used for fitting: f(x)
	f(x)=p0+p1*x+p2*x*x
fitted parameters initialized with current variable values

iter      chisq       delta/lim  lambda   p0            p1            p2           
   0 7.2705429522e+10   0.00e+00  6.96e+04    1.000000e+00   1.000000e+00   1.000000e+00
   8 3.2185562810e+01  -1.88e-01  6.96e-04   -1.161288e+01  -8.735770e-02  -3.072265e-04

After 8 iterations the fit converged.
final sum of squares of residuals : 32.1856
rel. change during last iteration : -1.88283e-06

degrees of freedom    (FIT_NDF)                        : 2
rms of residuals      (FIT_STDFIT) = sqrt(WSSR/ndf)    : 4.01158
variance of residuals (reduced chisquare) = WSSR/ndf   : 16.0928

Final set of parameters            Asymptotic Standard Error
=======================            ==========================
p0              = -11.6129         +/- 2.799        (24.11%)
p1              = -0.0873577       +/- 0.005909     (6.765%)
p2              = -0.000307226     +/- 2.323e-05    (7.561%)

correlation matrix of the fit parameters:
                p0     p1     p2     
p0              1.000 
p1             -0.050  1.000 
p2             -0.768  0.055  1.000 


*******************************************************************************
Tue Jul 30 18:10:10 2024


FIT:    data read from "dat/prm_itr.dat"  u 1:2
        format = x:z
        #datapoints = 5
        residuals are weighted equally (unit weight)

function used for fitting: f(x)
	f(x)=p0+p1*x+p2*x*x
fitted parameters initialized with current variable values

iter      chisq       delta/lim  lambda   p0            p1            p2           
   0 7.2705429522e+10   0.00e+00  6.96e+04    1.000000e+00   1.000000e+00   1.000000e+00
   8 3.2185562810e+01  -1.88e-01  6.96e-04   -1.161288e+01  -8.735770e-02  -3.072265e-04

After 8 iterations the fit converged.
final sum of squares of residuals : 32.1856
rel. change during last iteration : -1.88283e-06

degrees of freedom    (FIT_NDF)                        : 2
rms of residuals      (FIT_STDFIT) = sqrt(WSSR/ndf)    : 4.01158
variance of residuals (reduced chisquare) = WSSR/ndf   : 16.0928

Final set of parameters            Asymptotic Standard Error
=======================            ==========================
p0              = -11.6129         +/- 2.799        (24.11%)
p1              = -0.0873577       +/- 0.005909     (6.765%)
p2              = -0.000307226     +/- 2.323e-05    (7.561%)

correlation matrix of the fit parameters:
                p0     p1     p2     
p0              1.000 
p1             -0.050  1.000 
p2             -0.768  0.055  1.000 


*******************************************************************************
Tue Jul 30 18:21:28 2024


FIT:    data read from "dat/prm_itr.dat"  u 1:2
        format = x:z
        #datapoints = 5
        residuals are weighted equally (unit weight)

function used for fitting: f(x)
	f(x)=p0+p1*x+p2*x*x
fitted parameters initialized with current variable values

iter      chisq       delta/lim  lambda   p0            p1            p2           
   0 7.2705429522e+10   0.00e+00  6.96e+04    1.000000e+00   1.000000e+00   1.000000e+00
   8 3.2185562810e+01  -1.88e-01  6.96e-04   -1.161288e+01  -8.735770e-02  -3.072265e-04

After 8 iterations the fit converged.
final sum of squares of residuals : 32.1856
rel. change during last iteration : -1.88283e-06

degrees of freedom    (FIT_NDF)                        : 2
rms of residuals      (FIT_STDFIT) = sqrt(WSSR/ndf)    : 4.01158
variance of residuals (reduced chisquare) = WSSR/ndf   : 16.0928

Final set of parameters            Asymptotic Standard Error
=======================            ==========================
p0              = -11.6129         +/- 2.799        (24.11%)
p1              = -0.0873577       +/- 0.005909     (6.765%)
p2              = -0.000307226     +/- 2.323e-05    (7.561%)

correlation matrix of the fit parameters:
                p0     p1     p2     
p0              1.000 
p1             -0.050  1.000 
p2             -0.768  0.055  1.000 


*******************************************************************************
Tue Jul 30 18:22:29 2024


FIT:    data read from "dat/prm_itr.dat"  u 1:3
        format = x:z
        #datapoints = 5
        residuals are weighted equally (unit weight)

function used for fitting: f(x)
	f(x)=p0+p1*x
fitted parameters initialized with current variable values

iter      chisq       delta/lim  lambda   p0            p1           
   0 3.9386152369e+06   0.00e+00  2.15e+02    1.000000e+00   1.000000e+00
   6 1.7861019125e+05  -2.82e-08  2.15e-04    2.504394e+02   3.721237e+00

After 6 iterations the fit converged.
final sum of squares of residuals : 178610
rel. change during last iteration : -2.81897e-13

degrees of freedom    (FIT_NDF)                        : 3
rms of residuals      (FIT_STDFIT) = sqrt(WSSR/ndf)    : 244.001
variance of residuals (reduced chisquare) = WSSR/ndf   : 59536.7

Final set of parameters            Asymptotic Standard Error
=======================            ==========================
p0              = 250.439          +/- 109.1        (43.58%)
p1              = 3.72124          +/- 0.3589       (9.645%)

correlation matrix of the fit parameters:
                p0     p1     
p0              1.000 
p1             -0.012  1.000 


*******************************************************************************
Tue Jul 30 18:22:54 2024


FIT:    data read from "dat/prm_itr.dat"  u 1:4
        format = x:z
        #datapoints = 5
        residuals are weighted equally (unit weight)

function used for fitting: f(x)
	f(x)=p0+p1*x+p2*x*x+p3*x*x*x++p4*x*x*x*x
fitted parameters initialized with current variable values

iter      chisq       delta/lim  lambda   p0            p1            p2            p3            p4           
   0 2.3527122476e+21   0.00e+00  9.70e+09    1.000000e+00   1.000000e+00   1.000000e+00   1.000000e+00   1.000000e+00
  18 2.6469779602e-23   0.00e+00  9.70e+09   -1.460820e+04  -8.098110e+00  -9.947649e-02   7.559436e-05   4.391012e-07

After 18 iterations the fit converged.
final sum of squares of residuals : 2.64698e-23
rel. change during last iteration : 0


Exactly as many data points as there are parameters.
In this degenerate case, all errors are zero by definition.

Final set of parameters 
======================= 

p0              = -14608.2       
p1              = -8.09811       
p2              = -0.0994765     
p3              = 7.55944e-05    
p4              = 4.39101e-07    


*******************************************************************************
Tue Jul 30 18:23:11 2024


FIT:    data read from "dat/prm_itr.dat"  u 1:4
        format = x:z
        #datapoints = 5
        residuals are weighted equally (unit weight)

function used for fitting: f(x)
	f(x)=p0+p1*x+p2*x*x+p3*x*x*x++p4*x*x*x*x
fitted parameters initialized with current variable values

iter      chisq       delta/lim  lambda   p0            p1            p2            p3            p4           
   0 2.3527122476e+21   0.00e+00  9.70e+09    1.000000e+00   1.000000e+00   1.000000e+00   1.000000e+00   1.000000e+00
  18 2.6469779602e-23   0.00e+00  9.70e+09   -1.460820e+04  -8.098110e+00  -9.947649e-02   7.559436e-05   4.391012e-07

After 18 iterations the fit converged.
final sum of squares of residuals : 2.64698e-23
rel. change during last iteration : 0


Exactly as many data points as there are parameters.
In this degenerate case, all errors are zero by definition.

Final set of parameters 
======================= 

p0              = -14608.2       
p1              = -8.09811       
p2              = -0.0994765     
p3              = 7.55944e-05    
p4              = 4.39101e-07    


*******************************************************************************
Tue Jul 30 18:23:20 2024


FIT:    data read from "dat/prm_itr.dat"  u 1:4
        format = x:z
        #datapoints = 5
        residuals are weighted equally (unit weight)

function used for fitting: f(x)
	f(x)=p0+p1*x+p2*x*x+p3*x*x*x++p4*x*x*x*x
fitted parameters initialized with current variable values

iter      chisq       delta/lim  lambda   p0            p1            p2            p3            p4           
   0 2.3527122476e+21   0.00e+00  9.70e+09    1.000000e+00   1.000000e+00   1.000000e+00   1.000000e+00   1.000000e+00
  18 2.6469779602e-23   0.00e+00  9.70e+09   -1.460820e+04  -8.098110e+00  -9.947649e-02   7.559436e-05   4.391012e-07

After 18 iterations the fit converged.
final sum of squares of residuals : 2.64698e-23
rel. change during last iteration : 0


Exactly as many data points as there are parameters.
In this degenerate case, all errors are zero by definition.

Final set of parameters 
======================= 

p0              = -14608.2       
p1              = -8.09811       
p2              = -0.0994765     
p3              = 7.55944e-05    
p4              = 4.39101e-07    
