

*******************************************************************************
Thu May 30 02:24:26 2024


FIT:    data read from "fp_las_fit.dat" u 1:2
        format = x:z
        #datapoints = 5
        residuals are weighted equally (unit weight)

function used for fitting: f(x)
	f(x)=p0+p1*x+p2*x*x
fitted parameters initialized with current variable values

iter      chisq       delta/lim  lambda   p0            p1            p2           
   0 2.5124445112e+10   0.00e+00  4.08e+04    1.000000e+00   1.000000e+00   1.000000e+00
   8 5.5390277298e+01  -6.15e-01  4.08e-04   -2.427002e+02  -1.070901e-01   4.931166e-04

After 8 iterations the fit converged.
final sum of squares of residuals : 55.3903
rel. change during last iteration : -6.14783e-06

degrees of freedom    (FIT_NDF)                        : 2
rms of residuals      (FIT_STDFIT) = sqrt(WSSR/ndf)    : 5.26262
variance of residuals (reduced chisquare) = WSSR/ndf   : 27.6951

Final set of parameters            Asymptotic Standard Error
=======================            ==========================
p0              = -242.7           +/- 3.646        (1.502%)
p1              = -0.10709         +/- 0.01075      (10.04%)
p2              = 0.000493117      +/- 5.32e-05     (10.79%)

correlation matrix of the fit parameters:
                p0     p1     p2     
p0              1.000 
p1              0.196  1.000 
p2             -0.763 -0.309  1.000 


*******************************************************************************
Thu May 30 02:26:13 2024


FIT:    data read from "fp_las_fit.dat" u 1:2
        format = x:z
        #datapoints = 5
        residuals are weighted equally (unit weight)

function used for fitting: f(x)
	f(x)=p0+p1*x+p2*x*x+p3*x*x*x
fitted parameters initialized with current variable values

iter      chisq       delta/lim  lambda   p0            p1            p2            p3           
   0 2.7227549089e+15   0.00e+00  1.17e+07   -2.427002e+02  -1.070901e-01   4.931166e-04   1.000000e+00
  10 4.4273934221e+00  -3.05e-09  1.17e-03   -2.418063e+02  -1.456966e-01   4.531119e-04   4.414928e-07

After 10 iterations the fit converged.
final sum of squares of residuals : 4.42739
rel. change during last iteration : -3.04927e-14

degrees of freedom    (FIT_NDF)                        : 1
rms of residuals      (FIT_STDFIT) = sqrt(WSSR/ndf)    : 2.10414
variance of residuals (reduced chisquare) = WSSR/ndf   : 4.42739

Final set of parameters            Asymptotic Standard Error
=======================            ==========================
p0              = -241.806         +/- 1.481        (0.6127%)
p1              = -0.145697        +/- 0.01216      (8.349%)
p2              = 0.000453112      +/- 2.432e-05    (5.368%)
p3              = 4.41493e-07      +/- 1.301e-07    (29.47%)

correlation matrix of the fit parameters:
                p0     p1     p2     p3     
p0              1.000 
p1             -0.098  1.000 
p2             -0.743  0.358  1.000 
p3              0.178 -0.935 -0.485  1.000 


*******************************************************************************
Thu May 30 02:31:28 2024


FIT:    data read from "fp_las_fit.dat" u 1:(-$2)
        format = x:z
        #datapoints = 5
        residuals are weighted equally (unit weight)

function used for fitting: f(x)
	f(x)=p0+p1*x+p2*x*x+p3*x*x*x
fitted parameters initialized with current variable values

iter      chisq       delta/lim  lambda   p0            p1            p2           
   0 9.6700920421e+05   0.00e+00  1.42e+02   -2.418063e+02  -1.456966e-01   4.531119e-04
   4 2.0827892893e+02  -5.86e-02  1.42e-02    2.435940e+02   6.848358e-02  -5.331214e-04

After 4 iterations the fit converged.
final sum of squares of residuals : 208.279
rel. change during last iteration : -5.85904e-07

degrees of freedom    (FIT_NDF)                        : 2
rms of residuals      (FIT_STDFIT) = sqrt(WSSR/ndf)    : 10.2049
variance of residuals (reduced chisquare) = WSSR/ndf   : 104.139

Final set of parameters            Asymptotic Standard Error
=======================            ==========================
p0              = 243.594          +/- 7.071        (2.903%)
p1              = 0.0684836        +/- 0.02085      (30.44%)
p2              = -0.000533121     +/- 0.0001032    (19.35%)

correlation matrix of the fit parameters:
                p0     p1     p2     
p0              1.000 
p1              0.196  1.000 
p2             -0.763 -0.309  1.000 


*******************************************************************************
Thu May 30 02:34:45 2024


FIT:    data read from "fp_las_fit.dat" u 1:(-$2)
        format = x:z
        #datapoints = 5
        residuals are weighted equally (unit weight)

function used for fitting: f(x)
	f(x)=p0+p1*x+p2*x*x+p3*x*x*x
fitted parameters initialized with current variable values

iter      chisq       delta/lim  lambda   p0            p1            p2            p3           
   0 2.0827892893e+02   0.00e+00  1.24e+02    2.435940e+02   6.848358e-02  -5.331214e-04   4.414928e-07
   5 4.4273934221e+00  -6.87e-04  1.24e-03    2.418063e+02   1.456966e-01  -4.531119e-04  -4.414928e-07

After 5 iterations the fit converged.
final sum of squares of residuals : 4.42739
rel. change during last iteration : -6.8744e-09

degrees of freedom    (FIT_NDF)                        : 1
rms of residuals      (FIT_STDFIT) = sqrt(WSSR/ndf)    : 2.10414
variance of residuals (reduced chisquare) = WSSR/ndf   : 4.42739

Final set of parameters            Asymptotic Standard Error
=======================            ==========================
p0              = 241.806          +/- 1.481        (0.6127%)
p1              = 0.145697         +/- 0.01216      (8.349%)
p2              = -0.000453112     +/- 2.432e-05    (5.368%)
p3              = -4.41493e-07     +/- 1.301e-07    (29.47%)

correlation matrix of the fit parameters:
                p0     p1     p2     p3     
p0              1.000 
p1             -0.098  1.000 
p2             -0.743  0.358  1.000 
p3              0.178 -0.935 -0.485  1.000 


*******************************************************************************
Thu May 30 02:34:56 2024


FIT:    data read from "fp_las_fit.dat" u 1:(-$2)
        format = x:z
        #datapoints = 5
        residuals are weighted equally (unit weight)

function used for fitting: f(x)
	f(x)=p0+p1*x+p2*x*x+p3*x*x*x
fitted parameters initialized with current variable values

iter      chisq       delta/lim  lambda   p0            p1            p2            p3           
   0 4.4273934221e+00   0.00e+00  1.23e+02    2.418063e+02   1.456966e-01  -4.531119e-04  -4.414928e-07
   1 4.4273934221e+00   0.00e+00  1.23e+03    2.418063e+02   1.456966e-01  -4.531119e-04  -4.414928e-07

After 1 iterations the fit converged.
final sum of squares of residuals : 4.42739
rel. change during last iteration : 0

degrees of freedom    (FIT_NDF)                        : 1
rms of residuals      (FIT_STDFIT) = sqrt(WSSR/ndf)    : 2.10414
variance of residuals (reduced chisquare) = WSSR/ndf   : 4.42739

Final set of parameters            Asymptotic Standard Error
=======================            ==========================
p0              = 241.806          +/- 1.481        (0.6127%)
p1              = 0.145697         +/- 0.01216      (8.349%)
p2              = -0.000453112     +/- 2.432e-05    (5.368%)
p3              = -4.41493e-07     +/- 1.301e-07    (29.47%)

correlation matrix of the fit parameters:
                p0     p1     p2     p3     
p0              1.000 
p1             -0.098  1.000 
p2             -0.743  0.358  1.000 
p3              0.178 -0.935 -0.485  1.000 


*******************************************************************************
Thu May 30 02:36:42 2024


FIT:    data read from "fp_las_fit.dat" u 1:(-$2)
        format = x:z
        #datapoints = 5
        residuals are weighted equally (unit weight)

function used for fitting: f(x)
	f(x)=p0+p1*x+p2*x*x+p3*x*x*x
fitted parameters initialized with current variable values

iter      chisq       delta/lim  lambda   p0            p1            p2            p3           
   0 2.7298618247e+15   0.00e+00  1.17e+07    1.000000e+00   1.000000e+00   1.000000e+00   1.000000e+00
  11 4.4273934221e+00  -8.52e-05  1.17e-04    2.418063e+02   1.456966e-01  -4.531119e-04  -4.414928e-07

After 11 iterations the fit converged.
final sum of squares of residuals : 4.42739
rel. change during last iteration : -8.52192e-10

degrees of freedom    (FIT_NDF)                        : 1
rms of residuals      (FIT_STDFIT) = sqrt(WSSR/ndf)    : 2.10414
variance of residuals (reduced chisquare) = WSSR/ndf   : 4.42739

Final set of parameters            Asymptotic Standard Error
=======================            ==========================
p0              = 241.806          +/- 1.481        (0.6127%)
p1              = 0.145697         +/- 0.01216      (8.349%)
p2              = -0.000453112     +/- 2.432e-05    (5.368%)
p3              = -4.41493e-07     +/- 1.301e-07    (29.47%)

correlation matrix of the fit parameters:
                p0     p1     p2     p3     
p0              1.000 
p1             -0.098  1.000 
p2             -0.743  0.358  1.000 
p3              0.178 -0.935 -0.485  1.000 


*******************************************************************************
Thu May 30 02:37:42 2024


FIT:    data read from "fp_las_fit.dat" u 1:(-$2)
        format = x:z
        #datapoints = 5
        residuals are weighted equally (unit weight)

function used for fitting: f(x)
	f(x)=p0+p1*x+p2*x*x+p3*x*x*x
fitted parameters initialized with current variable values

iter      chisq       delta/lim  lambda   p0            p1            p2            p3           
   0 2.7298618247e+15   0.00e+00  1.17e+07    1.000000e+00   1.000000e+00   1.000000e+00   1.000000e+00
  11 4.4273934221e+00  -8.52e-05  1.17e-04    2.418063e+02   1.456966e-01  -4.531119e-04  -4.414928e-07

After 11 iterations the fit converged.
final sum of squares of residuals : 4.42739
rel. change during last iteration : -8.52192e-10

degrees of freedom    (FIT_NDF)                        : 1
rms of residuals      (FIT_STDFIT) = sqrt(WSSR/ndf)    : 2.10414
variance of residuals (reduced chisquare) = WSSR/ndf   : 4.42739

Final set of parameters            Asymptotic Standard Error
=======================            ==========================
p0              = 241.806          +/- 1.481        (0.6127%)
p1              = 0.145697         +/- 0.01216      (8.349%)
p2              = -0.000453112     +/- 2.432e-05    (5.368%)
p3              = -4.41493e-07     +/- 1.301e-07    (29.47%)

correlation matrix of the fit parameters:
                p0     p1     p2     p3     
p0              1.000 
p1             -0.098  1.000 
p2             -0.743  0.358  1.000 
p3              0.178 -0.935 -0.485  1.000 


*******************************************************************************
Thu May 30 02:37:58 2024


FIT:    data read from "fp_las_fit.dat" u 1:(-$2)
        format = x:z
        #datapoints = 5
        residuals are weighted equally (unit weight)

function used for fitting: f(x)
	f(x)=p0+p1*x+p2*x*x+p3*x*x*x
fitted parameters initialized with current variable values

iter      chisq       delta/lim  lambda   p0            p1            p2            p3           
   0 2.7298618247e+15   0.00e+00  1.17e+07    1.000000e+00   1.000000e+00   1.000000e+00   1.000000e+00
  11 4.4273934221e+00  -8.52e-05  1.17e-04    2.418063e+02   1.456966e-01  -4.531119e-04  -4.414928e-07

After 11 iterations the fit converged.
final sum of squares of residuals : 4.42739
rel. change during last iteration : -8.52192e-10

degrees of freedom    (FIT_NDF)                        : 1
rms of residuals      (FIT_STDFIT) = sqrt(WSSR/ndf)    : 2.10414
variance of residuals (reduced chisquare) = WSSR/ndf   : 4.42739

Final set of parameters            Asymptotic Standard Error
=======================            ==========================
p0              = 241.806          +/- 1.481        (0.6127%)
p1              = 0.145697         +/- 0.01216      (8.349%)
p2              = -0.000453112     +/- 2.432e-05    (5.368%)
p3              = -4.41493e-07     +/- 1.301e-07    (29.47%)

correlation matrix of the fit parameters:
                p0     p1     p2     p3     
p0              1.000 
p1             -0.098  1.000 
p2             -0.743  0.358  1.000 
p3              0.178 -0.935 -0.485  1.000 


*******************************************************************************
Thu May 30 02:38:15 2024


FIT:    data read from "fp_las_fit.dat" u 1:(-$2)
        format = x:z
        #datapoints = 5
        residuals are weighted equally (unit weight)

function used for fitting: f(x)
	f(x)=p0+p1*x+p2*x*x+p3*x*x*x
fitted parameters initialized with current variable values

iter      chisq       delta/lim  lambda   p0            p1            p2            p3           
   0 2.7298618247e+15   0.00e+00  1.17e+07    1.000000e+00   1.000000e+00   1.000000e+00   1.000000e+00
  11 4.4273934221e+00  -8.52e-05  1.17e-04    2.418063e+02   1.456966e-01  -4.531119e-04  -4.414928e-07

After 11 iterations the fit converged.
final sum of squares of residuals : 4.42739
rel. change during last iteration : -8.52192e-10

degrees of freedom    (FIT_NDF)                        : 1
rms of residuals      (FIT_STDFIT) = sqrt(WSSR/ndf)    : 2.10414
variance of residuals (reduced chisquare) = WSSR/ndf   : 4.42739

Final set of parameters            Asymptotic Standard Error
=======================            ==========================
p0              = 241.806          +/- 1.481        (0.6127%)
p1              = 0.145697         +/- 0.01216      (8.349%)
p2              = -0.000453112     +/- 2.432e-05    (5.368%)
p3              = -4.41493e-07     +/- 1.301e-07    (29.47%)

correlation matrix of the fit parameters:
                p0     p1     p2     p3     
p0              1.000 
p1             -0.098  1.000 
p2             -0.743  0.358  1.000 
p3              0.178 -0.935 -0.485  1.000 


*******************************************************************************
Thu May 30 02:38:39 2024


FIT:    data read from "fp_las_fit.dat" u 1:(-$2)
        format = x:z
        #datapoints = 5
        residuals are weighted equally (unit weight)

function used for fitting: f(x)
	f(x)=p0+p1*x+p2*x*x+p3*x*x*x
fitted parameters initialized with current variable values

iter      chisq       delta/lim  lambda   p0            p1            p2            p3           
   0 2.7298618247e+15   0.00e+00  1.17e+07    1.000000e+00   1.000000e+00   1.000000e+00   1.000000e+00
  11 4.4273934221e+00  -8.52e-05  1.17e-04    2.418063e+02   1.456966e-01  -4.531119e-04  -4.414928e-07

After 11 iterations the fit converged.
final sum of squares of residuals : 4.42739
rel. change during last iteration : -8.52192e-10

degrees of freedom    (FIT_NDF)                        : 1
rms of residuals      (FIT_STDFIT) = sqrt(WSSR/ndf)    : 2.10414
variance of residuals (reduced chisquare) = WSSR/ndf   : 4.42739

Final set of parameters            Asymptotic Standard Error
=======================            ==========================
p0              = 241.806          +/- 1.481        (0.6127%)
p1              = 0.145697         +/- 0.01216      (8.349%)
p2              = -0.000453112     +/- 2.432e-05    (5.368%)
p3              = -4.41493e-07     +/- 1.301e-07    (29.47%)

correlation matrix of the fit parameters:
                p0     p1     p2     p3     
p0              1.000 
p1             -0.098  1.000 
p2             -0.743  0.358  1.000 
p3              0.178 -0.935 -0.485  1.000 


*******************************************************************************
Thu May 30 02:39:30 2024


FIT:    data read from "fp_las_fit.dat" u 1:(-$2)
        format = x:z
        #datapoints = 5
        residuals are weighted equally (unit weight)

function used for fitting: f(x)
	f(x)=p0+p1*x+p2*x*x+p3*x*x*x
fitted parameters initialized with current variable values

iter      chisq       delta/lim  lambda   p0            p1            p2            p3           
   0 2.7298618247e+15   0.00e+00  1.17e+07    1.000000e+00   1.000000e+00   1.000000e+00   1.000000e+00
  11 4.4273934221e+00  -8.52e-05  1.17e-04    2.418063e+02   1.456966e-01  -4.531119e-04  -4.414928e-07

After 11 iterations the fit converged.
final sum of squares of residuals : 4.42739
rel. change during last iteration : -8.52192e-10

degrees of freedom    (FIT_NDF)                        : 1
rms of residuals      (FIT_STDFIT) = sqrt(WSSR/ndf)    : 2.10414
variance of residuals (reduced chisquare) = WSSR/ndf   : 4.42739

Final set of parameters            Asymptotic Standard Error
=======================            ==========================
p0              = 241.806          +/- 1.481        (0.6127%)
p1              = 0.145697         +/- 0.01216      (8.349%)
p2              = -0.000453112     +/- 2.432e-05    (5.368%)
p3              = -4.41493e-07     +/- 1.301e-07    (29.47%)

correlation matrix of the fit parameters:
                p0     p1     p2     p3     
p0              1.000 
p1             -0.098  1.000 
p2             -0.743  0.358  1.000 
p3              0.178 -0.935 -0.485  1.000 


*******************************************************************************
Thu May 30 02:40:16 2024


FIT:    data read from "fp_las_fit.dat" u 1:(-$2)
        format = x:z
        #datapoints = 5
        residuals are weighted equally (unit weight)

function used for fitting: f(x)
	f(x)=p0+p1*x+p2*x*x+p3*x*x*x
fitted parameters initialized with current variable values

iter      chisq       delta/lim  lambda   p0            p1            p2            p3           
   0 4.4273934221e+00   0.00e+00  1.23e+02    2.418063e+02   1.456966e-01  -4.531119e-04  -4.414928e-07
   1 4.4273934221e+00   0.00e+00  1.23e+03    2.418063e+02   1.456966e-01  -4.531119e-04  -4.414928e-07

After 1 iterations the fit converged.
final sum of squares of residuals : 4.42739
rel. change during last iteration : 0

degrees of freedom    (FIT_NDF)                        : 1
rms of residuals      (FIT_STDFIT) = sqrt(WSSR/ndf)    : 2.10414
variance of residuals (reduced chisquare) = WSSR/ndf   : 4.42739

Final set of parameters            Asymptotic Standard Error
=======================            ==========================
p0              = 241.806          +/- 1.481        (0.6127%)
p1              = 0.145697         +/- 0.01216      (8.349%)
p2              = -0.000453112     +/- 2.432e-05    (5.368%)
p3              = -4.41493e-07     +/- 1.301e-07    (29.47%)

correlation matrix of the fit parameters:
                p0     p1     p2     p3     
p0              1.000 
p1             -0.098  1.000 
p2             -0.743  0.358  1.000 
p3              0.178 -0.935 -0.485  1.000 


*******************************************************************************
Thu May 30 02:40:57 2024


FIT:    data read from "fp_las_fit.dat" u 1:(-$2)
        format = x:z
        #datapoints = 5
        residuals are weighted equally (unit weight)

function used for fitting: f(x)
	f(x)=p0+p1*x+p2*x*x+p3*x*x*x
fitted parameters initialized with current variable values

iter      chisq       delta/lim  lambda   p0            p1            p2            p3           
   0 4.4273934221e+00   0.00e+00  1.23e+02    2.418063e+02   1.456966e-01  -4.531119e-04  -4.414928e-07
   1 4.4273934221e+00   0.00e+00  1.23e+03    2.418063e+02   1.456966e-01  -4.531119e-04  -4.414928e-07

After 1 iterations the fit converged.
final sum of squares of residuals : 4.42739
rel. change during last iteration : 0

degrees of freedom    (FIT_NDF)                        : 1
rms of residuals      (FIT_STDFIT) = sqrt(WSSR/ndf)    : 2.10414
variance of residuals (reduced chisquare) = WSSR/ndf   : 4.42739

Final set of parameters            Asymptotic Standard Error
=======================            ==========================
p0              = 241.806          +/- 1.481        (0.6127%)
p1              = 0.145697         +/- 0.01216      (8.349%)
p2              = -0.000453112     +/- 2.432e-05    (5.368%)
p3              = -4.41493e-07     +/- 1.301e-07    (29.47%)

correlation matrix of the fit parameters:
                p0     p1     p2     p3     
p0              1.000 
p1             -0.098  1.000 
p2             -0.743  0.358  1.000 
p3              0.178 -0.935 -0.485  1.000 


*******************************************************************************
Thu May 30 02:41:20 2024


FIT:    data read from "fp_las_fit.dat" u 1:(-$2)
        format = x:z
        #datapoints = 5
        residuals are weighted equally (unit weight)

function used for fitting: f(x)
	f(x)=p0+p1*x+p2*x*x+p3*x*x*x
fitted parameters initialized with current variable values

iter      chisq       delta/lim  lambda   p0            p1            p2            p3           
   0 4.4273934221e+00   0.00e+00  1.23e+02    2.418063e+02   1.456966e-01  -4.531119e-04  -4.414928e-07
   1 4.4273934221e+00   0.00e+00  1.23e+03    2.418063e+02   1.456966e-01  -4.531119e-04  -4.414928e-07

After 1 iterations the fit converged.
final sum of squares of residuals : 4.42739
rel. change during last iteration : 0

degrees of freedom    (FIT_NDF)                        : 1
rms of residuals      (FIT_STDFIT) = sqrt(WSSR/ndf)    : 2.10414
variance of residuals (reduced chisquare) = WSSR/ndf   : 4.42739

Final set of parameters            Asymptotic Standard Error
=======================            ==========================
p0              = 241.806          +/- 1.481        (0.6127%)
p1              = 0.145697         +/- 0.01216      (8.349%)
p2              = -0.000453112     +/- 2.432e-05    (5.368%)
p3              = -4.41493e-07     +/- 1.301e-07    (29.47%)

correlation matrix of the fit parameters:
                p0     p1     p2     p3     
p0              1.000 
p1             -0.098  1.000 
p2             -0.743  0.358  1.000 
p3              0.178 -0.935 -0.485  1.000 


*******************************************************************************
Thu May 30 02:41:30 2024


FIT:    data read from "fp_las_fit.dat" u 1:(-$2)
        format = x:z
        #datapoints = 5
        residuals are weighted equally (unit weight)

function used for fitting: f(x)
	f(x)=p0+p1*x+p2*x*x+p3*x*x*x
fitted parameters initialized with current variable values

iter      chisq       delta/lim  lambda   p0            p1            p2            p3           
   0 2.7298618247e+15   0.00e+00  1.17e+07    1.000000e+00   1.000000e+00   1.000000e+00   1.000000e+00
  11 4.4273934221e+00  -8.52e-05  1.17e-04    2.418063e+02   1.456966e-01  -4.531119e-04  -4.414928e-07

After 11 iterations the fit converged.
final sum of squares of residuals : 4.42739
rel. change during last iteration : -8.52192e-10

degrees of freedom    (FIT_NDF)                        : 1
rms of residuals      (FIT_STDFIT) = sqrt(WSSR/ndf)    : 2.10414
variance of residuals (reduced chisquare) = WSSR/ndf   : 4.42739

Final set of parameters            Asymptotic Standard Error
=======================            ==========================
p0              = 241.806          +/- 1.481        (0.6127%)
p1              = 0.145697         +/- 0.01216      (8.349%)
p2              = -0.000453112     +/- 2.432e-05    (5.368%)
p3              = -4.41493e-07     +/- 1.301e-07    (29.47%)

correlation matrix of the fit parameters:
                p0     p1     p2     p3     
p0              1.000 
p1             -0.098  1.000 
p2             -0.743  0.358  1.000 
p3              0.178 -0.935 -0.485  1.000 


*******************************************************************************
Thu May 30 02:41:36 2024


FIT:    data read from "fp_las_fit.dat" u 1:(-$2)
        format = x:z
        #datapoints = 5
        residuals are weighted equally (unit weight)

function used for fitting: f(x)
	f(x)=p0+p1*x+p2*x*x+p3*x*x*x
fitted parameters initialized with current variable values

iter      chisq       delta/lim  lambda   p0            p1            p2            p3           
   0 4.4273934221e+00   0.00e+00  1.23e+02    2.418063e+02   1.456966e-01  -4.531119e-04  -4.414928e-07
   1 4.4273934221e+00   0.00e+00  1.23e+03    2.418063e+02   1.456966e-01  -4.531119e-04  -4.414928e-07

After 1 iterations the fit converged.
final sum of squares of residuals : 4.42739
rel. change during last iteration : 0

degrees of freedom    (FIT_NDF)                        : 1
rms of residuals      (FIT_STDFIT) = sqrt(WSSR/ndf)    : 2.10414
variance of residuals (reduced chisquare) = WSSR/ndf   : 4.42739

Final set of parameters            Asymptotic Standard Error
=======================            ==========================
p0              = 241.806          +/- 1.481        (0.6127%)
p1              = 0.145697         +/- 0.01216      (8.349%)
p2              = -0.000453112     +/- 2.432e-05    (5.368%)
p3              = -4.41493e-07     +/- 1.301e-07    (29.47%)

correlation matrix of the fit parameters:
                p0     p1     p2     p3     
p0              1.000 
p1             -0.098  1.000 
p2             -0.743  0.358  1.000 
p3              0.178 -0.935 -0.485  1.000 


*******************************************************************************
Thu May 30 02:41:46 2024


FIT:    data read from "fp_las_fit.dat" u 1:(-$2)
        format = x:z
        #datapoints = 5
        residuals are weighted equally (unit weight)

function used for fitting: f(x)
	f(x)=p0+p1*x+p2*x*x+p3*x*x*x
fitted parameters initialized with current variable values

iter      chisq       delta/lim  lambda   p0            p1            p2            p3           
   0 2.7298618247e+15   0.00e+00  1.17e+07    1.000000e+00   1.000000e+00   1.000000e+00   1.000000e+00
  11 4.4273934221e+00  -8.52e-05  1.17e-04    2.418063e+02   1.456966e-01  -4.531119e-04  -4.414928e-07

After 11 iterations the fit converged.
final sum of squares of residuals : 4.42739
rel. change during last iteration : -8.52192e-10

degrees of freedom    (FIT_NDF)                        : 1
rms of residuals      (FIT_STDFIT) = sqrt(WSSR/ndf)    : 2.10414
variance of residuals (reduced chisquare) = WSSR/ndf   : 4.42739

Final set of parameters            Asymptotic Standard Error
=======================            ==========================
p0              = 241.806          +/- 1.481        (0.6127%)
p1              = 0.145697         +/- 0.01216      (8.349%)
p2              = -0.000453112     +/- 2.432e-05    (5.368%)
p3              = -4.41493e-07     +/- 1.301e-07    (29.47%)

correlation matrix of the fit parameters:
                p0     p1     p2     p3     
p0              1.000 
p1             -0.098  1.000 
p2             -0.743  0.358  1.000 
p3              0.178 -0.935 -0.485  1.000 


*******************************************************************************
Thu May 30 02:41:47 2024


FIT:    data read from "fp_las_fit.dat" u 1:(-$2)
        format = x:z
        #datapoints = 5
        residuals are weighted equally (unit weight)

function used for fitting: f(x)
	f(x)=p0+p1*x+p2*x*x+p3*x*x*x
fitted parameters initialized with current variable values

iter      chisq       delta/lim  lambda   p0            p1            p2            p3           
   0 4.4273934221e+00   0.00e+00  1.23e+02    2.418063e+02   1.456966e-01  -4.531119e-04  -4.414928e-07
   1 4.4273934221e+00   0.00e+00  1.23e+03    2.418063e+02   1.456966e-01  -4.531119e-04  -4.414928e-07

After 1 iterations the fit converged.
final sum of squares of residuals : 4.42739
rel. change during last iteration : 0

degrees of freedom    (FIT_NDF)                        : 1
rms of residuals      (FIT_STDFIT) = sqrt(WSSR/ndf)    : 2.10414
variance of residuals (reduced chisquare) = WSSR/ndf   : 4.42739

Final set of parameters            Asymptotic Standard Error
=======================            ==========================
p0              = 241.806          +/- 1.481        (0.6127%)
p1              = 0.145697         +/- 0.01216      (8.349%)
p2              = -0.000453112     +/- 2.432e-05    (5.368%)
p3              = -4.41493e-07     +/- 1.301e-07    (29.47%)

correlation matrix of the fit parameters:
                p0     p1     p2     p3     
p0              1.000 
p1             -0.098  1.000 
p2             -0.743  0.358  1.000 
p3              0.178 -0.935 -0.485  1.000 


*******************************************************************************
Thu May 30 02:42:31 2024


FIT:    data read from "fp_las_fit.dat" u 1:(-$2)
        format = x:z
        #datapoints = 5
        residuals are weighted equally (unit weight)

function used for fitting: f(x)
	f(x)=p0+p1*x+p2*x*x+p3*x*x*x
fitted parameters initialized with current variable values

iter      chisq       delta/lim  lambda   p0            p1            p2            p3           
   0 4.4273934221e+00   0.00e+00  1.23e+02    2.418063e+02   1.456966e-01  -4.531119e-04  -4.414928e-07
   1 4.4273934221e+00   0.00e+00  1.23e+03    2.418063e+02   1.456966e-01  -4.531119e-04  -4.414928e-07

After 1 iterations the fit converged.
final sum of squares of residuals : 4.42739
rel. change during last iteration : 0

degrees of freedom    (FIT_NDF)                        : 1
rms of residuals      (FIT_STDFIT) = sqrt(WSSR/ndf)    : 2.10414
variance of residuals (reduced chisquare) = WSSR/ndf   : 4.42739

Final set of parameters            Asymptotic Standard Error
=======================            ==========================
p0              = 241.806          +/- 1.481        (0.6127%)
p1              = 0.145697         +/- 0.01216      (8.349%)
p2              = -0.000453112     +/- 2.432e-05    (5.368%)
p3              = -4.41493e-07     +/- 1.301e-07    (29.47%)

correlation matrix of the fit parameters:
                p0     p1     p2     p3     
p0              1.000 
p1             -0.098  1.000 
p2             -0.743  0.358  1.000 
p3              0.178 -0.935 -0.485  1.000 


*******************************************************************************
Thu May 30 02:42:32 2024


FIT:    data read from "fp_las_fit.dat" u 1:(-$2)
        format = x:z
        #datapoints = 5
        residuals are weighted equally (unit weight)

function used for fitting: f(x)
	f(x)=p0+p1*x+p2*x*x+p3*x*x*x
fitted parameters initialized with current variable values

iter      chisq       delta/lim  lambda   p0            p1            p2            p3           
   0 4.4273934221e+00   0.00e+00  1.23e+02    2.418063e+02   1.456966e-01  -4.531119e-04  -4.414928e-07
   1 4.4273934221e+00   0.00e+00  1.23e+03    2.418063e+02   1.456966e-01  -4.531119e-04  -4.414928e-07

After 1 iterations the fit converged.
final sum of squares of residuals : 4.42739
rel. change during last iteration : 0

degrees of freedom    (FIT_NDF)                        : 1
rms of residuals      (FIT_STDFIT) = sqrt(WSSR/ndf)    : 2.10414
variance of residuals (reduced chisquare) = WSSR/ndf   : 4.42739

Final set of parameters            Asymptotic Standard Error
=======================            ==========================
p0              = 241.806          +/- 1.481        (0.6127%)
p1              = 0.145697         +/- 0.01216      (8.349%)
p2              = -0.000453112     +/- 2.432e-05    (5.368%)
p3              = -4.41493e-07     +/- 1.301e-07    (29.47%)

correlation matrix of the fit parameters:
                p0     p1     p2     p3     
p0              1.000 
p1             -0.098  1.000 
p2             -0.743  0.358  1.000 
p3              0.178 -0.935 -0.485  1.000 


*******************************************************************************
Thu May 30 02:42:56 2024


FIT:    data read from "fp_las_fit.dat" u 1:(-$2)
        format = x:z
        #datapoints = 5
        residuals are weighted equally (unit weight)

function used for fitting: f(x)
	f(x)=p0+p1*x+p2*x*x+p3*x*x*x
fitted parameters initialized with current variable values

iter      chisq       delta/lim  lambda   p0            p1            p2            p3           
   0 4.4273934221e+00   0.00e+00  1.23e+02    2.418063e+02   1.456966e-01  -4.531119e-04  -4.414928e-07
   1 4.4273934221e+00   0.00e+00  1.23e+03    2.418063e+02   1.456966e-01  -4.531119e-04  -4.414928e-07

After 1 iterations the fit converged.
final sum of squares of residuals : 4.42739
rel. change during last iteration : 0

degrees of freedom    (FIT_NDF)                        : 1
rms of residuals      (FIT_STDFIT) = sqrt(WSSR/ndf)    : 2.10414
variance of residuals (reduced chisquare) = WSSR/ndf   : 4.42739

Final set of parameters            Asymptotic Standard Error
=======================            ==========================
p0              = 241.806          +/- 1.481        (0.6127%)
p1              = 0.145697         +/- 0.01216      (8.349%)
p2              = -0.000453112     +/- 2.432e-05    (5.368%)
p3              = -4.41493e-07     +/- 1.301e-07    (29.47%)

correlation matrix of the fit parameters:
                p0     p1     p2     p3     
p0              1.000 
p1             -0.098  1.000 
p2             -0.743  0.358  1.000 
p3              0.178 -0.935 -0.485  1.000 


*******************************************************************************
Thu May 30 02:42:56 2024


FIT:    data read from "fp_las_fit.dat" u 1:(-$2)
        format = x:z
        #datapoints = 5
        residuals are weighted equally (unit weight)

function used for fitting: f(x)
	f(x)=p0+p1*x+p2*x*x+p3*x*x*x
fitted parameters initialized with current variable values

iter      chisq       delta/lim  lambda   p0            p1            p2            p3           
   0 4.4273934221e+00   0.00e+00  1.23e+02    2.418063e+02   1.456966e-01  -4.531119e-04  -4.414928e-07
   1 4.4273934221e+00   0.00e+00  1.23e+03    2.418063e+02   1.456966e-01  -4.531119e-04  -4.414928e-07

After 1 iterations the fit converged.
final sum of squares of residuals : 4.42739
rel. change during last iteration : 0

degrees of freedom    (FIT_NDF)                        : 1
rms of residuals      (FIT_STDFIT) = sqrt(WSSR/ndf)    : 2.10414
variance of residuals (reduced chisquare) = WSSR/ndf   : 4.42739

Final set of parameters            Asymptotic Standard Error
=======================            ==========================
p0              = 241.806          +/- 1.481        (0.6127%)
p1              = 0.145697         +/- 0.01216      (8.349%)
p2              = -0.000453112     +/- 2.432e-05    (5.368%)
p3              = -4.41493e-07     +/- 1.301e-07    (29.47%)

correlation matrix of the fit parameters:
                p0     p1     p2     p3     
p0              1.000 
p1             -0.098  1.000 
p2             -0.743  0.358  1.000 
p3              0.178 -0.935 -0.485  1.000 


*******************************************************************************
Thu May 30 02:43:23 2024


FIT:    data read from "fp_las_fit.dat" u 1:(-$2)
        format = x:z
        #datapoints = 5
        residuals are weighted equally (unit weight)

function used for fitting: f(x)
	f(x)=p0+p1*x+p2*x*x+p3*x*x*x
fitted parameters initialized with current variable values

iter      chisq       delta/lim  lambda   p0            p1            p2            p3           
   0 4.4273934221e+00   0.00e+00  1.23e+02    2.418063e+02   1.456966e-01  -4.531119e-04  -4.414928e-07
   1 4.4273934221e+00   0.00e+00  1.23e+03    2.418063e+02   1.456966e-01  -4.531119e-04  -4.414928e-07

After 1 iterations the fit converged.
final sum of squares of residuals : 4.42739
rel. change during last iteration : 0

degrees of freedom    (FIT_NDF)                        : 1
rms of residuals      (FIT_STDFIT) = sqrt(WSSR/ndf)    : 2.10414
variance of residuals (reduced chisquare) = WSSR/ndf   : 4.42739

Final set of parameters            Asymptotic Standard Error
=======================            ==========================
p0              = 241.806          +/- 1.481        (0.6127%)
p1              = 0.145697         +/- 0.01216      (8.349%)
p2              = -0.000453112     +/- 2.432e-05    (5.368%)
p3              = -4.41493e-07     +/- 1.301e-07    (29.47%)

correlation matrix of the fit parameters:
                p0     p1     p2     p3     
p0              1.000 
p1             -0.098  1.000 
p2             -0.743  0.358  1.000 
p3              0.178 -0.935 -0.485  1.000 


*******************************************************************************
Thu May 30 02:43:24 2024


FIT:    data read from "fp_las_fit.dat" u 1:(-$2)
        format = x:z
        #datapoints = 5
        residuals are weighted equally (unit weight)

function used for fitting: f(x)
	f(x)=p0+p1*x+p2*x*x+p3*x*x*x
fitted parameters initialized with current variable values

iter      chisq       delta/lim  lambda   p0            p1            p2            p3           
   0 4.4273934221e+00   0.00e+00  1.23e+02    2.418063e+02   1.456966e-01  -4.531119e-04  -4.414928e-07
   1 4.4273934221e+00   0.00e+00  1.23e+03    2.418063e+02   1.456966e-01  -4.531119e-04  -4.414928e-07

After 1 iterations the fit converged.
final sum of squares of residuals : 4.42739
rel. change during last iteration : 0

degrees of freedom    (FIT_NDF)                        : 1
rms of residuals      (FIT_STDFIT) = sqrt(WSSR/ndf)    : 2.10414
variance of residuals (reduced chisquare) = WSSR/ndf   : 4.42739

Final set of parameters            Asymptotic Standard Error
=======================            ==========================
p0              = 241.806          +/- 1.481        (0.6127%)
p1              = 0.145697         +/- 0.01216      (8.349%)
p2              = -0.000453112     +/- 2.432e-05    (5.368%)
p3              = -4.41493e-07     +/- 1.301e-07    (29.47%)

correlation matrix of the fit parameters:
                p0     p1     p2     p3     
p0              1.000 
p1             -0.098  1.000 
p2             -0.743  0.358  1.000 
p3              0.178 -0.935 -0.485  1.000 


*******************************************************************************
Thu May 30 02:43:25 2024


FIT:    data read from "fp_las_fit.dat" u 1:(-$2)
        format = x:z
        #datapoints = 5
        residuals are weighted equally (unit weight)

function used for fitting: f(x)
	f(x)=p0+p1*x+p2*x*x+p3*x*x*x
fitted parameters initialized with current variable values

iter      chisq       delta/lim  lambda   p0            p1            p2            p3           
   0 4.4273934221e+00   0.00e+00  1.23e+02    2.418063e+02   1.456966e-01  -4.531119e-04  -4.414928e-07
   1 4.4273934221e+00   0.00e+00  1.23e+03    2.418063e+02   1.456966e-01  -4.531119e-04  -4.414928e-07

After 1 iterations the fit converged.
final sum of squares of residuals : 4.42739
rel. change during last iteration : 0

degrees of freedom    (FIT_NDF)                        : 1
rms of residuals      (FIT_STDFIT) = sqrt(WSSR/ndf)    : 2.10414
variance of residuals (reduced chisquare) = WSSR/ndf   : 4.42739

Final set of parameters            Asymptotic Standard Error
=======================            ==========================
p0              = 241.806          +/- 1.481        (0.6127%)
p1              = 0.145697         +/- 0.01216      (8.349%)
p2              = -0.000453112     +/- 2.432e-05    (5.368%)
p3              = -4.41493e-07     +/- 1.301e-07    (29.47%)

correlation matrix of the fit parameters:
                p0     p1     p2     p3     
p0              1.000 
p1             -0.098  1.000 
p2             -0.743  0.358  1.000 
p3              0.178 -0.935 -0.485  1.000 


*******************************************************************************
Thu May 30 02:43:35 2024


FIT:    data read from "fp_las_fit.dat" u 1:(-$2)
        format = x:z
        #datapoints = 5
        residuals are weighted equally (unit weight)

function used for fitting: f(x)
	f(x)=p0+p1*x+p2*x*x+p3*x*x*x
fitted parameters initialized with current variable values

iter      chisq       delta/lim  lambda   p0            p1            p2            p3           
   0 4.4273934221e+00   0.00e+00  1.23e+02    2.418063e+02   1.456966e-01  -4.531119e-04  -4.414928e-07
   1 4.4273934221e+00   0.00e+00  1.23e+03    2.418063e+02   1.456966e-01  -4.531119e-04  -4.414928e-07

After 1 iterations the fit converged.
final sum of squares of residuals : 4.42739
rel. change during last iteration : 0

degrees of freedom    (FIT_NDF)                        : 1
rms of residuals      (FIT_STDFIT) = sqrt(WSSR/ndf)    : 2.10414
variance of residuals (reduced chisquare) = WSSR/ndf   : 4.42739

Final set of parameters            Asymptotic Standard Error
=======================            ==========================
p0              = 241.806          +/- 1.481        (0.6127%)
p1              = 0.145697         +/- 0.01216      (8.349%)
p2              = -0.000453112     +/- 2.432e-05    (5.368%)
p3              = -4.41493e-07     +/- 1.301e-07    (29.47%)

correlation matrix of the fit parameters:
                p0     p1     p2     p3     
p0              1.000 
p1             -0.098  1.000 
p2             -0.743  0.358  1.000 
p3              0.178 -0.935 -0.485  1.000 


*******************************************************************************
Thu May 30 02:45:51 2024


FIT:    data read from "fp_las_fit.dat" u 1:(-$3)
        format = x:z
        #datapoints = 5
        residuals are weighted equally (unit weight)

function used for fitting: f(x)
	f(x)=p0+p1*x+p2*x*x+p3*x*x*x
fitted parameters initialized with current variable values

iter      chisq       delta/lim  lambda   p0            p1            p2            p3           
   0 2.7298081785e+15   0.00e+00  1.17e+07    1.000000e+00   1.000000e+00   1.000000e+00   1.000000e+00
  11 2.6519086128e+03  -2.29e-07  1.17e-04    3.064806e+02   7.742636e-01   1.768337e-03   2.508986e-07

After 11 iterations the fit converged.
final sum of squares of residuals : 2651.91
rel. change during last iteration : -2.28873e-12

degrees of freedom    (FIT_NDF)                        : 1
rms of residuals      (FIT_STDFIT) = sqrt(WSSR/ndf)    : 51.4967
variance of residuals (reduced chisquare) = WSSR/ndf   : 2651.91

Final set of parameters            Asymptotic Standard Error
=======================            ==========================
p0              = 306.481          +/- 36.26        (11.83%)
p1              = 0.774264         +/- 0.2977       (38.45%)
p2              = 0.00176834       +/- 0.0005952    (33.66%)
p3              = 2.50899e-07      +/- 3.185e-06    (1269%)

correlation matrix of the fit parameters:
                p0     p1     p2     p3     
p0              1.000 
p1             -0.098  1.000 
p2             -0.743  0.358  1.000 
p3              0.178 -0.935 -0.485  1.000 


*******************************************************************************
Thu May 30 02:45:52 2024


FIT:    data read from "fp_las_fit.dat" u 1:(-$3)
        format = x:z
        #datapoints = 5
        residuals are weighted equally (unit weight)

function used for fitting: f(x)
	f(x)=p0+p1*x+p2*x*x+p3*x*x*x
fitted parameters initialized with current variable values

iter      chisq       delta/lim  lambda   p0            p1            p2            p3           
   0 2.6519086128e+03   0.00e+00  1.88e+02    3.064806e+02   7.742636e-01   1.768337e-03   2.508986e-07
   1 2.6519086128e+03  -2.40e-10  1.88e+01    3.064806e+02   7.742636e-01   1.768337e-03   2.508986e-07

After 1 iterations the fit converged.
final sum of squares of residuals : 2651.91
rel. change during last iteration : -2.40071e-15

degrees of freedom    (FIT_NDF)                        : 1
rms of residuals      (FIT_STDFIT) = sqrt(WSSR/ndf)    : 51.4967
variance of residuals (reduced chisquare) = WSSR/ndf   : 2651.91

Final set of parameters            Asymptotic Standard Error
=======================            ==========================
p0              = 306.481          +/- 36.26        (11.83%)
p1              = 0.774264         +/- 0.2977       (38.45%)
p2              = 0.00176834       +/- 0.0005952    (33.66%)
p3              = 2.50899e-07      +/- 3.185e-06    (1269%)

correlation matrix of the fit parameters:
                p0     p1     p2     p3     
p0              1.000 
p1             -0.098  1.000 
p2             -0.743  0.358  1.000 
p3              0.178 -0.935 -0.485  1.000 


*******************************************************************************
Thu May 30 02:46:49 2024


FIT:    data read from "fp_las_fit.dat" u 1:(-$4)
        format = x:z
        #datapoints = 5
        residuals are weighted equally (unit weight)

function used for fitting: f(x)
	f(x)=p0+p1*x+p2*x*x+p3*x*x*x
fitted parameters initialized with current variable values

iter      chisq       delta/lim  lambda   p0            p1            p2            p3           
   0 2.7298945014e+15   0.00e+00  1.17e+07    1.000000e+00   1.000000e+00   1.000000e+00   1.000000e+00
  11 8.9260601202e+04  -1.16e-08  1.17e-04   -3.979105e+02  -3.823463e+00  -7.350425e-03   4.381297e-05

After 11 iterations the fit converged.
final sum of squares of residuals : 89260.6
rel. change during last iteration : -1.15912e-13

degrees of freedom    (FIT_NDF)                        : 1
rms of residuals      (FIT_STDFIT) = sqrt(WSSR/ndf)    : 298.765
variance of residuals (reduced chisquare) = WSSR/ndf   : 89260.6

Final set of parameters            Asymptotic Standard Error
=======================            ==========================
p0              = -397.911         +/- 210.4        (52.86%)
p1              = -3.82346         +/- 1.727        (45.17%)
p2              = -0.00735043      +/- 0.003453     (46.98%)
p3              = 4.3813e-05       +/- 1.848e-05    (42.17%)

correlation matrix of the fit parameters:
                p0     p1     p2     p3     
p0              1.000 
p1             -0.098  1.000 
p2             -0.743  0.358  1.000 
p3              0.178 -0.935 -0.485  1.000 


*******************************************************************************
Thu May 30 02:46:50 2024


FIT:    data read from "fp_las_fit.dat" u 1:(-$4)
        format = x:z
        #datapoints = 5
        residuals are weighted equally (unit weight)

function used for fitting: f(x)
	f(x)=p0+p1*x+p2*x*x+p3*x*x*x
fitted parameters initialized with current variable values

iter      chisq       delta/lim  lambda   p0            p1            p2            p3           
   0 8.9260601202e+04   0.00e+00  7.50e+02   -3.979105e+02  -3.823463e+00  -7.350425e-03   4.381297e-05
   1 8.9260601202e+04  -8.15e-11  7.50e+01   -3.979105e+02  -3.823463e+00  -7.350425e-03   4.381297e-05

After 1 iterations the fit converged.
final sum of squares of residuals : 89260.6
rel. change during last iteration : -8.15137e-16

degrees of freedom    (FIT_NDF)                        : 1
rms of residuals      (FIT_STDFIT) = sqrt(WSSR/ndf)    : 298.765
variance of residuals (reduced chisquare) = WSSR/ndf   : 89260.6

Final set of parameters            Asymptotic Standard Error
=======================            ==========================
p0              = -397.911         +/- 210.4        (52.86%)
p1              = -3.82346         +/- 1.727        (45.17%)
p2              = -0.00735043      +/- 0.003453     (46.98%)
p3              = 4.3813e-05       +/- 1.848e-05    (42.17%)

correlation matrix of the fit parameters:
                p0     p1     p2     p3     
p0              1.000 
p1             -0.098  1.000 
p2             -0.743  0.358  1.000 
p3              0.178 -0.935 -0.485  1.000 


*******************************************************************************
Thu May 30 02:47:27 2024


FIT:    data read from "fp_las_fit.dat" u 1:(-$4)
        format = x:z
        #datapoints = 5
        residuals are weighted equally (unit weight)

function used for fitting: f(x)
	f(x)=p0+p1*x+p2*x*x+p3*x*x*x+p4*x*x*x*x
fitted parameters initialized with current variable values

iter      chisq       delta/lim  lambda   p0            p1            p2            p3            p4           
   0 3.1490042246e+20   0.00e+00  3.55e+09   -3.979105e+02  -3.823463e+00  -7.350425e-03   4.381297e-05   1.000000e+00
   5 8.8187988417e+04  -7.47e-02  3.55e+04   -3.979105e+02  -3.823462e+00  -7.350423e-03   4.381298e-05  -1.845588e-09

After 5 iterations the fit converged.
final sum of squares of residuals : 88188
rel. change during last iteration : -7.47481e-07


Exactly as many data points as there are parameters.
In this degenerate case, all errors are zero by definition.

Final set of parameters 
======================= 

p0              = -397.91        
p1              = -3.82346       
p2              = -0.00735042    
p3              = 4.3813e-05     
p4              = -1.84559e-09   


*******************************************************************************
Thu May 30 02:47:28 2024


FIT:    data read from "fp_las_fit.dat" u 1:(-$4)
        format = x:z
        #datapoints = 5
        residuals are weighted equally (unit weight)

function used for fitting: f(x)
	f(x)=p0+p1*x+p2*x*x+p3*x*x*x+p4*x*x*x*x
fitted parameters initialized with current variable values

iter      chisq       delta/lim  lambda   p0            p1            p2            p3            p4           
   0 8.8187988417e+04   0.00e+00  6.71e+02   -3.979105e+02  -3.823462e+00  -7.350423e-03   4.381298e-05  -1.845588e-09
   9 1.7973406865e-26   0.00e+00  6.71e+01   -6.103248e+02  -4.481670e+00   1.009055e-02   5.876765e-05  -1.535898e-07

After 9 iterations the fit converged.
final sum of squares of residuals : 1.79734e-26
rel. change during last iteration : 0


Exactly as many data points as there are parameters.
In this degenerate case, all errors are zero by definition.

Final set of parameters 
======================= 

p0              = -610.325       
p1              = -4.48167       
p2              = 0.0100905      
p3              = 5.87677e-05    
p4              = -1.5359e-07    


*******************************************************************************
Thu May 30 02:48:37 2024


FIT:    data read from "fp_las_fit.dat" u 1:(-$5)
        format = x:z
        #datapoints = 5
        residuals are weighted equally (unit weight)

function used for fitting: f(x)
	f(x)=p0+p1*x+p2*x*x+p3*x*x*x
fitted parameters initialized with current variable values

iter      chisq       delta/lim  lambda   p0            p1            p2            p3           
   0 2.7294995278e+15   0.00e+00  1.17e+07    1.000000e+00   1.000000e+00   1.000000e+00   1.000000e+00
  11 2.2863388055e+06  -7.80e-09  1.17e-04   -1.654011e+03   3.090441e+01  -9.887710e-02  -7.338761e-05

After 11 iterations the fit converged.
final sum of squares of residuals : 2.28634e+06
rel. change during last iteration : -7.80061e-14

degrees of freedom    (FIT_NDF)                        : 1
rms of residuals      (FIT_STDFIT) = sqrt(WSSR/ndf)    : 1512.06
variance of residuals (reduced chisquare) = WSSR/ndf   : 2.28634e+06

Final set of parameters            Asymptotic Standard Error
=======================            ==========================
p0              = -1654.01         +/- 1065         (64.37%)
p1              = 30.9044          +/- 8.741        (28.28%)
p2              = -0.0988771       +/- 0.01748      (17.68%)
p3              = -7.33876e-05     +/- 9.351e-05    (127.4%)

correlation matrix of the fit parameters:
                p0     p1     p2     p3     
p0              1.000 
p1             -0.098  1.000 
p2             -0.743  0.358  1.000 
p3              0.178 -0.935 -0.485  1.000 


*******************************************************************************
Thu May 30 02:48:42 2024


FIT:    data read from "fp_las_fit.dat" u 1:(-$5)
        format = x:z
        #datapoints = 5
        residuals are weighted equally (unit weight)

function used for fitting: f(x)
	f(x)=p0+p1*x+p2*x*x+p3*x*x*x
fitted parameters initialized with current variable values

iter      chisq       delta/lim  lambda   p0            p1            p2            p3           
   0 2.2863388055e+06   0.00e+00  5.13e+03   -1.654011e+03   3.090441e+01  -9.887710e-02  -7.338761e-05
   1 2.2863388055e+06   0.00e+00  5.13e+02   -1.654011e+03   3.090441e+01  -9.887710e-02  -7.338761e-05

After 1 iterations the fit converged.
final sum of squares of residuals : 2.28634e+06
rel. change during last iteration : 0

degrees of freedom    (FIT_NDF)                        : 1
rms of residuals      (FIT_STDFIT) = sqrt(WSSR/ndf)    : 1512.06
variance of residuals (reduced chisquare) = WSSR/ndf   : 2.28634e+06

Final set of parameters            Asymptotic Standard Error
=======================            ==========================
p0              = -1654.01         +/- 1065         (64.37%)
p1              = 30.9044          +/- 8.741        (28.28%)
p2              = -0.0988771       +/- 0.01748      (17.68%)
p3              = -7.33876e-05     +/- 9.351e-05    (127.4%)

correlation matrix of the fit parameters:
                p0     p1     p2     p3     
p0              1.000 
p1             -0.098  1.000 
p2             -0.743  0.358  1.000 
p3              0.178 -0.935 -0.485  1.000 


*******************************************************************************
Thu May 30 02:49:13 2024


FIT:    data read from "fp_las_fit.dat" u 1:(-$5)
        format = x:z
        #datapoints = 5
        residuals are weighted equally (unit weight)

function used for fitting: f(x)
	f(x)=p0+p1*x+p2*x*x+p3*x*x*x+p4*x*x*x*x
fitted parameters initialized with current variable values

iter      chisq       delta/lim  lambda   p0            p1            p2            p3            p4           
   0 3.1490041542e+20   0.00e+00  3.55e+09   -1.654011e+03   3.090441e+01  -9.887710e-02  -7.338761e-05   1.000000e+00
   4 2.2588596097e+06  -1.06e-01  3.55e+05   -1.654011e+03   3.090439e+01  -9.887720e-02  -7.338762e-05   9.341474e-09

After 4 iterations the fit converged.
final sum of squares of residuals : 2.25886e+06
rel. change during last iteration : -1.06433e-06


Exactly as many data points as there are parameters.
In this degenerate case, all errors are zero by definition.

Final set of parameters 
======================= 

p0              = -1654.01       
p1              = 30.9044        
p2              = -0.0988772     
p3              = -7.33876e-05   
p4              = 9.34147e-09    


*******************************************************************************
Thu May 30 02:49:14 2024


FIT:    data read from "fp_las_fit.dat" u 1:(-$5)
        format = x:z
        #datapoints = 5
        residuals are weighted equally (unit weight)

function used for fitting: f(x)
	f(x)=p0+p1*x+p2*x*x+p3*x*x*x+p4*x*x*x*x
fitted parameters initialized with current variable values

iter      chisq       delta/lim  lambda   p0            p1            p2            p3            p4           
   0 2.2588596097e+06   0.00e+00  4.59e+03   -1.654011e+03   3.090439e+01  -9.887720e-02  -7.338762e-05   9.341474e-09
   9 8.9261189148e-25   0.00e+00  4.59e+02   -5.789726e+02   3.423562e+01  -1.871467e-01  -1.490740e-04   7.773251e-07

After 9 iterations the fit converged.
final sum of squares of residuals : 8.92612e-25
rel. change during last iteration : 0


Exactly as many data points as there are parameters.
In this degenerate case, all errors are zero by definition.

Final set of parameters 
======================= 

p0              = -578.973       
p1              = 34.2356        
p2              = -0.187147      
p3              = -0.000149074   
p4              = 7.77325e-07    


*******************************************************************************
Thu May 30 02:49:36 2024


FIT:    data read from "fp_las_fit.dat" u 1:(-$5)
        format = x:z
        #datapoints = 5
        residuals are weighted equally (unit weight)

function used for fitting: f(x)
	f(x)=p0+p1*x+p2*x*x+p3*x*x*x
fitted parameters initialized with current variable values

iter      chisq       delta/lim  lambda   p0            p1            p2            p3           
   0 1.9027362896e+08   0.00e+00  7.90e+03   -5.789726e+02   3.423562e+01  -1.871467e-01  -1.490740e-04
   5 2.2863388055e+06  -1.63e-08  7.90e-02   -1.654011e+03   3.090441e+01  -9.887710e-02  -7.338761e-05

After 5 iterations the fit converged.
final sum of squares of residuals : 2.28634e+06
rel. change during last iteration : -1.63344e-13

degrees of freedom    (FIT_NDF)                        : 1
rms of residuals      (FIT_STDFIT) = sqrt(WSSR/ndf)    : 1512.06
variance of residuals (reduced chisquare) = WSSR/ndf   : 2.28634e+06

Final set of parameters            Asymptotic Standard Error
=======================            ==========================
p0              = -1654.01         +/- 1065         (64.37%)
p1              = 30.9044          +/- 8.741        (28.28%)
p2              = -0.0988771       +/- 0.01748      (17.68%)
p3              = -7.33876e-05     +/- 9.351e-05    (127.4%)

correlation matrix of the fit parameters:
                p0     p1     p2     p3     
p0              1.000 
p1             -0.098  1.000 
p2             -0.743  0.358  1.000 
p3              0.178 -0.935 -0.485  1.000 


*******************************************************************************
Thu May 30 02:49:37 2024


FIT:    data read from "fp_las_fit.dat" u 1:(-$5)
        format = x:z
        #datapoints = 5
        residuals are weighted equally (unit weight)

function used for fitting: f(x)
	f(x)=p0+p1*x+p2*x*x+p3*x*x*x
fitted parameters initialized with current variable values

iter      chisq       delta/lim  lambda   p0            p1            p2            p3           
   0 2.2863388055e+06   0.00e+00  5.13e+03   -1.654011e+03   3.090441e+01  -9.887710e-02  -7.338761e-05
   1 2.2863388055e+06  -1.02e-10  5.13e+02   -1.654011e+03   3.090441e+01  -9.887710e-02  -7.338761e-05

After 1 iterations the fit converged.
final sum of squares of residuals : 2.28634e+06
rel. change during last iteration : -1.01836e-15

degrees of freedom    (FIT_NDF)                        : 1
rms of residuals      (FIT_STDFIT) = sqrt(WSSR/ndf)    : 1512.06
variance of residuals (reduced chisquare) = WSSR/ndf   : 2.28634e+06

Final set of parameters            Asymptotic Standard Error
=======================            ==========================
p0              = -1654.01         +/- 1065         (64.37%)
p1              = 30.9044          +/- 8.741        (28.28%)
p2              = -0.0988771       +/- 0.01748      (17.68%)
p3              = -7.33876e-05     +/- 9.351e-05    (127.4%)

correlation matrix of the fit parameters:
                p0     p1     p2     p3     
p0              1.000 
p1             -0.098  1.000 
p2             -0.743  0.358  1.000 
p3              0.178 -0.935 -0.485  1.000 


*******************************************************************************
Thu May 30 02:50:44 2024


FIT:    data read from "fp_las_fit.dat" u 1:(-$6)
        format = x:z
        #datapoints = 5
        residuals are weighted equally (unit weight)

function used for fitting: f(x)
	f(x)=p0+p1*x+p2*x*x+p3*x*x*x
fitted parameters initialized with current variable values

iter      chisq       delta/lim  lambda   p0            p1            p2            p3           
   0 2.7271695329e+15   0.00e+00  1.17e+07    1.000000e+00   1.000000e+00   1.000000e+00   1.000000e+00
  11 1.5485548921e+08  -8.03e-08  1.17e-04   -4.371111e+04   7.988164e+01   6.815768e-02   1.050718e-05

After 11 iterations the fit converged.
final sum of squares of residuals : 1.54855e+08
rel. change during last iteration : -8.03104e-13

degrees of freedom    (FIT_NDF)                        : 1
rms of residuals      (FIT_STDFIT) = sqrt(WSSR/ndf)    : 12444.1
variance of residuals (reduced chisquare) = WSSR/ndf   : 1.54855e+08

Final set of parameters            Asymptotic Standard Error
=======================            ==========================
p0              = -43711.1         +/- 8762         (20.04%)
p1              = 79.8816          +/- 71.94        (90.06%)
p2              = 0.0681577        +/- 0.1438       (211%)
p3              = 1.05072e-05      +/- 0.0007696    (7324%)

correlation matrix of the fit parameters:
                p0     p1     p2     p3     
p0              1.000 
p1             -0.098  1.000 
p2             -0.743  0.358  1.000 
p3              0.178 -0.935 -0.485  1.000 


*******************************************************************************
Thu May 30 02:51:10 2024


FIT:    data read from "fp_las_fit.dat" u 1:(-$5)
        format = x:z
        #datapoints = 5
        residuals are weighted equally (unit weight)

function used for fitting: f(x)
	f(x)=p0+p1*x+p2*x*x+p3*x*x*x
fitted parameters initialized with current variable values

iter      chisq       delta/lim  lambda   p0            p1            p2            p3           
   0 6.6482013264e+09   0.00e+00  2.38e+04   -4.371111e+04   7.988164e+01   6.815768e-02   1.050718e-05
   6 2.2863388055e+06  -5.02e-07  2.38e-02   -1.654011e+03   3.090441e+01  -9.887710e-02  -7.338761e-05

After 6 iterations the fit converged.
final sum of squares of residuals : 2.28634e+06
rel. change during last iteration : -5.01601e-12

degrees of freedom    (FIT_NDF)                        : 1
rms of residuals      (FIT_STDFIT) = sqrt(WSSR/ndf)    : 1512.06
variance of residuals (reduced chisquare) = WSSR/ndf   : 2.28634e+06

Final set of parameters            Asymptotic Standard Error
=======================            ==========================
p0              = -1654.01         +/- 1065         (64.37%)
p1              = 30.9044          +/- 8.741        (28.28%)
p2              = -0.0988771       +/- 0.01748      (17.68%)
p3              = -7.33876e-05     +/- 9.351e-05    (127.4%)

correlation matrix of the fit parameters:
                p0     p1     p2     p3     
p0              1.000 
p1             -0.098  1.000 
p2             -0.743  0.358  1.000 
p3              0.178 -0.935 -0.485  1.000 


*******************************************************************************
Thu May 30 02:51:13 2024


FIT:    data read from "fp_las_fit.dat" u 1:(-$6)
        format = x:z
        #datapoints = 5
        residuals are weighted equally (unit weight)

function used for fitting: f(x)
	f(x)=p0+p1*x+p2*x*x
fitted parameters initialized with current variable values

iter      chisq       delta/lim  lambda   p0            p1            p2           
   0 6.6429272302e+09   0.00e+00  5.84e+03   -1.654011e+03   3.090441e+01  -9.887710e-02
   4 1.5488435473e+08  -2.21e-03  5.84e-01   -4.373238e+04   8.080044e+01   6.910977e-02

After 4 iterations the fit converged.
final sum of squares of residuals : 1.54884e+08
rel. change during last iteration : -2.20541e-08

degrees of freedom    (FIT_NDF)                        : 2
rms of residuals      (FIT_STDFIT) = sqrt(WSSR/ndf)    : 8800.12
variance of residuals (reduced chisquare) = WSSR/ndf   : 7.74422e+07

Final set of parameters            Asymptotic Standard Error
=======================            ==========================
p0              = -43732.4         +/- 6097         (13.94%)
p1              = 80.8004          +/- 17.98        (22.25%)
p2              = 0.0691098        +/- 0.08897      (128.7%)

correlation matrix of the fit parameters:
                p0     p1     p2     
p0              1.000 
p1              0.196  1.000 
p2             -0.763 -0.309  1.000 


*******************************************************************************
Thu May 30 02:51:17 2024


FIT:    data read from "fp_las_fit.dat" u 1:(-$6)
        format = x:z
        #datapoints = 5
        residuals are weighted equally (unit weight)

function used for fitting: f(x)
	f(x)=p0+p1*x+p2*x*x
fitted parameters initialized with current variable values

iter      chisq       delta/lim  lambda   p0            p1            p2           
   0 1.5488435473e+08   0.00e+00  2.76e+04   -4.373238e+04   8.080044e+01   6.910977e-02
   1 1.5488435473e+08   0.00e+00  2.76e+07   -4.373238e+04   8.080044e+01   6.910977e-02

After 1 iterations the fit converged.
final sum of squares of residuals : 1.54884e+08
rel. change during last iteration : 0

degrees of freedom    (FIT_NDF)                        : 2
rms of residuals      (FIT_STDFIT) = sqrt(WSSR/ndf)    : 8800.12
variance of residuals (reduced chisquare) = WSSR/ndf   : 7.74422e+07

Final set of parameters            Asymptotic Standard Error
=======================            ==========================
p0              = -43732.4         +/- 6097         (13.94%)
p1              = 80.8004          +/- 17.98        (22.25%)
p2              = 0.0691098        +/- 0.08897      (128.7%)

correlation matrix of the fit parameters:
                p0     p1     p2     
p0              1.000 
p1              0.196  1.000 
p2             -0.763 -0.309  1.000 


*******************************************************************************
Fri May 31 09:46:05 2024


FIT:    data read from "fp_las_fit.dat" u 1:(-$2)
        format = x:z
        #datapoints = 5
        residuals are weighted equally (unit weight)

function used for fitting: f(x)
	f(x)=p0+p1*x+p2*x*x+p3*x*x*x
fitted parameters initialized with current variable values

iter      chisq       delta/lim  lambda   p0            p1            p2            p3           
   0 2.7298618247e+15   0.00e+00  1.17e+07    1.000000e+00   1.000000e+00   1.000000e+00   1.000000e+00
  11 4.4273934221e+00  -8.52e-05  1.17e-04    2.418063e+02   1.456966e-01  -4.531119e-04  -4.414928e-07

After 11 iterations the fit converged.
final sum of squares of residuals : 4.42739
rel. change during last iteration : -8.52192e-10

degrees of freedom    (FIT_NDF)                        : 1
rms of residuals      (FIT_STDFIT) = sqrt(WSSR/ndf)    : 2.10414
variance of residuals (reduced chisquare) = WSSR/ndf   : 4.42739

Final set of parameters            Asymptotic Standard Error
=======================            ==========================
p0              = 241.806          +/- 1.481        (0.6127%)
p1              = 0.145697         +/- 0.01216      (8.349%)
p2              = -0.000453112     +/- 2.432e-05    (5.368%)
p3              = -4.41493e-07     +/- 1.301e-07    (29.47%)

correlation matrix of the fit parameters:
                p0     p1     p2     p3     
p0              1.000 
p1             -0.098  1.000 
p2             -0.743  0.358  1.000 
p3              0.178 -0.935 -0.485  1.000 


*******************************************************************************
Fri May 31 09:47:18 2024


FIT:    data read from "fp_las_fit.dat" u 1:(-$2)
        format = x:z
        #datapoints = 5
        residuals are weighted equally (unit weight)

function used for fitting: f(x)
	f(x)=p0+p1*x+p2*x*x+p3*x*x*x
fitted parameters initialized with current variable values

iter      chisq       delta/lim  lambda   p0            p1            p2            p3           
   0 2.7298618247e+15   0.00e+00  1.17e+07    1.000000e+00   1.000000e+00   1.000000e+00   1.000000e+00
  11 4.4273934221e+00  -8.52e-05  1.17e-04    2.418063e+02   1.456966e-01  -4.531119e-04  -4.414928e-07

After 11 iterations the fit converged.
final sum of squares of residuals : 4.42739
rel. change during last iteration : -8.52192e-10

degrees of freedom    (FIT_NDF)                        : 1
rms of residuals      (FIT_STDFIT) = sqrt(WSSR/ndf)    : 2.10414
variance of residuals (reduced chisquare) = WSSR/ndf   : 4.42739

Final set of parameters            Asymptotic Standard Error
=======================            ==========================
p0              = 241.806          +/- 1.481        (0.6127%)
p1              = 0.145697         +/- 0.01216      (8.349%)
p2              = -0.000453112     +/- 2.432e-05    (5.368%)
p3              = -4.41493e-07     +/- 1.301e-07    (29.47%)

correlation matrix of the fit parameters:
                p0     p1     p2     p3     
p0              1.000 
p1             -0.098  1.000 
p2             -0.743  0.358  1.000 
p3              0.178 -0.935 -0.485  1.000 


*******************************************************************************
Fri May 31 09:47:30 2024


FIT:    data read from "fp_las_fit.dat" u 1:(-$3)
        format = x:z
        #datapoints = 5
        residuals are weighted equally (unit weight)

function used for fitting: f(x)
	f(x)=p0+p1*x+p2*x*x+p3*x*x*x
fitted parameters initialized with current variable values

iter      chisq       delta/lim  lambda   p0            p1            p2            p3           
   0 4.2758414775e+05   0.00e+00  1.23e+02    2.418063e+02   1.456966e-01  -4.531119e-04  -4.414928e-07
   4 2.6519086128e+03  -2.90e-03  1.23e-02    3.064806e+02   7.742636e-01   1.768337e-03   2.508986e-07

After 4 iterations the fit converged.
final sum of squares of residuals : 2651.91
rel. change during last iteration : -2.90066e-08

degrees of freedom    (FIT_NDF)                        : 1
rms of residuals      (FIT_STDFIT) = sqrt(WSSR/ndf)    : 51.4967
variance of residuals (reduced chisquare) = WSSR/ndf   : 2651.91

Final set of parameters            Asymptotic Standard Error
=======================            ==========================
p0              = 306.481          +/- 36.26        (11.83%)
p1              = 0.774264         +/- 0.2977       (38.45%)
p2              = 0.00176834       +/- 0.0005952    (33.66%)
p3              = 2.50899e-07      +/- 3.185e-06    (1269%)

correlation matrix of the fit parameters:
                p0     p1     p2     p3     
p0              1.000 
p1             -0.098  1.000 
p2             -0.743  0.358  1.000 
p3              0.178 -0.935 -0.485  1.000 


*******************************************************************************
Fri May 31 10:08:14 2024


FIT:    data read from "fp_las_fit.dat" u 1:(-$2)
        format = x:z
        #datapoints = 5
        residuals are weighted equally (unit weight)

function used for fitting: f(x)
	f(x)=p0+p1*x+p2*x*x+p3*x*x*x
fitted parameters initialized with current variable values

iter      chisq       delta/lim  lambda   p0            p1            p2            p3           
   0 2.7298618247e+15   0.00e+00  1.17e+07    1.000000e+00   1.000000e+00   1.000000e+00   1.000000e+00
  11 4.4273934221e+00  -8.52e-05  1.17e-04    2.418063e+02   1.456966e-01  -4.531119e-04  -4.414928e-07

After 11 iterations the fit converged.
final sum of squares of residuals : 4.42739
rel. change during last iteration : -8.52192e-10

degrees of freedom    (FIT_NDF)                        : 1
rms of residuals      (FIT_STDFIT) = sqrt(WSSR/ndf)    : 2.10414
variance of residuals (reduced chisquare) = WSSR/ndf   : 4.42739

Final set of parameters            Asymptotic Standard Error
=======================            ==========================
p0              = 241.806          +/- 1.481        (0.6127%)
p1              = 0.145697         +/- 0.01216      (8.349%)
p2              = -0.000453112     +/- 2.432e-05    (5.368%)
p3              = -4.41493e-07     +/- 1.301e-07    (29.47%)

correlation matrix of the fit parameters:
                p0     p1     p2     p3     
p0              1.000 
p1             -0.098  1.000 
p2             -0.743  0.358  1.000 
p3              0.178 -0.935 -0.485  1.000 


*******************************************************************************
Fri May 31 10:08:17 2024


FIT:    data read from "fp_las_fit.dat" u 1:(-$3)
        format = x:z
        #datapoints = 5
        residuals are weighted equally (unit weight)

function used for fitting: f(x)
	f(x)=p0+p1*x+p2*x*x+p3*x*x*x
fitted parameters initialized with current variable values

iter      chisq       delta/lim  lambda   p0            p1            p2            p3           
   0 4.2758414775e+05   0.00e+00  1.23e+02    2.418063e+02   1.456966e-01  -4.531119e-04  -4.414928e-07
   4 2.6519086128e+03  -2.90e-03  1.23e-02    3.064806e+02   7.742636e-01   1.768337e-03   2.508986e-07

After 4 iterations the fit converged.
final sum of squares of residuals : 2651.91
rel. change during last iteration : -2.90066e-08

degrees of freedom    (FIT_NDF)                        : 1
rms of residuals      (FIT_STDFIT) = sqrt(WSSR/ndf)    : 51.4967
variance of residuals (reduced chisquare) = WSSR/ndf   : 2651.91

Final set of parameters            Asymptotic Standard Error
=======================            ==========================
p0              = 306.481          +/- 36.26        (11.83%)
p1              = 0.774264         +/- 0.2977       (38.45%)
p2              = 0.00176834       +/- 0.0005952    (33.66%)
p3              = 2.50899e-07      +/- 3.185e-06    (1269%)

correlation matrix of the fit parameters:
                p0     p1     p2     p3     
p0              1.000 
p1             -0.098  1.000 
p2             -0.743  0.358  1.000 
p3              0.178 -0.935 -0.485  1.000 


*******************************************************************************
Fri May 31 10:08:19 2024


FIT:    data read from "fp_las_fit.dat" u 1:(-$4)
        format = x:z
        #datapoints = 5
        residuals are weighted equally (unit weight)

function used for fitting: f(x)
	f(x)=p0+p1*x+p2*x*x+p3*x*x*x+p4*x*x*x*x
fitted parameters initialized with current variable values

iter      chisq       delta/lim  lambda   p0            p1            p2            p3            p4           
   0 3.1490049355e+20   0.00e+00  3.55e+09    3.064806e+02   7.742636e-01   1.768337e-03   2.508986e-07   1.000000e+00
   4 2.8582964162e+06  -4.51e-02  3.55e+05    3.064805e+02   7.742636e-01   1.768337e-03   2.508986e-07  -1.147127e-07

After 4 iterations the fit converged.
final sum of squares of residuals : 2.8583e+06
rel. change during last iteration : -4.50724e-07


Exactly as many data points as there are parameters.
In this degenerate case, all errors are zero by definition.

Final set of parameters 
======================= 

p0              = 306.481        
p1              = 0.774264       
p2              = 0.00176834     
p3              = 2.50899e-07    
p4              = -1.14713e-07   


*******************************************************************************
Fri May 31 10:08:21 2024


FIT:    data read from "fp_las_fit.dat" u 1:(-$5)
        format = x:z
        #datapoints = 5
        residuals are weighted equally (unit weight)

function used for fitting: f(x)
	f(x)=p0+p1*x+p2*x*x+p3*x*x*x
fitted parameters initialized with current variable values

iter      chisq       delta/lim  lambda   p0            p1            p2            p3           
   0 4.4949995145e+08   0.00e+00  1.88e+02    3.064805e+02   7.742636e-01   1.768337e-03   2.508986e-07
   5 2.2863388055e+06  -8.17e-03  1.88e-03   -1.654011e+03   3.090441e+01  -9.887710e-02  -7.338761e-05

After 5 iterations the fit converged.
final sum of squares of residuals : 2.28634e+06
rel. change during last iteration : -8.17324e-08

degrees of freedom    (FIT_NDF)                        : 1
rms of residuals      (FIT_STDFIT) = sqrt(WSSR/ndf)    : 1512.06
variance of residuals (reduced chisquare) = WSSR/ndf   : 2.28634e+06

Final set of parameters            Asymptotic Standard Error
=======================            ==========================
p0              = -1654.01         +/- 1065         (64.37%)
p1              = 30.9044          +/- 8.741        (28.28%)
p2              = -0.0988771       +/- 0.01748      (17.68%)
p3              = -7.33876e-05     +/- 9.351e-05    (127.4%)

correlation matrix of the fit parameters:
                p0     p1     p2     p3     
p0              1.000 
p1             -0.098  1.000 
p2             -0.743  0.358  1.000 
p3              0.178 -0.935 -0.485  1.000 


*******************************************************************************
Fri May 31 10:08:23 2024


FIT:    data read from "fp_las_fit.dat" u 1:(-$6)
        format = x:z
        #datapoints = 5
        residuals are weighted equally (unit weight)

function used for fitting: f(x)
	f(x)=p0+p1*x+p2*x*x
fitted parameters initialized with current variable values

iter      chisq       delta/lim  lambda   p0            p1            p2           
   0 6.6429272313e+09   0.00e+00  5.84e+03   -1.654011e+03   3.090441e+01  -9.887710e-02
   4 1.5488435473e+08  -2.21e-03  5.84e-01   -4.373238e+04   8.080044e+01   6.910977e-02

After 4 iterations the fit converged.
final sum of squares of residuals : 1.54884e+08
rel. change during last iteration : -2.20541e-08

degrees of freedom    (FIT_NDF)                        : 2
rms of residuals      (FIT_STDFIT) = sqrt(WSSR/ndf)    : 8800.12
variance of residuals (reduced chisquare) = WSSR/ndf   : 7.74422e+07

Final set of parameters            Asymptotic Standard Error
=======================            ==========================
p0              = -43732.4         +/- 6097         (13.94%)
p1              = 80.8004          +/- 17.98        (22.25%)
p2              = 0.0691098        +/- 0.08897      (128.7%)

correlation matrix of the fit parameters:
                p0     p1     p2     
p0              1.000 
p1              0.196  1.000 
p2             -0.763 -0.309  1.000 


*******************************************************************************
Fri May 31 10:09:30 2024


FIT:    data read from "fp_las_fit.dat" u 1:(-$4)
        format = x:z
        #datapoints = 5
        residuals are weighted equally (unit weight)

function used for fitting: f(x)
	f(x)=p0+p1*x+p2*x*x+p3*x*x*x+p4*x*x*x*x
fitted parameters initialized with current variable values

iter      chisq       delta/lim  lambda   p0            p1            p2            p3            p4           
   0 3.1596778067e+20   0.00e+00  3.55e+09    1.000000e+00   1.000000e+00   1.000000e+00   1.000000e+00   1.000000e+00
  20 6.4825433747e-26   0.00e+00  3.55e+06   -6.103248e+02  -4.481670e+00   1.009055e-02   5.876765e-05  -1.535898e-07

After 20 iterations the fit converged.
final sum of squares of residuals : 6.48254e-26
rel. change during last iteration : 0


Exactly as many data points as there are parameters.
In this degenerate case, all errors are zero by definition.

Final set of parameters 
======================= 

p0              = -610.325       
p1              = -4.48167       
p2              = 0.0100905      
p3              = 5.87677e-05    
p4              = -1.5359e-07    
