

*******************************************************************************
Thu Aug  1 15:55:46 2024


FIT:    data read from "fit.dat" u 1:2
        format = x:z
        #datapoints = 5
        residuals are weighted equally (unit weight)

function used for fitting: f(x)
	f(x)=p0+p1*x
fitted parameters initialized with current variable values

iter      chisq       delta/lim  lambda   p0            p1           
   0 4.6738527581e+05   0.00e+00  2.16e+02    1.000000e+00   1.000000e+00
   6 9.9224517618e-07  -8.59e-02  2.16e-04    2.408540e-03   2.432314e-05

After 6 iterations the fit converged.
final sum of squares of residuals : 9.92245e-07
rel. change during last iteration : -8.58609e-07

degrees of freedom    (FIT_NDF)                        : 3
rms of residuals      (FIT_STDFIT) = sqrt(WSSR/ndf)    : 0.000575107
variance of residuals (reduced chisquare) = WSSR/ndf   : 3.30748e-07

Final set of parameters            Asymptotic Standard Error
=======================            ==========================
p0              = 0.00240854       +/- 0.0002572    (10.68%)
p1              = 2.43231e-05      +/- 8.412e-07    (3.459%)

correlation matrix of the fit parameters:
                p0     p1     
p0              1.000 
p1             -0.006  1.000 


*******************************************************************************
Thu Aug  1 15:56:01 2024


FIT:    data read from "fit.dat" u 1:2
        format = x:z
        #datapoints = 5
        residuals are weighted equally (unit weight)

function used for fitting: f(x)
	f(x)=p0+p1*x
fitted parameters initialized with current variable values

iter      chisq       delta/lim  lambda   p0            p1           
   0 4.6738527581e+05   0.00e+00  2.16e+02    1.000000e+00   1.000000e+00
   6 9.9224517618e-07  -8.59e-02  2.16e-04    2.408540e-03   2.432314e-05

After 6 iterations the fit converged.
final sum of squares of residuals : 9.92245e-07
rel. change during last iteration : -8.58609e-07

degrees of freedom    (FIT_NDF)                        : 3
rms of residuals      (FIT_STDFIT) = sqrt(WSSR/ndf)    : 0.000575107
variance of residuals (reduced chisquare) = WSSR/ndf   : 3.30748e-07

Final set of parameters            Asymptotic Standard Error
=======================            ==========================
p0              = 0.00240854       +/- 0.0002572    (10.68%)
p1              = 2.43231e-05      +/- 8.412e-07    (3.459%)

correlation matrix of the fit parameters:
                p0     p1     
p0              1.000 
p1             -0.006  1.000 


*******************************************************************************
Thu Aug  1 15:57:19 2024


FIT:    data read from "fit.dat" u 1:3
        format = x:z
        #datapoints = 5
        residuals are weighted equally (unit weight)

function used for fitting: f(x)
	f(x)=1/(p0+p1*x)
fitted parameters initialized with current variable values

iter      chisq       delta/lim  lambda   p0            p1           
   0 1.0535168036e+00   0.00e+00  2.37e-02    1.000000e+00   1.000000e+00
   5 9.7540500474e-01  -9.76e-01  2.37e-07    3.200415e+02   3.589619e+03

After 5 iterations the fit converged.
final sum of squares of residuals : 0.975405
rel. change during last iteration : -9.7571e-06

degrees of freedom    (FIT_NDF)                        : 3
rms of residuals      (FIT_STDFIT) = sqrt(WSSR/ndf)    : 0.570206
variance of residuals (reduced chisquare) = WSSR/ndf   : 0.325135

Final set of parameters            Asymptotic Standard Error
=======================            ==========================
p0              = 320.041          +/- 1.156e+10    (3.613e+09%)
p1              = 3589.62          +/- 1.016e+09    (2.83e+07%)

correlation matrix of the fit parameters:
                p0     p1     
p0              1.000 
p1             -0.997  1.000 


*******************************************************************************
Thu Aug  1 15:57:39 2024


FIT:    data read from "fit.dat" u 1:3
        format = x:z
        #datapoints = 5
        residuals are weighted equally (unit weight)

function used for fitting: f(x)
	f(x)=p0+p1*x
fitted parameters initialized with current variable values

iter      chisq       delta/lim  lambda   p0            p1           
   0 4.6743323301e+05   0.00e+00  2.16e+02    1.000000e+00   1.000000e+00
   6 1.4685893971e-05  -1.21e-02  2.16e-04   -4.416317e-01  -1.273056e-05

After 6 iterations the fit converged.
final sum of squares of residuals : 1.46859e-05
rel. change during last iteration : -1.2115e-07

degrees of freedom    (FIT_NDF)                        : 3
rms of residuals      (FIT_STDFIT) = sqrt(WSSR/ndf)    : 0.00221253
variance of residuals (reduced chisquare) = WSSR/ndf   : 4.8953e-06

Final set of parameters            Asymptotic Standard Error
=======================            ==========================
p0              = -0.441632        +/- 0.0009895    (0.2241%)
p1              = -1.27306e-05     +/- 3.236e-06    (25.42%)

correlation matrix of the fit parameters:
                p0     p1     
p0              1.000 
p1             -0.006  1.000 
