2024年 6月 8日 土曜日 17:30:33 JST
Registering art::TStreamingModuleDecoderLRTDC
Registering art::TStreamingModuleDecoderHRTDC
Registering art::TStreamingModuleDecoderLRTDC64
Registering art::streaming::v1::TStreamingModuleDecoderLRTDC64
Registering art::streaming::v1::TStreamingModuleDecoderHRTDC
Use mass table inside root since Art.MassTable is not defined in .rootrc
Created art::TStreamingModuleDecoderHRTDC with decoder ID 2
Created art::TStreamingModuleDecoderLRTDC with decoder ID 1
Created art::TStreamingModuleDecoderLRTDC64 with decoder ID 3
Created art::streaming::v1::TStreamingModuleDecoderHRTDC with decoder ID 5
Created art::streaming::v1::TStreamingModuleDecoderLRTDC64 with decoder ID 6

Processing shell/calib.C(2090,"pph")...
timer
es_ttree
steering vdc/vdc_gr_calib.yaml steering/vdc vdc_gr_calib.yaml
proc_geometry_converter
proc_geometry_converter_fp
steering vdc/vdc_las_calib.yaml steering/vdc vdc_las_calib.yaml
proc_geometry_converter_las
proc_geometry_converter_fp_las
steering optics/optics.yaml steering/optics optics.yaml
proc_opt_calib_gr
proc_opt_calib_las
loading pid/pid_calib.yaml
steering pid/pid_calib.yaml steering/pid pid_calib.yaml
proc_pla_gr_calib
proc_pla_las_calib
steering pid/tof.yaml steering/pid tof.yaml
proc_tof_prm_calib
proc_tof_subtraction
proc_tof_calib
proc_gr_rf1_subtraction
proc_gr_rf2_subtraction
proc_gr_rf3_subtraction
proc_las_rf1_subtraction
proc_las_rf2_subtraction
proc_las_rf3_subtraction
steering pid/trig.yaml steering/pid trig.yaml
proc_trig_separater
steering pid/rf.yaml steering/pid rf.yaml
proc_rf_separater
loading energy_calib/energy_calib.yaml
steering energy_calib/energy_calib.yaml steering/energy_calib energy_calib.yaml
proc_ecalib_gr
proc_ecalib_las
outputtree
hist_pid_gr
hist_pid_las
hist_vdc_gr_track
hist_vdc_las_track
hist_vdc_gr_las
hist_optics_gr
hist_optics_las
hist_optics_corr
hist_mhit_gr
hist_mhit_las
hist_trig
itrBegin = 124939184 itrEnd = 110835968
branch : eventheader
branch : trig_raw
branch : trig
branch : trig_gr
branch : trig_las
branch : trig_coin
branch : rf_raw
branch : rf
branch : rf1
branch : rf2
branch : rf3
branch : tref_las_raw
branch : tref_grfcet_raw
branch : tref_grtrig_raw
branch : tref_las
branch : tref_grfcet
branch : tref_grtrig
branch : pla_gr_raw
branch : pla_gr_cal
branch : pla_gr_1l_cal
branch : pla_gr_1r_cal
branch : pla_gr_2l_cal
branch : pla_gr_2r_cal
branch : pla_gr_1l
branch : pla_gr_1r
branch : pla_gr_2l
branch : pla_gr_2r
branch : pla_gr_1
branch : pla_gr_2
branch : vdc_gr_raw
branch : vdc_gr_cal
branch : vdc_gr_dt
branch : vdc_gr_x1
branch : vdc_gr_u1
branch : vdc_gr_x2
branch : vdc_gr_u2
branch : vdc_gr_clust_x1
branch : vdc_gr_clust_x2
branch : vdc_gr_clust_u1
branch : vdc_gr_clust_u2
branch : vdc_gr
branch : pla_las_raw
branch : pla_las_cal
branch : pla_las_1l_cal
branch : pla_las_1r_cal
branch : pla_las_2l_cal
branch : pla_las_2r_cal
branch : pla_las_3l_cal
branch : pla_las_3r_cal
branch : pla_las_4l_cal
branch : pla_las_4r_cal
branch : pla_las_5l_cal
branch : pla_las_5r_cal
branch : pla_las_6l_cal
branch : pla_las_6r_cal
branch : pla_las_3l
branch : pla_las_3r
branch : pla_las_4l
branch : pla_las_4r
branch : pla_las_5l
branch : pla_las_5r
branch : pla_las_6l
branch : pla_las_6r
branch : pla_las_3
branch : pla_las_4
branch : pla_las_5
branch : pla_las_6
branch : vdc_las_raw
branch : vdc_las_cal
branch : vdc_las_dt
branch : vdc_las_x1
branch : vdc_las_u1
branch : vdc_las_v1
branch : vdc_las_x2
branch : vdc_las_u2
branch : vdc_las_v2
branch : vdc_las_clust_x1
branch : vdc_las_clust_x2
branch : vdc_las_clust_u1
branch : vdc_las_clust_u2
branch : vdc_las_clust_v1
branch : vdc_las_clust_v2
branch : vdc_las_xu
branch : vdc_las_xv
branch : vdc_las_uv
branch : vdc_las
'vdc_gr'
'gdc'
'vdc_las'
'ldc'
'gfp'
'lfp'
'pla_gr_1'
'pla_gr_1'
'gfp'
TOF : 131.909 (ns)
'pla_las_3'
'vdc_las_dt'
'lfp'
TOF : 107.069 (ns)
'pid_gr'
'pid_las'
'pid_gr'
'rf1'
'pid_gr'
'rf2'
'pid_gr'
'rf3'
'pid_las'
'rf1'
'pid_las'
'rf2'
'pid_las'
'rf3'
'gtgt'
'ltgt'
Registering art::TStreamingModuleDecoderLRTDC
Registering art::TStreamingModuleDecoderHRTDC
Registering art::TStreamingModuleDecoderLRTDC64
Registering art::streaming::v1::TStreamingModuleDecoderLRTDC64
Registering art::streaming::v1::TStreamingModuleDecoderHRTDC
Use mass table inside root since Art.MassTable is not defined in .rootrc
Created art::TStreamingModuleDecoderHRTDC with decoder ID 2
Created art::TStreamingModuleDecoderLRTDC with decoder ID 1
Created art::TStreamingModuleDecoderLRTDC64 with decoder ID 3
Created art::streaming::v1::TStreamingModuleDecoderHRTDC with decoder ID 5
Created art::streaming::v1::TStreamingModuleDecoderLRTDC64 with decoder ID 6

Processing shell/calib.C(2101,"pph")...
timer
es_ttree
steering vdc/vdc_gr_calib.yaml steering/vdc vdc_gr_calib.yaml
proc_geometry_converter
proc_geometry_converter_fp
steering vdc/vdc_las_calib.yaml steering/vdc vdc_las_calib.yaml
proc_geometry_converter_las
proc_geometry_converter_fp_las
steering optics/optics.yaml steering/optics optics.yaml
proc_opt_calib_gr
proc_opt_calib_las
loading pid/pid_calib.yaml
steering pid/pid_calib.yaml steering/pid pid_calib.yaml
proc_pla_gr_calib
proc_pla_las_calib
steering pid/tof.yaml steering/pid tof.yaml
proc_tof_prm_calib
proc_tof_subtraction
proc_tof_calib
proc_gr_rf1_subtraction
proc_gr_rf2_subtraction
proc_gr_rf3_subtraction
proc_las_rf1_subtraction
proc_las_rf2_subtraction
proc_las_rf3_subtraction
steering pid/trig.yaml steering/pid trig.yaml
proc_trig_separater
steering pid/rf.yaml steering/pid rf.yaml
proc_rf_separater
loading energy_calib/energy_calib.yaml
steering energy_calib/energy_calib.yaml steering/energy_calib energy_calib.yaml
proc_ecalib_gr
proc_ecalib_las
outputtree
hist_pid_gr
hist_pid_las
hist_vdc_gr_track
hist_vdc_las_track
hist_vdc_gr_las
hist_optics_gr
hist_optics_las
hist_optics_corr
hist_mhit_gr
hist_mhit_las
hist_trig
itrBegin = 120881024 itrEnd = 121917808
branch : eventheader
branch : trig_raw
branch : trig
branch : trig_gr
branch : trig_las
branch : trig_coin
branch : rf_raw
branch : rf
branch : rf1
branch : rf2
branch : rf3
branch : tref_las_raw
branch : tref_grfcet_raw
branch : tref_grtrig_raw
branch : tref_las
branch : tref_grfcet
branch : tref_grtrig
branch : pla_gr_raw
branch : pla_gr_cal
branch : pla_gr_1l_cal
branch : pla_gr_1r_cal
branch : pla_gr_2l_cal
branch : pla_gr_2r_cal
branch : pla_gr_1l
branch : pla_gr_1r
branch : pla_gr_2l
branch : pla_gr_2r
branch : pla_gr_1
branch : pla_gr_2
branch : vdc_gr_raw
branch : vdc_gr_cal
branch : vdc_gr_dt
branch : vdc_gr_x1
branch : vdc_gr_u1
branch : vdc_gr_x2
branch : vdc_gr_u2
branch : vdc_gr_clust_x1
branch : vdc_gr_clust_x2
branch : vdc_gr_clust_u1
branch : vdc_gr_clust_u2
branch : vdc_gr
branch : pla_las_raw
branch : pla_las_cal
branch : pla_las_1l_cal
branch : pla_las_1r_cal
branch : pla_las_2l_cal
branch : pla_las_2r_cal
branch : pla_las_3l_cal
branch : pla_las_3r_cal
branch : pla_las_4l_cal
branch : pla_las_4r_cal
branch : pla_las_5l_cal
branch : pla_las_5r_cal
branch : pla_las_6l_cal
branch : pla_las_6r_cal
branch : pla_las_3l
branch : pla_las_3r
branch : pla_las_4l
branch : pla_las_4r
branch : pla_las_5l
branch : pla_las_5r
branch : pla_las_6l
branch : pla_las_6r
branch : pla_las_3
branch : pla_las_4
branch : pla_las_5
branch : pla_las_6
branch : vdc_las_raw
branch : vdc_las_cal
branch : vdc_las_dt
branch : vdc_las_x1
branch : vdc_las_u1
branch : vdc_las_v1
branch : vdc_las_x2
branch : vdc_las_u2
branch : vdc_las_v2
branch : vdc_las_clust_x1
branch : vdc_las_clust_x2
branch : vdc_las_clust_u1
branch : vdc_las_clust_u2
branch : vdc_las_clust_v1
branch : vdc_las_clust_v2
branch : vdc_las_xu
branch : vdc_las_xv
branch : vdc_las_uv
branch : vdc_las
'vdc_gr'
'gdc'
'vdc_las'
'ldc'
'gfp'
'lfp'
'pla_gr_1'
'pla_gr_1'
'gfp'
TOF : 131.909 (ns)
'pla_las_3'
'vdc_las_dt'
'lfp'
TOF : 107.069 (ns)
'pid_gr'
'pid_las'
'pid_gr'
'rf1'
'pid_gr'
'rf2'
'pid_gr'
'rf3'
'pid_las'
'rf1'
'pid_las'
'rf2'
'pid_las'
'rf3'
'gtgt'
'ltgt'
Registering art::TStreamingModuleDecoderLRTDC
Registering art::TStreamingModuleDecoderHRTDC
Registering art::TStreamingModuleDecoderLRTDC64
Registering art::streaming::v1::TStreamingModuleDecoderLRTDC64
Registering art::streaming::v1::TStreamingModuleDecoderHRTDC
Use mass table inside root since Art.MassTable is not defined in .rootrc
Created art::TStreamingModuleDecoderHRTDC with decoder ID 2
Created art::TStreamingModuleDecoderLRTDC with decoder ID 1
Created art::TStreamingModuleDecoderLRTDC64 with decoder ID 3
Created art::streaming::v1::TStreamingModuleDecoderHRTDC with decoder ID 5
Created art::streaming::v1::TStreamingModuleDecoderLRTDC64 with decoder ID 6

Processing shell/calib.C(2135,"pph")...
timer
es_ttree
steering vdc/vdc_gr_calib.yaml steering/vdc vdc_gr_calib.yaml
proc_geometry_converter
proc_geometry_converter_fp
steering vdc/vdc_las_calib.yaml steering/vdc vdc_las_calib.yaml
proc_geometry_converter_las
proc_geometry_converter_fp_las
steering optics/optics.yaml steering/optics optics.yaml
proc_opt_calib_gr
proc_opt_calib_las
loading pid/pid_calib.yaml
steering pid/pid_calib.yaml steering/pid pid_calib.yaml
proc_pla_gr_calib
proc_pla_las_calib
steering pid/tof.yaml steering/pid tof.yaml
proc_tof_prm_calib
proc_tof_subtraction
proc_tof_calib
proc_gr_rf1_subtraction
proc_gr_rf2_subtraction
proc_gr_rf3_subtraction
proc_las_rf1_subtraction
proc_las_rf2_subtraction
proc_las_rf3_subtraction
steering pid/trig.yaml steering/pid trig.yaml
proc_trig_separater
steering pid/rf.yaml steering/pid rf.yaml
proc_rf_separater
loading energy_calib/energy_calib.yaml
steering energy_calib/energy_calib.yaml steering/energy_calib energy_calib.yaml
proc_ecalib_gr
proc_ecalib_las
outputtree
hist_pid_gr
hist_pid_las
hist_vdc_gr_track
hist_vdc_las_track
hist_vdc_gr_las
hist_optics_gr
hist_optics_las
hist_optics_corr
hist_mhit_gr
hist_mhit_las
hist_trig
itrBegin = 113865072 itrEnd = 127987280
branch : eventheader
branch : trig_raw
branch : trig
branch : trig_gr
branch : trig_las
branch : trig_coin
branch : rf_raw
branch : rf
branch : rf1
branch : rf2
branch : rf3
branch : tref_las_raw
branch : tref_grfcet_raw
branch : tref_grtrig_raw
branch : tref_las
branch : tref_grfcet
branch : tref_grtrig
branch : pla_gr_raw
branch : pla_gr_cal
branch : pla_gr_1l_cal
branch : pla_gr_1r_cal
branch : pla_gr_2l_cal
branch : pla_gr_2r_cal
branch : pla_gr_1l
branch : pla_gr_1r
branch : pla_gr_2l
branch : pla_gr_2r
branch : pla_gr_1
branch : pla_gr_2
branch : vdc_gr_raw
branch : vdc_gr_cal
branch : vdc_gr_dt
branch : vdc_gr_x1
branch : vdc_gr_u1
branch : vdc_gr_x2
branch : vdc_gr_u2
branch : vdc_gr_clust_x1
branch : vdc_gr_clust_x2
branch : vdc_gr_clust_u1
branch : vdc_gr_clust_u2
branch : vdc_gr
branch : pla_las_raw
branch : pla_las_cal
branch : pla_las_1l_cal
branch : pla_las_1r_cal
branch : pla_las_2l_cal
branch : pla_las_2r_cal
branch : pla_las_3l_cal
branch : pla_las_3r_cal
branch : pla_las_4l_cal
branch : pla_las_4r_cal
branch : pla_las_5l_cal
branch : pla_las_5r_cal
branch : pla_las_6l_cal
branch : pla_las_6r_cal
branch : pla_las_3l
branch : pla_las_3r
branch : pla_las_4l
branch : pla_las_4r
branch : pla_las_5l
branch : pla_las_5r
branch : pla_las_6l
branch : pla_las_6r
branch : pla_las_3
branch : pla_las_4
branch : pla_las_5
branch : pla_las_6
branch : vdc_las_raw
branch : vdc_las_cal
branch : vdc_las_dt
branch : vdc_las_x1
branch : vdc_las_u1
branch : vdc_las_v1
branch : vdc_las_x2
branch : vdc_las_u2
branch : vdc_las_v2
branch : vdc_las_clust_x1
branch : vdc_las_clust_x2
branch : vdc_las_clust_u1
branch : vdc_las_clust_u2
branch : vdc_las_clust_v1
branch : vdc_las_clust_v2
branch : vdc_las_xu
branch : vdc_las_xv
branch : vdc_las_uv
branch : vdc_las
'vdc_gr'
'gdc'
'vdc_las'
'ldc'
'gfp'
'lfp'
'pla_gr_1'
'pla_gr_1'
'gfp'
TOF : 131.909 (ns)
'pla_las_3'
'vdc_las_dt'
'lfp'
TOF : 107.069 (ns)
'pid_gr'
'pid_las'
'pid_gr'
'rf1'
'pid_gr'
'rf2'
'pid_gr'
'rf3'
'pid_las'
'rf1'
'pid_las'
'rf2'
'pid_las'
'rf3'
'gtgt'
'ltgt'
Registering art::TStreamingModuleDecoderLRTDC
Registering art::TStreamingModuleDecoderHRTDC
Registering art::TStreamingModuleDecoderLRTDC64
Registering art::streaming::v1::TStreamingModuleDecoderLRTDC64
Registering art::streaming::v1::TStreamingModuleDecoderHRTDC
Use mass table inside root since Art.MassTable is not defined in .rootrc
Created art::TStreamingModuleDecoderHRTDC with decoder ID 2
Created art::TStreamingModuleDecoderLRTDC with decoder ID 1
Created art::TStreamingModuleDecoderLRTDC64 with decoder ID 3
Created art::streaming::v1::TStreamingModuleDecoderHRTDC with decoder ID 5
Created art::streaming::v1::TStreamingModuleDecoderLRTDC64 with decoder ID 6

Processing shell/calib.C(2136,"pph")...
timer
es_ttree
steering vdc/vdc_gr_calib.yaml steering/vdc vdc_gr_calib.yaml
proc_geometry_converter
proc_geometry_converter_fp
steering vdc/vdc_las_calib.yaml steering/vdc vdc_las_calib.yaml
proc_geometry_converter_las
proc_geometry_converter_fp_las
steering optics/optics.yaml steering/optics optics.yaml
proc_opt_calib_gr
proc_opt_calib_las
loading pid/pid_calib.yaml
steering pid/pid_calib.yaml steering/pid pid_calib.yaml
proc_pla_gr_calib
proc_pla_las_calib
steering pid/tof.yaml steering/pid tof.yaml
proc_tof_prm_calib
proc_tof_subtraction
proc_tof_calib
proc_gr_rf1_subtraction
proc_gr_rf2_subtraction
proc_gr_rf3_subtraction
proc_las_rf1_subtraction
proc_las_rf2_subtraction
proc_las_rf3_subtraction
steering pid/trig.yaml steering/pid trig.yaml
proc_trig_separater
steering pid/rf.yaml steering/pid rf.yaml
proc_rf_separater
loading energy_calib/energy_calib.yaml
steering energy_calib/energy_calib.yaml steering/energy_calib energy_calib.yaml
proc_ecalib_gr
proc_ecalib_las
outputtree
hist_pid_gr
hist_pid_las
hist_vdc_gr_track
hist_vdc_las_track
hist_vdc_gr_las
hist_optics_gr
hist_optics_las
hist_optics_corr
hist_mhit_gr
hist_mhit_las
hist_trig
itrBegin = 108431264 itrEnd = 110474384
branch : eventheader
branch : trig_raw
branch : trig
branch : trig_gr
branch : trig_las
branch : trig_coin
branch : rf_raw
branch : rf
branch : rf1
branch : rf2
branch : rf3
branch : tref_las_raw
branch : tref_grfcet_raw
branch : tref_grtrig_raw
branch : tref_las
branch : tref_grfcet
branch : tref_grtrig
branch : pla_gr_raw
branch : pla_gr_cal
branch : pla_gr_1l_cal
branch : pla_gr_1r_cal
branch : pla_gr_2l_cal
branch : pla_gr_2r_cal
branch : pla_gr_1l
branch : pla_gr_1r
branch : pla_gr_2l
branch : pla_gr_2r
branch : pla_gr_1
branch : pla_gr_2
branch : vdc_gr_raw
branch : vdc_gr_cal
branch : vdc_gr_dt
branch : vdc_gr_x1
branch : vdc_gr_u1
branch : vdc_gr_x2
branch : vdc_gr_u2
branch : vdc_gr_clust_x1
branch : vdc_gr_clust_x2
branch : vdc_gr_clust_u1
branch : vdc_gr_clust_u2
branch : vdc_gr
branch : pla_las_raw
branch : pla_las_cal
branch : pla_las_1l_cal
branch : pla_las_1r_cal
branch : pla_las_2l_cal
branch : pla_las_2r_cal
branch : pla_las_3l_cal
branch : pla_las_3r_cal
branch : pla_las_4l_cal
branch : pla_las_4r_cal
branch : pla_las_5l_cal
branch : pla_las_5r_cal
branch : pla_las_6l_cal
branch : pla_las_6r_cal
branch : pla_las_3l
branch : pla_las_3r
branch : pla_las_4l
branch : pla_las_4r
branch : pla_las_5l
branch : pla_las_5r
branch : pla_las_6l
branch : pla_las_6r
branch : pla_las_3
branch : pla_las_4
branch : pla_las_5
branch : pla_las_6
branch : vdc_las_raw
branch : vdc_las_cal
branch : vdc_las_dt
branch : vdc_las_x1
branch : vdc_las_u1
branch : vdc_las_v1
branch : vdc_las_x2
branch : vdc_las_u2
branch : vdc_las_v2
branch : vdc_las_clust_x1
branch : vdc_las_clust_x2
branch : vdc_las_clust_u1
branch : vdc_las_clust_u2
branch : vdc_las_clust_v1
branch : vdc_las_clust_v2
branch : vdc_las_xu
branch : vdc_las_xv
branch : vdc_las_uv
branch : vdc_las
'vdc_gr'
'gdc'
'vdc_las'
'ldc'
'gfp'
'lfp'
'pla_gr_1'
'pla_gr_1'
'gfp'
TOF : 131.909 (ns)
'pla_las_3'
'vdc_las_dt'
'lfp'
TOF : 107.069 (ns)
'pid_gr'
'pid_las'
'pid_gr'
'rf1'
'pid_gr'
'rf2'
'pid_gr'
'rf3'
'pid_las'
'rf1'
'pid_las'
'rf2'
'pid_las'
'rf3'
'gtgt'
'ltgt'
Registering art::TStreamingModuleDecoderLRTDC
Registering art::TStreamingModuleDecoderHRTDC
Registering art::TStreamingModuleDecoderLRTDC64
Registering art::streaming::v1::TStreamingModuleDecoderLRTDC64
Registering art::streaming::v1::TStreamingModuleDecoderHRTDC
Use mass table inside root since Art.MassTable is not defined in .rootrc
Created art::TStreamingModuleDecoderHRTDC with decoder ID 2
Created art::TStreamingModuleDecoderLRTDC with decoder ID 1
Created art::TStreamingModuleDecoderLRTDC64 with decoder ID 3
Created art::streaming::v1::TStreamingModuleDecoderHRTDC with decoder ID 5
Created art::streaming::v1::TStreamingModuleDecoderLRTDC64 with decoder ID 6

Processing shell/calib.C(2181,"pph")...
timer
es_ttree
steering vdc/vdc_gr_calib.yaml steering/vdc vdc_gr_calib.yaml
proc_geometry_converter
proc_geometry_converter_fp
steering vdc/vdc_las_calib.yaml steering/vdc vdc_las_calib.yaml
proc_geometry_converter_las
proc_geometry_converter_fp_las
steering optics/optics.yaml steering/optics optics.yaml
proc_opt_calib_gr
proc_opt_calib_las
loading pid/pid_calib.yaml
steering pid/pid_calib.yaml steering/pid pid_calib.yaml
proc_pla_gr_calib
proc_pla_las_calib
steering pid/tof.yaml steering/pid tof.yaml
proc_tof_prm_calib
proc_tof_subtraction
proc_tof_calib
proc_gr_rf1_subtraction
proc_gr_rf2_subtraction
proc_gr_rf3_subtraction
proc_las_rf1_subtraction
proc_las_rf2_subtraction
proc_las_rf3_subtraction
steering pid/trig.yaml steering/pid trig.yaml
proc_trig_separater
steering pid/rf.yaml steering/pid rf.yaml
proc_rf_separater
loading energy_calib/energy_calib.yaml
steering energy_calib/energy_calib.yaml steering/energy_calib energy_calib.yaml
proc_ecalib_gr
proc_ecalib_las
outputtree
hist_pid_gr
hist_pid_las
hist_vdc_gr_track
hist_vdc_las_track
hist_vdc_gr_las
hist_optics_gr
hist_optics_las
hist_optics_corr
hist_mhit_gr
hist_mhit_las
hist_trig
itrBegin = 121488656 itrEnd = 121224224
branch : eventheader
branch : trig_raw
branch : trig
branch : trig_gr
branch : trig_las
branch : trig_coin
branch : rf_raw
branch : rf
branch : rf1
branch : rf2
branch : rf3
branch : tref_las_raw
branch : tref_grfcet_raw
branch : tref_grtrig_raw
branch : tref_las
branch : tref_grfcet
branch : tref_grtrig
branch : pla_gr_raw
branch : pla_gr_cal
branch : pla_gr_1l_cal
branch : pla_gr_1r_cal
branch : pla_gr_2l_cal
branch : pla_gr_2r_cal
branch : pla_gr_1l
branch : pla_gr_1r
branch : pla_gr_2l
branch : pla_gr_2r
branch : pla_gr_1
branch : pla_gr_2
branch : vdc_gr_raw
branch : vdc_gr_cal
branch : vdc_gr_dt
branch : vdc_gr_x1
branch : vdc_gr_u1
branch : vdc_gr_x2
branch : vdc_gr_u2
branch : vdc_gr_clust_x1
branch : vdc_gr_clust_x2
branch : vdc_gr_clust_u1
branch : vdc_gr_clust_u2
branch : vdc_gr
branch : pla_las_raw
branch : pla_las_cal
branch : pla_las_1l_cal
branch : pla_las_1r_cal
branch : pla_las_2l_cal
branch : pla_las_2r_cal
branch : pla_las_3l_cal
branch : pla_las_3r_cal
branch : pla_las_4l_cal
branch : pla_las_4r_cal
branch : pla_las_5l_cal
branch : pla_las_5r_cal
branch : pla_las_6l_cal
branch : pla_las_6r_cal
branch : pla_las_3l
branch : pla_las_3r
branch : pla_las_4l
branch : pla_las_4r
branch : pla_las_5l
branch : pla_las_5r
branch : pla_las_6l
branch : pla_las_6r
branch : pla_las_3
branch : pla_las_4
branch : pla_las_5
branch : pla_las_6
branch : vdc_las_raw
branch : vdc_las_cal
branch : vdc_las_dt
branch : vdc_las_x1
branch : vdc_las_u1
branch : vdc_las_v1
branch : vdc_las_x2
branch : vdc_las_u2
branch : vdc_las_v2
branch : vdc_las_clust_x1
branch : vdc_las_clust_x2
branch : vdc_las_clust_u1
branch : vdc_las_clust_u2
branch : vdc_las_clust_v1
branch : vdc_las_clust_v2
branch : vdc_las_xu
branch : vdc_las_xv
branch : vdc_las_uv
branch : vdc_las
'vdc_gr'
'gdc'
'vdc_las'
'ldc'
'gfp'
'lfp'
'pla_gr_1'
'pla_gr_1'
'gfp'
TOF : 131.909 (ns)
'pla_las_3'
'vdc_las_dt'
'lfp'
TOF : 107.069 (ns)
'pid_gr'
'pid_las'
'pid_gr'
'rf1'
'pid_gr'
'rf2'
'pid_gr'
'rf3'
'pid_las'
'rf1'
'pid_las'
'rf2'
'pid_las'
'rf3'
'gtgt'
'ltgt'
Registering art::TStreamingModuleDecoderLRTDC
Registering art::TStreamingModuleDecoderHRTDC
Registering art::TStreamingModuleDecoderLRTDC64
Registering art::streaming::v1::TStreamingModuleDecoderLRTDC64
Registering art::streaming::v1::TStreamingModuleDecoderHRTDC
Use mass table inside root since Art.MassTable is not defined in .rootrc
Created art::TStreamingModuleDecoderHRTDC with decoder ID 2
Created art::TStreamingModuleDecoderLRTDC with decoder ID 1
Created art::TStreamingModuleDecoderLRTDC64 with decoder ID 3
Created art::streaming::v1::TStreamingModuleDecoderHRTDC with decoder ID 5
Created art::streaming::v1::TStreamingModuleDecoderLRTDC64 with decoder ID 6

Processing shell/calib.C(2183,"pph")...
timer
es_ttree
steering vdc/vdc_gr_calib.yaml steering/vdc vdc_gr_calib.yaml
proc_geometry_converter
proc_geometry_converter_fp
steering vdc/vdc_las_calib.yaml steering/vdc vdc_las_calib.yaml
proc_geometry_converter_las
proc_geometry_converter_fp_las
steering optics/optics.yaml steering/optics optics.yaml
proc_opt_calib_gr
proc_opt_calib_las
loading pid/pid_calib.yaml
steering pid/pid_calib.yaml steering/pid pid_calib.yaml
proc_pla_gr_calib
proc_pla_las_calib
steering pid/tof.yaml steering/pid tof.yaml
proc_tof_prm_calib
proc_tof_subtraction
proc_tof_calib
proc_gr_rf1_subtraction
proc_gr_rf2_subtraction
proc_gr_rf3_subtraction
proc_las_rf1_subtraction
proc_las_rf2_subtraction
proc_las_rf3_subtraction
steering pid/trig.yaml steering/pid trig.yaml
proc_trig_separater
steering pid/rf.yaml steering/pid rf.yaml
proc_rf_separater
loading energy_calib/energy_calib.yaml
steering energy_calib/energy_calib.yaml steering/energy_calib energy_calib.yaml
proc_ecalib_gr
proc_ecalib_las
outputtree
hist_pid_gr
hist_pid_las
hist_vdc_gr_track
hist_vdc_las_track
hist_vdc_gr_las
hist_optics_gr
hist_optics_las
hist_optics_corr
hist_mhit_gr
hist_mhit_las
hist_trig
itrBegin = 117779552 itrEnd = 126582704
branch : eventheader
branch : trig_raw
branch : trig
branch : trig_gr
branch : trig_las
branch : trig_coin
branch : rf_raw
branch : rf
branch : rf1
branch : rf2
branch : rf3
branch : tref_las_raw
branch : tref_grfcet_raw
branch : tref_grtrig_raw
branch : tref_las
branch : tref_grfcet
branch : tref_grtrig
branch : pla_gr_raw
branch : pla_gr_cal
branch : pla_gr_1l_cal
branch : pla_gr_1r_cal
branch : pla_gr_2l_cal
branch : pla_gr_2r_cal
branch : pla_gr_1l
branch : pla_gr_1r
branch : pla_gr_2l
branch : pla_gr_2r
branch : pla_gr_1
branch : pla_gr_2
branch : vdc_gr_raw
branch : vdc_gr_cal
branch : vdc_gr_dt
branch : vdc_gr_x1
branch : vdc_gr_u1
branch : vdc_gr_x2
branch : vdc_gr_u2
branch : vdc_gr_clust_x1
branch : vdc_gr_clust_x2
branch : vdc_gr_clust_u1
branch : vdc_gr_clust_u2
branch : vdc_gr
branch : pla_las_raw
branch : pla_las_cal
branch : pla_las_1l_cal
branch : pla_las_1r_cal
branch : pla_las_2l_cal
branch : pla_las_2r_cal
branch : pla_las_3l_cal
branch : pla_las_3r_cal
branch : pla_las_4l_cal
branch : pla_las_4r_cal
branch : pla_las_5l_cal
branch : pla_las_5r_cal
branch : pla_las_6l_cal
branch : pla_las_6r_cal
branch : pla_las_3l
branch : pla_las_3r
branch : pla_las_4l
branch : pla_las_4r
branch : pla_las_5l
branch : pla_las_5r
branch : pla_las_6l
branch : pla_las_6r
branch : pla_las_3
branch : pla_las_4
branch : pla_las_5
branch : pla_las_6
branch : vdc_las_raw
branch : vdc_las_cal
branch : vdc_las_dt
branch : vdc_las_x1
branch : vdc_las_u1
branch : vdc_las_v1
branch : vdc_las_x2
branch : vdc_las_u2
branch : vdc_las_v2
branch : vdc_las_clust_x1
branch : vdc_las_clust_x2
branch : vdc_las_clust_u1
branch : vdc_las_clust_u2
branch : vdc_las_clust_v1
branch : vdc_las_clust_v2
branch : vdc_las_xu
branch : vdc_las_xv
branch : vdc_las_uv
branch : vdc_las
'vdc_gr'
'gdc'
'vdc_las'
'ldc'
'gfp'
'lfp'
'pla_gr_1'
'pla_gr_1'
'gfp'
TOF : 131.909 (ns)
'pla_las_3'
'vdc_las_dt'
'lfp'
TOF : 107.069 (ns)
'pid_gr'
'pid_las'
'pid_gr'
'rf1'
'pid_gr'
'rf2'
'pid_gr'
'rf3'
'pid_las'
'rf1'
'pid_las'
'rf2'
'pid_las'
'rf3'
'gtgt'
'ltgt'
Registering art::TStreamingModuleDecoderLRTDC
Registering art::TStreamingModuleDecoderHRTDC
Registering art::TStreamingModuleDecoderLRTDC64
Registering art::streaming::v1::TStreamingModuleDecoderLRTDC64
Registering art::streaming::v1::TStreamingModuleDecoderHRTDC
Use mass table inside root since Art.MassTable is not defined in .rootrc
Created art::TStreamingModuleDecoderHRTDC with decoder ID 2
Created art::TStreamingModuleDecoderLRTDC with decoder ID 1
Created art::TStreamingModuleDecoderLRTDC64 with decoder ID 3
Created art::streaming::v1::TStreamingModuleDecoderHRTDC with decoder ID 5
Created art::streaming::v1::TStreamingModuleDecoderLRTDC64 with decoder ID 6

Processing shell/calib.C(2185,"pph")...
timer
es_ttree
steering vdc/vdc_gr_calib.yaml steering/vdc vdc_gr_calib.yaml
proc_geometry_converter
proc_geometry_converter_fp
steering vdc/vdc_las_calib.yaml steering/vdc vdc_las_calib.yaml
proc_geometry_converter_las
proc_geometry_converter_fp_las
steering optics/optics.yaml steering/optics optics.yaml
proc_opt_calib_gr
proc_opt_calib_las
loading pid/pid_calib.yaml
steering pid/pid_calib.yaml steering/pid pid_calib.yaml
proc_pla_gr_calib
proc_pla_las_calib
steering pid/tof.yaml steering/pid tof.yaml
proc_tof_prm_calib
proc_tof_subtraction
proc_tof_calib
proc_gr_rf1_subtraction
proc_gr_rf2_subtraction
proc_gr_rf3_subtraction
proc_las_rf1_subtraction
proc_las_rf2_subtraction
proc_las_rf3_subtraction
steering pid/trig.yaml steering/pid trig.yaml
proc_trig_separater
steering pid/rf.yaml steering/pid rf.yaml
proc_rf_separater
loading energy_calib/energy_calib.yaml
steering energy_calib/energy_calib.yaml steering/energy_calib energy_calib.yaml
proc_ecalib_gr
proc_ecalib_las
outputtree
hist_pid_gr
hist_pid_las
hist_vdc_gr_track
hist_vdc_las_track
hist_vdc_gr_las
hist_optics_gr
hist_optics_las
hist_optics_corr
hist_mhit_gr
hist_mhit_las
hist_trig
itrBegin = 114924944 itrEnd = 114995184
branch : eventheader
branch : trig_raw
branch : trig
branch : trig_gr
branch : trig_las
branch : trig_coin
branch : rf_raw
branch : rf
branch : rf1
branch : rf2
branch : rf3
branch : tref_las_raw
branch : tref_grfcet_raw
branch : tref_grtrig_raw
branch : tref_las
branch : tref_grfcet
branch : tref_grtrig
branch : pla_gr_raw
branch : pla_gr_cal
branch : pla_gr_1l_cal
branch : pla_gr_1r_cal
branch : pla_gr_2l_cal
branch : pla_gr_2r_cal
branch : pla_gr_1l
branch : pla_gr_1r
branch : pla_gr_2l
branch : pla_gr_2r
branch : pla_gr_1
branch : pla_gr_2
branch : vdc_gr_raw
branch : vdc_gr_cal
branch : vdc_gr_dt
branch : vdc_gr_x1
branch : vdc_gr_u1
branch : vdc_gr_x2
branch : vdc_gr_u2
branch : vdc_gr_clust_x1
branch : vdc_gr_clust_x2
branch : vdc_gr_clust_u1
branch : vdc_gr_clust_u2
branch : vdc_gr
branch : pla_las_raw
branch : pla_las_cal
branch : pla_las_1l_cal
branch : pla_las_1r_cal
branch : pla_las_2l_cal
branch : pla_las_2r_cal
branch : pla_las_3l_cal
branch : pla_las_3r_cal
branch : pla_las_4l_cal
branch : pla_las_4r_cal
branch : pla_las_5l_cal
branch : pla_las_5r_cal
branch : pla_las_6l_cal
branch : pla_las_6r_cal
branch : pla_las_3l
branch : pla_las_3r
branch : pla_las_4l
branch : pla_las_4r
branch : pla_las_5l
branch : pla_las_5r
branch : pla_las_6l
branch : pla_las_6r
branch : pla_las_3
branch : pla_las_4
branch : pla_las_5
branch : pla_las_6
branch : vdc_las_raw
branch : vdc_las_cal
branch : vdc_las_dt
branch : vdc_las_x1
branch : vdc_las_u1
branch : vdc_las_v1
branch : vdc_las_x2
branch : vdc_las_u2
branch : vdc_las_v2
branch : vdc_las_clust_x1
branch : vdc_las_clust_x2
branch : vdc_las_clust_u1
branch : vdc_las_clust_u2
branch : vdc_las_clust_v1
branch : vdc_las_clust_v2
branch : vdc_las_xu
branch : vdc_las_xv
branch : vdc_las_uv
branch : vdc_las
'vdc_gr'
'gdc'
'vdc_las'
'ldc'
'gfp'
'lfp'
'pla_gr_1'
'pla_gr_1'
'gfp'
TOF : 131.909 (ns)
'pla_las_3'
'vdc_las_dt'
'lfp'
TOF : 107.069 (ns)
'pid_gr'
'pid_las'
'pid_gr'
'rf1'
'pid_gr'
'rf2'
'pid_gr'
'rf3'
'pid_las'
'rf1'
'pid_las'
'rf2'
'pid_las'
'rf3'
'gtgt'
'ltgt'
Registering art::TStreamingModuleDecoderLRTDC
Registering art::TStreamingModuleDecoderHRTDC
Registering art::TStreamingModuleDecoderLRTDC64
Registering art::streaming::v1::TStreamingModuleDecoderLRTDC64
Registering art::streaming::v1::TStreamingModuleDecoderHRTDC
Use mass table inside root since Art.MassTable is not defined in .rootrc
Created art::TStreamingModuleDecoderHRTDC with decoder ID 2
Created art::TStreamingModuleDecoderLRTDC with decoder ID 1
Created art::TStreamingModuleDecoderLRTDC64 with decoder ID 3
Created art::streaming::v1::TStreamingModuleDecoderHRTDC with decoder ID 5
Created art::streaming::v1::TStreamingModuleDecoderLRTDC64 with decoder ID 6

Processing shell/calib.C(2186,"pph")...
timer
es_ttree
steering vdc/vdc_gr_calib.yaml steering/vdc vdc_gr_calib.yaml
proc_geometry_converter
proc_geometry_converter_fp
steering vdc/vdc_las_calib.yaml steering/vdc vdc_las_calib.yaml
proc_geometry_converter_las
proc_geometry_converter_fp_las
steering optics/optics.yaml steering/optics optics.yaml
proc_opt_calib_gr
proc_opt_calib_las
loading pid/pid_calib.yaml
steering pid/pid_calib.yaml steering/pid pid_calib.yaml
proc_pla_gr_calib
proc_pla_las_calib
steering pid/tof.yaml steering/pid tof.yaml
proc_tof_prm_calib
proc_tof_subtraction
proc_tof_calib
proc_gr_rf1_subtraction
proc_gr_rf2_subtraction
proc_gr_rf3_subtraction
proc_las_rf1_subtraction
proc_las_rf2_subtraction
proc_las_rf3_subtraction
steering pid/trig.yaml steering/pid trig.yaml
proc_trig_separater
steering pid/rf.yaml steering/pid rf.yaml
proc_rf_separater
loading energy_calib/energy_calib.yaml
steering energy_calib/energy_calib.yaml steering/energy_calib energy_calib.yaml
proc_ecalib_gr
proc_ecalib_las
outputtree
hist_pid_gr
hist_pid_las
hist_vdc_gr_track
hist_vdc_las_track
hist_vdc_gr_las
hist_optics_gr
hist_optics_las
hist_optics_corr
hist_mhit_gr
hist_mhit_las
hist_trig
itrBegin = 110031840 itrEnd = 112564448
branch : eventheader
branch : trig_raw
branch : trig
branch : trig_gr
branch : trig_las
branch : trig_coin
branch : rf_raw
branch : rf
branch : rf1
branch : rf2
branch : rf3
branch : tref_las_raw
branch : tref_grfcet_raw
branch : tref_grtrig_raw
branch : tref_las
branch : tref_grfcet
branch : tref_grtrig
branch : pla_gr_raw
branch : pla_gr_cal
branch : pla_gr_1l_cal
branch : pla_gr_1r_cal
branch : pla_gr_2l_cal
branch : pla_gr_2r_cal
branch : pla_gr_1l
branch : pla_gr_1r
branch : pla_gr_2l
branch : pla_gr_2r
branch : pla_gr_1
branch : pla_gr_2
branch : vdc_gr_raw
branch : vdc_gr_cal
branch : vdc_gr_dt
branch : vdc_gr_x1
branch : vdc_gr_u1
branch : vdc_gr_x2
branch : vdc_gr_u2
branch : vdc_gr_clust_x1
branch : vdc_gr_clust_x2
branch : vdc_gr_clust_u1
branch : vdc_gr_clust_u2
branch : vdc_gr
branch : pla_las_raw
branch : pla_las_cal
branch : pla_las_1l_cal
branch : pla_las_1r_cal
branch : pla_las_2l_cal
branch : pla_las_2r_cal
branch : pla_las_3l_cal
branch : pla_las_3r_cal
branch : pla_las_4l_cal
branch : pla_las_4r_cal
branch : pla_las_5l_cal
branch : pla_las_5r_cal
branch : pla_las_6l_cal
branch : pla_las_6r_cal
branch : pla_las_3l
branch : pla_las_3r
branch : pla_las_4l
branch : pla_las_4r
branch : pla_las_5l
branch : pla_las_5r
branch : pla_las_6l
branch : pla_las_6r
branch : pla_las_3
branch : pla_las_4
branch : pla_las_5
branch : pla_las_6
branch : vdc_las_raw
branch : vdc_las_cal
branch : vdc_las_dt
branch : vdc_las_x1
branch : vdc_las_u1
branch : vdc_las_v1
branch : vdc_las_x2
branch : vdc_las_u2
branch : vdc_las_v2
branch : vdc_las_clust_x1
branch : vdc_las_clust_x2
branch : vdc_las_clust_u1
branch : vdc_las_clust_u2
branch : vdc_las_clust_v1
branch : vdc_las_clust_v2
branch : vdc_las_xu
branch : vdc_las_xv
branch : vdc_las_uv
branch : vdc_las
'vdc_gr'
'gdc'
'vdc_las'
'ldc'
'gfp'
'lfp'
'pla_gr_1'
'pla_gr_1'
'gfp'
TOF : 131.909 (ns)
'pla_las_3'
'vdc_las_dt'
'lfp'
TOF : 107.069 (ns)
'pid_gr'
'pid_las'
'pid_gr'
'rf1'
'pid_gr'
'rf2'
'pid_gr'
'rf3'
'pid_las'
'rf1'
'pid_las'
'rf2'
'pid_las'
'rf3'
'gtgt'
'ltgt'
