2024年 6月 16日 日曜日 00:11:58 JST
shell/phys.C(2090,"pph")
Registering art::TStreamingModuleDecoderLRTDC
Registering art::TStreamingModuleDecoderHRTDC
Registering art::TStreamingModuleDecoderLRTDC64
Registering art::streaming::v1::TStreamingModuleDecoderLRTDC64
Registering art::streaming::v1::TStreamingModuleDecoderHRTDC
Use mass table inside root since Art.MassTable is not defined in .rootrc
Created art::TStreamingModuleDecoderHRTDC with decoder ID 2
Created art::TStreamingModuleDecoderLRTDC with decoder ID 1
Created art::TStreamingModuleDecoderLRTDC64 with decoder ID 3
Created art::streaming::v1::TStreamingModuleDecoderHRTDC with decoder ID 5
Created art::streaming::v1::TStreamingModuleDecoderLRTDC64 with decoder ID 6

Processing shell/phys.C(2090,"pph")...
timer
es_ttree
steering gate/gate_coin.yaml steering/gate gate_coin.yaml
gate_array_init_coin
trigger_gates
stop_proc_coin
steering gate/las/gate_las_ppt.yaml steering/gate/las gate_las_ppt.yaml
loading tmpl/gate_las_calib.tmpl.yaml
steering/gate/las tmpl/gate_las_calib.tmpl.yaml steering/gate/las/tmpl gate_las_calib.tmpl.yaml
gate_array_init_las_pid
las_pid
stop_proc_las_pid
steering gate/gr/gate_gr_ppt.yaml steering/gate/gr gate_gr_ppt.yaml
loading tmpl/gate_gr_calib.tmpl.yaml
steering/gate/gr tmpl/gate_gr_calib.tmpl.yaml steering/gate/gr/tmpl gate_gr_calib.tmpl.yaml
gate_array_init
gr_charge
stop_proc
steering gate/gate_gr_delta.yaml steering/gate gate_gr_delta.yaml
gate_array_init_gr_delta
def_gate_gr_delta
stop_proc_gr_delta
hist_pid_gr
hist_pid_las
hist_vdc_gr_track
hist_vdc_las_track
hist_vdc_gr_las
hist_optics_gr
hist_optics_las
hist_optics_corr
hist_phys
itrBegin = 126509840 itrEnd = 135975984
branch : gdc
branch : gfp
branch : ldc
branch : lfp
branch : gtgt
branch : ltgt
branch : pid_gr
branch : pid_las
branch : tof_raw
branch : tof
branch : gr_rf1
branch : gr_rf2
branch : gr_rf3
branch : las_rf1
branch : las_rf2
branch : las_rf3
branch : trig_gr
branch : trig_las
branch : trig_coin
branch : rf1
branch : rf2
branch : rf3
branch : pgr
branch : plas
shell/phys.C(2101,"pph")
Registering art::TStreamingModuleDecoderLRTDC
Registering art::TStreamingModuleDecoderHRTDC
Registering art::TStreamingModuleDecoderLRTDC64
Registering art::streaming::v1::TStreamingModuleDecoderLRTDC64
Registering art::streaming::v1::TStreamingModuleDecoderHRTDC
Use mass table inside root since Art.MassTable is not defined in .rootrc
Created art::TStreamingModuleDecoderHRTDC with decoder ID 2
Created art::TStreamingModuleDecoderLRTDC with decoder ID 1
Created art::TStreamingModuleDecoderLRTDC64 with decoder ID 3
Created art::streaming::v1::TStreamingModuleDecoderHRTDC with decoder ID 5
Created art::streaming::v1::TStreamingModuleDecoderLRTDC64 with decoder ID 6

Processing shell/phys.C(2101,"pph")...
timer
es_ttree
steering gate/gate_coin.yaml steering/gate gate_coin.yaml
gate_array_init_coin
trigger_gates
stop_proc_coin
steering gate/las/gate_las_ppt.yaml steering/gate/las gate_las_ppt.yaml
loading tmpl/gate_las_calib.tmpl.yaml
steering/gate/las tmpl/gate_las_calib.tmpl.yaml steering/gate/las/tmpl gate_las_calib.tmpl.yaml
gate_array_init_las_pid
las_pid
stop_proc_las_pid
steering gate/gr/gate_gr_ppt.yaml steering/gate/gr gate_gr_ppt.yaml
loading tmpl/gate_gr_calib.tmpl.yaml
steering/gate/gr tmpl/gate_gr_calib.tmpl.yaml steering/gate/gr/tmpl gate_gr_calib.tmpl.yaml
gate_array_init
gr_charge
stop_proc
steering gate/gate_gr_delta.yaml steering/gate gate_gr_delta.yaml
gate_array_init_gr_delta
def_gate_gr_delta
stop_proc_gr_delta
hist_pid_gr
hist_pid_las
hist_vdc_gr_track
hist_vdc_las_track
hist_vdc_gr_las
hist_optics_gr
hist_optics_las
hist_optics_corr
hist_phys
itrBegin = 112736864 itrEnd = 112251856
branch : gdc
branch : gfp
branch : ldc
branch : lfp
branch : gtgt
branch : ltgt
branch : pid_gr
branch : pid_las
branch : tof_raw
branch : tof
branch : gr_rf1
branch : gr_rf2
branch : gr_rf3
branch : las_rf1
branch : las_rf2
branch : las_rf3
branch : trig_gr
branch : trig_las
branch : trig_coin
branch : rf1
branch : rf2
branch : rf3
branch : pgr
branch : plas
shell/phys.C(2135,"pph")
Registering art::TStreamingModuleDecoderLRTDC
Registering art::TStreamingModuleDecoderHRTDC
Registering art::TStreamingModuleDecoderLRTDC64
Registering art::streaming::v1::TStreamingModuleDecoderLRTDC64
Registering art::streaming::v1::TStreamingModuleDecoderHRTDC
Use mass table inside root since Art.MassTable is not defined in .rootrc
Created art::TStreamingModuleDecoderHRTDC with decoder ID 2
Created art::TStreamingModuleDecoderLRTDC with decoder ID 1
Created art::TStreamingModuleDecoderLRTDC64 with decoder ID 3
Created art::streaming::v1::TStreamingModuleDecoderHRTDC with decoder ID 5
Created art::streaming::v1::TStreamingModuleDecoderLRTDC64 with decoder ID 6

Processing shell/phys.C(2135,"pph")...
timer
es_ttree
steering gate/gate_coin.yaml steering/gate gate_coin.yaml
gate_array_init_coin
trigger_gates
stop_proc_coin
steering gate/las/gate_las_ppt.yaml steering/gate/las gate_las_ppt.yaml
loading tmpl/gate_las_calib.tmpl.yaml
steering/gate/las tmpl/gate_las_calib.tmpl.yaml steering/gate/las/tmpl gate_las_calib.tmpl.yaml
gate_array_init_las_pid
las_pid
stop_proc_las_pid
steering gate/gr/gate_gr_ppt.yaml steering/gate/gr gate_gr_ppt.yaml
loading tmpl/gate_gr_calib.tmpl.yaml
steering/gate/gr tmpl/gate_gr_calib.tmpl.yaml steering/gate/gr/tmpl gate_gr_calib.tmpl.yaml
gate_array_init
gr_charge
stop_proc
steering gate/gate_gr_delta.yaml steering/gate gate_gr_delta.yaml
gate_array_init_gr_delta
def_gate_gr_delta
stop_proc_gr_delta
hist_pid_gr
hist_pid_las
hist_vdc_gr_track
hist_vdc_las_track
hist_vdc_gr_las
hist_optics_gr
hist_optics_las
hist_optics_corr
hist_phys
itrBegin = 125257072 itrEnd = 124803968
branch : gdc
branch : gfp
branch : ldc
branch : lfp
branch : gtgt
branch : ltgt
branch : pid_gr
branch : pid_las
branch : tof_raw
branch : tof
branch : gr_rf1
branch : gr_rf2
branch : gr_rf3
branch : las_rf1
branch : las_rf2
branch : las_rf3
branch : trig_gr
branch : trig_las
branch : trig_coin
branch : rf1
branch : rf2
branch : rf3
branch : pgr
branch : plas
shell/phys.C(2136,"pph")
Registering art::TStreamingModuleDecoderLRTDC
Registering art::TStreamingModuleDecoderHRTDC
Registering art::TStreamingModuleDecoderLRTDC64
Registering art::streaming::v1::TStreamingModuleDecoderLRTDC64
Registering art::streaming::v1::TStreamingModuleDecoderHRTDC
Use mass table inside root since Art.MassTable is not defined in .rootrc
Created art::TStreamingModuleDecoderHRTDC with decoder ID 2
Created art::TStreamingModuleDecoderLRTDC with decoder ID 1
Created art::TStreamingModuleDecoderLRTDC64 with decoder ID 3
Created art::streaming::v1::TStreamingModuleDecoderHRTDC with decoder ID 5
Created art::streaming::v1::TStreamingModuleDecoderLRTDC64 with decoder ID 6

Processing shell/phys.C(2136,"pph")...
timer
es_ttree
steering gate/gate_coin.yaml steering/gate gate_coin.yaml
gate_array_init_coin
trigger_gates
stop_proc_coin
steering gate/las/gate_las_ppt.yaml steering/gate/las gate_las_ppt.yaml
loading tmpl/gate_las_calib.tmpl.yaml
steering/gate/las tmpl/gate_las_calib.tmpl.yaml steering/gate/las/tmpl gate_las_calib.tmpl.yaml
gate_array_init_las_pid
las_pid
stop_proc_las_pid
steering gate/gr/gate_gr_ppt.yaml steering/gate/gr gate_gr_ppt.yaml
loading tmpl/gate_gr_calib.tmpl.yaml
steering/gate/gr tmpl/gate_gr_calib.tmpl.yaml steering/gate/gr/tmpl gate_gr_calib.tmpl.yaml
gate_array_init
gr_charge
stop_proc
steering gate/gate_gr_delta.yaml steering/gate gate_gr_delta.yaml
gate_array_init_gr_delta
def_gate_gr_delta
stop_proc_gr_delta
hist_pid_gr
hist_pid_las
hist_vdc_gr_track
hist_vdc_las_track
hist_vdc_gr_las
hist_optics_gr
hist_optics_las
hist_optics_corr
hist_phys
itrBegin = 116099056 itrEnd = 126866608
branch : gdc
branch : gfp
branch : ldc
branch : lfp
branch : gtgt
branch : ltgt
branch : pid_gr
branch : pid_las
branch : tof_raw
branch : tof
branch : gr_rf1
branch : gr_rf2
branch : gr_rf3
branch : las_rf1
branch : las_rf2
branch : las_rf3
branch : trig_gr
branch : trig_las
branch : trig_coin
branch : rf1
branch : rf2
branch : rf3
branch : pgr
branch : plas
shell/phys.C(2181,"pph")
Registering art::TStreamingModuleDecoderLRTDC
Registering art::TStreamingModuleDecoderHRTDC
Registering art::TStreamingModuleDecoderLRTDC64
Registering art::streaming::v1::TStreamingModuleDecoderLRTDC64
Registering art::streaming::v1::TStreamingModuleDecoderHRTDC
Use mass table inside root since Art.MassTable is not defined in .rootrc
Created art::TStreamingModuleDecoderHRTDC with decoder ID 2
Created art::TStreamingModuleDecoderLRTDC with decoder ID 1
Created art::TStreamingModuleDecoderLRTDC64 with decoder ID 3
Created art::streaming::v1::TStreamingModuleDecoderHRTDC with decoder ID 5
Created art::streaming::v1::TStreamingModuleDecoderLRTDC64 with decoder ID 6

Processing shell/phys.C(2181,"pph")...
timer
es_ttree
steering gate/gate_coin.yaml steering/gate gate_coin.yaml
gate_array_init_coin
trigger_gates
stop_proc_coin
steering gate/las/gate_las_ppt.yaml steering/gate/las gate_las_ppt.yaml
loading tmpl/gate_las_calib.tmpl.yaml
steering/gate/las tmpl/gate_las_calib.tmpl.yaml steering/gate/las/tmpl gate_las_calib.tmpl.yaml
gate_array_init_las_pid
las_pid
stop_proc_las_pid
steering gate/gr/gate_gr_ppt.yaml steering/gate/gr gate_gr_ppt.yaml
loading tmpl/gate_gr_calib.tmpl.yaml
steering/gate/gr tmpl/gate_gr_calib.tmpl.yaml steering/gate/gr/tmpl gate_gr_calib.tmpl.yaml
gate_array_init
gr_charge
stop_proc
steering gate/gate_gr_delta.yaml steering/gate gate_gr_delta.yaml
gate_array_init_gr_delta
def_gate_gr_delta
stop_proc_gr_delta
hist_pid_gr
hist_pid_las
hist_vdc_gr_track
hist_vdc_las_track
hist_vdc_gr_las
hist_optics_gr
hist_optics_las
hist_optics_corr
hist_phys
itrBegin = 92977552 itrEnd = 125173456
branch : gdc
branch : gfp
branch : ldc
branch : lfp
branch : gtgt
branch : ltgt
branch : pid_gr
branch : pid_las
branch : tof_raw
branch : tof
branch : gr_rf1
branch : gr_rf2
branch : gr_rf3
branch : las_rf1
branch : las_rf2
branch : las_rf3
branch : trig_gr
branch : trig_las
branch : trig_coin
branch : rf1
branch : rf2
branch : rf3
branch : pgr
branch : plas
shell/phys.C(2183,"pph")
Registering art::TStreamingModuleDecoderLRTDC
Registering art::TStreamingModuleDecoderHRTDC
Registering art::TStreamingModuleDecoderLRTDC64
Registering art::streaming::v1::TStreamingModuleDecoderLRTDC64
Registering art::streaming::v1::TStreamingModuleDecoderHRTDC
Use mass table inside root since Art.MassTable is not defined in .rootrc
Created art::TStreamingModuleDecoderHRTDC with decoder ID 2
Created art::TStreamingModuleDecoderLRTDC with decoder ID 1
Created art::TStreamingModuleDecoderLRTDC64 with decoder ID 3
Created art::streaming::v1::TStreamingModuleDecoderHRTDC with decoder ID 5
Created art::streaming::v1::TStreamingModuleDecoderLRTDC64 with decoder ID 6

Processing shell/phys.C(2183,"pph")...
timer
es_ttree
steering gate/gate_coin.yaml steering/gate gate_coin.yaml
gate_array_init_coin
trigger_gates
stop_proc_coin
steering gate/las/gate_las_ppt.yaml steering/gate/las gate_las_ppt.yaml
loading tmpl/gate_las_calib.tmpl.yaml
steering/gate/las tmpl/gate_las_calib.tmpl.yaml steering/gate/las/tmpl gate_las_calib.tmpl.yaml
gate_array_init_las_pid
las_pid
stop_proc_las_pid
steering gate/gr/gate_gr_ppt.yaml steering/gate/gr gate_gr_ppt.yaml
loading tmpl/gate_gr_calib.tmpl.yaml
steering/gate/gr tmpl/gate_gr_calib.tmpl.yaml steering/gate/gr/tmpl gate_gr_calib.tmpl.yaml
gate_array_init
gr_charge
stop_proc
steering gate/gate_gr_delta.yaml steering/gate gate_gr_delta.yaml
gate_array_init_gr_delta
def_gate_gr_delta
stop_proc_gr_delta
hist_pid_gr
hist_pid_las
hist_vdc_gr_track
hist_vdc_las_track
hist_vdc_gr_las
hist_optics_gr
hist_optics_las
hist_optics_corr
hist_phys
itrBegin = 124353424 itrEnd = 124724912
branch : gdc
branch : gfp
branch : ldc
branch : lfp
branch : gtgt
branch : ltgt
branch : pid_gr
branch : pid_las
branch : tof_raw
branch : tof
branch : gr_rf1
branch : gr_rf2
branch : gr_rf3
branch : las_rf1
branch : las_rf2
branch : las_rf3
branch : trig_gr
branch : trig_las
branch : trig_coin
branch : rf1
branch : rf2
branch : rf3
branch : pgr
branch : plas
shell/phys.C(2185,"pph")
Registering art::TStreamingModuleDecoderLRTDC
Registering art::TStreamingModuleDecoderHRTDC
Registering art::TStreamingModuleDecoderLRTDC64
Registering art::streaming::v1::TStreamingModuleDecoderLRTDC64
Registering art::streaming::v1::TStreamingModuleDecoderHRTDC
Use mass table inside root since Art.MassTable is not defined in .rootrc
Created art::TStreamingModuleDecoderHRTDC with decoder ID 2
Created art::TStreamingModuleDecoderLRTDC with decoder ID 1
Created art::TStreamingModuleDecoderLRTDC64 with decoder ID 3
Created art::streaming::v1::TStreamingModuleDecoderHRTDC with decoder ID 5
Created art::streaming::v1::TStreamingModuleDecoderLRTDC64 with decoder ID 6

Processing shell/phys.C(2185,"pph")...
timer
es_ttree
steering gate/gate_coin.yaml steering/gate gate_coin.yaml
gate_array_init_coin
trigger_gates
stop_proc_coin
steering gate/las/gate_las_ppt.yaml steering/gate/las gate_las_ppt.yaml
loading tmpl/gate_las_calib.tmpl.yaml
steering/gate/las tmpl/gate_las_calib.tmpl.yaml steering/gate/las/tmpl gate_las_calib.tmpl.yaml
gate_array_init_las_pid
las_pid
stop_proc_las_pid
steering gate/gr/gate_gr_ppt.yaml steering/gate/gr gate_gr_ppt.yaml
loading tmpl/gate_gr_calib.tmpl.yaml
steering/gate/gr tmpl/gate_gr_calib.tmpl.yaml steering/gate/gr/tmpl gate_gr_calib.tmpl.yaml
gate_array_init
gr_charge
stop_proc
steering gate/gate_gr_delta.yaml steering/gate gate_gr_delta.yaml
gate_array_init_gr_delta
def_gate_gr_delta
stop_proc_gr_delta
hist_pid_gr
hist_pid_las
hist_vdc_gr_track
hist_vdc_las_track
hist_vdc_gr_las
hist_optics_gr
hist_optics_las
hist_optics_corr
hist_phys
itrBegin = 116115056 itrEnd = 116916016
branch : gdc
branch : gfp
branch : ldc
branch : lfp
branch : gtgt
branch : ltgt
branch : pid_gr
branch : pid_las
branch : tof_raw
branch : tof
branch : gr_rf1
branch : gr_rf2
branch : gr_rf3
branch : las_rf1
branch : las_rf2
branch : las_rf3
branch : trig_gr
branch : trig_las
branch : trig_coin
branch : rf1
branch : rf2
branch : rf3
branch : pgr
branch : plas
shell/phys.C(2186,"pph")
Registering art::TStreamingModuleDecoderLRTDC
Registering art::TStreamingModuleDecoderHRTDC
Registering art::TStreamingModuleDecoderLRTDC64
Registering art::streaming::v1::TStreamingModuleDecoderLRTDC64
Registering art::streaming::v1::TStreamingModuleDecoderHRTDC
Use mass table inside root since Art.MassTable is not defined in .rootrc
Created art::TStreamingModuleDecoderHRTDC with decoder ID 2
Created art::TStreamingModuleDecoderLRTDC with decoder ID 1
Created art::TStreamingModuleDecoderLRTDC64 with decoder ID 3
Created art::streaming::v1::TStreamingModuleDecoderHRTDC with decoder ID 5
Created art::streaming::v1::TStreamingModuleDecoderLRTDC64 with decoder ID 6

Processing shell/phys.C(2186,"pph")...
timer
es_ttree
steering gate/gate_coin.yaml steering/gate gate_coin.yaml
gate_array_init_coin
trigger_gates
stop_proc_coin
steering gate/las/gate_las_ppt.yaml steering/gate/las gate_las_ppt.yaml
loading tmpl/gate_las_calib.tmpl.yaml
steering/gate/las tmpl/gate_las_calib.tmpl.yaml steering/gate/las/tmpl gate_las_calib.tmpl.yaml
gate_array_init_las_pid
las_pid
stop_proc_las_pid
steering gate/gr/gate_gr_ppt.yaml steering/gate/gr gate_gr_ppt.yaml
loading tmpl/gate_gr_calib.tmpl.yaml
steering/gate/gr tmpl/gate_gr_calib.tmpl.yaml steering/gate/gr/tmpl gate_gr_calib.tmpl.yaml
gate_array_init
gr_charge
stop_proc
steering gate/gate_gr_delta.yaml steering/gate gate_gr_delta.yaml
gate_array_init_gr_delta
def_gate_gr_delta
stop_proc_gr_delta
hist_pid_gr
hist_pid_las
hist_vdc_gr_track
hist_vdc_las_track
hist_vdc_gr_las
hist_optics_gr
hist_optics_las
hist_optics_corr
hist_phys
itrBegin = 129736112 itrEnd = 138540784
branch : gdc
branch : gfp
branch : ldc
branch : lfp
branch : gtgt
branch : ltgt
branch : pid_gr
branch : pid_las
branch : tof_raw
branch : tof
branch : gr_rf1
branch : gr_rf2
branch : gr_rf3
branch : las_rf1
branch : las_rf2
branch : las_rf3
branch : trig_gr
branch : trig_las
branch : trig_coin
branch : rf1
branch : rf2
branch : rf3
branch : pgr
branch : plas
