

*******************************************************************************
Thu May 30 03:29:31 2024


FIT:    data read from "dispersion_las.dat" u 2:($1)
        format = x:z
        #datapoints = 5
        residuals are weighted equally (unit weight)

function used for fitting: f(x)
	f(x)=p0+p1*x+p2*x*x
fitted parameters initialized with current variable values

iter      chisq       delta/lim  lambda   p0            p1            p2           
   0 2.5153868161e+10   0.00e+00  4.09e+04    1.000000e+00   1.000000e+00   1.000000e+00
   9 1.1767801883e-07  -3.17e-07  4.09e-05   -4.225402e-05  -2.181519e-04   6.146050e-08

After 9 iterations the fit converged.
final sum of squares of residuals : 1.17678e-07
rel. change during last iteration : -3.17258e-12

degrees of freedom    (FIT_NDF)                        : 2
rms of residuals      (FIT_STDFIT) = sqrt(WSSR/ndf)    : 0.000242568
variance of residuals (reduced chisquare) = WSSR/ndf   : 5.8839e-08

Final set of parameters            Asymptotic Standard Error
=======================            ==========================
p0              = -4.2254e-05      +/- 0.0001681    (397.7%)
p1              = -0.000218152     +/- 4.94e-07     (0.2265%)
p2              = 6.14605e-08      +/- 2.443e-09    (3.975%)

correlation matrix of the fit parameters:
                p0     p1     p2     
p0              1.000 
p1              0.193  1.000 
p2             -0.763 -0.305  1.000 
