

*******************************************************************************
Wed May  8 23:05:32 2024


FIT:    data read from "fp_gr_fit.dat"  u 1:2
        format = x:z
        #datapoints = 4
        residuals are weighted equally (unit weight)

function used for fitting: g(x)
	g(x)=p0+p1*x+p2*x**2
fitted parameters initialized with current variable values

iter      chisq       delta/lim  lambda   p0            p1            p2           
   0 7.4453135989e+10   0.00e+00  7.89e+04    1.000000e+00   1.000000e+00   1.000000e+00
   8 1.3847992553e+04  -1.45e-01  7.89e-04    6.621535e+01   1.178023e+00   1.390091e-03

After 8 iterations the fit converged.
final sum of squares of residuals : 13848
rel. change during last iteration : -1.44863e-06

degrees of freedom    (FIT_NDF)                        : 1
rms of residuals      (FIT_STDFIT) = sqrt(WSSR/ndf)    : 117.677
variance of residuals (reduced chisquare) = WSSR/ndf   : 13848

Final set of parameters            Asymptotic Standard Error
=======================            ==========================
p0              = 66.2154          +/- 113.9        (172.1%)
p1              = 1.17802          +/- 0.175        (14.86%)
p2              = 0.00139009       +/- 0.0008393    (60.38%)

correlation matrix of the fit parameters:
                p0     p1     p2     
p0              1.000 
p1             -0.131  1.000 
p2             -0.856  0.174  1.000 


*******************************************************************************
Wed May  8 23:06:50 2024


FIT:    data read from "fp_gr_fit.dat"  u 1:3
        format = x:z
        #datapoints = 4
        residuals are weighted equally (unit weight)

function used for fitting: g(x)
	g(x)=p0+p1*x+p2*x**2
fitted parameters initialized with current variable values

iter      chisq       delta/lim  lambda   p0            p1            p2           
   0 5.2586695171e+08   0.00e+00  2.60e+02    6.621535e+01   1.178023e+00   1.390091e-03
   4 3.2599220990e+06  -1.59e-02  2.60e-02   -4.427058e+03  -1.429610e+01  -4.629527e-02

After 4 iterations the fit converged.
final sum of squares of residuals : 3.25992e+06
rel. change during last iteration : -1.58686e-07

degrees of freedom    (FIT_NDF)                        : 1
rms of residuals      (FIT_STDFIT) = sqrt(WSSR/ndf)    : 1805.53
variance of residuals (reduced chisquare) = WSSR/ndf   : 3.25992e+06

Final set of parameters            Asymptotic Standard Error
=======================            ==========================
p0              = -4427.06         +/- 1748         (39.49%)
p1              = -14.2961         +/- 2.686        (18.78%)
p2              = -0.0462953       +/- 0.01288      (27.82%)

correlation matrix of the fit parameters:
                p0     p1     p2     
p0              1.000 
p1             -0.131  1.000 
p2             -0.856  0.174  1.000 


*******************************************************************************
Wed May  8 23:34:53 2024


FIT:    data read from "fit_itr.dat" u 1:2
        format = x:z
        #datapoints = 5
        residuals are weighted equally (unit weight)

function used for fitting: g(x)
BREAK: Need via and either parameter list or file

*******************************************************************************
Wed May  8 23:35:31 2024


FIT:    data read from "fit_itr.dat" u 1:2
        format = x:z
        #datapoints = 5
        residuals are weighted equally (unit weight)

function used for fitting: g(x)
	g(x)=p0+p1*x+p2*x**2+p3*x**3
fitted parameters initialized with current variable values

iter      chisq       delta/lim  lambda   p0            p1            p2            p3           
   0 1.3548209019e+16   0.00e+00  2.60e+07    1.000000e+00   1.000000e+00   1.000000e+00   1.000000e+00
  11 4.1157678834e+02  -3.45e-06  2.60e-04    1.129520e+01  -5.096827e-01   4.175879e-05   3.274388e-06

After 11 iterations the fit converged.
final sum of squares of residuals : 411.577
rel. change during last iteration : -3.4512e-11

degrees of freedom    (FIT_NDF)                        : 1
rms of residuals      (FIT_STDFIT) = sqrt(WSSR/ndf)    : 20.2874
variance of residuals (reduced chisquare) = WSSR/ndf   : 411.577

Final set of parameters            Asymptotic Standard Error
=======================            ==========================
p0              = 11.2952          +/- 14.16        (125.4%)
p1              = -0.509683        +/- 0.08906      (17.47%)
p2              = 4.17588e-05      +/- 0.0001199    (287.2%)
p3              = 3.27439e-06      +/- 5.317e-07    (16.24%)

correlation matrix of the fit parameters:
                p0     p1     p2     p3     
p0              1.000 
p1              0.044  1.000 
p2             -0.760 -0.182  1.000 
p3             -0.081 -0.941  0.246  1.000 


*******************************************************************************
Wed May  8 23:37:46 2024


FIT:    data read from "fit_itr.dat" u 1:3
        format = x:z
        #datapoints = 5
        residuals are weighted equally (unit weight)

function used for fitting: g(x)
	g(x)=p0+p1*x
fitted parameters initialized with current variable values

iter      chisq       delta/lim  lambda   p0            p1           
   0 1.8623999142e+07   0.00e+00  1.10e+02    1.129520e+01  -5.096827e-01
   4 8.6228272897e+06  -5.46e-03  1.10e-02   -1.042826e+03  -3.703708e+00

After 4 iterations the fit converged.
final sum of squares of residuals : 8.62283e+06
rel. change during last iteration : -5.45987e-08

degrees of freedom    (FIT_NDF)                        : 3
rms of residuals      (FIT_STDFIT) = sqrt(WSSR/ndf)    : 1695.37
variance of residuals (reduced chisquare) = WSSR/ndf   : 2.87428e+06

Final set of parameters            Asymptotic Standard Error
=======================            ==========================
p0              = -1042.83         +/- 758.5        (72.74%)
p1              = -3.70371         +/- 2.483        (67.04%)

correlation matrix of the fit parameters:
                p0     p1     
p0              1.000 
p1              0.031  1.000 


*******************************************************************************
Wed May  8 23:38:07 2024


FIT:    data read from "fit_itr.dat" u 1:3
        format = x:z
        #datapoints = 5
        residuals are weighted equally (unit weight)

function used for fitting: g(x)
	g(x)=p0+p1*x+p2*x*x
fitted parameters initialized with current variable values

iter      chisq       delta/lim  lambda   p0            p1            p2           
   0 8.6388107704e+06   0.00e+00  8.88e+02   -1.042826e+03  -3.703708e+00   4.175879e-05
   6 7.4400011626e+06  -2.69e-08  8.88e-04   -4.634658e+02  -3.946536e+00  -6.231361e-03

After 6 iterations the fit converged.
final sum of squares of residuals : 7.44e+06
rel. change during last iteration : -2.68882e-13

degrees of freedom    (FIT_NDF)                        : 2
rms of residuals      (FIT_STDFIT) = sqrt(WSSR/ndf)    : 1928.73
variance of residuals (reduced chisquare) = WSSR/ndf   : 3.72e+06

Final set of parameters            Asymptotic Standard Error
=======================            ==========================
p0              = -463.466         +/- 1342         (289.5%)
p1              = -3.94654         +/- 2.857        (72.4%)
p2              = -0.00623136      +/- 0.01105      (177.3%)

correlation matrix of the fit parameters:
                p0     p1     p2     
p0              1.000 
p1             -0.096  1.000 
p2             -0.766  0.151  1.000 


*******************************************************************************
Wed May  8 23:38:17 2024


FIT:    data read from "fit_itr.dat" u 1:3
        format = x:z
        #datapoints = 5
        residuals are weighted equally (unit weight)

function used for fitting: g(x)
	g(x)=p0+p1*x+p2*x*x
fitted parameters initialized with current variable values

iter      chisq       delta/lim  lambda   p0            p1            p2           
   0 7.4400011626e+06   0.00e+00  8.66e+02   -4.634658e+02  -3.946536e+00  -6.231361e-03
   1 7.4400011626e+06  -1.25e-11  8.66e+01   -4.634658e+02  -3.946536e+00  -6.231361e-03

After 1 iterations the fit converged.
final sum of squares of residuals : 7.44e+06
rel. change during last iteration : -1.25178e-16

degrees of freedom    (FIT_NDF)                        : 2
rms of residuals      (FIT_STDFIT) = sqrt(WSSR/ndf)    : 1928.73
variance of residuals (reduced chisquare) = WSSR/ndf   : 3.72e+06

Final set of parameters            Asymptotic Standard Error
=======================            ==========================
p0              = -463.466         +/- 1342         (289.5%)
p1              = -3.94654         +/- 2.857        (72.4%)
p2              = -0.00623136      +/- 0.01105      (177.3%)

correlation matrix of the fit parameters:
                p0     p1     p2     
p0              1.000 
p1             -0.096  1.000 
p2             -0.766  0.151  1.000 


*******************************************************************************
Wed May  8 23:38:40 2024


FIT:    data read from "fit_itr.dat" u 1:3
        format = x:z
        #datapoints = 5
        residuals are weighted equally (unit weight)

function used for fitting: g(x)
	g(x)=p0+p1*x+p2*x**2+p3*x**3
fitted parameters initialized with current variable values

iter      chisq       delta/lim  lambda   p0            p1            p2            p3           
   0 8.1309117933e+06   0.00e+00  7.55e+02   -4.634658e+02  -3.946536e+00  -6.231361e-03   3.274388e-06
   4 2.6733310594e+06  -1.90e-01  7.55e-02   -3.405607e+02   5.075469e+00  -9.405930e-03  -5.722320e-05

After 4 iterations the fit converged.
final sum of squares of residuals : 2.67333e+06
rel. change during last iteration : -1.89675e-06

degrees of freedom    (FIT_NDF)                        : 1
rms of residuals      (FIT_STDFIT) = sqrt(WSSR/ndf)    : 1635.03
variance of residuals (reduced chisquare) = WSSR/ndf   : 2.67333e+06

Final set of parameters            Asymptotic Standard Error
=======================            ==========================
p0              = -340.561         +/- 1141         (335.1%)
p1              = 5.07547          +/- 7.178        (141.4%)
p2              = -0.00940593      +/- 0.009665     (102.8%)
p3              = -5.72232e-05     +/- 4.285e-05    (74.89%)

correlation matrix of the fit parameters:
                p0     p1     p2     p3     
p0              1.000 
p1              0.044  1.000 
p2             -0.760 -0.182  1.000 
p3             -0.081 -0.941  0.246  1.000 


*******************************************************************************
Wed May  8 23:47:07 2024


FIT:    data read from "fp_gr_fit.dat" u 1:5
        format = x:z
        #datapoints = 4
        residuals are weighted equally (unit weight)

function used for fitting: g(x)
	g(x)=p0+p1*x+p2*x**2
fitted parameters initialized with current variable values

iter      chisq       delta/lim  lambda   p0            p1            p2           
   0 7.1074531143e+12   0.00e+00  5.28e+04    1.000000e+00   1.000000e+00   1.000000e+00
   9 8.6911620618e+07  -2.53e-08  5.28e-05   -1.154673e+06  -1.387029e+03   1.034346e+00

After 9 iterations the fit converged.
final sum of squares of residuals : 8.69116e+07
rel. change during last iteration : -2.52892e-13

degrees of freedom    (FIT_NDF)                        : 1
rms of residuals      (FIT_STDFIT) = sqrt(WSSR/ndf)    : 9322.64
variance of residuals (reduced chisquare) = WSSR/ndf   : 8.69116e+07

Final set of parameters            Asymptotic Standard Error
=======================            ==========================
p0              = -1.15467e+06     +/- 7028         (0.6087%)
p1              = -1387.03         +/- 28.05        (2.022%)
p2              = 1.03435          +/- 0.1044       (10.09%)

correlation matrix of the fit parameters:
                p0     p1     p2     
p0              1.000 
p1              0.292  1.000 
p2             -0.693 -0.710  1.000 


*******************************************************************************
Wed May  8 23:47:18 2024


FIT:    data read from "fp_gr_fit.dat" u 1:3
        format = x:z
        #datapoints = 4
        residuals are weighted equally (unit weight)

function used for fitting: g(x)
	g(x)=p0+p1*x+p2*x**2
fitted parameters initialized with current variable values

iter      chisq       delta/lim  lambda   p0            p1            p2           
   0 6.2416570742e+12   0.00e+00  7.00e+05   -1.154673e+06  -1.387029e+03   1.034346e+00
   5 8.3083090237e+05  -2.35e-05  7.00e+00   -4.101797e+03  -1.015654e+01  -6.058020e-02

After 5 iterations the fit converged.
final sum of squares of residuals : 830831
rel. change during last iteration : -2.35205e-10

degrees of freedom    (FIT_NDF)                        : 1
rms of residuals      (FIT_STDFIT) = sqrt(WSSR/ndf)    : 911.499
variance of residuals (reduced chisquare) = WSSR/ndf   : 830831

Final set of parameters            Asymptotic Standard Error
=======================            ==========================
p0              = -4101.8          +/- 687.1        (16.75%)
p1              = -10.1565         +/- 2.743        (27%)
p2              = -0.0605802       +/- 0.01021      (16.85%)

correlation matrix of the fit parameters:
                p0     p1     p2     
p0              1.000 
p1              0.292  1.000 
p2             -0.693 -0.710  1.000 


*******************************************************************************
Wed May  8 23:47:21 2024


FIT:    data read from "fp_gr_fit.dat" u 1:2
        format = x:z
        #datapoints = 4
        residuals are weighted equally (unit weight)

function used for fitting: g(x)
	g(x)=p0+p1*x+p2*x**2
fitted parameters initialized with current variable values

iter      chisq       delta/lim  lambda   p0            p1            p2           
   0 5.0414670511e+08   0.00e+00  4.25e+03   -4.101797e+03  -1.015654e+01  -6.058020e-02
   4 3.9614055883e+03  -9.24e-04  4.25e-01    4.807589e+01   9.118164e-01   2.289594e-03

After 4 iterations the fit converged.
final sum of squares of residuals : 3961.41
rel. change during last iteration : -9.24017e-09

degrees of freedom    (FIT_NDF)                        : 1
rms of residuals      (FIT_STDFIT) = sqrt(WSSR/ndf)    : 62.9397
variance of residuals (reduced chisquare) = WSSR/ndf   : 3961.41

Final set of parameters            Asymptotic Standard Error
=======================            ==========================
p0              = 48.0759          +/- 47.45        (98.69%)
p1              = 0.911816         +/- 0.1894       (20.77%)
p2              = 0.00228959       +/- 0.0007048    (30.78%)

correlation matrix of the fit parameters:
                p0     p1     p2     
p0              1.000 
p1              0.292  1.000 
p2             -0.693 -0.710  1.000 


*******************************************************************************
Wed May  8 23:48:37 2024


FIT:    data read from "fp_gr_fit.dat" u 1:3
        format = x:z
        #datapoints = 4
        residuals are weighted equally (unit weight)

function used for fitting: g(x)
	g(x)=p0+p1*x+p2*x**2
fitted parameters initialized with current variable values

iter      chisq       delta/lim  lambda   p0            p1            p2           
   0 5.0497357461e+08   0.00e+00  1.83e+02    4.807589e+01   9.118164e-01   2.289594e-03
   4 8.3083090237e+05  -1.13e-02  1.83e-02   -4.101797e+03  -1.015654e+01  -6.058020e-02

After 4 iterations the fit converged.
final sum of squares of residuals : 830831
rel. change during last iteration : -1.12801e-07

degrees of freedom    (FIT_NDF)                        : 1
rms of residuals      (FIT_STDFIT) = sqrt(WSSR/ndf)    : 911.499
variance of residuals (reduced chisquare) = WSSR/ndf   : 830831

Final set of parameters            Asymptotic Standard Error
=======================            ==========================
p0              = -4101.8          +/- 687.1        (16.75%)
p1              = -10.1565         +/- 2.743        (27%)
p2              = -0.0605802       +/- 0.01021      (16.85%)

correlation matrix of the fit parameters:
                p0     p1     p2     
p0              1.000 
p1              0.292  1.000 
p2             -0.693 -0.710  1.000 


*******************************************************************************
Wed May  8 23:48:59 2024


FIT:    data read from "fp_gr_fit.dat" u 1:4
        format = x:z
        #datapoints = 4
        residuals are weighted equally (unit weight)

function used for fitting: g(x)
	g(x)=p0+p1*x+p2*x**2
fitted parameters initialized with current variable values

iter      chisq       delta/lim  lambda   p0            p1            p2           
   0 8.3292157854e+10   0.00e+00  4.25e+03   -4.101797e+03  -1.015654e+01  -6.058020e-02
   4 4.3471375630e+05  -1.20e-02  4.25e-01    3.270007e+04   3.283819e+02   4.003491e-01

After 4 iterations the fit converged.
final sum of squares of residuals : 434714
rel. change during last iteration : -1.19914e-07

degrees of freedom    (FIT_NDF)                        : 1
rms of residuals      (FIT_STDFIT) = sqrt(WSSR/ndf)    : 659.328
variance of residuals (reduced chisquare) = WSSR/ndf   : 434714

Final set of parameters            Asymptotic Standard Error
=======================            ==========================
p0              = 32700.1          +/- 497          (1.52%)
p1              = 328.382          +/- 1.984        (0.6041%)
p2              = 0.400349         +/- 0.007383     (1.844%)

correlation matrix of the fit parameters:
                p0     p1     p2     
p0              1.000 
p1              0.292  1.000 
p2             -0.693 -0.710  1.000 


*******************************************************************************
Wed May  8 23:49:28 2024


FIT:    data read from "fp_gr_fit.dat" u 1:5
        format = x:z
        #datapoints = 4
        residuals are weighted equally (unit weight)

function used for fitting: g(x)
	g(x)=p0+p1*x+p2*x**2
fitted parameters initialized with current variable values

iter      chisq       delta/lim  lambda   p0            p1            p2           
   0 7.5258483077e+12   0.00e+00  5.63e+04    3.270007e+04   3.283819e+02   4.003491e-01
   4 8.6911620618e+07  -5.62e-02  5.63e+00   -1.154673e+06  -1.387029e+03   1.034346e+00

After 4 iterations the fit converged.
final sum of squares of residuals : 8.69116e+07
rel. change during last iteration : -5.61755e-07

degrees of freedom    (FIT_NDF)                        : 1
rms of residuals      (FIT_STDFIT) = sqrt(WSSR/ndf)    : 9322.64
variance of residuals (reduced chisquare) = WSSR/ndf   : 8.69116e+07

Final set of parameters            Asymptotic Standard Error
=======================            ==========================
p0              = -1.15467e+06     +/- 7028         (0.6087%)
p1              = -1387.03         +/- 28.05        (2.022%)
p2              = 1.03435          +/- 0.1044       (10.09%)

correlation matrix of the fit parameters:
                p0     p1     p2     
p0              1.000 
p1              0.292  1.000 
p2             -0.693 -0.710  1.000 


*******************************************************************************
Thu May  9 00:38:57 2024


FIT:    data read from "fit_itr.dat" u 1:2
        format = x:z
        #datapoints = 5
        residuals are weighted equally (unit weight)

function used for fitting: g(x)
	g(x)=p0+p1*x+p2*x**2+p3*x**3
fitted parameters initialized with current variable values

iter      chisq       delta/lim  lambda   p0            p1            p2            p3           
   0 1.3737346088e+16   0.00e+00  2.62e+07    1.000000e+00   1.000000e+00   1.000000e+00   1.000000e+00
  11 4.2127511785e+02  -2.96e-06  2.62e-04   -8.424780e+00  -3.640024e-01  -1.255491e-03   3.288284e-06

After 11 iterations the fit converged.
final sum of squares of residuals : 421.275
rel. change during last iteration : -2.96005e-11

degrees of freedom    (FIT_NDF)                        : 1
rms of residuals      (FIT_STDFIT) = sqrt(WSSR/ndf)    : 20.525
variance of residuals (reduced chisquare) = WSSR/ndf   : 421.275

Final set of parameters            Asymptotic Standard Error
=======================            ==========================
p0              = -8.42478         +/- 14.3         (169.7%)
p1              = -0.364002        +/- 0.08976      (24.66%)
p2              = -0.00125549      +/- 0.0001164    (9.273%)
p3              = 3.28828e-06      +/- 5.271e-07    (16.03%)

correlation matrix of the fit parameters:
                p0     p1     p2     p3     
p0              1.000 
p1              0.006  1.000 
p2             -0.766 -0.056  1.000 
p3             -0.018 -0.943  0.076  1.000 


*******************************************************************************
Thu May  9 00:39:28 2024


FIT:    data read from "fit_itr.dat" u 1:3
        format = x:z
        #datapoints = 5
        residuals are weighted equally (unit weight)

function used for fitting: g(x)
	g(x)=p0+p1*x+p2*x**2+p3*x**3
fitted parameters initialized with current variable values

iter      chisq       delta/lim  lambda   p0            p1            p2            p3           
   0 3.0755176764e+07   0.00e+00  1.29e+02   -8.424780e+00  -3.640024e-01  -1.255491e-03   3.288284e-06
   4 9.3404629248e+03  -5.38e-01  1.29e-02    2.231601e+01   9.995541e+00   1.569576e-02  -4.262200e-05

After 4 iterations the fit converged.
final sum of squares of residuals : 9340.46
rel. change during last iteration : -5.38403e-06

degrees of freedom    (FIT_NDF)                        : 1
rms of residuals      (FIT_STDFIT) = sqrt(WSSR/ndf)    : 96.6461
variance of residuals (reduced chisquare) = WSSR/ndf   : 9340.46

Final set of parameters            Asymptotic Standard Error
=======================            ==========================
p0              = 22.316           +/- 67.34        (301.8%)
p1              = 9.99554          +/- 0.4227       (4.229%)
p2              = 0.0156958        +/- 0.0005482    (3.493%)
p3              = -4.2622e-05      +/- 2.482e-06    (5.823%)

correlation matrix of the fit parameters:
                p0     p1     p2     p3     
p0              1.000 
p1              0.006  1.000 
p2             -0.766 -0.056  1.000 
p3             -0.018 -0.943  0.076  1.000 


*******************************************************************************
Thu May  9 00:39:43 2024


FIT:    data read from "fit_itr.dat" u 1:4
        format = x:z
        #datapoints = 5
        residuals are weighted equally (unit weight)

function used for fitting: g(x)
	g(x)=p0+p1*x+p2*x**2+p3*x**3
fitted parameters initialized with current variable values

iter      chisq       delta/lim  lambda   p0            p1            p2            p3           
   0 1.5798366691e+10   0.00e+00  2.13e+03    2.231601e+01   9.995541e+00   1.569576e-02  -4.262200e-05
   6 2.1489599836e+07  -2.25e-09  2.13e-03   -7.782673e+03  -4.867391e+01   3.809627e-01  -4.345847e-04

After 6 iterations the fit converged.
final sum of squares of residuals : 2.14896e+07
rel. change during last iteration : -2.25359e-14

degrees of freedom    (FIT_NDF)                        : 1
rms of residuals      (FIT_STDFIT) = sqrt(WSSR/ndf)    : 4635.69
variance of residuals (reduced chisquare) = WSSR/ndf   : 2.14896e+07

Final set of parameters            Asymptotic Standard Error
=======================            ==========================
p0              = -7782.67         +/- 3230         (41.5%)
p1              = -48.6739         +/- 20.27        (41.65%)
p2              = 0.380963         +/- 0.0263       (6.902%)
p3              = -0.000434585     +/- 0.000119     (27.39%)

correlation matrix of the fit parameters:
                p0     p1     p2     p3     
p0              1.000 
p1              0.006  1.000 
p2             -0.766 -0.056  1.000 
p3             -0.018 -0.943  0.076  1.000 


*******************************************************************************
Thu May  9 03:29:06 2024


FIT:    data read from "fp_gr_fit.dat" u 1:2
        format = x:z
        #datapoints = 5
        residuals are weighted equally (unit weight)

function used for fitting: g(x)
	g(x)=p0+p1*x+p2*x**2
fitted parameters initialized with current variable values



*******************************************************************************
Thu May  9 03:29:13 2024


FIT:    data read from "fp_gr_fit.dat" u 1:2
        format = x:z
        #datapoints = 5
        residuals are weighted equally (unit weight)

function used for fitting: g(x)
	g(x)=p0+p1*x+p2*x**2
fitted parameters initialized with current variable values

iter      chisq       delta/lim  lambda   p0            p1            p2           
   0 7.4389230500e+10   0.00e+00  7.05e+04    1.000000e+00   1.000000e+00   1.000000e+00
   8 7.3634667393e+03  -4.77e-02  7.05e-04    9.316932e+01   1.229285e+00   1.152372e-03

After 8 iterations the fit converged.
final sum of squares of residuals : 7363.47
rel. change during last iteration : -4.77291e-07

degrees of freedom    (FIT_NDF)                        : 2
rms of residuals      (FIT_STDFIT) = sqrt(WSSR/ndf)    : 60.6773
variance of residuals (reduced chisquare) = WSSR/ndf   : 3681.73

Final set of parameters            Asymptotic Standard Error
=======================            ==========================
p0              = 93.1693          +/- 42.21        (45.31%)
p1              = 1.22928          +/- 0.08995      (7.317%)
p2              = 0.00115237       +/- 0.0003479    (30.19%)

correlation matrix of the fit parameters:
                p0     p1     p2     
p0              1.000 
p1             -0.097  1.000 
p2             -0.766  0.153  1.000 


*******************************************************************************
Thu May  9 03:30:35 2024


FIT:    data read from "fp_gr_fit.dat" u 1:2
        format = x:z
        #datapoints = 5
        residuals are weighted equally (unit weight)

function used for fitting: g(x)
	g(x)=p0+p1*x+p2*x**2+p3*x**3
fitted parameters initialized with current variable values

iter      chisq       delta/lim  lambda   p0            p1            p2            p3           
   0 1.3539667285e+16   0.00e+00  2.60e+07    9.316932e+01   1.229285e+00   1.152372e-03   1.000000e+00
   9 2.5922850655e+02  -2.74e-05  2.60e-02    8.830679e+01   8.808448e-01   1.277262e-03   2.212245e-06

After 9 iterations the fit converged.
final sum of squares of residuals : 259.229
rel. change during last iteration : -2.74248e-10

degrees of freedom    (FIT_NDF)                        : 1
rms of residuals      (FIT_STDFIT) = sqrt(WSSR/ndf)    : 16.1006
variance of residuals (reduced chisquare) = WSSR/ndf   : 259.229

Final set of parameters            Asymptotic Standard Error
=======================            ==========================
p0              = 88.3068          +/- 11.24        (12.73%)
p1              = 0.880845         +/- 0.07071      (8.027%)
p2              = 0.00127726       +/- 9.536e-05    (7.466%)
p3              = 2.21225e-06      +/- 4.226e-07    (19.1%)

correlation matrix of the fit parameters:
                p0     p1     p2     p3     
p0              1.000 
p1              0.045  1.000 
p2             -0.760 -0.186  1.000 
p3             -0.083 -0.941  0.250  1.000 


*******************************************************************************
Thu May  9 03:32:11 2024


FIT:    data read from "fp_gr_fit.dat" u 1:3
        format = x:z
        #datapoints = 5
        residuals are weighted equally (unit weight)

function used for fitting: g(x)
	g(x)=p0+p1*x+p2*x**2+p3*x**3
fitted parameters initialized with current variable values

iter      chisq       delta/lim  lambda   p0            p1            p2            p3           
   0 4.1576401347e+08   0.00e+00  1.72e+02    8.830679e+01   8.808448e-01   1.277262e-03   2.212245e-06
   4 6.2811583735e+04  -7.36e-04  1.72e-02   -6.311009e+03  -6.862470e+00  -2.213340e-02  -1.677967e-05

After 4 iterations the fit converged.
final sum of squares of residuals : 62811.6
rel. change during last iteration : -7.36411e-09

degrees of freedom    (FIT_NDF)                        : 1
rms of residuals      (FIT_STDFIT) = sqrt(WSSR/ndf)    : 250.622
variance of residuals (reduced chisquare) = WSSR/ndf   : 62811.6

Final set of parameters            Asymptotic Standard Error
=======================            ==========================
p0              = -6311.01         +/- 175          (2.772%)
p1              = -6.86247         +/- 1.101        (16.04%)
p2              = -0.0221334       +/- 0.001484     (6.706%)
p3              = -1.67797e-05     +/- 6.578e-06    (39.2%)

correlation matrix of the fit parameters:
                p0     p1     p2     p3     
p0              1.000 
p1              0.045  1.000 
p2             -0.760 -0.186  1.000 
p3             -0.083 -0.941  0.250  1.000 


*******************************************************************************
Thu May  9 03:32:33 2024


FIT:    data read from "fp_gr_fit.dat" u 1:3
        format = x:z
        #datapoints = 5
        residuals are weighted equally (unit weight)

function used for fitting: g(x)
	g(x)=p0+p1*x+p2*x**2
fitted parameters initialized with current variable values

iter      chisq       delta/lim  lambda   p0            p1            p2           
   0 3.8750048126e+06   0.00e+00  4.14e+03   -6.311009e+03  -6.862470e+00  -2.213340e-02
   4 4.7152394513e+05  -5.42e-08  4.14e-01   -6.347890e+03  -9.505353e+00  -2.118613e-02

After 4 iterations the fit converged.
final sum of squares of residuals : 471524
rel. change during last iteration : -5.42174e-13

degrees of freedom    (FIT_NDF)                        : 2
rms of residuals      (FIT_STDFIT) = sqrt(WSSR/ndf)    : 485.553
variance of residuals (reduced chisquare) = WSSR/ndf   : 235762

Final set of parameters            Asymptotic Standard Error
=======================            ==========================
p0              = -6347.89         +/- 337.8        (5.321%)
p1              = -9.50535         +/- 0.7198       (7.572%)
p2              = -0.0211861       +/- 0.002784     (13.14%)

correlation matrix of the fit parameters:
                p0     p1     p2     
p0              1.000 
p1             -0.097  1.000 
p2             -0.766  0.153  1.000 


*******************************************************************************
Thu May  9 03:33:11 2024


FIT:    data read from "fp_gr_fit.dat" u 1:4
        format = x:z
        #datapoints = 5
        residuals are weighted equally (unit weight)

function used for fitting: g(x)
	g(x)=p0+p1*x+p2*x**2
fitted parameters initialized with current variable values

iter      chisq       delta/lim  lambda   p0            p1            p2           
   0 9.8542302744e+09   0.00e+00  4.30e+03   -6.347890e+03  -9.505353e+00  -2.118613e-02
   4 2.5909754514e+06  -1.19e-05  4.30e-01    2.073496e+04   8.366834e+01   6.523412e-02

After 4 iterations the fit converged.
final sum of squares of residuals : 2.59098e+06
rel. change during last iteration : -1.18687e-10

degrees of freedom    (FIT_NDF)                        : 2
rms of residuals      (FIT_STDFIT) = sqrt(WSSR/ndf)    : 1138.19
variance of residuals (reduced chisquare) = WSSR/ndf   : 1.29549e+06

Final set of parameters            Asymptotic Standard Error
=======================            ==========================
p0              = 20735            +/- 791.8        (3.819%)
p1              = 83.6683          +/- 1.687        (2.017%)
p2              = 0.0652341        +/- 0.006527     (10%)

correlation matrix of the fit parameters:
                p0     p1     p2     
p0              1.000 
p1             -0.097  1.000 
p2             -0.766  0.153  1.000 


*******************************************************************************
Thu May  9 04:26:21 2024


FIT:    data read from "fp_gr_fit.dat" u 1:2
        format = x:z
        #datapoints = 5
        residuals are weighted equally (unit weight)

function used for fitting: g(x)
	g(x)=p0+p1*x+p2*x**2
fitted parameters initialized with current variable values

iter      chisq       delta/lim  lambda   p0            p1            p2           
   0 7.4389230500e+10   0.00e+00  7.05e+04    1.000000e+00   1.000000e+00   1.000000e+00
   8 7.3634667393e+03  -4.77e-02  7.05e-04    9.316932e+01   1.229285e+00   1.152372e-03

After 8 iterations the fit converged.
final sum of squares of residuals : 7363.47
rel. change during last iteration : -4.77291e-07

degrees of freedom    (FIT_NDF)                        : 2
rms of residuals      (FIT_STDFIT) = sqrt(WSSR/ndf)    : 60.6773
variance of residuals (reduced chisquare) = WSSR/ndf   : 3681.73

Final set of parameters            Asymptotic Standard Error
=======================            ==========================
p0              = 93.1693          +/- 42.21        (45.31%)
p1              = 1.22928          +/- 0.08995      (7.317%)
p2              = 0.00115237       +/- 0.0003479    (30.19%)

correlation matrix of the fit parameters:
                p0     p1     p2     
p0              1.000 
p1             -0.097  1.000 
p2             -0.766  0.153  1.000 


*******************************************************************************
Thu May  9 04:26:41 2024


FIT:    data read from "fp_gr_fit.dat" u 1:2
        format = x:z
        #datapoints = 5
        residuals are weighted equally (unit weight)

function used for fitting: g(x)
	g(x)=p0+p1*x+p2*x**2+p3*x**3
fitted parameters initialized with current variable values

iter      chisq       delta/lim  lambda   p0            p1            p2            p3           
   0 1.3539667285e+16   0.00e+00  2.60e+07    9.316932e+01   1.229285e+00   1.152372e-03   1.000000e+00
   9 2.5922850655e+02  -2.74e-05  2.60e-02    8.830679e+01   8.808448e-01   1.277262e-03   2.212245e-06

After 9 iterations the fit converged.
final sum of squares of residuals : 259.229
rel. change during last iteration : -2.74248e-10

degrees of freedom    (FIT_NDF)                        : 1
rms of residuals      (FIT_STDFIT) = sqrt(WSSR/ndf)    : 16.1006
variance of residuals (reduced chisquare) = WSSR/ndf   : 259.229

Final set of parameters            Asymptotic Standard Error
=======================            ==========================
p0              = 88.3068          +/- 11.24        (12.73%)
p1              = 0.880845         +/- 0.07071      (8.027%)
p2              = 0.00127726       +/- 9.536e-05    (7.466%)
p3              = 2.21225e-06      +/- 4.226e-07    (19.1%)

correlation matrix of the fit parameters:
                p0     p1     p2     p3     
p0              1.000 
p1              0.045  1.000 
p2             -0.760 -0.186  1.000 
p3             -0.083 -0.941  0.250  1.000 


*******************************************************************************
Thu May  9 04:27:23 2024


FIT:    data read from "fp_gr_fit.dat" u 1:2
        format = x:z
        #datapoints = 5
        residuals are weighted equally (unit weight)

function used for fitting: g(x)
	g(x)=p0+p1*x+p2*x**2
fitted parameters initialized with current variable values

iter      chisq       delta/lim  lambda   p0            p1            p2           
   0 7.4453143721e+10   0.00e+00  7.06e+04    1.000000e+00   1.000000e+00   1.000000e+00
   8 1.4121172699e+04  -1.71e-02  7.06e-04    7.734800e+01   1.175798e+00   1.319886e-03

After 8 iterations the fit converged.
final sum of squares of residuals : 14121.2
rel. change during last iteration : -1.71427e-07

degrees of freedom    (FIT_NDF)                        : 2
rms of residuals      (FIT_STDFIT) = sqrt(WSSR/ndf)    : 84.0273
variance of residuals (reduced chisquare) = WSSR/ndf   : 7060.59

Final set of parameters            Asymptotic Standard Error
=======================            ==========================
p0              = 77.348           +/- 58.46        (75.58%)
p1              = 1.1758           +/- 0.1245       (10.59%)
p2              = 0.00131989       +/- 0.0004815    (36.48%)

correlation matrix of the fit parameters:
                p0     p1     p2     
p0              1.000 
p1             -0.095  1.000 
p2             -0.766  0.150  1.000 


*******************************************************************************
Thu May  9 04:27:36 2024


FIT:    data read from "fp_gr_fit.dat" u 1:2
        format = x:z
        #datapoints = 5
        residuals are weighted equally (unit weight)

function used for fitting: g(x)
	g(x)=p0+p1*x+p2*x**2+p3*x**3
fitted parameters initialized with current variable values

iter      chisq       delta/lim  lambda   p0            p1            p2            p3           
   0 1.3555097625e+16   0.00e+00  2.60e+07    7.734800e+01   1.175798e+00   1.319886e-03   1.000000e+00
   9 6.8914635480e+02  -3.39e-05  2.60e-02    7.073059e+01   6.967928e-01   1.488723e-03   3.038495e-06

After 9 iterations the fit converged.
final sum of squares of residuals : 689.146
rel. change during last iteration : -3.39251e-10

degrees of freedom    (FIT_NDF)                        : 1
rms of residuals      (FIT_STDFIT) = sqrt(WSSR/ndf)    : 26.2516
variance of residuals (reduced chisquare) = WSSR/ndf   : 689.146

Final set of parameters            Asymptotic Standard Error
=======================            ==========================
p0              = 70.7306          +/- 18.32        (25.91%)
p1              = 0.696793         +/- 0.1153       (16.54%)
p2              = 0.00148872       +/- 0.0001552    (10.43%)
p3              = 3.0385e-06       +/- 6.882e-07    (22.65%)

correlation matrix of the fit parameters:
                p0     p1     p2     p3     
p0              1.000 
p1              0.045  1.000 
p2             -0.760 -0.183  1.000 
p3             -0.082 -0.941  0.246  1.000 


*******************************************************************************
Thu May  9 04:28:13 2024


FIT:    data read from "fp_gr_fit.dat" u 1:3
        format = x:z
        #datapoints = 5
        residuals are weighted equally (unit weight)

function used for fitting: g(x)
	g(x)=p0+p1*x+p2*x**2
fitted parameters initialized with current variable values

iter      chisq       delta/lim  lambda   p0            p1            p2           
   0 5.4449615714e+08   0.00e+00  1.67e+02    7.073059e+01   6.967928e-01   1.488723e-03
   4 3.2976689538e+06  -3.11e-05  1.67e-02   -4.557920e+03  -1.426994e+01  -4.547003e-02

After 4 iterations the fit converged.
final sum of squares of residuals : 3.29767e+06
rel. change during last iteration : -3.10915e-10

degrees of freedom    (FIT_NDF)                        : 2
rms of residuals      (FIT_STDFIT) = sqrt(WSSR/ndf)    : 1284.07
variance of residuals (reduced chisquare) = WSSR/ndf   : 1.64883e+06

Final set of parameters            Asymptotic Standard Error
=======================            ==========================
p0              = -4557.92         +/- 893.3        (19.6%)
p1              = -14.2699         +/- 1.902        (13.33%)
p2              = -0.04547         +/- 0.007358     (16.18%)

correlation matrix of the fit parameters:
                p0     p1     p2     
p0              1.000 
p1             -0.095  1.000 
p2             -0.766  0.150  1.000 


*******************************************************************************
Thu May  9 04:28:28 2024


FIT:    data read from "fp_gr_fit.dat" u 1:3
        format = x:z
        #datapoints = 5
        residuals are weighted equally (unit weight)

function used for fitting: g(x)
	g(x)=p0+p1*x+p2*x**2+p3*x**3
fitted parameters initialized with current variable values

iter      chisq       delta/lim  lambda   p0            p1            p2            p3           
   0 3.8361334519e+06   0.00e+00  4.20e+03   -4.557920e+03  -1.426994e+01  -4.547003e-02   3.038495e-06
   5 1.1811410521e+05  -6.18e-02  4.20e-02   -4.456108e+03  -6.900199e+00  -4.806768e-02  -4.674885e-05

After 5 iterations the fit converged.
final sum of squares of residuals : 118114
rel. change during last iteration : -6.17595e-07

degrees of freedom    (FIT_NDF)                        : 1
rms of residuals      (FIT_STDFIT) = sqrt(WSSR/ndf)    : 343.677
variance of residuals (reduced chisquare) = WSSR/ndf   : 118114

Final set of parameters            Asymptotic Standard Error
=======================            ==========================
p0              = -4456.11         +/- 239.9        (5.383%)
p1              = -6.9002          +/- 1.509        (21.87%)
p2              = -0.0480677       +/- 0.002032     (4.227%)
p3              = -4.67488e-05     +/- 9.01e-06     (19.27%)

correlation matrix of the fit parameters:
                p0     p1     p2     p3     
p0              1.000 
p1              0.045  1.000 
p2             -0.760 -0.183  1.000 
p3             -0.082 -0.941  0.246  1.000 


*******************************************************************************
Thu May  9 04:29:14 2024


FIT:    data read from "fp_gr_fit.dat" u 1:4
        format = x:z
        #datapoints = 5
        residuals are weighted equally (unit weight)

function used for fitting: g(x)
	g(x)=p0+p1*x+p2*x**2+p3*x**3
fitted parameters initialized with current variable values

iter      chisq       delta/lim  lambda   p0            p1            p2            p3           
   0 8.8865924598e+10   0.00e+00  4.02e+03   -4.456108e+03  -6.900199e+00  -4.806768e-02  -4.674885e-05
   4 1.8712902741e+07  -6.82e-02  4.02e-01    3.624278e+04   3.081875e+02   2.767239e-01   3.778346e-04

After 4 iterations the fit converged.
final sum of squares of residuals : 1.87129e+07
rel. change during last iteration : -6.81925e-07

degrees of freedom    (FIT_NDF)                        : 1
rms of residuals      (FIT_STDFIT) = sqrt(WSSR/ndf)    : 4325.84
variance of residuals (reduced chisquare) = WSSR/ndf   : 1.87129e+07

Final set of parameters            Asymptotic Standard Error
=======================            ==========================
p0              = 36242.8          +/- 3020         (8.331%)
p1              = 308.188          +/- 18.99        (6.163%)
p2              = 0.276724         +/- 0.02558      (9.242%)
p3              = 0.000377835      +/- 0.0001134    (30.02%)

correlation matrix of the fit parameters:
                p0     p1     p2     p3     
p0              1.000 
p1              0.045  1.000 
p2             -0.760 -0.183  1.000 
p3             -0.082 -0.941  0.246  1.000 


*******************************************************************************
Thu May  9 04:30:12 2024


FIT:    data read from "fp_gr_fit.dat" u 1:5
        format = x:z
        #datapoints = 5
        residuals are weighted equally (unit weight)

function used for fitting: g(x)
	g(x)=p0+p1*x+p2*x**2+p3*x**3
fitted parameters initialized with current variable values

iter      chisq       delta/lim  lambda   p0            p1            p2            p3           
   0 8.3175412547e+12   0.00e+00  5.41e+04    3.624278e+04   3.081875e+02   2.767239e-01   3.778346e-04
   4 5.8759435325e+09  -2.03e-02  5.41e+00   -1.105752e+06  -1.638946e+03  -6.695810e-01   5.022303e-03

After 4 iterations the fit converged.
final sum of squares of residuals : 5.87594e+09
rel. change during last iteration : -2.03167e-07

degrees of freedom    (FIT_NDF)                        : 1
rms of residuals      (FIT_STDFIT) = sqrt(WSSR/ndf)    : 76654.7
variance of residuals (reduced chisquare) = WSSR/ndf   : 5.87594e+09

Final set of parameters            Asymptotic Standard Error
=======================            ==========================
p0              = -1.10575e+06     +/- 5.351e+04    (4.839%)
p1              = -1638.95         +/- 336.5        (20.53%)
p2              = -0.669581        +/- 0.4532       (67.68%)
p3              = 0.0050223        +/- 0.00201      (40.02%)

correlation matrix of the fit parameters:
                p0     p1     p2     p3     
p0              1.000 
p1              0.045  1.000 
p2             -0.760 -0.183  1.000 
p3             -0.082 -0.941  0.246  1.000 


*******************************************************************************
Thu May  9 04:30:26 2024


FIT:    data read from "fp_gr_fit.dat" u 1:5
        format = x:z
        #datapoints = 5
        residuals are weighted equally (unit weight)

function used for fitting: g(x)
	g(x)=p0+p1*x+p2*x**2
fitted parameters initialized with current variable values

iter      chisq       delta/lim  lambda   p0            p1            p2           
   0 3.4778348004e+11   0.00e+00  7.02e+05   -1.105752e+06  -1.638946e+03  -6.695810e-01
   4 4.2572913187e+10  -4.68e-03  7.02e+01   -1.094814e+06  -8.472031e+02  -9.486500e-01

After 4 iterations the fit converged.
final sum of squares of residuals : 4.25729e+10
rel. change during last iteration : -4.67603e-08

degrees of freedom    (FIT_NDF)                        : 2
rms of residuals      (FIT_STDFIT) = sqrt(WSSR/ndf)    : 145899
variance of residuals (reduced chisquare) = WSSR/ndf   : 2.12865e+10

Final set of parameters            Asymptotic Standard Error
=======================            ==========================
p0              = -1.09481e+06     +/- 1.015e+05    (9.271%)
p1              = -847.203         +/- 216.1        (25.51%)
p2              = -0.94865         +/- 0.836        (88.12%)

correlation matrix of the fit parameters:
                p0     p1     p2     
p0              1.000 
p1             -0.095  1.000 
p2             -0.766  0.150  1.000 


*******************************************************************************
Thu May  9 04:30:47 2024


FIT:    data read from "fp_gr_fit.dat" u 1:5
        format = x:z
        #datapoints = 5
        residuals are weighted equally (unit weight)

function used for fitting: g(x)
	g(x)=p0+p1*x+p2*x**2+p3*x**3+p4*x**4
fitted parameters initialized with current variable values

iter      chisq       delta/lim  lambda   p0            p1            p2            p3            p4           
   0 2.5606223724e+21   0.00e+00  1.01e+10   -1.094814e+06  -8.472031e+02  -9.486500e-01   5.022303e-03   1.000000e+00
  11 0.0000000000e+00  -inf       1.01e+04   -1.160672e+06  -1.578029e+03   1.873909e+00   4.263727e-03  -1.240114e-05

After 11 iterations the fit converged.
final sum of squares of residuals : 0
abs. change during last iteration : -2.1684e-19


Exactly as many data points as there are parameters.
In this degenerate case, all errors are zero by definition.

Final set of parameters 
======================= 

p0              = -1.16067e+06   
p1              = -1578.03       
p2              = 1.87391        
p3              = 0.00426373     
p4              = -1.24011e-05   


*******************************************************************************
Thu May  9 21:11:02 2024


FIT:    data read from "fp_gr_fit_itr.dat" u 1:2
        format = x:z
        #datapoints = 5
        residuals are weighted equally (unit weight)

function used for fitting: g(x)
	g(x)=p0+p1*x+p2*x**2+p3*x**3
fitted parameters initialized with current variable values

iter      chisq       delta/lim  lambda   p0            p1            p2            p3           
   0 1.3521931002e+16   0.00e+00  2.60e+07    1.000000e+00   1.000000e+00   1.000000e+00   1.000000e+00
  10 6.9221171641e+02  -4.62e-01  2.60e-03   -6.150576e-01   2.030762e-02   9.704385e-05   1.025929e-07

After 10 iterations the fit converged.
final sum of squares of residuals : 692.212
rel. change during last iteration : -4.61549e-06

degrees of freedom    (FIT_NDF)                        : 1
rms of residuals      (FIT_STDFIT) = sqrt(WSSR/ndf)    : 26.3099
variance of residuals (reduced chisquare) = WSSR/ndf   : 692.212

Final set of parameters            Asymptotic Standard Error
=======================            ==========================
p0              = -0.615058        +/- 18.37        (2986%)
p1              = 0.0203076        +/- 0.1155       (568.9%)
p2              = 9.70439e-05      +/- 0.0001557    (160.4%)
p3              = 1.02593e-07      +/- 6.904e-07    (672.9%)

correlation matrix of the fit parameters:
                p0     p1     p2     p3     
p0              1.000 
p1              0.045  1.000 
p2             -0.760 -0.184  1.000 
p3             -0.082 -0.941  0.247  1.000 


*******************************************************************************
Thu May  9 21:11:23 2024


FIT:    data read from "fp_gr_fit_itr.dat" u 1:2
        format = x:z
        #datapoints = 5
        residuals are weighted equally (unit weight)

function used for fitting: g(x)
	g(x)=p0+p1*x+p2*x**2+p3*x**3+p4*x**4
fitted parameters initialized with current variable values

iter      chisq       delta/lim  lambda   p0            p1            p2            p3            p4           
   0 2.5557791643e+21   0.00e+00  1.01e+10   -6.150576e-01   2.030762e-02   9.704385e-05   1.025929e-07   1.000000e+00
   5 6.8187459127e+02  -2.06e-06  1.01e+05   -6.150576e-01   2.030762e-02   9.704385e-05   1.025929e-07   6.359723e-11

After 5 iterations the fit converged.
final sum of squares of residuals : 681.875
rel. change during last iteration : -2.0627e-11


Exactly as many data points as there are parameters.
In this degenerate case, all errors are zero by definition.

Final set of parameters 
======================= 

p0              = -0.615058      
p1              = 0.0203076      
p2              = 9.70439e-05    
p3              = 1.02593e-07    
p4              = 6.35972e-11    


*******************************************************************************
Thu May  9 21:11:37 2024


FIT:    data read from "fp_gr_fit_itr.dat" u 1:2
        format = x:z
        #datapoints = 5
        residuals are weighted equally (unit weight)

function used for fitting: g(x)
	g(x)=p0+p1*x+p2*x**2+p3*x**3+p4*x**4
fitted parameters initialized with current variable values

iter      chisq       delta/lim  lambda   p0            p1            p2            p3            p4           
   0 6.8187459127e+02   0.00e+00  6.48e+00   -6.150576e-01   2.030762e-02   9.704385e-05   1.025929e-07   6.359723e-11
   8 1.2385116212e-28   0.00e+00  6.48e-02    1.823214e+01  -6.317341e-04  -7.759082e-04   3.637945e-07   4.258707e-09

After 8 iterations the fit converged.
final sum of squares of residuals : 1.23851e-28
rel. change during last iteration : 0


Exactly as many data points as there are parameters.
In this degenerate case, all errors are zero by definition.

Final set of parameters 
======================= 

p0              = 18.2321        
p1              = -0.000631734   
p2              = -0.000775908   
p3              = 3.63794e-07    
p4              = 4.25871e-09    


*******************************************************************************
Thu May  9 21:11:41 2024


FIT:    data read from "fp_gr_fit_itr.dat" u 1:3
        format = x:z
        #datapoints = 5
        residuals are weighted equally (unit weight)

function used for fitting: g(x)
	g(x)=p0+p1*x+p2*x**2+p3*x**3+p4*x**4
fitted parameters initialized with current variable values

iter      chisq       delta/lim  lambda   p0            p1            p2            p3            p4           
   0 7.0690859859e+06   0.00e+00  6.16e+01    1.823214e+01  -6.317341e-04  -7.759082e-04   3.637945e-07   4.258707e-09
  10 6.6422088220e-27   0.00e+00  6.16e-09   -4.398355e+02  -2.183511e+00   5.035108e-03  -6.339011e-06  -5.181533e-08

After 10 iterations the fit converged.
final sum of squares of residuals : 6.64221e-27
rel. change during last iteration : 0


Exactly as many data points as there are parameters.
In this degenerate case, all errors are zero by definition.

Final set of parameters 
======================= 

p0              = -439.836       
p1              = -2.18351       
p2              = 0.00503511     
p3              = -6.33901e-06   
p4              = -5.18153e-08   


*******************************************************************************
Thu May  9 21:12:34 2024


FIT:    data read from "fp_gr_fit_itr.dat" u 1:3
        format = x:z
        #datapoints = 5
        residuals are weighted equally (unit weight)

function used for fitting: g(x)
	g(x)=p0+p1*x+p2*x**2
fitted parameters initialized with current variable values

iter      chisq       delta/lim  lambda   p0            p1            p2           
   0 6.2660890313e+06   0.00e+00  5.82e+02   -4.398355e+02  -2.183511e+00   5.035108e-03
   4 1.1698339670e+05  -3.13e-07  5.82e-02   -2.174332e+02  -2.936252e+00  -5.409702e-03

After 4 iterations the fit converged.
final sum of squares of residuals : 116983
rel. change during last iteration : -3.12662e-12

degrees of freedom    (FIT_NDF)                        : 2
rms of residuals      (FIT_STDFIT) = sqrt(WSSR/ndf)    : 241.851
variance of residuals (reduced chisquare) = WSSR/ndf   : 58491.7

Final set of parameters            Asymptotic Standard Error
=======================            ==========================
p0              = -217.433         +/- 168.3        (77.39%)
p1              = -2.93625         +/- 0.3583       (12.2%)
p2              = -0.0054097       +/- 0.001387     (25.63%)

correlation matrix of the fit parameters:
                p0     p1     p2     
p0              1.000 
p1             -0.096  1.000 
p2             -0.766  0.150  1.000 


*******************************************************************************
Thu May  9 21:13:42 2024


FIT:    data read from "fp_gr_fit_itr.dat" u 1:4
        format = x:z
        #datapoints = 5
        residuals are weighted equally (unit weight)

function used for fitting: g(x)
	g(x)=p0+p1*x+p2*x**2
fitted parameters initialized with current variable values

iter      chisq       delta/lim  lambda   p0            p1            p2           
   0 1.2330887632e+09   0.00e+00  6.55e+02   -2.174332e+02  -2.936252e+00  -5.409702e-03
   4 3.7848915575e+07  -1.08e-04  6.55e-02    8.876735e+03   2.787854e+01   3.161993e-02

After 4 iterations the fit converged.
final sum of squares of residuals : 3.78489e+07
rel. change during last iteration : -1.07853e-09

degrees of freedom    (FIT_NDF)                        : 2
rms of residuals      (FIT_STDFIT) = sqrt(WSSR/ndf)    : 4350.23
variance of residuals (reduced chisquare) = WSSR/ndf   : 1.89245e+07

Final set of parameters            Asymptotic Standard Error
=======================            ==========================
p0              = 8876.73          +/- 3027         (34.1%)
p1              = 27.8785          +/- 6.446        (23.12%)
p2              = 0.0316199        +/- 0.02494      (78.89%)

correlation matrix of the fit parameters:
                p0     p1     p2     
p0              1.000 
p1             -0.096  1.000 
p2             -0.766  0.150  1.000 


*******************************************************************************
Thu May  9 21:15:49 2024


FIT:    data read from "fp_gr_fit_itr.dat" u 1:2
        format = x:z
        #datapoints = 5
        residuals are weighted equally (unit weight)

function used for fitting: g(x)
	g(x)=p0+p1*x+p2*x**2+p3*x**3+p4*x**4
fitted parameters initialized with current variable values

iter      chisq       delta/lim  lambda   p0            p1            p2            p3            p4           
   0 9.1971099627e+08   0.00e+00  5.79e+03    8.876735e+03   2.787854e+01   3.161993e-02  -6.339011e-06  -5.181533e-08
   9 1.0807394402e-28   0.00e+00  5.79e+03    1.823214e+01  -6.317341e-04  -7.759082e-04   3.637945e-07   4.258707e-09

After 9 iterations the fit converged.
final sum of squares of residuals : 1.08074e-28
rel. change during last iteration : 0


Exactly as many data points as there are parameters.
In this degenerate case, all errors are zero by definition.

Final set of parameters 
======================= 

p0              = 18.2321        
p1              = -0.000631734   
p2              = -0.000775908   
p3              = 3.63794e-07    
p4              = 4.25871e-09    


*******************************************************************************
Fri May 31 09:24:26 2024


FIT:    data read from "fp_gr_fit.dat" u 1:(-$2)
        format = x:z
        #datapoints = 5
        residuals are weighted equally (unit weight)

function used for fitting: f(x)
	f(x)=p0+p1*x+p2*x*x+p3*x*x*x+p4*x*x*x*x
fitted parameters initialized with current variable values

iter      chisq       delta/lim  lambda   p0            p1            p2            p3            p4           
   0 2.5572150667e+21   0.00e+00  1.01e+10    1.000000e+00   1.000000e+00   1.000000e+00   1.000000e+00   1.000000e+00
  17 0.0000000000e+00  -inf       1.01e+00   -8.953905e+01  -6.759308e-01  -6.176656e-04  -3.298281e-06  -4.246964e-09

After 17 iterations the fit converged.
final sum of squares of residuals : 0
abs. change during last iteration : -8.07794e-28


Exactly as many data points as there are parameters.
In this degenerate case, all errors are zero by definition.

Final set of parameters 
======================= 

p0              = -89.539        
p1              = -0.675931      
p2              = -0.000617666   
p3              = -3.29828e-06   
p4              = -4.24696e-09   


*******************************************************************************
Fri May 31 09:25:50 2024


FIT:    data read from "fp_gr_fit.dat" u 1:(-$2)
        format = x:z
        #datapoints = 5
        residuals are weighted equally (unit weight)

function used for fitting: f(x)
	f(x)=p0+p1*x+p2*x*x+p3*x*x*x+p4*x*x*x*x
fitted parameters initialized with current variable values



*******************************************************************************
Fri May 31 09:42:21 2024


FIT:    data read from "fp_gr_fit.dat" u 1:(-$2)
        format = x:z
        #datapoints = 5
        residuals are weighted equally (unit weight)

function used for fitting: f(x)
	f(x)=p0+p1*x+p2*x*x+p3*x*x*x+p4*x*x*x*x
fitted parameters initialized with current variable values

iter      chisq       delta/lim  lambda   p0            p1            p2            p3            p4           
   0 2.5572150667e+21   0.00e+00  1.01e+10    1.000000e+00   1.000000e+00   1.000000e+00   1.000000e+00   1.000000e+00
  17 0.0000000000e+00  -inf       1.01e+00   -8.953905e+01  -6.759308e-01  -6.176656e-04  -3.298281e-06  -4.246964e-09

After 17 iterations the fit converged.
final sum of squares of residuals : 0
abs. change during last iteration : -8.07794e-28


Exactly as many data points as there are parameters.
In this degenerate case, all errors are zero by definition.

Final set of parameters 
======================= 

p0              = -89.539        
p1              = -0.675931      
p2              = -0.000617666   
p3              = -3.29828e-06   
p4              = -4.24696e-09   


*******************************************************************************
Fri May 31 09:42:59 2024


FIT:    data read from "fp_gr_fit.dat" u 1:(-$2)
        format = x:z
        #datapoints = 5
        residuals are weighted equally (unit weight)

function used for fitting: f(x)
	f(x)=p0+p1*x+p2*x*x+p3*x*x*x+p4*x*x*x*x
fitted parameters initialized with current variable values

iter      chisq       delta/lim  lambda   p0            p1            p2            p3            p4           
   0 2.5572150667e+21   0.00e+00  1.01e+10    1.000000e+00   1.000000e+00   1.000000e+00   1.000000e+00   1.000000e+00
  17 0.0000000000e+00  -inf       1.01e+00   -8.953905e+01  -6.759308e-01  -6.176656e-04  -3.298281e-06  -4.246964e-09

After 17 iterations the fit converged.
final sum of squares of residuals : 0
abs. change during last iteration : -8.07794e-28


Exactly as many data points as there are parameters.
In this degenerate case, all errors are zero by definition.

Final set of parameters 
======================= 

p0              = -89.539        
p1              = -0.675931      
p2              = -0.000617666   
p3              = -3.29828e-06   
p4              = -4.24696e-09   


*******************************************************************************
Fri May 31 09:43:22 2024


FIT:    data read from "fp_gr_fit.dat" u 1:(-$2)
        format = x:z
        #datapoints = 5
        residuals are weighted equally (unit weight)

function used for fitting: f(x)
	f(x)=p0+p1*x+p2*x*x+p3*x*x*x+p4*x*x*x*x
fitted parameters initialized with current variable values

iter      chisq       delta/lim  lambda   p0            p1            p2            p3            p4           
   0 2.5572150667e+21   0.00e+00  1.01e+10    1.000000e+00   1.000000e+00   1.000000e+00   1.000000e+00   1.000000e+00
  17 0.0000000000e+00  -inf       1.01e+00   -8.953905e+01  -6.759308e-01  -6.176656e-04  -3.298281e-06  -4.246964e-09

After 17 iterations the fit converged.
final sum of squares of residuals : 0
abs. change during last iteration : -8.07794e-28


Exactly as many data points as there are parameters.
In this degenerate case, all errors are zero by definition.

Final set of parameters 
======================= 

p0              = -89.539        
p1              = -0.675931      
p2              = -0.000617666   
p3              = -3.29828e-06   
p4              = -4.24696e-09   


*******************************************************************************
Fri May 31 09:43:35 2024


FIT:    data read from "fp_gr_fit.dat" u 1:(-$2)
        format = x:z
        #datapoints = 5
        residuals are weighted equally (unit weight)

function used for fitting: f(x)
	f(x)=p0+p1*x+p2*x*x+p3*x*x*x+p4*x*x*x*x
fitted parameters initialized with current variable values

iter      chisq       delta/lim  lambda   p0            p1            p2            p3            p4           
   0 2.5572150667e+21   0.00e+00  1.01e+10    1.000000e+00   1.000000e+00   1.000000e+00   1.000000e+00   1.000000e+00
  17 0.0000000000e+00  -inf       1.01e+00   -8.953905e+01  -6.759308e-01  -6.176656e-04  -3.298281e-06  -4.246964e-09

After 17 iterations the fit converged.
final sum of squares of residuals : 0
abs. change during last iteration : -8.07794e-28


Exactly as many data points as there are parameters.
In this degenerate case, all errors are zero by definition.

Final set of parameters 
======================= 

p0              = -89.539        
p1              = -0.675931      
p2              = -0.000617666   
p3              = -3.29828e-06   
p4              = -4.24696e-09   


*******************************************************************************
Fri May 31 09:43:52 2024


FIT:    data read from "fp_gr_fit.dat" u 1:(-$2)
        format = x:z
        #datapoints = 5
        residuals are weighted equally (unit weight)

function used for fitting: f(x)
	f(x)=p0+p1*x+p2*x*x+p3*x*x*x+p4*x*x*x*x
fitted parameters initialized with current variable values

iter      chisq       delta/lim  lambda   p0            p1            p2            p3            p4           
   0 2.5572150667e+21   0.00e+00  1.01e+10    1.000000e+00   1.000000e+00   1.000000e+00   1.000000e+00   1.000000e+00
  17 0.0000000000e+00  -inf       1.01e+00   -8.953905e+01  -6.759308e-01  -6.176656e-04  -3.298281e-06  -4.246964e-09

After 17 iterations the fit converged.
final sum of squares of residuals : 0
abs. change during last iteration : -8.07794e-28


Exactly as many data points as there are parameters.
In this degenerate case, all errors are zero by definition.

Final set of parameters 
======================= 

p0              = -89.539        
p1              = -0.675931      
p2              = -0.000617666   
p3              = -3.29828e-06   
p4              = -4.24696e-09   


*******************************************************************************
Fri May 31 09:44:47 2024


FIT:    data read from "fp_gr_fit.dat" u 1:(-$2)
        format = x:z
        #datapoints = 5
        residuals are weighted equally (unit weight)

function used for fitting: f(x)
	f(x)=p0+p1*x+p2*x*x+p3*x*x*x+p4*x*x*x*x
fitted parameters initialized with current variable values

iter      chisq       delta/lim  lambda   p0            p1            p2            p3            p4           
   0 2.5572150667e+21   0.00e+00  1.01e+10    1.000000e+00   1.000000e+00   1.000000e+00   1.000000e+00   1.000000e+00
  17 0.0000000000e+00  -inf       1.01e+00   -8.953905e+01  -6.759308e-01  -6.176656e-04  -3.298281e-06  -4.246964e-09

After 17 iterations the fit converged.
final sum of squares of residuals : 0
abs. change during last iteration : -8.07794e-28


Exactly as many data points as there are parameters.
In this degenerate case, all errors are zero by definition.

Final set of parameters 
======================= 

p0              = -89.539        
p1              = -0.675931      
p2              = -0.000617666   
p3              = -3.29828e-06   
p4              = -4.24696e-09   


*******************************************************************************
Fri May 31 09:48:15 2024


FIT:    data read from "fp_gr_fit.dat" u 1:(-$2)
        format = x:z
        #datapoints = 5
        residuals are weighted equally (unit weight)

function used for fitting: f(x)
	f(x)=p0+p1*x+p2*x*x+p3*x*x*x+p4*x*x*x*x
fitted parameters initialized with current variable values

iter      chisq       delta/lim  lambda   p0            p1            p2            p3            p4           
   0 2.5572150667e+21   0.00e+00  1.01e+10    1.000000e+00   1.000000e+00   1.000000e+00   1.000000e+00   1.000000e+00
  17 0.0000000000e+00  -inf       1.01e+00   -8.953905e+01  -6.759308e-01  -6.176656e-04  -3.298281e-06  -4.246964e-09

After 17 iterations the fit converged.
final sum of squares of residuals : 0
abs. change during last iteration : -8.07794e-28


Exactly as many data points as there are parameters.
In this degenerate case, all errors are zero by definition.

Final set of parameters 
======================= 

p0              = -89.539        
p1              = -0.675931      
p2              = -0.000617666   
p3              = -3.29828e-06   
p4              = -4.24696e-09   


*******************************************************************************
Fri May 31 09:49:15 2024


FIT:    data read from "fp_gr_fit.dat" u 1:(-$2)
        format = x:z
        #datapoints = 5
        residuals are weighted equally (unit weight)

function used for fitting: f(x)
	f(x)=p0+p1*x+p2*x*x+p3*x*x*x+p4*x*x*x*x
fitted parameters initialized with current variable values

iter      chisq       delta/lim  lambda   p0            p1            p2            p3            p4           
   0 2.5572150667e+21   0.00e+00  1.01e+10    1.000000e+00   1.000000e+00   1.000000e+00   1.000000e+00   1.000000e+00
  17 0.0000000000e+00  -inf       1.01e+00   -8.953905e+01  -6.759308e-01  -6.176656e-04  -3.298281e-06  -4.246964e-09

After 17 iterations the fit converged.
final sum of squares of residuals : 0
abs. change during last iteration : -8.07794e-28


Exactly as many data points as there are parameters.
In this degenerate case, all errors are zero by definition.

Final set of parameters 
======================= 

p0              = -89.539        
p1              = -0.675931      
p2              = -0.000617666   
p3              = -3.29828e-06   
p4              = -4.24696e-09   


*******************************************************************************
Fri May 31 09:49:37 2024


FIT:    data read from "fp_gr_fit.dat" u 1:(-$2)
        format = x:z
        #datapoints = 5
        residuals are weighted equally (unit weight)

function used for fitting: f(x)
	f(x)=p0+p1*x+p2*x*x+p3*x*x*x+p4*x*x*x*x
fitted parameters initialized with current variable values

iter      chisq       delta/lim  lambda   p0            p1            p2            p3            p4           
   0 2.5572150667e+21   0.00e+00  1.01e+10    1.000000e+00   1.000000e+00   1.000000e+00   1.000000e+00   1.000000e+00
  17 0.0000000000e+00  -inf       1.01e+00   -8.953905e+01  -6.759308e-01  -6.176656e-04  -3.298281e-06  -4.246964e-09

After 17 iterations the fit converged.
final sum of squares of residuals : 0
abs. change during last iteration : -8.07794e-28


Exactly as many data points as there are parameters.
In this degenerate case, all errors are zero by definition.

Final set of parameters 
======================= 

p0              = -89.539        
p1              = -0.675931      
p2              = -0.000617666   
p3              = -3.29828e-06   
p4              = -4.24696e-09   


*******************************************************************************
Fri May 31 09:50:32 2024


FIT:    data read from "fp_gr_fit.dat" u 1:(-$2)
        format = x:z
        #datapoints = 5
        residuals are weighted equally (unit weight)

function used for fitting: f(x)
	f(x)=p0+p1*x+p2*x*x+p3*x*x*x+p4*x*x*x*x
fitted parameters initialized with current variable values

iter      chisq       delta/lim  lambda   p0            p1            p2            p3            p4           
   0 2.5572150667e+21   0.00e+00  1.01e+10    1.000000e+00   1.000000e+00   1.000000e+00   1.000000e+00   1.000000e+00
  17 0.0000000000e+00  -inf       1.01e+00   -8.953905e+01  -6.759308e-01  -6.176656e-04  -3.298281e-06  -4.246964e-09

After 17 iterations the fit converged.
final sum of squares of residuals : 0
abs. change during last iteration : -8.07794e-28


Exactly as many data points as there are parameters.
In this degenerate case, all errors are zero by definition.

Final set of parameters 
======================= 

p0              = -89.539        
p1              = -0.675931      
p2              = -0.000617666   
p3              = -3.29828e-06   
p4              = -4.24696e-09   


*******************************************************************************
Fri May 31 09:51:27 2024


FIT:    data read from "fp_gr_fit.dat" u 1:(-$2)
        format = x:z
        #datapoints = 5
        residuals are weighted equally (unit weight)

function used for fitting: f(x)
	f(x)=p0+p1*x+p2*x*x+p3*x*x*x+p4*x*x*x*x
fitted parameters initialized with current variable values

iter      chisq       delta/lim  lambda   p0            p1            p2            p3            p4           
   0 2.5572150667e+21   0.00e+00  1.01e+10    1.000000e+00   1.000000e+00   1.000000e+00   1.000000e+00   1.000000e+00
  17 0.0000000000e+00  -inf       1.01e+00   -8.953905e+01  -6.759308e-01  -6.176656e-04  -3.298281e-06  -4.246964e-09

After 17 iterations the fit converged.
final sum of squares of residuals : 0
abs. change during last iteration : -8.07794e-28


Exactly as many data points as there are parameters.
In this degenerate case, all errors are zero by definition.

Final set of parameters 
======================= 

p0              = -89.539        
p1              = -0.675931      
p2              = -0.000617666   
p3              = -3.29828e-06   
p4              = -4.24696e-09   


*******************************************************************************
Fri May 31 09:52:41 2024


FIT:    data read from "fp_gr_fit.dat" u 1:(-$3)
        format = x:z
        #datapoints = 5
        residuals are weighted equally (unit weight)

function used for fitting: f(x)
	f(x)=p0+p1*x+p2*x*x+p3*x*x*x+p4*x*x*x*x
fitted parameters initialized with current variable values



*******************************************************************************
Fri May 31 09:52:57 2024


FIT:    data read from "fp_gr_fit.dat" u 1:(-$3)
        format = x:z
        #datapoints = 5
        residuals are weighted equally (unit weight)

function used for fitting: f(x)
	f(x)=p0+p1*x+p2*x*x+p3*x*x*x+p4*x*x*x*x
fitted parameters initialized with current variable values



*******************************************************************************
Fri May 31 09:53:10 2024


FIT:    data read from "fp_gr_fit.dat" u 1:(-$3)
        format = x:z
        #datapoints = 5
        residuals are weighted equally (unit weight)

function used for fitting: f(x)
	f(x)=p0+p1*x+p2*x*x+p3*x*x*x
fitted parameters initialized with current variable values

iter      chisq       delta/lim  lambda   p0            p1            p2            p3           
   0 1.3540513985e+16   0.00e+00  2.60e+07    1.000000e+00   1.000000e+00   1.000000e+00   1.000000e+00
  11 1.1811410521e+05  -2.25e-03  2.60e-04    4.456108e+03   6.900199e+00   4.806768e-02   4.674885e-05

After 11 iterations the fit converged.
final sum of squares of residuals : 118114
rel. change during last iteration : -2.24902e-08

degrees of freedom    (FIT_NDF)                        : 1
rms of residuals      (FIT_STDFIT) = sqrt(WSSR/ndf)    : 343.677
variance of residuals (reduced chisquare) = WSSR/ndf   : 118114

Final set of parameters            Asymptotic Standard Error
=======================            ==========================
p0              = 4456.11          +/- 239.9        (5.383%)
p1              = 6.9002           +/- 1.509        (21.87%)
p2              = 0.0480677        +/- 0.002032     (4.227%)
p3              = 4.67488e-05      +/- 9.01e-06     (19.27%)

correlation matrix of the fit parameters:
                p0     p1     p2     p3     
p0              1.000 
p1              0.045  1.000 
p2             -0.760 -0.183  1.000 
p3             -0.082 -0.941  0.246  1.000 


*******************************************************************************
Fri May 31 09:54:16 2024


FIT:    data read from "fp_gr_fit.dat" u 1:(-$4)
        format = x:z
        #datapoints = 5
        residuals are weighted equally (unit weight)

function used for fitting: f(x)
	f(x)=p0+p1*x+p2*x*x+p3*x*x*x
fitted parameters initialized with current variable values

iter      chisq       delta/lim  lambda   p0            p1            p2            p3           
   0 1.3593088390e+16   0.00e+00  2.60e+07    1.000000e+00   1.000000e+00   1.000000e+00   1.000000e+00
  11 1.8712902741e+07  -9.40e-04  2.60e-04   -3.624278e+04  -3.081875e+02  -2.767239e-01  -3.778346e-04

After 11 iterations the fit converged.
final sum of squares of residuals : 1.87129e+07
rel. change during last iteration : -9.3952e-09

degrees of freedom    (FIT_NDF)                        : 1
rms of residuals      (FIT_STDFIT) = sqrt(WSSR/ndf)    : 4325.84
variance of residuals (reduced chisquare) = WSSR/ndf   : 1.87129e+07

Final set of parameters            Asymptotic Standard Error
=======================            ==========================
p0              = -36242.8         +/- 3020         (8.331%)
p1              = -308.188         +/- 18.99        (6.163%)
p2              = -0.276724        +/- 0.02558      (9.242%)
p3              = -0.000377835     +/- 0.0001134    (30.02%)

correlation matrix of the fit parameters:
                p0     p1     p2     p3     
p0              1.000 
p1              0.045  1.000 
p2             -0.760 -0.183  1.000 
p3             -0.082 -0.941  0.246  1.000 


*******************************************************************************
Fri May 31 09:55:21 2024


FIT:    data read from "fp_gr_fit.dat" u 1:(-$4)
        format = x:z
        #datapoints = 5
        residuals are weighted equally (unit weight)

function used for fitting: f(x)
	f(x)=p0+p1*x+p2*x*x+p3*x*x*x
fitted parameters initialized with current variable values

iter      chisq       delta/lim  lambda   p0            p1            p2            p3           
   0 1.3593088390e+16   0.00e+00  2.60e+07    1.000000e+00   1.000000e+00   1.000000e+00   1.000000e+00
  11 1.8712902741e+07  -9.40e-04  2.60e-04   -3.624278e+04  -3.081875e+02  -2.767239e-01  -3.778346e-04

After 11 iterations the fit converged.
final sum of squares of residuals : 1.87129e+07
rel. change during last iteration : -9.3952e-09

degrees of freedom    (FIT_NDF)                        : 1
rms of residuals      (FIT_STDFIT) = sqrt(WSSR/ndf)    : 4325.84
variance of residuals (reduced chisquare) = WSSR/ndf   : 1.87129e+07

Final set of parameters            Asymptotic Standard Error
=======================            ==========================
p0              = -36242.8         +/- 3020         (8.331%)
p1              = -308.188         +/- 18.99        (6.163%)
p2              = -0.276724        +/- 0.02558      (9.242%)
p3              = -0.000377835     +/- 0.0001134    (30.02%)

correlation matrix of the fit parameters:
                p0     p1     p2     p3     
p0              1.000 
p1              0.045  1.000 
p2             -0.760 -0.183  1.000 
p3             -0.082 -0.941  0.246  1.000 


*******************************************************************************
Fri May 31 09:55:25 2024


FIT:    data read from "fp_gr_fit.dat" u 1:(-$3)
        format = x:z
        #datapoints = 5
        residuals are weighted equally (unit weight)

function used for fitting: f(x)
	f(x)=p0+p1*x+p2*x*x+p3*x*x*x
fitted parameters initialized with current variable values

iter      chisq       delta/lim  lambda   p0            p1            p2            p3           
   0 8.8847329809e+10   0.00e+00  5.41e+04   -3.624278e+04  -3.081875e+02  -2.767239e-01  -3.778346e-04
   5 1.1811410521e+05  -1.39e-09  5.41e-01    4.456108e+03   6.900199e+00   4.806768e-02   4.674885e-05

After 5 iterations the fit converged.
final sum of squares of residuals : 118114
rel. change during last iteration : -1.39218e-14

degrees of freedom    (FIT_NDF)                        : 1
rms of residuals      (FIT_STDFIT) = sqrt(WSSR/ndf)    : 343.677
variance of residuals (reduced chisquare) = WSSR/ndf   : 118114

Final set of parameters            Asymptotic Standard Error
=======================            ==========================
p0              = 4456.11          +/- 239.9        (5.383%)
p1              = 6.9002           +/- 1.509        (21.87%)
p2              = 0.0480677        +/- 0.002032     (4.227%)
p3              = 4.67488e-05      +/- 9.01e-06     (19.27%)

correlation matrix of the fit parameters:
                p0     p1     p2     p3     
p0              1.000 
p1              0.045  1.000 
p2             -0.760 -0.183  1.000 
p3             -0.082 -0.941  0.246  1.000 


*******************************************************************************
Fri May 31 09:55:29 2024


FIT:    data read from "fp_gr_fit.dat" u 1:(-$5)
        format = x:z
        #datapoints = 5
        residuals are weighted equally (unit weight)

function used for fitting: f(x)
	f(x)=p0+p1*x+p2*x*x+p3*x*x*x+p4*x*x*x*x
fitted parameters initialized with current variable values

iter      chisq       delta/lim  lambda   p0            p1            p2            p3            p4           
   0 2.5604598034e+21   0.00e+00  1.01e+10    4.456108e+03   6.900199e+00   4.806768e-02   4.674885e-05   1.000000e+00
   4 4.0732607729e+12  -1.22e-01  1.01e+06    4.456741e+03   6.900457e+00   4.806963e-02   4.675067e-05   3.478216e-05

After 4 iterations the fit converged.
final sum of squares of residuals : 4.07326e+12
rel. change during last iteration : -1.22204e-06


Exactly as many data points as there are parameters.
In this degenerate case, all errors are zero by definition.

Final set of parameters 
======================= 

p0              = 4456.74        
p1              = 6.90046        
p2              = 0.0480696      
p3              = 4.67507e-05    
p4              = 3.47822e-05    


*******************************************************************************
Fri May 31 09:56:04 2024


FIT:    data read from "fp_gr_fit.dat" u 1:(-$5)
        format = x:z
        #datapoints = 5
        residuals are weighted equally (unit weight)

function used for fitting: f(x)
	f(x)=p0+p1*x+p2*x*x+p3*x*x*x+p4*x*x*x*x
fitted parameters initialized with current variable values

iter      chisq       delta/lim  lambda   p0            p1            p2            p3            p4           
   0 2.5570351469e+21   0.00e+00  1.01e+10    1.000000e+00   1.000000e+00   1.000000e+00   1.000000e+00   1.000000e+00
  16 1.3552527156e-20   0.00e+00  1.01e+04    1.160672e+06   1.578029e+03  -1.873909e+00  -4.263727e-03   1.240114e-05

After 16 iterations the fit converged.
final sum of squares of residuals : 1.35525e-20
rel. change during last iteration : 0


Exactly as many data points as there are parameters.
In this degenerate case, all errors are zero by definition.

Final set of parameters 
======================= 

p0              = 1.16067e+06    
p1              = 1578.03        
p2              = -1.87391       
p3              = -0.00426373    
p4              = 1.24011e-05    
