

*******************************************************************************
Wed Jun  5 07:49:54 2024


FIT:    data read from "tof_las.dat" u 1:2
        format = x:z
        #datapoints = 5
        residuals are weighted equally (unit weight)

function used for fitting: f(x)
	f(x)=p0
fitted parameters initialized with current variable values

iter      chisq       delta/lim  lambda   p0           
   0 6.4468917502e+02   0.00e+00  1.00e+00    1.000000e+00
   4 4.6771041200e-01  -6.09e-09  1.00e-04    1.235096e+01

After 4 iterations the fit converged.
final sum of squares of residuals : 0.46771
rel. change during last iteration : -6.08864e-14

degrees of freedom    (FIT_NDF)                        : 4
rms of residuals      (FIT_STDFIT) = sqrt(WSSR/ndf)    : 0.341947
variance of residuals (reduced chisquare) = WSSR/ndf   : 0.116928

Final set of parameters            Asymptotic Standard Error
=======================            ==========================
p0              = 12.351           +/- 0.1529       (1.238%)


*******************************************************************************
Wed Jun  5 07:50:51 2024


FIT:    data read from "tof_las.dat" u 3:4
        format = x:z
BREAK: No data to fit

*******************************************************************************
Wed Jun  5 07:51:07 2024


FIT:    data read from "tof_las.dat" u 1:3
        format = x:z
        #datapoints = 5
        residuals are weighted equally (unit weight)

function used for fitting: f(x)
	f(x)=p0+p1*x
fitted parameters initialized with current variable values

iter      chisq       delta/lim  lambda   p0            p1           
   0 1.1121428259e+06   0.00e+00  1.63e+02    1.000000e+00   1.000000e+00
   6 2.6538478570e-02  -3.28e-02  1.63e-04    4.280989e+02   7.038722e-03

After 6 iterations the fit converged.
final sum of squares of residuals : 0.0265385
rel. change during last iteration : -3.27966e-07

degrees of freedom    (FIT_NDF)                        : 3
rms of residuals      (FIT_STDFIT) = sqrt(WSSR/ndf)    : 0.094054
variance of residuals (reduced chisquare) = WSSR/ndf   : 0.00884616

Final set of parameters            Asymptotic Standard Error
=======================            ==========================
p0              = 428.099          +/- 0.04215      (0.009846%)
p1              = 0.00703872       +/- 0.0001824    (2.592%)

correlation matrix of the fit parameters:
                p0     p1     
p0              1.000 
p1             -0.064  1.000 


*******************************************************************************
Wed Jun  5 07:52:22 2024


FIT:    data read from "tof_las.dat" u 1:3
        format = x:z
        #datapoints = 5
        residuals are weighted equally (unit weight)

function used for fitting: f(x)
	f(x)=p0+p1*x
fitted parameters initialized with current variable values

iter      chisq       delta/lim  lambda   p0            p1           
   0 1.1121428259e+06   0.00e+00  1.63e+02    1.000000e+00   1.000000e+00
   6 2.6538478570e-02  -3.28e-02  1.63e-04    4.280989e+02   7.038722e-03

After 6 iterations the fit converged.
final sum of squares of residuals : 0.0265385
rel. change during last iteration : -3.27966e-07

degrees of freedom    (FIT_NDF)                        : 3
rms of residuals      (FIT_STDFIT) = sqrt(WSSR/ndf)    : 0.094054
variance of residuals (reduced chisquare) = WSSR/ndf   : 0.00884616

Final set of parameters            Asymptotic Standard Error
=======================            ==========================
p0              = 428.099          +/- 0.04215      (0.009846%)
p1              = 0.00703872       +/- 0.0001824    (2.592%)

correlation matrix of the fit parameters:
                p0     p1     
p0              1.000 
p1             -0.064  1.000 


*******************************************************************************
Wed Jun  5 07:52:27 2024


FIT:    data read from "tof_las.dat" u 1:2
        format = x:z
        #datapoints = 5
        residuals are weighted equally (unit weight)

function used for fitting: f(x)
	f(x)=p0
fitted parameters initialized with current variable values

iter      chisq       delta/lim  lambda   p0           
   0 8.6423219997e+05   0.00e+00  4.28e+02    4.280989e+02
   4 4.6771041200e-01  -8.18e-06  4.28e-02    1.235096e+01

After 4 iterations the fit converged.
final sum of squares of residuals : 0.46771
rel. change during last iteration : -8.17934e-11

degrees of freedom    (FIT_NDF)                        : 4
rms of residuals      (FIT_STDFIT) = sqrt(WSSR/ndf)    : 0.341947
variance of residuals (reduced chisquare) = WSSR/ndf   : 0.116928

Final set of parameters            Asymptotic Standard Error
=======================            ==========================
p0              = 12.351           +/- 0.1529       (1.238%)
