2024年 6月 8日 土曜日 12:27:14 JST
Registering art::TStreamingModuleDecoderLRTDC
Registering art::TStreamingModuleDecoderHRTDC
Registering art::TStreamingModuleDecoderLRTDC64
Registering art::streaming::v1::TStreamingModuleDecoderLRTDC64
Registering art::streaming::v1::TStreamingModuleDecoderHRTDC
Use mass table inside root since Art.MassTable is not defined in .rootrc
Created art::TStreamingModuleDecoderHRTDC with decoder ID 2
Created art::TStreamingModuleDecoderLRTDC with decoder ID 1
Created art::TStreamingModuleDecoderLRTDC64 with decoder ID 3
Created art::streaming::v1::TStreamingModuleDecoderHRTDC with decoder ID 5
Created art::streaming::v1::TStreamingModuleDecoderLRTDC64 with decoder ID 6

Processing shell/calib.C(2072,"ppt")...
timer
es_ttree
steering vdc/vdc_gr_calib.yaml steering/vdc vdc_gr_calib.yaml
proc_geometry_converter
proc_geometry_converter_fp
steering vdc/vdc_las_calib.yaml steering/vdc vdc_las_calib.yaml
proc_geometry_converter_las
proc_geometry_converter_fp_las
steering optics/optics.yaml steering/optics optics.yaml
proc_opt_calib_gr
proc_opt_calib_las
loading pid/pid_calib.yaml
steering pid/pid_calib.yaml steering/pid pid_calib.yaml
proc_pla_gr_calib
proc_pla_las_calib
steering pid/tof.yaml steering/pid tof.yaml
proc_tof_prm_calib
proc_tof_subtraction
proc_tof_calib
proc_gr_rf1_subtraction
proc_gr_rf2_subtraction
proc_gr_rf3_subtraction
proc_las_rf1_subtraction
proc_las_rf2_subtraction
proc_las_rf3_subtraction
steering pid/trig.yaml steering/pid trig.yaml
proc_trig_separater
steering pid/rf.yaml steering/pid rf.yaml
proc_rf_separater
loading energy_calib/energy_calib.yaml
steering energy_calib/energy_calib.yaml steering/energy_calib energy_calib.yaml
proc_ecalib_gr
proc_ecalib_las
outputtree
hist_pid_gr
hist_pid_las
hist_vdc_gr_track
hist_vdc_las_track
hist_vdc_gr_las
hist_optics_gr
hist_optics_las
hist_optics_corr
hist_mhit_gr
hist_mhit_las
hist_trig
itrBegin = 105525760 itrEnd = 23068096
branch : eventheader
branch : trig_raw
branch : trig
branch : trig_gr
branch : trig_las
branch : trig_coin
branch : rf_raw
branch : rf
branch : rf1
branch : rf2
branch : rf3
branch : tref_las_raw
branch : tref_grfcet_raw
branch : tref_grtrig_raw
branch : tref_las
branch : tref_grfcet
branch : tref_grtrig
branch : pla_gr_raw
branch : pla_gr_cal
branch : pla_gr_1l_cal
branch : pla_gr_1r_cal
branch : pla_gr_2l_cal
branch : pla_gr_2r_cal
branch : pla_gr_1l
branch : pla_gr_1r
branch : pla_gr_2l
branch : pla_gr_2r
branch : pla_gr_1
branch : pla_gr_2
branch : vdc_gr_raw
branch : vdc_gr_cal
branch : vdc_gr_dt
branch : vdc_gr_x1
branch : vdc_gr_u1
branch : vdc_gr_x2
branch : vdc_gr_u2
branch : vdc_gr_clust_x1
branch : vdc_gr_clust_x2
branch : vdc_gr_clust_u1
branch : vdc_gr_clust_u2
branch : vdc_gr
branch : pla_las_raw
branch : pla_las_cal
branch : pla_las_1l_cal
branch : pla_las_1r_cal
branch : pla_las_2l_cal
branch : pla_las_2r_cal
branch : pla_las_3l_cal
branch : pla_las_3r_cal
branch : pla_las_4l_cal
branch : pla_las_4r_cal
branch : pla_las_5l_cal
branch : pla_las_5r_cal
branch : pla_las_6l_cal
branch : pla_las_6r_cal
branch : pla_las_3l
branch : pla_las_3r
branch : pla_las_4l
branch : pla_las_4r
branch : pla_las_5l
branch : pla_las_5r
branch : pla_las_6l
branch : pla_las_6r
branch : pla_las_3
branch : pla_las_4
branch : pla_las_5
branch : pla_las_6
branch : vdc_las_raw
branch : vdc_las_cal
branch : vdc_las_dt
branch : vdc_las_x1
branch : vdc_las_u1
branch : vdc_las_v1
branch : vdc_las_x2
branch : vdc_las_u2
branch : vdc_las_v2
branch : vdc_las_clust_x1
branch : vdc_las_clust_x2
branch : vdc_las_clust_u1
branch : vdc_las_clust_u2
branch : vdc_las_clust_v1
branch : vdc_las_clust_v2
branch : vdc_las_xu
branch : vdc_las_xv
branch : vdc_las_uv
branch : vdc_las
'vdc_gr'
'gdc'
'vdc_las'
'ldc'
'gfp'
'lfp'
'pla_gr_1'
'pla_gr_1'
'gfp'
TOF : 131.906 (ns)
'pla_las_3'
'vdc_las_dt'
'lfp'
TOF : 107.09 (ns)
'pid_gr'
'pid_las'
'pid_gr'
'rf1'
'pid_gr'
'rf2'
'pid_gr'
'rf3'
'pid_las'
'rf1'
'pid_las'
'rf2'
'pid_las'
'rf3'
'gtgt'
'ltgt'
Registering art::TStreamingModuleDecoderLRTDC
Registering art::TStreamingModuleDecoderHRTDC
Registering art::TStreamingModuleDecoderLRTDC64
Registering art::streaming::v1::TStreamingModuleDecoderLRTDC64
Registering art::streaming::v1::TStreamingModuleDecoderHRTDC
Use mass table inside root since Art.MassTable is not defined in .rootrc
Created art::TStreamingModuleDecoderHRTDC with decoder ID 2
Created art::TStreamingModuleDecoderLRTDC with decoder ID 1
Created art::TStreamingModuleDecoderLRTDC64 with decoder ID 3
Created art::streaming::v1::TStreamingModuleDecoderHRTDC with decoder ID 5
Created art::streaming::v1::TStreamingModuleDecoderLRTDC64 with decoder ID 6

Processing shell/calib.C(2074,"ppt")...
timer
es_ttree
steering vdc/vdc_gr_calib.yaml steering/vdc vdc_gr_calib.yaml
proc_geometry_converter
proc_geometry_converter_fp
steering vdc/vdc_las_calib.yaml steering/vdc vdc_las_calib.yaml
proc_geometry_converter_las
proc_geometry_converter_fp_las
steering optics/optics.yaml steering/optics optics.yaml
proc_opt_calib_gr
proc_opt_calib_las
loading pid/pid_calib.yaml
steering pid/pid_calib.yaml steering/pid pid_calib.yaml
proc_pla_gr_calib
proc_pla_las_calib
steering pid/tof.yaml steering/pid tof.yaml
proc_tof_prm_calib
proc_tof_subtraction
proc_tof_calib
proc_gr_rf1_subtraction
proc_gr_rf2_subtraction
proc_gr_rf3_subtraction
proc_las_rf1_subtraction
proc_las_rf2_subtraction
proc_las_rf3_subtraction
steering pid/trig.yaml steering/pid trig.yaml
proc_trig_separater
steering pid/rf.yaml steering/pid rf.yaml
proc_rf_separater
loading energy_calib/energy_calib.yaml
steering energy_calib/energy_calib.yaml steering/energy_calib energy_calib.yaml
proc_ecalib_gr
proc_ecalib_las
outputtree
hist_pid_gr
hist_pid_las
hist_vdc_gr_track
hist_vdc_las_track
hist_vdc_gr_las
hist_optics_gr
hist_optics_las
hist_optics_corr
hist_mhit_gr
hist_mhit_las
hist_trig
itrBegin = 134997840 itrEnd = 136124960
branch : eventheader
branch : trig_raw
branch : trig
branch : trig_gr
branch : trig_las
branch : trig_coin
branch : rf_raw
branch : rf
branch : rf1
branch : rf2
branch : rf3
branch : tref_las_raw
branch : tref_grfcet_raw
branch : tref_grtrig_raw
branch : tref_las
branch : tref_grfcet
branch : tref_grtrig
branch : pla_gr_raw
branch : pla_gr_cal
branch : pla_gr_1l_cal
branch : pla_gr_1r_cal
branch : pla_gr_2l_cal
branch : pla_gr_2r_cal
branch : pla_gr_1l
branch : pla_gr_1r
branch : pla_gr_2l
branch : pla_gr_2r
branch : pla_gr_1
branch : pla_gr_2
branch : vdc_gr_raw
branch : vdc_gr_cal
branch : vdc_gr_dt
branch : vdc_gr_x1
branch : vdc_gr_u1
branch : vdc_gr_x2
branch : vdc_gr_u2
branch : vdc_gr_clust_x1
branch : vdc_gr_clust_x2
branch : vdc_gr_clust_u1
branch : vdc_gr_clust_u2
branch : vdc_gr
branch : pla_las_raw
branch : pla_las_cal
branch : pla_las_1l_cal
branch : pla_las_1r_cal
branch : pla_las_2l_cal
branch : pla_las_2r_cal
branch : pla_las_3l_cal
branch : pla_las_3r_cal
branch : pla_las_4l_cal
branch : pla_las_4r_cal
branch : pla_las_5l_cal
branch : pla_las_5r_cal
branch : pla_las_6l_cal
branch : pla_las_6r_cal
branch : pla_las_3l
branch : pla_las_3r
branch : pla_las_4l
branch : pla_las_4r
branch : pla_las_5l
branch : pla_las_5r
branch : pla_las_6l
branch : pla_las_6r
branch : pla_las_3
branch : pla_las_4
branch : pla_las_5
branch : pla_las_6
branch : vdc_las_raw
branch : vdc_las_cal
branch : vdc_las_dt
branch : vdc_las_x1
branch : vdc_las_u1
branch : vdc_las_v1
branch : vdc_las_x2
branch : vdc_las_u2
branch : vdc_las_v2
branch : vdc_las_clust_x1
branch : vdc_las_clust_x2
branch : vdc_las_clust_u1
branch : vdc_las_clust_u2
branch : vdc_las_clust_v1
branch : vdc_las_clust_v2
branch : vdc_las_xu
branch : vdc_las_xv
branch : vdc_las_uv
branch : vdc_las
'vdc_gr'
'gdc'
'vdc_las'
'ldc'
'gfp'
'lfp'
'pla_gr_1'
'pla_gr_1'
'gfp'
TOF : 131.906 (ns)
'pla_las_3'
'vdc_las_dt'
'lfp'
TOF : 107.09 (ns)
'pid_gr'
'pid_las'
'pid_gr'
'rf1'
'pid_gr'
'rf2'
'pid_gr'
'rf3'
'pid_las'
'rf1'
'pid_las'
'rf2'
'pid_las'
'rf3'
'gtgt'
'ltgt'
Registering art::TStreamingModuleDecoderLRTDC
Registering art::TStreamingModuleDecoderHRTDC
Registering art::TStreamingModuleDecoderLRTDC64
Registering art::streaming::v1::TStreamingModuleDecoderLRTDC64
Registering art::streaming::v1::TStreamingModuleDecoderHRTDC
Use mass table inside root since Art.MassTable is not defined in .rootrc
Created art::TStreamingModuleDecoderHRTDC with decoder ID 2
Created art::TStreamingModuleDecoderLRTDC with decoder ID 1
Created art::TStreamingModuleDecoderLRTDC64 with decoder ID 3
Created art::streaming::v1::TStreamingModuleDecoderHRTDC with decoder ID 5
Created art::streaming::v1::TStreamingModuleDecoderLRTDC64 with decoder ID 6

Processing shell/calib.C(2082,"ppt")...
timer
es_ttree
steering vdc/vdc_gr_calib.yaml steering/vdc vdc_gr_calib.yaml
proc_geometry_converter
proc_geometry_converter_fp
steering vdc/vdc_las_calib.yaml steering/vdc vdc_las_calib.yaml
proc_geometry_converter_las
proc_geometry_converter_fp_las
steering optics/optics.yaml steering/optics optics.yaml
proc_opt_calib_gr
proc_opt_calib_las
loading pid/pid_calib.yaml
steering pid/pid_calib.yaml steering/pid pid_calib.yaml
proc_pla_gr_calib
proc_pla_las_calib
steering pid/tof.yaml steering/pid tof.yaml
proc_tof_prm_calib
proc_tof_subtraction
proc_tof_calib
proc_gr_rf1_subtraction
proc_gr_rf2_subtraction
proc_gr_rf3_subtraction
proc_las_rf1_subtraction
proc_las_rf2_subtraction
proc_las_rf3_subtraction
steering pid/trig.yaml steering/pid trig.yaml
proc_trig_separater
steering pid/rf.yaml steering/pid rf.yaml
proc_rf_separater
loading energy_calib/energy_calib.yaml
steering energy_calib/energy_calib.yaml steering/energy_calib energy_calib.yaml
proc_ecalib_gr
proc_ecalib_las
outputtree
hist_pid_gr
hist_pid_las
hist_vdc_gr_track
hist_vdc_las_track
hist_vdc_gr_las
hist_optics_gr
hist_optics_las
hist_optics_corr
hist_mhit_gr
hist_mhit_las
hist_trig
itrBegin = 127129296 itrEnd = 128331968
branch : eventheader
branch : trig_raw
branch : trig
branch : trig_gr
branch : trig_las
branch : trig_coin
branch : rf_raw
branch : rf
branch : rf1
branch : rf2
branch : rf3
branch : tref_las_raw
branch : tref_grfcet_raw
branch : tref_grtrig_raw
branch : tref_las
branch : tref_grfcet
branch : tref_grtrig
branch : pla_gr_raw
branch : pla_gr_cal
branch : pla_gr_1l_cal
branch : pla_gr_1r_cal
branch : pla_gr_2l_cal
branch : pla_gr_2r_cal
branch : pla_gr_1l
branch : pla_gr_1r
branch : pla_gr_2l
branch : pla_gr_2r
branch : pla_gr_1
branch : pla_gr_2
branch : vdc_gr_raw
branch : vdc_gr_cal
branch : vdc_gr_dt
branch : vdc_gr_x1
branch : vdc_gr_u1
branch : vdc_gr_x2
branch : vdc_gr_u2
branch : vdc_gr_clust_x1
branch : vdc_gr_clust_x2
branch : vdc_gr_clust_u1
branch : vdc_gr_clust_u2
branch : vdc_gr
branch : pla_las_raw
branch : pla_las_cal
branch : pla_las_1l_cal
branch : pla_las_1r_cal
branch : pla_las_2l_cal
branch : pla_las_2r_cal
branch : pla_las_3l_cal
branch : pla_las_3r_cal
branch : pla_las_4l_cal
branch : pla_las_4r_cal
branch : pla_las_5l_cal
branch : pla_las_5r_cal
branch : pla_las_6l_cal
branch : pla_las_6r_cal
branch : pla_las_3l
branch : pla_las_3r
branch : pla_las_4l
branch : pla_las_4r
branch : pla_las_5l
branch : pla_las_5r
branch : pla_las_6l
branch : pla_las_6r
branch : pla_las_3
branch : pla_las_4
branch : pla_las_5
branch : pla_las_6
branch : vdc_las_raw
branch : vdc_las_cal
branch : vdc_las_dt
branch : vdc_las_x1
branch : vdc_las_u1
branch : vdc_las_v1
branch : vdc_las_x2
branch : vdc_las_u2
branch : vdc_las_v2
branch : vdc_las_clust_x1
branch : vdc_las_clust_x2
branch : vdc_las_clust_u1
branch : vdc_las_clust_u2
branch : vdc_las_clust_v1
branch : vdc_las_clust_v2
branch : vdc_las_xu
branch : vdc_las_xv
branch : vdc_las_uv
branch : vdc_las
'vdc_gr'
'gdc'
'vdc_las'
'ldc'
'gfp'
'lfp'
'pla_gr_1'
'pla_gr_1'
'gfp'
TOF : 131.906 (ns)
'pla_las_3'
'vdc_las_dt'
'lfp'
TOF : 107.09 (ns)
'pid_gr'
'pid_las'
'pid_gr'
'rf1'
'pid_gr'
'rf2'
'pid_gr'
'rf3'
'pid_las'
'rf1'
'pid_las'
'rf2'
'pid_las'
'rf3'
'gtgt'
'ltgt'
Registering art::TStreamingModuleDecoderLRTDC
Registering art::TStreamingModuleDecoderHRTDC
Registering art::TStreamingModuleDecoderLRTDC64
Registering art::streaming::v1::TStreamingModuleDecoderLRTDC64
Registering art::streaming::v1::TStreamingModuleDecoderHRTDC
Use mass table inside root since Art.MassTable is not defined in .rootrc
Created art::TStreamingModuleDecoderHRTDC with decoder ID 2
Created art::TStreamingModuleDecoderLRTDC with decoder ID 1
Created art::TStreamingModuleDecoderLRTDC64 with decoder ID 3
Created art::streaming::v1::TStreamingModuleDecoderHRTDC with decoder ID 5
Created art::streaming::v1::TStreamingModuleDecoderLRTDC64 with decoder ID 6

Processing shell/calib.C(2119,"ppt")...
timer
es_ttree
steering vdc/vdc_gr_calib.yaml steering/vdc vdc_gr_calib.yaml
proc_geometry_converter
proc_geometry_converter_fp
steering vdc/vdc_las_calib.yaml steering/vdc vdc_las_calib.yaml
proc_geometry_converter_las
proc_geometry_converter_fp_las
steering optics/optics.yaml steering/optics optics.yaml
proc_opt_calib_gr
proc_opt_calib_las
loading pid/pid_calib.yaml
steering pid/pid_calib.yaml steering/pid pid_calib.yaml
proc_pla_gr_calib
proc_pla_las_calib
steering pid/tof.yaml steering/pid tof.yaml
proc_tof_prm_calib
proc_tof_subtraction
proc_tof_calib
proc_gr_rf1_subtraction
proc_gr_rf2_subtraction
proc_gr_rf3_subtraction
proc_las_rf1_subtraction
proc_las_rf2_subtraction
proc_las_rf3_subtraction
steering pid/trig.yaml steering/pid trig.yaml
proc_trig_separater
steering pid/rf.yaml steering/pid rf.yaml
proc_rf_separater
loading energy_calib/energy_calib.yaml
steering energy_calib/energy_calib.yaml steering/energy_calib energy_calib.yaml
proc_ecalib_gr
proc_ecalib_las
outputtree
hist_pid_gr
hist_pid_las
hist_vdc_gr_track
hist_vdc_las_track
hist_vdc_gr_las
hist_optics_gr
hist_optics_las
hist_optics_corr
hist_mhit_gr
hist_mhit_las
hist_trig
itrBegin = 108363584 itrEnd = 143442304
branch : eventheader
branch : trig_raw
branch : trig
branch : trig_gr
branch : trig_las
branch : trig_coin
branch : rf_raw
branch : rf
branch : rf1
branch : rf2
branch : rf3
branch : tref_las_raw
branch : tref_grfcet_raw
branch : tref_grtrig_raw
branch : tref_las
branch : tref_grfcet
branch : tref_grtrig
branch : pla_gr_raw
branch : pla_gr_cal
branch : pla_gr_1l_cal
branch : pla_gr_1r_cal
branch : pla_gr_2l_cal
branch : pla_gr_2r_cal
branch : pla_gr_1l
branch : pla_gr_1r
branch : pla_gr_2l
branch : pla_gr_2r
branch : pla_gr_1
branch : pla_gr_2
branch : vdc_gr_raw
branch : vdc_gr_cal
branch : vdc_gr_dt
branch : vdc_gr_x1
branch : vdc_gr_u1
branch : vdc_gr_x2
branch : vdc_gr_u2
branch : vdc_gr_clust_x1
branch : vdc_gr_clust_x2
branch : vdc_gr_clust_u1
branch : vdc_gr_clust_u2
branch : vdc_gr
branch : pla_las_raw
branch : pla_las_cal
branch : pla_las_1l_cal
branch : pla_las_1r_cal
branch : pla_las_2l_cal
branch : pla_las_2r_cal
branch : pla_las_3l_cal
branch : pla_las_3r_cal
branch : pla_las_4l_cal
branch : pla_las_4r_cal
branch : pla_las_5l_cal
branch : pla_las_5r_cal
branch : pla_las_6l_cal
branch : pla_las_6r_cal
branch : pla_las_3l
branch : pla_las_3r
branch : pla_las_4l
branch : pla_las_4r
branch : pla_las_5l
branch : pla_las_5r
branch : pla_las_6l
branch : pla_las_6r
branch : pla_las_3
branch : pla_las_4
branch : pla_las_5
branch : pla_las_6
branch : vdc_las_raw
branch : vdc_las_cal
branch : vdc_las_dt
branch : vdc_las_x1
branch : vdc_las_u1
branch : vdc_las_v1
branch : vdc_las_x2
branch : vdc_las_u2
branch : vdc_las_v2
branch : vdc_las_clust_x1
branch : vdc_las_clust_x2
branch : vdc_las_clust_u1
branch : vdc_las_clust_u2
branch : vdc_las_clust_v1
branch : vdc_las_clust_v2
branch : vdc_las_xu
branch : vdc_las_xv
branch : vdc_las_uv
branch : vdc_las
'vdc_gr'
'gdc'
'vdc_las'
'ldc'
'gfp'
'lfp'
'pla_gr_1'
'pla_gr_1'
'gfp'
TOF : 131.906 (ns)
'pla_las_3'
'vdc_las_dt'
'lfp'
TOF : 107.09 (ns)
'pid_gr'
'pid_las'
'pid_gr'
'rf1'
'pid_gr'
'rf2'
'pid_gr'
'rf3'
'pid_las'
'rf1'
'pid_las'
'rf2'
'pid_las'
'rf3'
'gtgt'
'ltgt'
Registering art::TStreamingModuleDecoderLRTDC
Registering art::TStreamingModuleDecoderHRTDC
Registering art::TStreamingModuleDecoderLRTDC64
Registering art::streaming::v1::TStreamingModuleDecoderLRTDC64
Registering art::streaming::v1::TStreamingModuleDecoderHRTDC
Use mass table inside root since Art.MassTable is not defined in .rootrc
Created art::TStreamingModuleDecoderHRTDC with decoder ID 2
Created art::TStreamingModuleDecoderLRTDC with decoder ID 1
Created art::TStreamingModuleDecoderLRTDC64 with decoder ID 3
Created art::streaming::v1::TStreamingModuleDecoderHRTDC with decoder ID 5
Created art::streaming::v1::TStreamingModuleDecoderLRTDC64 with decoder ID 6

Processing shell/calib.C(2120,"ppt")...
timer
es_ttree
steering vdc/vdc_gr_calib.yaml steering/vdc vdc_gr_calib.yaml
proc_geometry_converter
proc_geometry_converter_fp
steering vdc/vdc_las_calib.yaml steering/vdc vdc_las_calib.yaml
proc_geometry_converter_las
proc_geometry_converter_fp_las
steering optics/optics.yaml steering/optics optics.yaml
proc_opt_calib_gr
proc_opt_calib_las
loading pid/pid_calib.yaml
steering pid/pid_calib.yaml steering/pid pid_calib.yaml
proc_pla_gr_calib
proc_pla_las_calib
steering pid/tof.yaml steering/pid tof.yaml
proc_tof_prm_calib
proc_tof_subtraction
proc_tof_calib
proc_gr_rf1_subtraction
proc_gr_rf2_subtraction
proc_gr_rf3_subtraction
proc_las_rf1_subtraction
proc_las_rf2_subtraction
proc_las_rf3_subtraction
steering pid/trig.yaml steering/pid trig.yaml
proc_trig_separater
steering pid/rf.yaml steering/pid rf.yaml
proc_rf_separater
loading energy_calib/energy_calib.yaml
steering energy_calib/energy_calib.yaml steering/energy_calib energy_calib.yaml
proc_ecalib_gr
proc_ecalib_las
outputtree
hist_pid_gr
hist_pid_las
hist_vdc_gr_track
hist_vdc_las_track
hist_vdc_gr_las
hist_optics_gr
hist_optics_las
hist_optics_corr
hist_mhit_gr
hist_mhit_las
hist_trig
itrBegin = 51235888 itrEnd = 129092016
branch : eventheader
branch : trig_raw
branch : trig
branch : trig_gr
branch : trig_las
branch : trig_coin
branch : rf_raw
branch : rf
branch : rf1
branch : rf2
branch : rf3
branch : tref_las_raw
branch : tref_grfcet_raw
branch : tref_grtrig_raw
branch : tref_las
branch : tref_grfcet
branch : tref_grtrig
branch : pla_gr_raw
branch : pla_gr_cal
branch : pla_gr_1l_cal
branch : pla_gr_1r_cal
branch : pla_gr_2l_cal
branch : pla_gr_2r_cal
branch : pla_gr_1l
branch : pla_gr_1r
branch : pla_gr_2l
branch : pla_gr_2r
branch : pla_gr_1
branch : pla_gr_2
branch : vdc_gr_raw
branch : vdc_gr_cal
branch : vdc_gr_dt
branch : vdc_gr_x1
branch : vdc_gr_u1
branch : vdc_gr_x2
branch : vdc_gr_u2
branch : vdc_gr_clust_x1
branch : vdc_gr_clust_x2
branch : vdc_gr_clust_u1
branch : vdc_gr_clust_u2
branch : vdc_gr
branch : pla_las_raw
branch : pla_las_cal
branch : pla_las_1l_cal
branch : pla_las_1r_cal
branch : pla_las_2l_cal
branch : pla_las_2r_cal
branch : pla_las_3l_cal
branch : pla_las_3r_cal
branch : pla_las_4l_cal
branch : pla_las_4r_cal
branch : pla_las_5l_cal
branch : pla_las_5r_cal
branch : pla_las_6l_cal
branch : pla_las_6r_cal
branch : pla_las_3l
branch : pla_las_3r
branch : pla_las_4l
branch : pla_las_4r
branch : pla_las_5l
branch : pla_las_5r
branch : pla_las_6l
branch : pla_las_6r
branch : pla_las_3
branch : pla_las_4
branch : pla_las_5
branch : pla_las_6
branch : vdc_las_raw
branch : vdc_las_cal
branch : vdc_las_dt
branch : vdc_las_x1
branch : vdc_las_u1
branch : vdc_las_v1
branch : vdc_las_x2
branch : vdc_las_u2
branch : vdc_las_v2
branch : vdc_las_clust_x1
branch : vdc_las_clust_x2
branch : vdc_las_clust_u1
branch : vdc_las_clust_u2
branch : vdc_las_clust_v1
branch : vdc_las_clust_v2
branch : vdc_las_xu
branch : vdc_las_xv
branch : vdc_las_uv
branch : vdc_las
'vdc_gr'
'gdc'
'vdc_las'
'ldc'
'gfp'
'lfp'
'pla_gr_1'
'pla_gr_1'
'gfp'
TOF : 131.906 (ns)
'pla_las_3'
'vdc_las_dt'
'lfp'
TOF : 107.09 (ns)
'pid_gr'
'pid_las'
'pid_gr'
'rf1'
'pid_gr'
'rf2'
'pid_gr'
'rf3'
'pid_las'
'rf1'
'pid_las'
'rf2'
'pid_las'
'rf3'
'gtgt'
'ltgt'
Registering art::TStreamingModuleDecoderLRTDC
Registering art::TStreamingModuleDecoderHRTDC
Registering art::TStreamingModuleDecoderLRTDC64
Registering art::streaming::v1::TStreamingModuleDecoderLRTDC64
Registering art::streaming::v1::TStreamingModuleDecoderHRTDC
Use mass table inside root since Art.MassTable is not defined in .rootrc
Created art::TStreamingModuleDecoderHRTDC with decoder ID 2
Created art::TStreamingModuleDecoderLRTDC with decoder ID 1
Created art::TStreamingModuleDecoderLRTDC64 with decoder ID 3
Created art::streaming::v1::TStreamingModuleDecoderHRTDC with decoder ID 5
Created art::streaming::v1::TStreamingModuleDecoderLRTDC64 with decoder ID 6

Processing shell/calib.C(2176,"ppt")...
timer
es_ttree
steering vdc/vdc_gr_calib.yaml steering/vdc vdc_gr_calib.yaml
proc_geometry_converter
proc_geometry_converter_fp
steering vdc/vdc_las_calib.yaml steering/vdc vdc_las_calib.yaml
proc_geometry_converter_las
proc_geometry_converter_fp_las
steering optics/optics.yaml steering/optics optics.yaml
proc_opt_calib_gr
proc_opt_calib_las
loading pid/pid_calib.yaml
steering pid/pid_calib.yaml steering/pid pid_calib.yaml
proc_pla_gr_calib
proc_pla_las_calib
steering pid/tof.yaml steering/pid tof.yaml
proc_tof_prm_calib
proc_tof_subtraction
proc_tof_calib
proc_gr_rf1_subtraction
proc_gr_rf2_subtraction
proc_gr_rf3_subtraction
proc_las_rf1_subtraction
proc_las_rf2_subtraction
proc_las_rf3_subtraction
steering pid/trig.yaml steering/pid trig.yaml
proc_trig_separater
steering pid/rf.yaml steering/pid rf.yaml
proc_rf_separater
loading energy_calib/energy_calib.yaml
steering energy_calib/energy_calib.yaml steering/energy_calib energy_calib.yaml
proc_ecalib_gr
proc_ecalib_las
outputtree
hist_pid_gr
hist_pid_las
hist_vdc_gr_track
hist_vdc_las_track
hist_vdc_gr_las
hist_optics_gr
hist_optics_las
hist_optics_corr
hist_mhit_gr
hist_mhit_las
hist_trig
itrBegin = 128416688 itrEnd = 129136752
branch : eventheader
branch : trig_raw
branch : trig
branch : trig_gr
branch : trig_las
branch : trig_coin
branch : rf_raw
branch : rf
branch : rf1
branch : rf2
branch : rf3
branch : tref_las_raw
branch : tref_grfcet_raw
branch : tref_grtrig_raw
branch : tref_las
branch : tref_grfcet
branch : tref_grtrig
branch : pla_gr_raw
branch : pla_gr_cal
branch : pla_gr_1l_cal
branch : pla_gr_1r_cal
branch : pla_gr_2l_cal
branch : pla_gr_2r_cal
branch : pla_gr_1l
branch : pla_gr_1r
branch : pla_gr_2l
branch : pla_gr_2r
branch : pla_gr_1
branch : pla_gr_2
branch : vdc_gr_raw
branch : vdc_gr_cal
branch : vdc_gr_dt
branch : vdc_gr_x1
branch : vdc_gr_u1
branch : vdc_gr_x2
branch : vdc_gr_u2
branch : vdc_gr_clust_x1
branch : vdc_gr_clust_x2
branch : vdc_gr_clust_u1
branch : vdc_gr_clust_u2
branch : vdc_gr
branch : pla_las_raw
branch : pla_las_cal
branch : pla_las_1l_cal
branch : pla_las_1r_cal
branch : pla_las_2l_cal
branch : pla_las_2r_cal
branch : pla_las_3l_cal
branch : pla_las_3r_cal
branch : pla_las_4l_cal
branch : pla_las_4r_cal
branch : pla_las_5l_cal
branch : pla_las_5r_cal
branch : pla_las_6l_cal
branch : pla_las_6r_cal
branch : pla_las_3l
branch : pla_las_3r
branch : pla_las_4l
branch : pla_las_4r
branch : pla_las_5l
branch : pla_las_5r
branch : pla_las_6l
branch : pla_las_6r
branch : pla_las_3
branch : pla_las_4
branch : pla_las_5
branch : pla_las_6
branch : vdc_las_raw
branch : vdc_las_cal
branch : vdc_las_dt
branch : vdc_las_x1
branch : vdc_las_u1
branch : vdc_las_v1
branch : vdc_las_x2
branch : vdc_las_u2
branch : vdc_las_v2
branch : vdc_las_clust_x1
branch : vdc_las_clust_x2
branch : vdc_las_clust_u1
branch : vdc_las_clust_u2
branch : vdc_las_clust_v1
branch : vdc_las_clust_v2
branch : vdc_las_xu
branch : vdc_las_xv
branch : vdc_las_uv
branch : vdc_las
'vdc_gr'
'gdc'
'vdc_las'
'ldc'
'gfp'
'lfp'
'pla_gr_1'
'pla_gr_1'
'gfp'
TOF : 131.906 (ns)
'pla_las_3'
'vdc_las_dt'
'lfp'
TOF : 107.09 (ns)
'pid_gr'
'pid_las'
'pid_gr'
'rf1'
'pid_gr'
'rf2'
'pid_gr'
'rf3'
'pid_las'
'rf1'
'pid_las'
'rf2'
'pid_las'
'rf3'
'gtgt'
'ltgt'
Registering art::TStreamingModuleDecoderLRTDC
Registering art::TStreamingModuleDecoderHRTDC
Registering art::TStreamingModuleDecoderLRTDC64
Registering art::streaming::v1::TStreamingModuleDecoderLRTDC64
Registering art::streaming::v1::TStreamingModuleDecoderHRTDC
Use mass table inside root since Art.MassTable is not defined in .rootrc
Created art::TStreamingModuleDecoderHRTDC with decoder ID 2
Created art::TStreamingModuleDecoderLRTDC with decoder ID 1
Created art::TStreamingModuleDecoderLRTDC64 with decoder ID 3
Created art::streaming::v1::TStreamingModuleDecoderHRTDC with decoder ID 5
Created art::streaming::v1::TStreamingModuleDecoderLRTDC64 with decoder ID 6

Processing shell/calib.C(2178,"ppt")...
timer
es_ttree
steering vdc/vdc_gr_calib.yaml steering/vdc vdc_gr_calib.yaml
proc_geometry_converter
proc_geometry_converter_fp
steering vdc/vdc_las_calib.yaml steering/vdc vdc_las_calib.yaml
proc_geometry_converter_las
proc_geometry_converter_fp_las
steering optics/optics.yaml steering/optics optics.yaml
proc_opt_calib_gr
proc_opt_calib_las
loading pid/pid_calib.yaml
steering pid/pid_calib.yaml steering/pid pid_calib.yaml
proc_pla_gr_calib
proc_pla_las_calib
steering pid/tof.yaml steering/pid tof.yaml
proc_tof_prm_calib
proc_tof_subtraction
proc_tof_calib
proc_gr_rf1_subtraction
proc_gr_rf2_subtraction
proc_gr_rf3_subtraction
proc_las_rf1_subtraction
proc_las_rf2_subtraction
proc_las_rf3_subtraction
steering pid/trig.yaml steering/pid trig.yaml
proc_trig_separater
steering pid/rf.yaml steering/pid rf.yaml
proc_rf_separater
loading energy_calib/energy_calib.yaml
steering energy_calib/energy_calib.yaml steering/energy_calib energy_calib.yaml
proc_ecalib_gr
proc_ecalib_las
outputtree
hist_pid_gr
hist_pid_las
hist_vdc_gr_track
hist_vdc_las_track
hist_vdc_gr_las
hist_optics_gr
hist_optics_las
hist_optics_corr
hist_mhit_gr
hist_mhit_las
hist_trig
itrBegin = 44351952 itrEnd = 112874352
branch : eventheader
branch : trig_raw
branch : trig
branch : trig_gr
branch : trig_las
branch : trig_coin
branch : rf_raw
branch : rf
branch : rf1
branch : rf2
branch : rf3
branch : tref_las_raw
branch : tref_grfcet_raw
branch : tref_grtrig_raw
branch : tref_las
branch : tref_grfcet
branch : tref_grtrig
branch : pla_gr_raw
branch : pla_gr_cal
branch : pla_gr_1l_cal
branch : pla_gr_1r_cal
branch : pla_gr_2l_cal
branch : pla_gr_2r_cal
branch : pla_gr_1l
branch : pla_gr_1r
branch : pla_gr_2l
branch : pla_gr_2r
branch : pla_gr_1
branch : pla_gr_2
branch : vdc_gr_raw
branch : vdc_gr_cal
branch : vdc_gr_dt
branch : vdc_gr_x1
branch : vdc_gr_u1
branch : vdc_gr_x2
branch : vdc_gr_u2
branch : vdc_gr_clust_x1
branch : vdc_gr_clust_x2
branch : vdc_gr_clust_u1
branch : vdc_gr_clust_u2
branch : vdc_gr
branch : pla_las_raw
branch : pla_las_cal
branch : pla_las_1l_cal
branch : pla_las_1r_cal
branch : pla_las_2l_cal
branch : pla_las_2r_cal
branch : pla_las_3l_cal
branch : pla_las_3r_cal
branch : pla_las_4l_cal
branch : pla_las_4r_cal
branch : pla_las_5l_cal
branch : pla_las_5r_cal
branch : pla_las_6l_cal
branch : pla_las_6r_cal
branch : pla_las_3l
branch : pla_las_3r
branch : pla_las_4l
branch : pla_las_4r
branch : pla_las_5l
branch : pla_las_5r
branch : pla_las_6l
branch : pla_las_6r
branch : pla_las_3
branch : pla_las_4
branch : pla_las_5
branch : pla_las_6
branch : vdc_las_raw
branch : vdc_las_cal
branch : vdc_las_dt
branch : vdc_las_x1
branch : vdc_las_u1
branch : vdc_las_v1
branch : vdc_las_x2
branch : vdc_las_u2
branch : vdc_las_v2
branch : vdc_las_clust_x1
branch : vdc_las_clust_x2
branch : vdc_las_clust_u1
branch : vdc_las_clust_u2
branch : vdc_las_clust_v1
branch : vdc_las_clust_v2
branch : vdc_las_xu
branch : vdc_las_xv
branch : vdc_las_uv
branch : vdc_las
'vdc_gr'
'gdc'
'vdc_las'
'ldc'
'gfp'
'lfp'
'pla_gr_1'
'pla_gr_1'
'gfp'
TOF : 131.906 (ns)
'pla_las_3'
'vdc_las_dt'
'lfp'
TOF : 107.09 (ns)
'pid_gr'
'pid_las'
'pid_gr'
'rf1'
'pid_gr'
'rf2'
'pid_gr'
'rf3'
'pid_las'
'rf1'
'pid_las'
'rf2'
'pid_las'
'rf3'
'gtgt'
'ltgt'
Registering art::TStreamingModuleDecoderLRTDC
Registering art::TStreamingModuleDecoderHRTDC
Registering art::TStreamingModuleDecoderLRTDC64
Registering art::streaming::v1::TStreamingModuleDecoderLRTDC64
Registering art::streaming::v1::TStreamingModuleDecoderHRTDC
Use mass table inside root since Art.MassTable is not defined in .rootrc
Created art::TStreamingModuleDecoderHRTDC with decoder ID 2
Created art::TStreamingModuleDecoderLRTDC with decoder ID 1
Created art::TStreamingModuleDecoderLRTDC64 with decoder ID 3
Created art::streaming::v1::TStreamingModuleDecoderHRTDC with decoder ID 5
Created art::streaming::v1::TStreamingModuleDecoderLRTDC64 with decoder ID 6

Processing shell/calib.C(2179,"ppt")...
timer
es_ttree
steering vdc/vdc_gr_calib.yaml steering/vdc vdc_gr_calib.yaml
proc_geometry_converter
proc_geometry_converter_fp
steering vdc/vdc_las_calib.yaml steering/vdc vdc_las_calib.yaml
proc_geometry_converter_las
proc_geometry_converter_fp_las
steering optics/optics.yaml steering/optics optics.yaml
proc_opt_calib_gr
proc_opt_calib_las
loading pid/pid_calib.yaml
steering pid/pid_calib.yaml steering/pid pid_calib.yaml
proc_pla_gr_calib
proc_pla_las_calib
steering pid/tof.yaml steering/pid tof.yaml
proc_tof_prm_calib
proc_tof_subtraction
proc_tof_calib
proc_gr_rf1_subtraction
proc_gr_rf2_subtraction
proc_gr_rf3_subtraction
proc_las_rf1_subtraction
proc_las_rf2_subtraction
proc_las_rf3_subtraction
steering pid/trig.yaml steering/pid trig.yaml
proc_trig_separater
steering pid/rf.yaml steering/pid rf.yaml
proc_rf_separater
loading energy_calib/energy_calib.yaml
steering energy_calib/energy_calib.yaml steering/energy_calib energy_calib.yaml
proc_ecalib_gr
proc_ecalib_las
outputtree
hist_pid_gr
hist_pid_las
hist_vdc_gr_track
hist_vdc_las_track
hist_vdc_gr_las
hist_optics_gr
hist_optics_las
hist_optics_corr
hist_mhit_gr
hist_mhit_las
hist_trig
itrBegin = 116799120 itrEnd = 103400848
branch : eventheader
branch : trig_raw
branch : trig
branch : trig_gr
branch : trig_las
branch : trig_coin
branch : rf_raw
branch : rf
branch : rf1
branch : rf2
branch : rf3
branch : tref_las_raw
branch : tref_grfcet_raw
branch : tref_grtrig_raw
branch : tref_las
branch : tref_grfcet
branch : tref_grtrig
branch : pla_gr_raw
branch : pla_gr_cal
branch : pla_gr_1l_cal
branch : pla_gr_1r_cal
branch : pla_gr_2l_cal
branch : pla_gr_2r_cal
branch : pla_gr_1l
branch : pla_gr_1r
branch : pla_gr_2l
branch : pla_gr_2r
branch : pla_gr_1
branch : pla_gr_2
branch : vdc_gr_raw
branch : vdc_gr_cal
branch : vdc_gr_dt
branch : vdc_gr_x1
branch : vdc_gr_u1
branch : vdc_gr_x2
branch : vdc_gr_u2
branch : vdc_gr_clust_x1
branch : vdc_gr_clust_x2
branch : vdc_gr_clust_u1
branch : vdc_gr_clust_u2
branch : vdc_gr
branch : pla_las_raw
branch : pla_las_cal
branch : pla_las_1l_cal
branch : pla_las_1r_cal
branch : pla_las_2l_cal
branch : pla_las_2r_cal
branch : pla_las_3l_cal
branch : pla_las_3r_cal
branch : pla_las_4l_cal
branch : pla_las_4r_cal
branch : pla_las_5l_cal
branch : pla_las_5r_cal
branch : pla_las_6l_cal
branch : pla_las_6r_cal
branch : pla_las_3l
branch : pla_las_3r
branch : pla_las_4l
branch : pla_las_4r
branch : pla_las_5l
branch : pla_las_5r
branch : pla_las_6l
branch : pla_las_6r
branch : pla_las_3
branch : pla_las_4
branch : pla_las_5
branch : pla_las_6
branch : vdc_las_raw
branch : vdc_las_cal
branch : vdc_las_dt
branch : vdc_las_x1
branch : vdc_las_u1
branch : vdc_las_v1
branch : vdc_las_x2
branch : vdc_las_u2
branch : vdc_las_v2
branch : vdc_las_clust_x1
branch : vdc_las_clust_x2
branch : vdc_las_clust_u1
branch : vdc_las_clust_u2
branch : vdc_las_clust_v1
branch : vdc_las_clust_v2
branch : vdc_las_xu
branch : vdc_las_xv
branch : vdc_las_uv
branch : vdc_las
'vdc_gr'
'gdc'
'vdc_las'
'ldc'
'gfp'
'lfp'
'pla_gr_1'
'pla_gr_1'
'gfp'
TOF : 131.906 (ns)
'pla_las_3'
'vdc_las_dt'
'lfp'
TOF : 107.09 (ns)
'pid_gr'
'pid_las'
'pid_gr'
'rf1'
'pid_gr'
'rf2'
'pid_gr'
'rf3'
'pid_las'
'rf1'
'pid_las'
'rf2'
'pid_las'
'rf3'
'gtgt'
'ltgt'
Registering art::TStreamingModuleDecoderLRTDC
Registering art::TStreamingModuleDecoderHRTDC
Registering art::TStreamingModuleDecoderLRTDC64
Registering art::streaming::v1::TStreamingModuleDecoderLRTDC64
Registering art::streaming::v1::TStreamingModuleDecoderHRTDC
Use mass table inside root since Art.MassTable is not defined in .rootrc
Created art::TStreamingModuleDecoderHRTDC with decoder ID 2
Created art::TStreamingModuleDecoderLRTDC with decoder ID 1
Created art::TStreamingModuleDecoderLRTDC64 with decoder ID 3
Created art::streaming::v1::TStreamingModuleDecoderHRTDC with decoder ID 5
Created art::streaming::v1::TStreamingModuleDecoderLRTDC64 with decoder ID 6

Processing shell/calib.C(2180,"ppt")...
timer
es_ttree
steering vdc/vdc_gr_calib.yaml steering/vdc vdc_gr_calib.yaml
proc_geometry_converter
proc_geometry_converter_fp
steering vdc/vdc_las_calib.yaml steering/vdc vdc_las_calib.yaml
proc_geometry_converter_las
proc_geometry_converter_fp_las
steering optics/optics.yaml steering/optics optics.yaml
proc_opt_calib_gr
proc_opt_calib_las
loading pid/pid_calib.yaml
steering pid/pid_calib.yaml steering/pid pid_calib.yaml
proc_pla_gr_calib
proc_pla_las_calib
steering pid/tof.yaml steering/pid tof.yaml
proc_tof_prm_calib
proc_tof_subtraction
proc_tof_calib
proc_gr_rf1_subtraction
proc_gr_rf2_subtraction
proc_gr_rf3_subtraction
proc_las_rf1_subtraction
proc_las_rf2_subtraction
proc_las_rf3_subtraction
steering pid/trig.yaml steering/pid trig.yaml
proc_trig_separater
steering pid/rf.yaml steering/pid rf.yaml
proc_rf_separater
loading energy_calib/energy_calib.yaml
steering energy_calib/energy_calib.yaml steering/energy_calib energy_calib.yaml
proc_ecalib_gr
proc_ecalib_las
outputtree
hist_pid_gr
hist_pid_las
hist_vdc_gr_track
hist_vdc_las_track
hist_vdc_gr_las
hist_optics_gr
hist_optics_las
hist_optics_corr
hist_mhit_gr
hist_mhit_las
hist_trig
itrBegin = 133422704 itrEnd = 130406816
branch : eventheader
branch : trig_raw
branch : trig
branch : trig_gr
branch : trig_las
branch : trig_coin
branch : rf_raw
branch : rf
branch : rf1
branch : rf2
branch : rf3
branch : tref_las_raw
branch : tref_grfcet_raw
branch : tref_grtrig_raw
branch : tref_las
branch : tref_grfcet
branch : tref_grtrig
branch : pla_gr_raw
branch : pla_gr_cal
branch : pla_gr_1l_cal
branch : pla_gr_1r_cal
branch : pla_gr_2l_cal
branch : pla_gr_2r_cal
branch : pla_gr_1l
branch : pla_gr_1r
branch : pla_gr_2l
branch : pla_gr_2r
branch : pla_gr_1
branch : pla_gr_2
branch : vdc_gr_raw
branch : vdc_gr_cal
branch : vdc_gr_dt
branch : vdc_gr_x1
branch : vdc_gr_u1
branch : vdc_gr_x2
branch : vdc_gr_u2
branch : vdc_gr_clust_x1
branch : vdc_gr_clust_x2
branch : vdc_gr_clust_u1
branch : vdc_gr_clust_u2
branch : vdc_gr
branch : pla_las_raw
branch : pla_las_cal
branch : pla_las_1l_cal
branch : pla_las_1r_cal
branch : pla_las_2l_cal
branch : pla_las_2r_cal
branch : pla_las_3l_cal
branch : pla_las_3r_cal
branch : pla_las_4l_cal
branch : pla_las_4r_cal
branch : pla_las_5l_cal
branch : pla_las_5r_cal
branch : pla_las_6l_cal
branch : pla_las_6r_cal
branch : pla_las_3l
branch : pla_las_3r
branch : pla_las_4l
branch : pla_las_4r
branch : pla_las_5l
branch : pla_las_5r
branch : pla_las_6l
branch : pla_las_6r
branch : pla_las_3
branch : pla_las_4
branch : pla_las_5
branch : pla_las_6
branch : vdc_las_raw
branch : vdc_las_cal
branch : vdc_las_dt
branch : vdc_las_x1
branch : vdc_las_u1
branch : vdc_las_v1
branch : vdc_las_x2
branch : vdc_las_u2
branch : vdc_las_v2
branch : vdc_las_clust_x1
branch : vdc_las_clust_x2
branch : vdc_las_clust_u1
branch : vdc_las_clust_u2
branch : vdc_las_clust_v1
branch : vdc_las_clust_v2
branch : vdc_las_xu
branch : vdc_las_xv
branch : vdc_las_uv
branch : vdc_las
'vdc_gr'
'gdc'
'vdc_las'
'ldc'
'gfp'
'lfp'
'pla_gr_1'
'pla_gr_1'
'gfp'
TOF : 131.906 (ns)
'pla_las_3'
'vdc_las_dt'
'lfp'
TOF : 107.09 (ns)
'pid_gr'
'pid_las'
'pid_gr'
'rf1'
'pid_gr'
'rf2'
'pid_gr'
'rf3'
'pid_las'
'rf1'
'pid_las'
'rf2'
'pid_las'
'rf3'
'gtgt'
'ltgt'
Registering art::TStreamingModuleDecoderLRTDC
Registering art::TStreamingModuleDecoderHRTDC
Registering art::TStreamingModuleDecoderLRTDC64
Registering art::streaming::v1::TStreamingModuleDecoderLRTDC64
Registering art::streaming::v1::TStreamingModuleDecoderHRTDC
Use mass table inside root since Art.MassTable is not defined in .rootrc
Created art::TStreamingModuleDecoderHRTDC with decoder ID 2
Created art::TStreamingModuleDecoderLRTDC with decoder ID 1
Created art::TStreamingModuleDecoderLRTDC64 with decoder ID 3
Created art::streaming::v1::TStreamingModuleDecoderHRTDC with decoder ID 5
Created art::streaming::v1::TStreamingModuleDecoderLRTDC64 with decoder ID 6

Processing shell/calib.C(2193,"ppt")...
timer
es_ttree
steering vdc/vdc_gr_calib.yaml steering/vdc vdc_gr_calib.yaml
proc_geometry_converter
proc_geometry_converter_fp
steering vdc/vdc_las_calib.yaml steering/vdc vdc_las_calib.yaml
proc_geometry_converter_las
proc_geometry_converter_fp_las
steering optics/optics.yaml steering/optics optics.yaml
proc_opt_calib_gr
proc_opt_calib_las
loading pid/pid_calib.yaml
steering pid/pid_calib.yaml steering/pid pid_calib.yaml
proc_pla_gr_calib
proc_pla_las_calib
steering pid/tof.yaml steering/pid tof.yaml
proc_tof_prm_calib
proc_tof_subtraction
proc_tof_calib
proc_gr_rf1_subtraction
proc_gr_rf2_subtraction
proc_gr_rf3_subtraction
proc_las_rf1_subtraction
proc_las_rf2_subtraction
proc_las_rf3_subtraction
steering pid/trig.yaml steering/pid trig.yaml
proc_trig_separater
steering pid/rf.yaml steering/pid rf.yaml
proc_rf_separater
loading energy_calib/energy_calib.yaml
steering energy_calib/energy_calib.yaml steering/energy_calib energy_calib.yaml
proc_ecalib_gr
proc_ecalib_las
outputtree
hist_pid_gr
hist_pid_las
hist_vdc_gr_track
hist_vdc_las_track
hist_vdc_gr_las
hist_optics_gr
hist_optics_las
hist_optics_corr
hist_mhit_gr
hist_mhit_las
hist_trig
itrBegin = 54075744 itrEnd = 124356992
branch : eventheader
branch : trig_raw
branch : trig
branch : trig_gr
branch : trig_las
branch : trig_coin
branch : rf_raw
branch : rf
branch : rf1
branch : rf2
branch : rf3
branch : tref_las_raw
branch : tref_grfcet_raw
branch : tref_grtrig_raw
branch : tref_las
branch : tref_grfcet
branch : tref_grtrig
branch : pla_gr_raw
branch : pla_gr_cal
branch : pla_gr_1l_cal
branch : pla_gr_1r_cal
branch : pla_gr_2l_cal
branch : pla_gr_2r_cal
branch : pla_gr_1l
branch : pla_gr_1r
branch : pla_gr_2l
branch : pla_gr_2r
branch : pla_gr_1
branch : pla_gr_2
branch : vdc_gr_raw
branch : vdc_gr_cal
branch : vdc_gr_dt
branch : vdc_gr_x1
branch : vdc_gr_u1
branch : vdc_gr_x2
branch : vdc_gr_u2
branch : vdc_gr_clust_x1
branch : vdc_gr_clust_x2
branch : vdc_gr_clust_u1
branch : vdc_gr_clust_u2
branch : vdc_gr
branch : pla_las_raw
branch : pla_las_cal
branch : pla_las_1l_cal
branch : pla_las_1r_cal
branch : pla_las_2l_cal
branch : pla_las_2r_cal
branch : pla_las_3l_cal
branch : pla_las_3r_cal
branch : pla_las_4l_cal
branch : pla_las_4r_cal
branch : pla_las_5l_cal
branch : pla_las_5r_cal
branch : pla_las_6l_cal
branch : pla_las_6r_cal
branch : pla_las_3l
branch : pla_las_3r
branch : pla_las_4l
branch : pla_las_4r
branch : pla_las_5l
branch : pla_las_5r
branch : pla_las_6l
branch : pla_las_6r
branch : pla_las_3
branch : pla_las_4
branch : pla_las_5
branch : pla_las_6
branch : vdc_las_raw
branch : vdc_las_cal
branch : vdc_las_dt
branch : vdc_las_x1
branch : vdc_las_u1
branch : vdc_las_v1
branch : vdc_las_x2
branch : vdc_las_u2
branch : vdc_las_v2
branch : vdc_las_clust_x1
branch : vdc_las_clust_x2
branch : vdc_las_clust_u1
branch : vdc_las_clust_u2
branch : vdc_las_clust_v1
branch : vdc_las_clust_v2
branch : vdc_las_xu
branch : vdc_las_xv
branch : vdc_las_uv
branch : vdc_las
'vdc_gr'
'gdc'
'vdc_las'
'ldc'
'gfp'
'lfp'
'pla_gr_1'
'pla_gr_1'
'gfp'
TOF : 131.906 (ns)
'pla_las_3'
'vdc_las_dt'
'lfp'
TOF : 107.09 (ns)
'pid_gr'
'pid_las'
'pid_gr'
'rf1'
'pid_gr'
'rf2'
'pid_gr'
'rf3'
'pid_las'
'rf1'
'pid_las'
'rf2'
'pid_las'
'rf3'
'gtgt'
'ltgt'
Registering art::TStreamingModuleDecoderLRTDC
Registering art::TStreamingModuleDecoderHRTDC
Registering art::TStreamingModuleDecoderLRTDC64
Registering art::streaming::v1::TStreamingModuleDecoderLRTDC64
Registering art::streaming::v1::TStreamingModuleDecoderHRTDC
Use mass table inside root since Art.MassTable is not defined in .rootrc
Created art::TStreamingModuleDecoderHRTDC with decoder ID 2
Created art::TStreamingModuleDecoderLRTDC with decoder ID 1
Created art::TStreamingModuleDecoderLRTDC64 with decoder ID 3
Created art::streaming::v1::TStreamingModuleDecoderHRTDC with decoder ID 5
Created art::streaming::v1::TStreamingModuleDecoderLRTDC64 with decoder ID 6

Processing shell/calib.C(2194,"ppt")...
timer
es_ttree
steering vdc/vdc_gr_calib.yaml steering/vdc vdc_gr_calib.yaml
proc_geometry_converter
proc_geometry_converter_fp
steering vdc/vdc_las_calib.yaml steering/vdc vdc_las_calib.yaml
proc_geometry_converter_las
proc_geometry_converter_fp_las
steering optics/optics.yaml steering/optics optics.yaml
proc_opt_calib_gr
proc_opt_calib_las
loading pid/pid_calib.yaml
steering pid/pid_calib.yaml steering/pid pid_calib.yaml
proc_pla_gr_calib
proc_pla_las_calib
steering pid/tof.yaml steering/pid tof.yaml
proc_tof_prm_calib
proc_tof_subtraction
proc_tof_calib
proc_gr_rf1_subtraction
proc_gr_rf2_subtraction
proc_gr_rf3_subtraction
proc_las_rf1_subtraction
proc_las_rf2_subtraction
proc_las_rf3_subtraction
steering pid/trig.yaml steering/pid trig.yaml
proc_trig_separater
steering pid/rf.yaml steering/pid rf.yaml
proc_rf_separater
loading energy_calib/energy_calib.yaml
steering energy_calib/energy_calib.yaml steering/energy_calib energy_calib.yaml
proc_ecalib_gr
proc_ecalib_las
outputtree
hist_pid_gr
hist_pid_las
hist_vdc_gr_track
hist_vdc_las_track
hist_vdc_gr_las
hist_optics_gr
hist_optics_las
hist_optics_corr
hist_mhit_gr
hist_mhit_las
hist_trig
itrBegin = 119444752 itrEnd = 94063856
branch : eventheader
branch : trig_raw
branch : trig
branch : trig_gr
branch : trig_las
branch : trig_coin
branch : rf_raw
branch : rf
branch : rf1
branch : rf2
branch : rf3
branch : tref_las_raw
branch : tref_grfcet_raw
branch : tref_grtrig_raw
branch : tref_las
branch : tref_grfcet
branch : tref_grtrig
branch : pla_gr_raw
branch : pla_gr_cal
branch : pla_gr_1l_cal
branch : pla_gr_1r_cal
branch : pla_gr_2l_cal
branch : pla_gr_2r_cal
branch : pla_gr_1l
branch : pla_gr_1r
branch : pla_gr_2l
branch : pla_gr_2r
branch : pla_gr_1
branch : pla_gr_2
branch : vdc_gr_raw
branch : vdc_gr_cal
branch : vdc_gr_dt
branch : vdc_gr_x1
branch : vdc_gr_u1
branch : vdc_gr_x2
branch : vdc_gr_u2
branch : vdc_gr_clust_x1
branch : vdc_gr_clust_x2
branch : vdc_gr_clust_u1
branch : vdc_gr_clust_u2
branch : vdc_gr
branch : pla_las_raw
branch : pla_las_cal
branch : pla_las_1l_cal
branch : pla_las_1r_cal
branch : pla_las_2l_cal
branch : pla_las_2r_cal
branch : pla_las_3l_cal
branch : pla_las_3r_cal
branch : pla_las_4l_cal
branch : pla_las_4r_cal
branch : pla_las_5l_cal
branch : pla_las_5r_cal
branch : pla_las_6l_cal
branch : pla_las_6r_cal
branch : pla_las_3l
branch : pla_las_3r
branch : pla_las_4l
branch : pla_las_4r
branch : pla_las_5l
branch : pla_las_5r
branch : pla_las_6l
branch : pla_las_6r
branch : pla_las_3
branch : pla_las_4
branch : pla_las_5
branch : pla_las_6
branch : vdc_las_raw
branch : vdc_las_cal
branch : vdc_las_dt
branch : vdc_las_x1
branch : vdc_las_u1
branch : vdc_las_v1
branch : vdc_las_x2
branch : vdc_las_u2
branch : vdc_las_v2
branch : vdc_las_clust_x1
branch : vdc_las_clust_x2
branch : vdc_las_clust_u1
branch : vdc_las_clust_u2
branch : vdc_las_clust_v1
branch : vdc_las_clust_v2
branch : vdc_las_xu
branch : vdc_las_xv
branch : vdc_las_uv
branch : vdc_las
'vdc_gr'
'gdc'
'vdc_las'
'ldc'
'gfp'
'lfp'
'pla_gr_1'
'pla_gr_1'
'gfp'
TOF : 131.906 (ns)
'pla_las_3'
'vdc_las_dt'
'lfp'
TOF : 107.09 (ns)
'pid_gr'
'pid_las'
'pid_gr'
'rf1'
'pid_gr'
'rf2'
'pid_gr'
'rf3'
'pid_las'
'rf1'
'pid_las'
'rf2'
'pid_las'
'rf3'
'gtgt'
'ltgt'
Registering art::TStreamingModuleDecoderLRTDC
Registering art::TStreamingModuleDecoderHRTDC
Registering art::TStreamingModuleDecoderLRTDC64
Registering art::streaming::v1::TStreamingModuleDecoderLRTDC64
Registering art::streaming::v1::TStreamingModuleDecoderHRTDC
Use mass table inside root since Art.MassTable is not defined in .rootrc
Created art::TStreamingModuleDecoderHRTDC with decoder ID 2
Created art::TStreamingModuleDecoderLRTDC with decoder ID 1
Created art::TStreamingModuleDecoderLRTDC64 with decoder ID 3
Created art::streaming::v1::TStreamingModuleDecoderHRTDC with decoder ID 5
Created art::streaming::v1::TStreamingModuleDecoderLRTDC64 with decoder ID 6

Processing shell/calib.C(2195,"ppt")...
timer
es_ttree
steering vdc/vdc_gr_calib.yaml steering/vdc vdc_gr_calib.yaml
proc_geometry_converter
proc_geometry_converter_fp
steering vdc/vdc_las_calib.yaml steering/vdc vdc_las_calib.yaml
proc_geometry_converter_las
proc_geometry_converter_fp_las
steering optics/optics.yaml steering/optics optics.yaml
proc_opt_calib_gr
proc_opt_calib_las
loading pid/pid_calib.yaml
steering pid/pid_calib.yaml steering/pid pid_calib.yaml
proc_pla_gr_calib
proc_pla_las_calib
steering pid/tof.yaml steering/pid tof.yaml
proc_tof_prm_calib
proc_tof_subtraction
proc_tof_calib
proc_gr_rf1_subtraction
proc_gr_rf2_subtraction
proc_gr_rf3_subtraction
proc_las_rf1_subtraction
proc_las_rf2_subtraction
proc_las_rf3_subtraction
steering pid/trig.yaml steering/pid trig.yaml
proc_trig_separater
steering pid/rf.yaml steering/pid rf.yaml
proc_rf_separater
loading energy_calib/energy_calib.yaml
steering energy_calib/energy_calib.yaml steering/energy_calib energy_calib.yaml
proc_ecalib_gr
proc_ecalib_las
outputtree
hist_pid_gr
hist_pid_las
hist_vdc_gr_track
hist_vdc_las_track
hist_vdc_gr_las
hist_optics_gr
hist_optics_las
hist_optics_corr
hist_mhit_gr
hist_mhit_las
hist_trig
itrBegin = 103088704 itrEnd = 134622848
branch : eventheader
branch : trig_raw
branch : trig
branch : trig_gr
branch : trig_las
branch : trig_coin
branch : rf_raw
branch : rf
branch : rf1
branch : rf2
branch : rf3
branch : tref_las_raw
branch : tref_grfcet_raw
branch : tref_grtrig_raw
branch : tref_las
branch : tref_grfcet
branch : tref_grtrig
branch : pla_gr_raw
branch : pla_gr_cal
branch : pla_gr_1l_cal
branch : pla_gr_1r_cal
branch : pla_gr_2l_cal
branch : pla_gr_2r_cal
branch : pla_gr_1l
branch : pla_gr_1r
branch : pla_gr_2l
branch : pla_gr_2r
branch : pla_gr_1
branch : pla_gr_2
branch : vdc_gr_raw
branch : vdc_gr_cal
branch : vdc_gr_dt
branch : vdc_gr_x1
branch : vdc_gr_u1
branch : vdc_gr_x2
branch : vdc_gr_u2
branch : vdc_gr_clust_x1
branch : vdc_gr_clust_x2
branch : vdc_gr_clust_u1
branch : vdc_gr_clust_u2
branch : vdc_gr
branch : pla_las_raw
branch : pla_las_cal
branch : pla_las_1l_cal
branch : pla_las_1r_cal
branch : pla_las_2l_cal
branch : pla_las_2r_cal
branch : pla_las_3l_cal
branch : pla_las_3r_cal
branch : pla_las_4l_cal
branch : pla_las_4r_cal
branch : pla_las_5l_cal
branch : pla_las_5r_cal
branch : pla_las_6l_cal
branch : pla_las_6r_cal
branch : pla_las_3l
branch : pla_las_3r
branch : pla_las_4l
branch : pla_las_4r
branch : pla_las_5l
branch : pla_las_5r
branch : pla_las_6l
branch : pla_las_6r
branch : pla_las_3
branch : pla_las_4
branch : pla_las_5
branch : pla_las_6
branch : vdc_las_raw
branch : vdc_las_cal
branch : vdc_las_dt
branch : vdc_las_x1
branch : vdc_las_u1
branch : vdc_las_v1
branch : vdc_las_x2
branch : vdc_las_u2
branch : vdc_las_v2
branch : vdc_las_clust_x1
branch : vdc_las_clust_x2
branch : vdc_las_clust_u1
branch : vdc_las_clust_u2
branch : vdc_las_clust_v1
branch : vdc_las_clust_v2
branch : vdc_las_xu
branch : vdc_las_xv
branch : vdc_las_uv
branch : vdc_las
'vdc_gr'
'gdc'
'vdc_las'
'ldc'
'gfp'
'lfp'
'pla_gr_1'
'pla_gr_1'
'gfp'
TOF : 131.906 (ns)
'pla_las_3'
'vdc_las_dt'
'lfp'
TOF : 107.09 (ns)
'pid_gr'
'pid_las'
'pid_gr'
'rf1'
'pid_gr'
'rf2'
'pid_gr'
'rf3'
'pid_las'
'rf1'
'pid_las'
'rf2'
'pid_las'
'rf3'
'gtgt'
'ltgt'
Registering art::TStreamingModuleDecoderLRTDC
Registering art::TStreamingModuleDecoderHRTDC
Registering art::TStreamingModuleDecoderLRTDC64
Registering art::streaming::v1::TStreamingModuleDecoderLRTDC64
Registering art::streaming::v1::TStreamingModuleDecoderHRTDC
Use mass table inside root since Art.MassTable is not defined in .rootrc
Created art::TStreamingModuleDecoderHRTDC with decoder ID 2
Created art::TStreamingModuleDecoderLRTDC with decoder ID 1
Created art::TStreamingModuleDecoderLRTDC64 with decoder ID 3
Created art::streaming::v1::TStreamingModuleDecoderHRTDC with decoder ID 5
Created art::streaming::v1::TStreamingModuleDecoderLRTDC64 with decoder ID 6

Processing shell/calib.C(2197,"ppt")...
timer
es_ttree
steering vdc/vdc_gr_calib.yaml steering/vdc vdc_gr_calib.yaml
proc_geometry_converter
proc_geometry_converter_fp
steering vdc/vdc_las_calib.yaml steering/vdc vdc_las_calib.yaml
proc_geometry_converter_las
proc_geometry_converter_fp_las
steering optics/optics.yaml steering/optics optics.yaml
proc_opt_calib_gr
proc_opt_calib_las
loading pid/pid_calib.yaml
steering pid/pid_calib.yaml steering/pid pid_calib.yaml
proc_pla_gr_calib
proc_pla_las_calib
steering pid/tof.yaml steering/pid tof.yaml
proc_tof_prm_calib
proc_tof_subtraction
proc_tof_calib
proc_gr_rf1_subtraction
proc_gr_rf2_subtraction
proc_gr_rf3_subtraction
proc_las_rf1_subtraction
proc_las_rf2_subtraction
proc_las_rf3_subtraction
steering pid/trig.yaml steering/pid trig.yaml
proc_trig_separater
steering pid/rf.yaml steering/pid rf.yaml
proc_rf_separater
loading energy_calib/energy_calib.yaml
steering energy_calib/energy_calib.yaml steering/energy_calib energy_calib.yaml
proc_ecalib_gr
proc_ecalib_las
outputtree
hist_pid_gr
hist_pid_las
hist_vdc_gr_track
hist_vdc_las_track
hist_vdc_gr_las
hist_optics_gr
hist_optics_las
hist_optics_corr
hist_mhit_gr
hist_mhit_las
hist_trig
itrBegin = 41731472 itrEnd = 130945760
branch : eventheader
branch : trig_raw
branch : trig
branch : trig_gr
branch : trig_las
branch : trig_coin
branch : rf_raw
branch : rf
branch : rf1
branch : rf2
branch : rf3
branch : tref_las_raw
branch : tref_grfcet_raw
branch : tref_grtrig_raw
branch : tref_las
branch : tref_grfcet
branch : tref_grtrig
branch : pla_gr_raw
branch : pla_gr_cal
branch : pla_gr_1l_cal
branch : pla_gr_1r_cal
branch : pla_gr_2l_cal
branch : pla_gr_2r_cal
branch : pla_gr_1l
branch : pla_gr_1r
branch : pla_gr_2l
branch : pla_gr_2r
branch : pla_gr_1
branch : pla_gr_2
branch : vdc_gr_raw
branch : vdc_gr_cal
branch : vdc_gr_dt
branch : vdc_gr_x1
branch : vdc_gr_u1
branch : vdc_gr_x2
branch : vdc_gr_u2
branch : vdc_gr_clust_x1
branch : vdc_gr_clust_x2
branch : vdc_gr_clust_u1
branch : vdc_gr_clust_u2
branch : vdc_gr
branch : pla_las_raw
branch : pla_las_cal
branch : pla_las_1l_cal
branch : pla_las_1r_cal
branch : pla_las_2l_cal
branch : pla_las_2r_cal
branch : pla_las_3l_cal
branch : pla_las_3r_cal
branch : pla_las_4l_cal
branch : pla_las_4r_cal
branch : pla_las_5l_cal
branch : pla_las_5r_cal
branch : pla_las_6l_cal
branch : pla_las_6r_cal
branch : pla_las_3l
branch : pla_las_3r
branch : pla_las_4l
branch : pla_las_4r
branch : pla_las_5l
branch : pla_las_5r
branch : pla_las_6l
branch : pla_las_6r
branch : pla_las_3
branch : pla_las_4
branch : pla_las_5
branch : pla_las_6
branch : vdc_las_raw
branch : vdc_las_cal
branch : vdc_las_dt
branch : vdc_las_x1
branch : vdc_las_u1
branch : vdc_las_v1
branch : vdc_las_x2
branch : vdc_las_u2
branch : vdc_las_v2
branch : vdc_las_clust_x1
branch : vdc_las_clust_x2
branch : vdc_las_clust_u1
branch : vdc_las_clust_u2
branch : vdc_las_clust_v1
branch : vdc_las_clust_v2
branch : vdc_las_xu
branch : vdc_las_xv
branch : vdc_las_uv
branch : vdc_las
'vdc_gr'
'gdc'
'vdc_las'
'ldc'
'gfp'
'lfp'
'pla_gr_1'
'pla_gr_1'
'gfp'
TOF : 131.906 (ns)
'pla_las_3'
'vdc_las_dt'
'lfp'
TOF : 107.09 (ns)
'pid_gr'
'pid_las'
'pid_gr'
'rf1'
'pid_gr'
'rf2'
'pid_gr'
'rf3'
'pid_las'
'rf1'
'pid_las'
'rf2'
'pid_las'
'rf3'
'gtgt'
'ltgt'
Registering art::TStreamingModuleDecoderLRTDC
Registering art::TStreamingModuleDecoderHRTDC
Registering art::TStreamingModuleDecoderLRTDC64
Registering art::streaming::v1::TStreamingModuleDecoderLRTDC64
Registering art::streaming::v1::TStreamingModuleDecoderHRTDC
Use mass table inside root since Art.MassTable is not defined in .rootrc
Created art::TStreamingModuleDecoderHRTDC with decoder ID 2
Created art::TStreamingModuleDecoderLRTDC with decoder ID 1
Created art::TStreamingModuleDecoderLRTDC64 with decoder ID 3
Created art::streaming::v1::TStreamingModuleDecoderHRTDC with decoder ID 5
Created art::streaming::v1::TStreamingModuleDecoderLRTDC64 with decoder ID 6

Processing shell/calib.C(2198,"ppt")...
timer
es_ttree
steering vdc/vdc_gr_calib.yaml steering/vdc vdc_gr_calib.yaml
proc_geometry_converter
proc_geometry_converter_fp
steering vdc/vdc_las_calib.yaml steering/vdc vdc_las_calib.yaml
proc_geometry_converter_las
proc_geometry_converter_fp_las
steering optics/optics.yaml steering/optics optics.yaml
proc_opt_calib_gr
proc_opt_calib_las
loading pid/pid_calib.yaml
steering pid/pid_calib.yaml steering/pid pid_calib.yaml
proc_pla_gr_calib
proc_pla_las_calib
steering pid/tof.yaml steering/pid tof.yaml
proc_tof_prm_calib
proc_tof_subtraction
proc_tof_calib
proc_gr_rf1_subtraction
proc_gr_rf2_subtraction
proc_gr_rf3_subtraction
proc_las_rf1_subtraction
proc_las_rf2_subtraction
proc_las_rf3_subtraction
steering pid/trig.yaml steering/pid trig.yaml
proc_trig_separater
steering pid/rf.yaml steering/pid rf.yaml
proc_rf_separater
loading energy_calib/energy_calib.yaml
steering energy_calib/energy_calib.yaml steering/energy_calib energy_calib.yaml
proc_ecalib_gr
proc_ecalib_las
outputtree
hist_pid_gr
hist_pid_las
hist_vdc_gr_track
hist_vdc_las_track
hist_vdc_gr_las
hist_optics_gr
hist_optics_las
hist_optics_corr
hist_mhit_gr
hist_mhit_las
hist_trig
itrBegin = 88373680 itrEnd = 120459856
branch : eventheader
branch : trig_raw
branch : trig
branch : trig_gr
branch : trig_las
branch : trig_coin
branch : rf_raw
branch : rf
branch : rf1
branch : rf2
branch : rf3
branch : tref_las_raw
branch : tref_grfcet_raw
branch : tref_grtrig_raw
branch : tref_las
branch : tref_grfcet
branch : tref_grtrig
branch : pla_gr_raw
branch : pla_gr_cal
branch : pla_gr_1l_cal
branch : pla_gr_1r_cal
branch : pla_gr_2l_cal
branch : pla_gr_2r_cal
branch : pla_gr_1l
branch : pla_gr_1r
branch : pla_gr_2l
branch : pla_gr_2r
branch : pla_gr_1
branch : pla_gr_2
branch : vdc_gr_raw
branch : vdc_gr_cal
branch : vdc_gr_dt
branch : vdc_gr_x1
branch : vdc_gr_u1
branch : vdc_gr_x2
branch : vdc_gr_u2
branch : vdc_gr_clust_x1
branch : vdc_gr_clust_x2
branch : vdc_gr_clust_u1
branch : vdc_gr_clust_u2
branch : vdc_gr
branch : pla_las_raw
branch : pla_las_cal
branch : pla_las_1l_cal
branch : pla_las_1r_cal
branch : pla_las_2l_cal
branch : pla_las_2r_cal
branch : pla_las_3l_cal
branch : pla_las_3r_cal
branch : pla_las_4l_cal
branch : pla_las_4r_cal
branch : pla_las_5l_cal
branch : pla_las_5r_cal
branch : pla_las_6l_cal
branch : pla_las_6r_cal
branch : pla_las_3l
branch : pla_las_3r
branch : pla_las_4l
branch : pla_las_4r
branch : pla_las_5l
branch : pla_las_5r
branch : pla_las_6l
branch : pla_las_6r
branch : pla_las_3
branch : pla_las_4
branch : pla_las_5
branch : pla_las_6
branch : vdc_las_raw
branch : vdc_las_cal
branch : vdc_las_dt
branch : vdc_las_x1
branch : vdc_las_u1
branch : vdc_las_v1
branch : vdc_las_x2
branch : vdc_las_u2
branch : vdc_las_v2
branch : vdc_las_clust_x1
branch : vdc_las_clust_x2
branch : vdc_las_clust_u1
branch : vdc_las_clust_u2
branch : vdc_las_clust_v1
branch : vdc_las_clust_v2
branch : vdc_las_xu
branch : vdc_las_xv
branch : vdc_las_uv
branch : vdc_las
'vdc_gr'
'gdc'
'vdc_las'
'ldc'
'gfp'
'lfp'
'pla_gr_1'
'pla_gr_1'
'gfp'
TOF : 131.906 (ns)
'pla_las_3'
'vdc_las_dt'
'lfp'
TOF : 107.09 (ns)
'pid_gr'
'pid_las'
'pid_gr'
'rf1'
'pid_gr'
'rf2'
'pid_gr'
'rf3'
'pid_las'
'rf1'
'pid_las'
'rf2'
'pid_las'
'rf3'
'gtgt'
'ltgt'
