2024年 6月 13日 木曜日 04:49:56 JST
shell/phys.C(2075,"ppt")
Registering art::TStreamingModuleDecoderLRTDC
Registering art::TStreamingModuleDecoderHRTDC
Registering art::TStreamingModuleDecoderLRTDC64
Registering art::streaming::v1::TStreamingModuleDecoderLRTDC64
Registering art::streaming::v1::TStreamingModuleDecoderHRTDC
Use mass table inside root since Art.MassTable is not defined in .rootrc
Created art::TStreamingModuleDecoderHRTDC with decoder ID 2
Created art::TStreamingModuleDecoderLRTDC with decoder ID 1
Created art::TStreamingModuleDecoderLRTDC64 with decoder ID 3
Created art::streaming::v1::TStreamingModuleDecoderHRTDC with decoder ID 5
Created art::streaming::v1::TStreamingModuleDecoderLRTDC64 with decoder ID 6

Processing shell/phys.C(2075,"ppt")...
timer
es_ttree
steering gate/gate_coin.yaml steering/gate gate_coin.yaml
gate_array_init_coin
trigger_gates
stop_proc_coin
steering gate/las/gate_las_ppt.yaml steering/gate/las gate_las_ppt.yaml
loading tmpl/gate_las_calib.tmpl.yaml
steering/gate/las tmpl/gate_las_calib.tmpl.yaml steering/gate/las/tmpl gate_las_calib.tmpl.yaml
gate_array_init_las_pid
las_pid
stop_proc_las_pid
steering gate/gr/gate_gr_ppt.yaml steering/gate/gr gate_gr_ppt.yaml
loading tmpl/gate_gr_calib.tmpl.yaml
steering/gate/gr tmpl/gate_gr_calib.tmpl.yaml steering/gate/gr/tmpl gate_gr_calib.tmpl.yaml
gate_array_init
gr_charge
stop_proc
steering gate/gate_gr_delta.yaml steering/gate gate_gr_delta.yaml
gate_array_init_gr_delta
def_gate_gr_delta
stop_proc_gr_delta
hist_pid_gr
hist_pid_las
hist_vdc_gr_track
hist_vdc_las_track
hist_vdc_gr_las
hist_optics_gr
hist_optics_las
hist_optics_corr
hist_phys
itrBegin = 115725456 itrEnd = 131744752
branch : gdc
branch : gfp
branch : ldc
branch : lfp
branch : gtgt
branch : ltgt
branch : pid_gr
branch : pid_las
branch : tof_raw
branch : tof
branch : gr_rf1
branch : gr_rf2
branch : gr_rf3
branch : las_rf1
branch : las_rf2
branch : las_rf3
branch : trig_gr
branch : trig_las
branch : trig_coin
branch : rf1
branch : rf2
branch : rf3
branch : pgr
branch : plas
shell/phys.C(2083,"ppt")
Registering art::TStreamingModuleDecoderLRTDC
Registering art::TStreamingModuleDecoderHRTDC
Registering art::TStreamingModuleDecoderLRTDC64
Registering art::streaming::v1::TStreamingModuleDecoderLRTDC64
Registering art::streaming::v1::TStreamingModuleDecoderHRTDC
Use mass table inside root since Art.MassTable is not defined in .rootrc
Created art::TStreamingModuleDecoderHRTDC with decoder ID 2
Created art::TStreamingModuleDecoderLRTDC with decoder ID 1
Created art::TStreamingModuleDecoderLRTDC64 with decoder ID 3
Created art::streaming::v1::TStreamingModuleDecoderHRTDC with decoder ID 5
Created art::streaming::v1::TStreamingModuleDecoderLRTDC64 with decoder ID 6

Processing shell/phys.C(2083,"ppt")...
timer
es_ttree
steering gate/gate_coin.yaml steering/gate gate_coin.yaml
gate_array_init_coin
trigger_gates
stop_proc_coin
steering gate/las/gate_las_ppt.yaml steering/gate/las gate_las_ppt.yaml
loading tmpl/gate_las_calib.tmpl.yaml
steering/gate/las tmpl/gate_las_calib.tmpl.yaml steering/gate/las/tmpl gate_las_calib.tmpl.yaml
gate_array_init_las_pid
las_pid
stop_proc_las_pid
steering gate/gr/gate_gr_ppt.yaml steering/gate/gr gate_gr_ppt.yaml
loading tmpl/gate_gr_calib.tmpl.yaml
steering/gate/gr tmpl/gate_gr_calib.tmpl.yaml steering/gate/gr/tmpl gate_gr_calib.tmpl.yaml
gate_array_init
gr_charge
stop_proc
steering gate/gate_gr_delta.yaml steering/gate gate_gr_delta.yaml
gate_array_init_gr_delta
def_gate_gr_delta
stop_proc_gr_delta
hist_pid_gr
hist_pid_las
hist_vdc_gr_track
hist_vdc_las_track
hist_vdc_gr_las
hist_optics_gr
hist_optics_las
hist_optics_corr
hist_phys
itrBegin = 127688544 itrEnd = 134859952
branch : gdc
branch : gfp
branch : ldc
branch : lfp
branch : gtgt
branch : ltgt
branch : pid_gr
branch : pid_las
branch : tof_raw
branch : tof
branch : gr_rf1
branch : gr_rf2
branch : gr_rf3
branch : las_rf1
branch : las_rf2
branch : las_rf3
branch : trig_gr
branch : trig_las
branch : trig_coin
branch : rf1
branch : rf2
branch : rf3
branch : pgr
branch : plas
shell/phys.C(2121,"ppt")
Registering art::TStreamingModuleDecoderLRTDC
Registering art::TStreamingModuleDecoderHRTDC
Registering art::TStreamingModuleDecoderLRTDC64
Registering art::streaming::v1::TStreamingModuleDecoderLRTDC64
Registering art::streaming::v1::TStreamingModuleDecoderHRTDC
Use mass table inside root since Art.MassTable is not defined in .rootrc
Created art::TStreamingModuleDecoderHRTDC with decoder ID 2
Created art::TStreamingModuleDecoderLRTDC with decoder ID 1
Created art::TStreamingModuleDecoderLRTDC64 with decoder ID 3
Created art::streaming::v1::TStreamingModuleDecoderHRTDC with decoder ID 5
Created art::streaming::v1::TStreamingModuleDecoderLRTDC64 with decoder ID 6

Processing shell/phys.C(2121,"ppt")...
timer
es_ttree
steering gate/gate_coin.yaml steering/gate gate_coin.yaml
gate_array_init_coin
trigger_gates
stop_proc_coin
steering gate/las/gate_las_ppt.yaml steering/gate/las gate_las_ppt.yaml
loading tmpl/gate_las_calib.tmpl.yaml
steering/gate/las tmpl/gate_las_calib.tmpl.yaml steering/gate/las/tmpl gate_las_calib.tmpl.yaml
gate_array_init_las_pid
las_pid
stop_proc_las_pid
steering gate/gr/gate_gr_ppt.yaml steering/gate/gr gate_gr_ppt.yaml
loading tmpl/gate_gr_calib.tmpl.yaml
steering/gate/gr tmpl/gate_gr_calib.tmpl.yaml steering/gate/gr/tmpl gate_gr_calib.tmpl.yaml
gate_array_init
gr_charge
stop_proc
steering gate/gate_gr_delta.yaml steering/gate gate_gr_delta.yaml
gate_array_init_gr_delta
def_gate_gr_delta
stop_proc_gr_delta
hist_pid_gr
hist_pid_las
hist_vdc_gr_track
hist_vdc_las_track
hist_vdc_gr_las
hist_optics_gr
hist_optics_las
hist_optics_corr
hist_phys
itrBegin = 104234176 itrEnd = 117857408
branch : gdc
branch : gfp
branch : ldc
branch : lfp
branch : gtgt
branch : ltgt
branch : pid_gr
branch : pid_las
branch : tof_raw
branch : tof
branch : gr_rf1
branch : gr_rf2
branch : gr_rf3
branch : las_rf1
branch : las_rf2
branch : las_rf3
branch : trig_gr
branch : trig_las
branch : trig_coin
branch : rf1
branch : rf2
branch : rf3
branch : pgr
branch : plas
shell/phys.C(2122,"ppt")
Registering art::TStreamingModuleDecoderLRTDC
Registering art::TStreamingModuleDecoderHRTDC
Registering art::TStreamingModuleDecoderLRTDC64
Registering art::streaming::v1::TStreamingModuleDecoderLRTDC64
Registering art::streaming::v1::TStreamingModuleDecoderHRTDC
Use mass table inside root since Art.MassTable is not defined in .rootrc
Created art::TStreamingModuleDecoderHRTDC with decoder ID 2
Created art::TStreamingModuleDecoderLRTDC with decoder ID 1
Created art::TStreamingModuleDecoderLRTDC64 with decoder ID 3
Created art::streaming::v1::TStreamingModuleDecoderHRTDC with decoder ID 5
Created art::streaming::v1::TStreamingModuleDecoderLRTDC64 with decoder ID 6

Processing shell/phys.C(2122,"ppt")...
timer
es_ttree
steering gate/gate_coin.yaml steering/gate gate_coin.yaml
gate_array_init_coin
trigger_gates
stop_proc_coin
steering gate/las/gate_las_ppt.yaml steering/gate/las gate_las_ppt.yaml
loading tmpl/gate_las_calib.tmpl.yaml
steering/gate/las tmpl/gate_las_calib.tmpl.yaml steering/gate/las/tmpl gate_las_calib.tmpl.yaml
gate_array_init_las_pid
las_pid
stop_proc_las_pid
steering gate/gr/gate_gr_ppt.yaml steering/gate/gr gate_gr_ppt.yaml
loading tmpl/gate_gr_calib.tmpl.yaml
steering/gate/gr tmpl/gate_gr_calib.tmpl.yaml steering/gate/gr/tmpl gate_gr_calib.tmpl.yaml
gate_array_init
gr_charge
stop_proc
steering gate/gate_gr_delta.yaml steering/gate gate_gr_delta.yaml
gate_array_init_gr_delta
def_gate_gr_delta
stop_proc_gr_delta
hist_pid_gr
hist_pid_las
hist_vdc_gr_track
hist_vdc_las_track
hist_vdc_gr_las
hist_optics_gr
hist_optics_las
hist_optics_corr
hist_phys
itrBegin = 127975168 itrEnd = 127355904
branch : gdc
branch : gfp
branch : ldc
branch : lfp
branch : gtgt
branch : ltgt
branch : pid_gr
branch : pid_las
branch : tof_raw
branch : tof
branch : gr_rf1
branch : gr_rf2
branch : gr_rf3
branch : las_rf1
branch : las_rf2
branch : las_rf3
branch : trig_gr
branch : trig_las
branch : trig_coin
branch : rf1
branch : rf2
branch : rf3
branch : pgr
branch : plas
shell/phys.C(2171,"ppt")
Registering art::TStreamingModuleDecoderLRTDC
Registering art::TStreamingModuleDecoderHRTDC
Registering art::TStreamingModuleDecoderLRTDC64
Registering art::streaming::v1::TStreamingModuleDecoderLRTDC64
Registering art::streaming::v1::TStreamingModuleDecoderHRTDC
Use mass table inside root since Art.MassTable is not defined in .rootrc
Created art::TStreamingModuleDecoderHRTDC with decoder ID 2
Created art::TStreamingModuleDecoderLRTDC with decoder ID 1
Created art::TStreamingModuleDecoderLRTDC64 with decoder ID 3
Created art::streaming::v1::TStreamingModuleDecoderHRTDC with decoder ID 5
Created art::streaming::v1::TStreamingModuleDecoderLRTDC64 with decoder ID 6

Processing shell/phys.C(2171,"ppt")...
timer
es_ttree
steering gate/gate_coin.yaml steering/gate gate_coin.yaml
gate_array_init_coin
trigger_gates
stop_proc_coin
steering gate/las/gate_las_ppt.yaml steering/gate/las gate_las_ppt.yaml
loading tmpl/gate_las_calib.tmpl.yaml
steering/gate/las tmpl/gate_las_calib.tmpl.yaml steering/gate/las/tmpl gate_las_calib.tmpl.yaml
gate_array_init_las_pid
las_pid
stop_proc_las_pid
steering gate/gr/gate_gr_ppt.yaml steering/gate/gr gate_gr_ppt.yaml
loading tmpl/gate_gr_calib.tmpl.yaml
steering/gate/gr tmpl/gate_gr_calib.tmpl.yaml steering/gate/gr/tmpl gate_gr_calib.tmpl.yaml
gate_array_init
gr_charge
stop_proc
steering gate/gate_gr_delta.yaml steering/gate gate_gr_delta.yaml
gate_array_init_gr_delta
def_gate_gr_delta
stop_proc_gr_delta
hist_pid_gr
hist_pid_las
hist_vdc_gr_track
hist_vdc_las_track
hist_vdc_gr_las
hist_optics_gr
hist_optics_las
hist_optics_corr
hist_phys
itrBegin = 95462640 itrEnd = 125359760
branch : gdc
branch : gfp
branch : ldc
branch : lfp
branch : gtgt
branch : ltgt
branch : pid_gr
branch : pid_las
branch : tof_raw
branch : tof
branch : gr_rf1
branch : gr_rf2
branch : gr_rf3
branch : las_rf1
branch : las_rf2
branch : las_rf3
branch : trig_gr
branch : trig_las
branch : trig_coin
branch : rf1
branch : rf2
branch : rf3
branch : pgr
branch : plas
shell/phys.C(2172,"ppt")
Registering art::TStreamingModuleDecoderLRTDC
Registering art::TStreamingModuleDecoderHRTDC
Registering art::TStreamingModuleDecoderLRTDC64
Registering art::streaming::v1::TStreamingModuleDecoderLRTDC64
Registering art::streaming::v1::TStreamingModuleDecoderHRTDC
Use mass table inside root since Art.MassTable is not defined in .rootrc
Created art::TStreamingModuleDecoderHRTDC with decoder ID 2
Created art::TStreamingModuleDecoderLRTDC with decoder ID 1
Created art::TStreamingModuleDecoderLRTDC64 with decoder ID 3
Created art::streaming::v1::TStreamingModuleDecoderHRTDC with decoder ID 5
Created art::streaming::v1::TStreamingModuleDecoderLRTDC64 with decoder ID 6

Processing shell/phys.C(2172,"ppt")...
timer
es_ttree
steering gate/gate_coin.yaml steering/gate gate_coin.yaml
gate_array_init_coin
trigger_gates
stop_proc_coin
steering gate/las/gate_las_ppt.yaml steering/gate/las gate_las_ppt.yaml
loading tmpl/gate_las_calib.tmpl.yaml
steering/gate/las tmpl/gate_las_calib.tmpl.yaml steering/gate/las/tmpl gate_las_calib.tmpl.yaml
gate_array_init_las_pid
las_pid
stop_proc_las_pid
steering gate/gr/gate_gr_ppt.yaml steering/gate/gr gate_gr_ppt.yaml
loading tmpl/gate_gr_calib.tmpl.yaml
steering/gate/gr tmpl/gate_gr_calib.tmpl.yaml steering/gate/gr/tmpl gate_gr_calib.tmpl.yaml
gate_array_init
gr_charge
stop_proc
steering gate/gate_gr_delta.yaml steering/gate gate_gr_delta.yaml
gate_array_init_gr_delta
def_gate_gr_delta
stop_proc_gr_delta
hist_pid_gr
hist_pid_las
hist_vdc_gr_track
hist_vdc_las_track
hist_vdc_gr_las
hist_optics_gr
hist_optics_las
hist_optics_corr
hist_phys
itrBegin = 106667424 itrEnd = 131065296
branch : gdc
branch : gfp
branch : ldc
branch : lfp
branch : gtgt
branch : ltgt
branch : pid_gr
branch : pid_las
branch : tof_raw
branch : tof
branch : gr_rf1
branch : gr_rf2
branch : gr_rf3
branch : las_rf1
branch : las_rf2
branch : las_rf3
branch : trig_gr
branch : trig_las
branch : trig_coin
branch : rf1
branch : rf2
branch : rf3
branch : pgr
branch : plas
shell/phys.C(2174,"ppt")
Registering art::TStreamingModuleDecoderLRTDC
Registering art::TStreamingModuleDecoderHRTDC
Registering art::TStreamingModuleDecoderLRTDC64
Registering art::streaming::v1::TStreamingModuleDecoderLRTDC64
Registering art::streaming::v1::TStreamingModuleDecoderHRTDC
Use mass table inside root since Art.MassTable is not defined in .rootrc
Created art::TStreamingModuleDecoderHRTDC with decoder ID 2
Created art::TStreamingModuleDecoderLRTDC with decoder ID 1
Created art::TStreamingModuleDecoderLRTDC64 with decoder ID 3
Created art::streaming::v1::TStreamingModuleDecoderHRTDC with decoder ID 5
Created art::streaming::v1::TStreamingModuleDecoderLRTDC64 with decoder ID 6

Processing shell/phys.C(2174,"ppt")...
timer
es_ttree
steering gate/gate_coin.yaml steering/gate gate_coin.yaml
gate_array_init_coin
trigger_gates
stop_proc_coin
steering gate/las/gate_las_ppt.yaml steering/gate/las gate_las_ppt.yaml
loading tmpl/gate_las_calib.tmpl.yaml
steering/gate/las tmpl/gate_las_calib.tmpl.yaml steering/gate/las/tmpl gate_las_calib.tmpl.yaml
gate_array_init_las_pid
las_pid
stop_proc_las_pid
steering gate/gr/gate_gr_ppt.yaml steering/gate/gr gate_gr_ppt.yaml
loading tmpl/gate_gr_calib.tmpl.yaml
steering/gate/gr tmpl/gate_gr_calib.tmpl.yaml steering/gate/gr/tmpl gate_gr_calib.tmpl.yaml
gate_array_init
gr_charge
stop_proc
steering gate/gate_gr_delta.yaml steering/gate gate_gr_delta.yaml
gate_array_init_gr_delta
def_gate_gr_delta
stop_proc_gr_delta
hist_pid_gr
hist_pid_las
hist_vdc_gr_track
hist_vdc_las_track
hist_vdc_gr_las
hist_optics_gr
hist_optics_las
hist_optics_corr
hist_phys
itrBegin = 119912528 itrEnd = 32700672
branch : gdc
branch : gfp
branch : ldc
branch : lfp
branch : gtgt
branch : ltgt
branch : pid_gr
branch : pid_las
branch : tof_raw
branch : tof
branch : gr_rf1
branch : gr_rf2
branch : gr_rf3
branch : las_rf1
branch : las_rf2
branch : las_rf3
branch : trig_gr
branch : trig_las
branch : trig_coin
branch : rf1
branch : rf2
branch : rf3
branch : pgr
branch : plas
shell/phys.C(2175,"ppt")
Registering art::TStreamingModuleDecoderLRTDC
Registering art::TStreamingModuleDecoderHRTDC
Registering art::TStreamingModuleDecoderLRTDC64
Registering art::streaming::v1::TStreamingModuleDecoderLRTDC64
Registering art::streaming::v1::TStreamingModuleDecoderHRTDC
Use mass table inside root since Art.MassTable is not defined in .rootrc
Created art::TStreamingModuleDecoderHRTDC with decoder ID 2
Created art::TStreamingModuleDecoderLRTDC with decoder ID 1
Created art::TStreamingModuleDecoderLRTDC64 with decoder ID 3
Created art::streaming::v1::TStreamingModuleDecoderHRTDC with decoder ID 5
Created art::streaming::v1::TStreamingModuleDecoderLRTDC64 with decoder ID 6

Processing shell/phys.C(2175,"ppt")...
timer
es_ttree
steering gate/gate_coin.yaml steering/gate gate_coin.yaml
gate_array_init_coin
trigger_gates
stop_proc_coin
steering gate/las/gate_las_ppt.yaml steering/gate/las gate_las_ppt.yaml
loading tmpl/gate_las_calib.tmpl.yaml
steering/gate/las tmpl/gate_las_calib.tmpl.yaml steering/gate/las/tmpl gate_las_calib.tmpl.yaml
gate_array_init_las_pid
las_pid
stop_proc_las_pid
steering gate/gr/gate_gr_ppt.yaml steering/gate/gr gate_gr_ppt.yaml
loading tmpl/gate_gr_calib.tmpl.yaml
steering/gate/gr tmpl/gate_gr_calib.tmpl.yaml steering/gate/gr/tmpl gate_gr_calib.tmpl.yaml
gate_array_init
gr_charge
stop_proc
steering gate/gate_gr_delta.yaml steering/gate gate_gr_delta.yaml
gate_array_init_gr_delta
def_gate_gr_delta
stop_proc_gr_delta
hist_pid_gr
hist_pid_las
hist_vdc_gr_track
hist_vdc_las_track
hist_vdc_gr_las
hist_optics_gr
hist_optics_las
hist_optics_corr
hist_phys
itrBegin = 123353712 itrEnd = 124566960
branch : gdc
branch : gfp
branch : ldc
branch : lfp
branch : gtgt
branch : ltgt
branch : pid_gr
branch : pid_las
branch : tof_raw
branch : tof
branch : gr_rf1
branch : gr_rf2
branch : gr_rf3
branch : las_rf1
branch : las_rf2
branch : las_rf3
branch : trig_gr
branch : trig_las
branch : trig_coin
branch : rf1
branch : rf2
branch : rf3
branch : pgr
branch : plas
shell/phys.C(2199,"ppt")
Registering art::TStreamingModuleDecoderLRTDC
Registering art::TStreamingModuleDecoderHRTDC
Registering art::TStreamingModuleDecoderLRTDC64
Registering art::streaming::v1::TStreamingModuleDecoderLRTDC64
Registering art::streaming::v1::TStreamingModuleDecoderHRTDC
Use mass table inside root since Art.MassTable is not defined in .rootrc
Created art::TStreamingModuleDecoderHRTDC with decoder ID 2
Created art::TStreamingModuleDecoderLRTDC with decoder ID 1
Created art::TStreamingModuleDecoderLRTDC64 with decoder ID 3
Created art::streaming::v1::TStreamingModuleDecoderHRTDC with decoder ID 5
Created art::streaming::v1::TStreamingModuleDecoderLRTDC64 with decoder ID 6

Processing shell/phys.C(2199,"ppt")...
timer
es_ttree
steering gate/gate_coin.yaml steering/gate gate_coin.yaml
gate_array_init_coin
trigger_gates
stop_proc_coin
steering gate/las/gate_las_ppt.yaml steering/gate/las gate_las_ppt.yaml
loading tmpl/gate_las_calib.tmpl.yaml
steering/gate/las tmpl/gate_las_calib.tmpl.yaml steering/gate/las/tmpl gate_las_calib.tmpl.yaml
gate_array_init_las_pid
las_pid
stop_proc_las_pid
steering gate/gr/gate_gr_ppt.yaml steering/gate/gr gate_gr_ppt.yaml
loading tmpl/gate_gr_calib.tmpl.yaml
steering/gate/gr tmpl/gate_gr_calib.tmpl.yaml steering/gate/gr/tmpl gate_gr_calib.tmpl.yaml
gate_array_init
gr_charge
stop_proc
steering gate/gate_gr_delta.yaml steering/gate gate_gr_delta.yaml
gate_array_init_gr_delta
def_gate_gr_delta
stop_proc_gr_delta
hist_pid_gr
hist_pid_las
hist_vdc_gr_track
hist_vdc_las_track
hist_vdc_gr_las
hist_optics_gr
hist_optics_las
hist_optics_corr
hist_phys
itrBegin = 132121808 itrEnd = 132951280
branch : gdc
branch : gfp
branch : ldc
branch : lfp
branch : gtgt
branch : ltgt
branch : pid_gr
branch : pid_las
branch : tof_raw
branch : tof
branch : gr_rf1
branch : gr_rf2
branch : gr_rf3
branch : las_rf1
branch : las_rf2
branch : las_rf3
branch : trig_gr
branch : trig_las
branch : trig_coin
branch : rf1
branch : rf2
branch : rf3
branch : pgr
branch : plas
shell/phys.C(2200,"ppt")
Registering art::TStreamingModuleDecoderLRTDC
Registering art::TStreamingModuleDecoderHRTDC
Registering art::TStreamingModuleDecoderLRTDC64
Registering art::streaming::v1::TStreamingModuleDecoderLRTDC64
Registering art::streaming::v1::TStreamingModuleDecoderHRTDC
Use mass table inside root since Art.MassTable is not defined in .rootrc
Created art::TStreamingModuleDecoderHRTDC with decoder ID 2
Created art::TStreamingModuleDecoderLRTDC with decoder ID 1
Created art::TStreamingModuleDecoderLRTDC64 with decoder ID 3
Created art::streaming::v1::TStreamingModuleDecoderHRTDC with decoder ID 5
Created art::streaming::v1::TStreamingModuleDecoderLRTDC64 with decoder ID 6

Processing shell/phys.C(2200,"ppt")...
timer
es_ttree
steering gate/gate_coin.yaml steering/gate gate_coin.yaml
gate_array_init_coin
trigger_gates
stop_proc_coin
steering gate/las/gate_las_ppt.yaml steering/gate/las gate_las_ppt.yaml
loading tmpl/gate_las_calib.tmpl.yaml
steering/gate/las tmpl/gate_las_calib.tmpl.yaml steering/gate/las/tmpl gate_las_calib.tmpl.yaml
gate_array_init_las_pid
las_pid
stop_proc_las_pid
steering gate/gr/gate_gr_ppt.yaml steering/gate/gr gate_gr_ppt.yaml
loading tmpl/gate_gr_calib.tmpl.yaml
steering/gate/gr tmpl/gate_gr_calib.tmpl.yaml steering/gate/gr/tmpl gate_gr_calib.tmpl.yaml
gate_array_init
gr_charge
stop_proc
steering gate/gate_gr_delta.yaml steering/gate gate_gr_delta.yaml
gate_array_init_gr_delta
def_gate_gr_delta
stop_proc_gr_delta
hist_pid_gr
hist_pid_las
hist_vdc_gr_track
hist_vdc_las_track
hist_vdc_gr_las
hist_optics_gr
hist_optics_las
hist_optics_corr
hist_phys
itrBegin = 139806704 itrEnd = 140121024
branch : gdc
branch : gfp
branch : ldc
branch : lfp
branch : gtgt
branch : ltgt
branch : pid_gr
branch : pid_las
branch : tof_raw
branch : tof
branch : gr_rf1
branch : gr_rf2
branch : gr_rf3
branch : las_rf1
branch : las_rf2
branch : las_rf3
branch : trig_gr
branch : trig_las
branch : trig_coin
branch : rf1
branch : rf2
branch : rf3
branch : pgr
branch : plas
