

*******************************************************************************
Tue Jul 30 19:09:59 2024


FIT:    data read from "~/work/art_analysis/e559_24apr/work/fp_gr/fit_itr/prm_itr.dat" u 1:(-$2)
        format = x:z
        #datapoints = 5
        residuals are weighted equally (unit weight)

function used for fitting: f(x)
	f(x)=p0+p1*x+p2*x*x
fitted parameters initialized with current variable values

iter      chisq       delta/lim  lambda   p0            p1            p2           
   0 7.2705429522e+10   0.00e+00  6.96e+04    1.000000e+00   1.000000e+00   1.000000e+00
   8 3.2185562810e+01  -1.88e-01  6.96e-04   -1.161288e+01  -8.735770e-02  -3.072265e-04

After 8 iterations the fit converged.
final sum of squares of residuals : 32.1856
rel. change during last iteration : -1.88283e-06

degrees of freedom    (FIT_NDF)                        : 2
rms of residuals      (FIT_STDFIT) = sqrt(WSSR/ndf)    : 4.01158
variance of residuals (reduced chisquare) = WSSR/ndf   : 16.0928

Final set of parameters            Asymptotic Standard Error
=======================            ==========================
p0              = -11.6129         +/- 2.799        (24.11%)
p1              = -0.0873577       +/- 0.005909     (6.765%)
p2              = -0.000307226     +/- 2.323e-05    (7.561%)

correlation matrix of the fit parameters:
                p0     p1     p2     
p0              1.000 
p1             -0.050  1.000 
p2             -0.768  0.055  1.000 


*******************************************************************************
Tue Jul 30 19:10:18 2024


FIT:    data read from "~/work/art_analysis/e559_24apr/work/fp_gr/fit_itr/prm_itr.dat" u 1:(-$3)
        format = x:z
        #datapoints = 5
        residuals are weighted equally (unit weight)

function used for fitting: f(x)
	f(x)=p0+p1*x
fitted parameters initialized with current variable values

iter      chisq       delta/lim  lambda   p0            p1           
   0 3.9386152369e+06   0.00e+00  2.15e+02    1.000000e+00   1.000000e+00
   6 1.7861019125e+05  -2.82e-08  2.15e-04    2.504394e+02   3.721237e+00

After 6 iterations the fit converged.
final sum of squares of residuals : 178610
rel. change during last iteration : -2.81897e-13

degrees of freedom    (FIT_NDF)                        : 3
rms of residuals      (FIT_STDFIT) = sqrt(WSSR/ndf)    : 244.001
variance of residuals (reduced chisquare) = WSSR/ndf   : 59536.7

Final set of parameters            Asymptotic Standard Error
=======================            ==========================
p0              = 250.439          +/- 109.1        (43.58%)
p1              = 3.72124          +/- 0.3589       (9.645%)

correlation matrix of the fit parameters:
                p0     p1     
p0              1.000 
p1             -0.012  1.000 
