2024年 6月 14日 金曜日 19:25:15 JST
shell/phys.C(2102,"pph_48Ca")
Registering art::TStreamingModuleDecoderLRTDC
Registering art::TStreamingModuleDecoderHRTDC
Registering art::TStreamingModuleDecoderLRTDC64
Registering art::streaming::v1::TStreamingModuleDecoderLRTDC64
Registering art::streaming::v1::TStreamingModuleDecoderHRTDC
Use mass table inside root since Art.MassTable is not defined in .rootrc
Created art::TStreamingModuleDecoderHRTDC with decoder ID 2
Created art::TStreamingModuleDecoderLRTDC with decoder ID 1
Created art::TStreamingModuleDecoderLRTDC64 with decoder ID 3
Created art::streaming::v1::TStreamingModuleDecoderHRTDC with decoder ID 5
Created art::streaming::v1::TStreamingModuleDecoderLRTDC64 with decoder ID 6

Processing shell/phys.C(2102,"pph_48Ca")...
timer
es_ttree
steering gate/gate_coin.yaml steering/gate gate_coin.yaml
gate_array_init_coin
trigger_gates
stop_proc_coin
steering gate/las/gate_las_ppt.yaml steering/gate/las gate_las_ppt.yaml
loading tmpl/gate_las_calib.tmpl.yaml
steering/gate/las tmpl/gate_las_calib.tmpl.yaml steering/gate/las/tmpl gate_las_calib.tmpl.yaml
gate_array_init_las_pid
las_pid
stop_proc_las_pid
steering gate/gr/gate_gr_ppt.yaml steering/gate/gr gate_gr_ppt.yaml
loading tmpl/gate_gr_calib.tmpl.yaml
steering/gate/gr tmpl/gate_gr_calib.tmpl.yaml steering/gate/gr/tmpl gate_gr_calib.tmpl.yaml
gate_array_init
gr_charge
stop_proc
steering gate/gate_gr_delta.yaml steering/gate gate_gr_delta.yaml
gate_array_init_gr_delta
def_gate_gr_delta
stop_proc_gr_delta
hist_pid_gr
hist_pid_las
hist_vdc_gr_track
hist_vdc_las_track
hist_vdc_gr_las
hist_optics_gr
hist_optics_las
hist_optics_corr
hist_phys
itrBegin = 127792000 itrEnd = 130254656
branch : gdc
branch : gfp
branch : ldc
branch : lfp
branch : gtgt
branch : ltgt
branch : pid_gr
branch : pid_las
branch : tof_raw
branch : tof
branch : gr_rf1
branch : gr_rf2
branch : gr_rf3
branch : las_rf1
branch : las_rf2
branch : las_rf3
branch : trig_gr
branch : trig_las
branch : trig_coin
branch : rf1
branch : rf2
branch : rf3
branch : pgr
branch : plas
shell/phys.C(2105,"pph_48Ca")
Registering art::TStreamingModuleDecoderLRTDC
Registering art::TStreamingModuleDecoderHRTDC
Registering art::TStreamingModuleDecoderLRTDC64
Registering art::streaming::v1::TStreamingModuleDecoderLRTDC64
Registering art::streaming::v1::TStreamingModuleDecoderHRTDC
Use mass table inside root since Art.MassTable is not defined in .rootrc
Created art::TStreamingModuleDecoderHRTDC with decoder ID 2
Created art::TStreamingModuleDecoderLRTDC with decoder ID 1
Created art::TStreamingModuleDecoderLRTDC64 with decoder ID 3
Created art::streaming::v1::TStreamingModuleDecoderHRTDC with decoder ID 5
Created art::streaming::v1::TStreamingModuleDecoderLRTDC64 with decoder ID 6

Processing shell/phys.C(2105,"pph_48Ca")...
timer
es_ttree
steering gate/gate_coin.yaml steering/gate gate_coin.yaml
gate_array_init_coin
trigger_gates
stop_proc_coin
steering gate/las/gate_las_ppt.yaml steering/gate/las gate_las_ppt.yaml
loading tmpl/gate_las_calib.tmpl.yaml
steering/gate/las tmpl/gate_las_calib.tmpl.yaml steering/gate/las/tmpl gate_las_calib.tmpl.yaml
gate_array_init_las_pid
las_pid
stop_proc_las_pid
steering gate/gr/gate_gr_ppt.yaml steering/gate/gr gate_gr_ppt.yaml
loading tmpl/gate_gr_calib.tmpl.yaml
steering/gate/gr tmpl/gate_gr_calib.tmpl.yaml steering/gate/gr/tmpl gate_gr_calib.tmpl.yaml
gate_array_init
gr_charge
stop_proc
steering gate/gate_gr_delta.yaml steering/gate gate_gr_delta.yaml
gate_array_init_gr_delta
def_gate_gr_delta
stop_proc_gr_delta
hist_pid_gr
hist_pid_las
hist_vdc_gr_track
hist_vdc_las_track
hist_vdc_gr_las
hist_optics_gr
hist_optics_las
hist_optics_corr
hist_phys
itrBegin = 37209952 itrEnd = 127498608
branch : gdc
branch : gfp
branch : ldc
branch : lfp
branch : gtgt
branch : ltgt
branch : pid_gr
branch : pid_las
branch : tof_raw
branch : tof
branch : gr_rf1
branch : gr_rf2
branch : gr_rf3
branch : las_rf1
branch : las_rf2
branch : las_rf3
branch : trig_gr
branch : trig_las
branch : trig_coin
branch : rf1
branch : rf2
branch : rf3
branch : pgr
branch : plas
shell/phys.C(2139,"pph_48Ca")
Registering art::TStreamingModuleDecoderLRTDC
Registering art::TStreamingModuleDecoderHRTDC
Registering art::TStreamingModuleDecoderLRTDC64
Registering art::streaming::v1::TStreamingModuleDecoderLRTDC64
Registering art::streaming::v1::TStreamingModuleDecoderHRTDC
Use mass table inside root since Art.MassTable is not defined in .rootrc
Created art::TStreamingModuleDecoderHRTDC with decoder ID 2
Created art::TStreamingModuleDecoderLRTDC with decoder ID 1
Created art::TStreamingModuleDecoderLRTDC64 with decoder ID 3
Created art::streaming::v1::TStreamingModuleDecoderHRTDC with decoder ID 5
Created art::streaming::v1::TStreamingModuleDecoderLRTDC64 with decoder ID 6

Processing shell/phys.C(2139,"pph_48Ca")...
timer
es_ttree
steering gate/gate_coin.yaml steering/gate gate_coin.yaml
gate_array_init_coin
trigger_gates
stop_proc_coin
steering gate/las/gate_las_ppt.yaml steering/gate/las gate_las_ppt.yaml
loading tmpl/gate_las_calib.tmpl.yaml
steering/gate/las tmpl/gate_las_calib.tmpl.yaml steering/gate/las/tmpl gate_las_calib.tmpl.yaml
gate_array_init_las_pid
las_pid
stop_proc_las_pid
steering gate/gr/gate_gr_ppt.yaml steering/gate/gr gate_gr_ppt.yaml
loading tmpl/gate_gr_calib.tmpl.yaml
steering/gate/gr tmpl/gate_gr_calib.tmpl.yaml steering/gate/gr/tmpl gate_gr_calib.tmpl.yaml
gate_array_init
gr_charge
stop_proc
steering gate/gate_gr_delta.yaml steering/gate gate_gr_delta.yaml
gate_array_init_gr_delta
def_gate_gr_delta
stop_proc_gr_delta
hist_pid_gr
hist_pid_las
hist_vdc_gr_track
hist_vdc_las_track
hist_vdc_gr_las
hist_optics_gr
hist_optics_las
hist_optics_corr
hist_phys
itrBegin = 112681952 itrEnd = 132475968
branch : gdc
branch : gfp
branch : ldc
branch : lfp
branch : gtgt
branch : ltgt
branch : pid_gr
branch : pid_las
branch : tof_raw
branch : tof
branch : gr_rf1
branch : gr_rf2
branch : gr_rf3
branch : las_rf1
branch : las_rf2
branch : las_rf3
branch : trig_gr
branch : trig_las
branch : trig_coin
branch : rf1
branch : rf2
branch : rf3
branch : pgr
branch : plas
shell/phys.C(2140,"pph_48Ca")
Registering art::TStreamingModuleDecoderLRTDC
Registering art::TStreamingModuleDecoderHRTDC
Registering art::TStreamingModuleDecoderLRTDC64
Registering art::streaming::v1::TStreamingModuleDecoderLRTDC64
Registering art::streaming::v1::TStreamingModuleDecoderHRTDC
Use mass table inside root since Art.MassTable is not defined in .rootrc
Created art::TStreamingModuleDecoderHRTDC with decoder ID 2
Created art::TStreamingModuleDecoderLRTDC with decoder ID 1
Created art::TStreamingModuleDecoderLRTDC64 with decoder ID 3
Created art::streaming::v1::TStreamingModuleDecoderHRTDC with decoder ID 5
Created art::streaming::v1::TStreamingModuleDecoderLRTDC64 with decoder ID 6

Processing shell/phys.C(2140,"pph_48Ca")...
timer
es_ttree
steering gate/gate_coin.yaml steering/gate gate_coin.yaml
gate_array_init_coin
trigger_gates
stop_proc_coin
steering gate/las/gate_las_ppt.yaml steering/gate/las gate_las_ppt.yaml
loading tmpl/gate_las_calib.tmpl.yaml
steering/gate/las tmpl/gate_las_calib.tmpl.yaml steering/gate/las/tmpl gate_las_calib.tmpl.yaml
gate_array_init_las_pid
las_pid
stop_proc_las_pid
steering gate/gr/gate_gr_ppt.yaml steering/gate/gr gate_gr_ppt.yaml
loading tmpl/gate_gr_calib.tmpl.yaml
steering/gate/gr tmpl/gate_gr_calib.tmpl.yaml steering/gate/gr/tmpl gate_gr_calib.tmpl.yaml
gate_array_init
gr_charge
stop_proc
steering gate/gate_gr_delta.yaml steering/gate gate_gr_delta.yaml
gate_array_init_gr_delta
def_gate_gr_delta
stop_proc_gr_delta
hist_pid_gr
hist_pid_las
hist_vdc_gr_track
hist_vdc_las_track
hist_vdc_gr_las
hist_optics_gr
hist_optics_las
hist_optics_corr
hist_phys
itrBegin = 96127200 itrEnd = 136699920
branch : gdc
branch : gfp
branch : ldc
branch : lfp
branch : gtgt
branch : ltgt
branch : pid_gr
branch : pid_las
branch : tof_raw
branch : tof
branch : gr_rf1
branch : gr_rf2
branch : gr_rf3
branch : las_rf1
branch : las_rf2
branch : las_rf3
branch : trig_gr
branch : trig_las
branch : trig_coin
branch : rf1
branch : rf2
branch : rf3
branch : pgr
branch : plas
shell/phys.C(2141,"pph_48Ca")
Registering art::TStreamingModuleDecoderLRTDC
Registering art::TStreamingModuleDecoderHRTDC
Registering art::TStreamingModuleDecoderLRTDC64
Registering art::streaming::v1::TStreamingModuleDecoderLRTDC64
Registering art::streaming::v1::TStreamingModuleDecoderHRTDC
Use mass table inside root since Art.MassTable is not defined in .rootrc
Created art::TStreamingModuleDecoderHRTDC with decoder ID 2
Created art::TStreamingModuleDecoderLRTDC with decoder ID 1
Created art::TStreamingModuleDecoderLRTDC64 with decoder ID 3
Created art::streaming::v1::TStreamingModuleDecoderHRTDC with decoder ID 5
Created art::streaming::v1::TStreamingModuleDecoderLRTDC64 with decoder ID 6

Processing shell/phys.C(2141,"pph_48Ca")...
timer
es_ttree
steering gate/gate_coin.yaml steering/gate gate_coin.yaml
gate_array_init_coin
trigger_gates
stop_proc_coin
steering gate/las/gate_las_ppt.yaml steering/gate/las gate_las_ppt.yaml
loading tmpl/gate_las_calib.tmpl.yaml
steering/gate/las tmpl/gate_las_calib.tmpl.yaml steering/gate/las/tmpl gate_las_calib.tmpl.yaml
gate_array_init_las_pid
las_pid
stop_proc_las_pid
steering gate/gr/gate_gr_ppt.yaml steering/gate/gr gate_gr_ppt.yaml
loading tmpl/gate_gr_calib.tmpl.yaml
steering/gate/gr tmpl/gate_gr_calib.tmpl.yaml steering/gate/gr/tmpl gate_gr_calib.tmpl.yaml
gate_array_init
gr_charge
stop_proc
steering gate/gate_gr_delta.yaml steering/gate gate_gr_delta.yaml
gate_array_init_gr_delta
def_gate_gr_delta
stop_proc_gr_delta
hist_pid_gr
hist_pid_las
hist_vdc_gr_track
hist_vdc_las_track
hist_vdc_gr_las
hist_optics_gr
hist_optics_las
hist_optics_corr
hist_phys
itrBegin = 127667920 itrEnd = 127849760
branch : gdc
branch : gfp
branch : ldc
branch : lfp
branch : gtgt
branch : ltgt
branch : pid_gr
branch : pid_las
branch : tof_raw
branch : tof
branch : gr_rf1
branch : gr_rf2
branch : gr_rf3
branch : las_rf1
branch : las_rf2
branch : las_rf3
branch : trig_gr
branch : trig_las
branch : trig_coin
branch : rf1
branch : rf2
branch : rf3
branch : pgr
branch : plas
shell/phys.C(2143,"pph_48Ca")
Registering art::TStreamingModuleDecoderLRTDC
Registering art::TStreamingModuleDecoderHRTDC
Registering art::TStreamingModuleDecoderLRTDC64
Registering art::streaming::v1::TStreamingModuleDecoderLRTDC64
Registering art::streaming::v1::TStreamingModuleDecoderHRTDC
Use mass table inside root since Art.MassTable is not defined in .rootrc
Created art::TStreamingModuleDecoderHRTDC with decoder ID 2
Created art::TStreamingModuleDecoderLRTDC with decoder ID 1
Created art::TStreamingModuleDecoderLRTDC64 with decoder ID 3
Created art::streaming::v1::TStreamingModuleDecoderHRTDC with decoder ID 5
Created art::streaming::v1::TStreamingModuleDecoderLRTDC64 with decoder ID 6

Processing shell/phys.C(2143,"pph_48Ca")...
timer
es_ttree
steering gate/gate_coin.yaml steering/gate gate_coin.yaml
gate_array_init_coin
trigger_gates
stop_proc_coin
steering gate/las/gate_las_ppt.yaml steering/gate/las gate_las_ppt.yaml
loading tmpl/gate_las_calib.tmpl.yaml
steering/gate/las tmpl/gate_las_calib.tmpl.yaml steering/gate/las/tmpl gate_las_calib.tmpl.yaml
gate_array_init_las_pid
las_pid
stop_proc_las_pid
steering gate/gr/gate_gr_ppt.yaml steering/gate/gr gate_gr_ppt.yaml
loading tmpl/gate_gr_calib.tmpl.yaml
steering/gate/gr tmpl/gate_gr_calib.tmpl.yaml steering/gate/gr/tmpl gate_gr_calib.tmpl.yaml
gate_array_init
gr_charge
stop_proc
steering gate/gate_gr_delta.yaml steering/gate gate_gr_delta.yaml
gate_array_init_gr_delta
def_gate_gr_delta
stop_proc_gr_delta
hist_pid_gr
hist_pid_las
hist_vdc_gr_track
hist_vdc_las_track
hist_vdc_gr_las
hist_optics_gr
hist_optics_las
hist_optics_corr
hist_phys
itrBegin = 127401936 itrEnd = 127440016
branch : gdc
branch : gfp
branch : ldc
branch : lfp
branch : gtgt
branch : ltgt
branch : pid_gr
branch : pid_las
branch : tof_raw
branch : tof
branch : gr_rf1
branch : gr_rf2
branch : gr_rf3
branch : las_rf1
branch : las_rf2
branch : las_rf3
branch : trig_gr
branch : trig_las
branch : trig_coin
branch : rf1
branch : rf2
branch : rf3
branch : pgr
branch : plas
shell/phys.C(2144,"pph_48Ca")
Registering art::TStreamingModuleDecoderLRTDC
Registering art::TStreamingModuleDecoderHRTDC
Registering art::TStreamingModuleDecoderLRTDC64
Registering art::streaming::v1::TStreamingModuleDecoderLRTDC64
Registering art::streaming::v1::TStreamingModuleDecoderHRTDC
Use mass table inside root since Art.MassTable is not defined in .rootrc
Created art::TStreamingModuleDecoderHRTDC with decoder ID 2
Created art::TStreamingModuleDecoderLRTDC with decoder ID 1
Created art::TStreamingModuleDecoderLRTDC64 with decoder ID 3
Created art::streaming::v1::TStreamingModuleDecoderHRTDC with decoder ID 5
Created art::streaming::v1::TStreamingModuleDecoderLRTDC64 with decoder ID 6

Processing shell/phys.C(2144,"pph_48Ca")...
timer
es_ttree
steering gate/gate_coin.yaml steering/gate gate_coin.yaml
gate_array_init_coin
trigger_gates
stop_proc_coin
steering gate/las/gate_las_ppt.yaml steering/gate/las gate_las_ppt.yaml
loading tmpl/gate_las_calib.tmpl.yaml
steering/gate/las tmpl/gate_las_calib.tmpl.yaml steering/gate/las/tmpl gate_las_calib.tmpl.yaml
gate_array_init_las_pid
las_pid
stop_proc_las_pid
steering gate/gr/gate_gr_ppt.yaml steering/gate/gr gate_gr_ppt.yaml
loading tmpl/gate_gr_calib.tmpl.yaml
steering/gate/gr tmpl/gate_gr_calib.tmpl.yaml steering/gate/gr/tmpl gate_gr_calib.tmpl.yaml
gate_array_init
gr_charge
stop_proc
steering gate/gate_gr_delta.yaml steering/gate gate_gr_delta.yaml
gate_array_init_gr_delta
def_gate_gr_delta
stop_proc_gr_delta
hist_pid_gr
hist_pid_las
hist_vdc_gr_track
hist_vdc_las_track
hist_vdc_gr_las
hist_optics_gr
hist_optics_las
hist_optics_corr
hist_phys
itrBegin = 90140064 itrEnd = 98169376
branch : gdc
branch : gfp
branch : ldc
branch : lfp
branch : gtgt
branch : ltgt
branch : pid_gr
branch : pid_las
branch : tof_raw
branch : tof
branch : gr_rf1
branch : gr_rf2
branch : gr_rf3
branch : las_rf1
branch : las_rf2
branch : las_rf3
branch : trig_gr
branch : trig_las
branch : trig_coin
branch : rf1
branch : rf2
branch : rf3
branch : pgr
branch : plas
shell/phys.C(2145,"pph_48Ca")
Registering art::TStreamingModuleDecoderLRTDC
Registering art::TStreamingModuleDecoderHRTDC
Registering art::TStreamingModuleDecoderLRTDC64
Registering art::streaming::v1::TStreamingModuleDecoderLRTDC64
Registering art::streaming::v1::TStreamingModuleDecoderHRTDC
Use mass table inside root since Art.MassTable is not defined in .rootrc
Created art::TStreamingModuleDecoderHRTDC with decoder ID 2
Created art::TStreamingModuleDecoderLRTDC with decoder ID 1
Created art::TStreamingModuleDecoderLRTDC64 with decoder ID 3
Created art::streaming::v1::TStreamingModuleDecoderHRTDC with decoder ID 5
Created art::streaming::v1::TStreamingModuleDecoderLRTDC64 with decoder ID 6

Processing shell/phys.C(2145,"pph_48Ca")...
timer
es_ttree
steering gate/gate_coin.yaml steering/gate gate_coin.yaml
gate_array_init_coin
trigger_gates
stop_proc_coin
steering gate/las/gate_las_ppt.yaml steering/gate/las gate_las_ppt.yaml
loading tmpl/gate_las_calib.tmpl.yaml
steering/gate/las tmpl/gate_las_calib.tmpl.yaml steering/gate/las/tmpl gate_las_calib.tmpl.yaml
gate_array_init_las_pid
las_pid
stop_proc_las_pid
steering gate/gr/gate_gr_ppt.yaml steering/gate/gr gate_gr_ppt.yaml
loading tmpl/gate_gr_calib.tmpl.yaml
steering/gate/gr tmpl/gate_gr_calib.tmpl.yaml steering/gate/gr/tmpl gate_gr_calib.tmpl.yaml
gate_array_init
gr_charge
stop_proc
steering gate/gate_gr_delta.yaml steering/gate gate_gr_delta.yaml
gate_array_init_gr_delta
def_gate_gr_delta
stop_proc_gr_delta
hist_pid_gr
hist_pid_las
hist_vdc_gr_track
hist_vdc_las_track
hist_vdc_gr_las
hist_optics_gr
hist_optics_las
hist_optics_corr
hist_phys
itrBegin = 30198352 itrEnd = 118934912
branch : gdc
branch : gfp
branch : ldc
branch : lfp
branch : gtgt
branch : ltgt
branch : pid_gr
branch : pid_las
branch : tof_raw
branch : tof
branch : gr_rf1
branch : gr_rf2
branch : gr_rf3
branch : las_rf1
branch : las_rf2
branch : las_rf3
branch : trig_gr
branch : trig_las
branch : trig_coin
branch : rf1
branch : rf2
branch : rf3
branch : pgr
branch : plas
shell/phys.C(2146,"pph_48Ca")
Registering art::TStreamingModuleDecoderLRTDC
Registering art::TStreamingModuleDecoderHRTDC
Registering art::TStreamingModuleDecoderLRTDC64
Registering art::streaming::v1::TStreamingModuleDecoderLRTDC64
Registering art::streaming::v1::TStreamingModuleDecoderHRTDC
Use mass table inside root since Art.MassTable is not defined in .rootrc
Created art::TStreamingModuleDecoderHRTDC with decoder ID 2
Created art::TStreamingModuleDecoderLRTDC with decoder ID 1
Created art::TStreamingModuleDecoderLRTDC64 with decoder ID 3
Created art::streaming::v1::TStreamingModuleDecoderHRTDC with decoder ID 5
Created art::streaming::v1::TStreamingModuleDecoderLRTDC64 with decoder ID 6

Processing shell/phys.C(2146,"pph_48Ca")...
timer
es_ttree
steering gate/gate_coin.yaml steering/gate gate_coin.yaml
gate_array_init_coin
trigger_gates
stop_proc_coin
steering gate/las/gate_las_ppt.yaml steering/gate/las gate_las_ppt.yaml
loading tmpl/gate_las_calib.tmpl.yaml
steering/gate/las tmpl/gate_las_calib.tmpl.yaml steering/gate/las/tmpl gate_las_calib.tmpl.yaml
gate_array_init_las_pid
las_pid
stop_proc_las_pid
steering gate/gr/gate_gr_ppt.yaml steering/gate/gr gate_gr_ppt.yaml
loading tmpl/gate_gr_calib.tmpl.yaml
steering/gate/gr tmpl/gate_gr_calib.tmpl.yaml steering/gate/gr/tmpl gate_gr_calib.tmpl.yaml
gate_array_init
gr_charge
stop_proc
steering gate/gate_gr_delta.yaml steering/gate gate_gr_delta.yaml
gate_array_init_gr_delta
def_gate_gr_delta
stop_proc_gr_delta
hist_pid_gr
hist_pid_las
hist_vdc_gr_track
hist_vdc_las_track
hist_vdc_gr_las
hist_optics_gr
hist_optics_las
hist_optics_corr
hist_phys
itrBegin = 66684336 itrEnd = 113344304
branch : gdc
branch : gfp
branch : ldc
branch : lfp
branch : gtgt
branch : ltgt
branch : pid_gr
branch : pid_las
branch : tof_raw
branch : tof
branch : gr_rf1
branch : gr_rf2
branch : gr_rf3
branch : las_rf1
branch : las_rf2
branch : las_rf3
branch : trig_gr
branch : trig_las
branch : trig_coin
branch : rf1
branch : rf2
branch : rf3
branch : pgr
branch : plas
shell/phys.C(2191,"pph_48Ca")
Registering art::TStreamingModuleDecoderLRTDC
Registering art::TStreamingModuleDecoderHRTDC
Registering art::TStreamingModuleDecoderLRTDC64
Registering art::streaming::v1::TStreamingModuleDecoderLRTDC64
Registering art::streaming::v1::TStreamingModuleDecoderHRTDC
Use mass table inside root since Art.MassTable is not defined in .rootrc
Created art::TStreamingModuleDecoderHRTDC with decoder ID 2
Created art::TStreamingModuleDecoderLRTDC with decoder ID 1
Created art::TStreamingModuleDecoderLRTDC64 with decoder ID 3
Created art::streaming::v1::TStreamingModuleDecoderHRTDC with decoder ID 5
Created art::streaming::v1::TStreamingModuleDecoderLRTDC64 with decoder ID 6

Processing shell/phys.C(2191,"pph_48Ca")...
timer
es_ttree
steering gate/gate_coin.yaml steering/gate gate_coin.yaml
gate_array_init_coin
trigger_gates
stop_proc_coin
steering gate/las/gate_las_ppt.yaml steering/gate/las gate_las_ppt.yaml
loading tmpl/gate_las_calib.tmpl.yaml
steering/gate/las tmpl/gate_las_calib.tmpl.yaml steering/gate/las/tmpl gate_las_calib.tmpl.yaml
gate_array_init_las_pid
las_pid
stop_proc_las_pid
steering gate/gr/gate_gr_ppt.yaml steering/gate/gr gate_gr_ppt.yaml
loading tmpl/gate_gr_calib.tmpl.yaml
steering/gate/gr tmpl/gate_gr_calib.tmpl.yaml steering/gate/gr/tmpl gate_gr_calib.tmpl.yaml
gate_array_init
gr_charge
stop_proc
steering gate/gate_gr_delta.yaml steering/gate gate_gr_delta.yaml
gate_array_init_gr_delta
def_gate_gr_delta
stop_proc_gr_delta
hist_pid_gr
hist_pid_las
hist_vdc_gr_track
hist_vdc_las_track
hist_vdc_gr_las
hist_optics_gr
hist_optics_las
hist_optics_corr
hist_phys
itrBegin = 73687504 itrEnd = 139194992
branch : gdc
branch : gfp
branch : ldc
branch : lfp
branch : gtgt
branch : ltgt
branch : pid_gr
branch : pid_las
branch : tof_raw
branch : tof
branch : gr_rf1
branch : gr_rf2
branch : gr_rf3
branch : las_rf1
branch : las_rf2
branch : las_rf3
branch : trig_gr
branch : trig_las
branch : trig_coin
branch : rf1
branch : rf2
branch : rf3
branch : pgr
branch : plas
shell/phys.C(2192,"pph_48Ca")
Registering art::TStreamingModuleDecoderLRTDC
Registering art::TStreamingModuleDecoderHRTDC
Registering art::TStreamingModuleDecoderLRTDC64
Registering art::streaming::v1::TStreamingModuleDecoderLRTDC64
Registering art::streaming::v1::TStreamingModuleDecoderHRTDC
Use mass table inside root since Art.MassTable is not defined in .rootrc
Created art::TStreamingModuleDecoderHRTDC with decoder ID 2
Created art::TStreamingModuleDecoderLRTDC with decoder ID 1
Created art::TStreamingModuleDecoderLRTDC64 with decoder ID 3
Created art::streaming::v1::TStreamingModuleDecoderHRTDC with decoder ID 5
Created art::streaming::v1::TStreamingModuleDecoderLRTDC64 with decoder ID 6

Processing shell/phys.C(2192,"pph_48Ca")...
timer
es_ttree
steering gate/gate_coin.yaml steering/gate gate_coin.yaml
gate_array_init_coin
trigger_gates
stop_proc_coin
steering gate/las/gate_las_ppt.yaml steering/gate/las gate_las_ppt.yaml
loading tmpl/gate_las_calib.tmpl.yaml
steering/gate/las tmpl/gate_las_calib.tmpl.yaml steering/gate/las/tmpl gate_las_calib.tmpl.yaml
gate_array_init_las_pid
las_pid
stop_proc_las_pid
steering gate/gr/gate_gr_ppt.yaml steering/gate/gr gate_gr_ppt.yaml
loading tmpl/gate_gr_calib.tmpl.yaml
steering/gate/gr tmpl/gate_gr_calib.tmpl.yaml steering/gate/gr/tmpl gate_gr_calib.tmpl.yaml
gate_array_init
gr_charge
stop_proc
steering gate/gate_gr_delta.yaml steering/gate gate_gr_delta.yaml
gate_array_init_gr_delta
def_gate_gr_delta
stop_proc_gr_delta
hist_pid_gr
hist_pid_las
hist_vdc_gr_track
hist_vdc_las_track
hist_vdc_gr_las
hist_optics_gr
hist_optics_las
hist_optics_corr
hist_phys
itrBegin = 113145264 itrEnd = 122516752
branch : gdc
branch : gfp
branch : ldc
branch : lfp
branch : gtgt
branch : ltgt
branch : pid_gr
branch : pid_las
branch : tof_raw
branch : tof
branch : gr_rf1
branch : gr_rf2
branch : gr_rf3
branch : las_rf1
branch : las_rf2
branch : las_rf3
branch : trig_gr
branch : trig_las
branch : trig_coin
branch : rf1
branch : rf2
branch : rf3
branch : pgr
branch : plas
