

*******************************************************************************
Mon May 27 03:06:05 2024


FIT:    data read from "tof_gr.dat" u 1:3
        format = x:z
        #datapoints = 5
        residuals are weighted equally (unit weight)

function used for fitting: f(x)
	f(x)=b*x+c
fitted parameters initialized with current variable values



*******************************************************************************
Mon May 27 03:06:09 2024


FIT:    data read from "tof_gr.dat" u 1:3
        format = x:z
        #datapoints = 5
        residuals are weighted equally (unit weight)

function used for fitting: f(x)
	f(x)=b*x+c
fitted parameters initialized with current variable values

iter      chisq       delta/lim  lambda   b             c            
   0 9.4371637307e+05   0.00e+00  2.16e+02    1.000000e+00   1.000000e+00
   6 2.7037169348e-01  -3.11e-02  2.16e-04   -1.354553e-02  -3.136500e+02

After 6 iterations the fit converged.
final sum of squares of residuals : 0.270372
rel. change during last iteration : -3.10812e-07

degrees of freedom    (FIT_NDF)                        : 3
rms of residuals      (FIT_STDFIT) = sqrt(WSSR/ndf)    : 0.300206
variance of residuals (reduced chisquare) = WSSR/ndf   : 0.0901239

Final set of parameters            Asymptotic Standard Error
=======================            ==========================
b               = -0.0135455       +/- 0.0004399    (3.247%)
c               = -313.65          +/- 0.1343       (0.04283%)

correlation matrix of the fit parameters:
                b      c      
b               1.000 
c               0.031  1.000 


*******************************************************************************
Mon May 27 03:06:38 2024


FIT:    data read from "tof_gr.dat" u 1:2
        format = x:z
        #datapoints = 5
        residuals are weighted equally (unit weight)

function used for fitting: f(x)
	f(x)=a*x*x+b*x+c
fitted parameters initialized with current variable values

iter      chisq       delta/lim  lambda   b             c            
   0 7.4155552022e+10   0.00e+00  2.22e+02   -1.354553e-02  -3.136500e+02
   5 3.0340085025e+10  -1.66e-06  2.22e-03    3.898642e+01  -9.279502e+04

After 5 iterations the fit converged.
final sum of squares of residuals : 3.03401e+10
rel. change during last iteration : -1.65626e-11

degrees of freedom    (FIT_NDF)                        : 3
rms of residuals      (FIT_STDFIT) = sqrt(WSSR/ndf)    : 100565
variance of residuals (reduced chisquare) = WSSR/ndf   : 1.01134e+10

Final set of parameters            Asymptotic Standard Error
=======================            ==========================
b               = 38.9864          +/- 147.4        (378%)
c               = -92795           +/- 4.5e+04      (48.49%)

correlation matrix of the fit parameters:
                b      c      
b               1.000 
c               0.031  1.000 


*******************************************************************************
Mon May 27 03:07:02 2024


FIT:    data read from "tof_gr.dat" u 1:2
        format = x:z
        #datapoints = 5
        residuals are weighted equally (unit weight)

function used for fitting: f(x)
	f(x)=a*x*x+b*x+c
fitted parameters initialized with current variable values

iter      chisq       delta/lim  lambda   a             b             c            
   0 3.0340085025e+10   0.00e+00  8.88e+04    1.000000e+00   3.898642e+01  -9.279502e+04
   5 1.9603228620e+00  -5.76e-05  8.88e-01   -1.205490e-05  -1.110616e-02   8.443912e+01

After 5 iterations the fit converged.
final sum of squares of residuals : 1.96032
rel. change during last iteration : -5.75744e-10

degrees of freedom    (FIT_NDF)                        : 2
rms of residuals      (FIT_STDFIT) = sqrt(WSSR/ndf)    : 0.990031
variance of residuals (reduced chisquare) = WSSR/ndf   : 0.980161

Final set of parameters            Asymptotic Standard Error
=======================            ==========================
a               = -1.20549e-05     +/- 5.684e-06    (47.15%)
b               = -0.0111062       +/- 0.001467     (13.21%)
c               = 84.4391          +/- 0.6891       (0.8161%)

correlation matrix of the fit parameters:
                a      b      c      
a               1.000 
b               0.151  1.000 
c              -0.766 -0.096  1.000 


*******************************************************************************
Tue Jun  4 14:54:31 2024


FIT:    data read from "tof_gr.dat" u 1:2
        format = x:z
        #datapoints = 5
        residuals are weighted equally (unit weight)

function used for fitting: f(x)
	f(x)=p0+p1*x+p2*x*x
fitted parameters initialized with current variable values

iter      chisq       delta/lim  lambda   p0            p1            p2           
   0 7.4543736855e+10   0.00e+00  7.05e+04    1.000000e+00   1.000000e+00   1.000000e+00
   9 3.0232986589e+00  -5.75e-08  7.05e-05   -8.333689e+01   2.745619e-02   2.223355e-05

After 9 iterations the fit converged.
final sum of squares of residuals : 3.0233
rel. change during last iteration : -5.7463e-13

degrees of freedom    (FIT_NDF)                        : 2
rms of residuals      (FIT_STDFIT) = sqrt(WSSR/ndf)    : 1.22949
variance of residuals (reduced chisquare) = WSSR/ndf   : 1.51165

Final set of parameters            Asymptotic Standard Error
=======================            ==========================
p0              = -83.3369         +/- 0.8559       (1.027%)
p1              = 0.0274562        +/- 0.001822     (6.637%)
p2              = 2.22336e-05      +/- 7.06e-06     (31.75%)

correlation matrix of the fit parameters:
                p0     p1     p2     
p0              1.000 
p1             -0.096  1.000 
p2             -0.766  0.151  1.000 


*******************************************************************************
Tue Jun  4 14:54:49 2024


FIT:    data read from "tof_gr.dat" u 1:2
        format = x:z
        #datapoints = 5
        residuals are weighted equally (unit weight)

function used for fitting: f(x)
	f(x)=p0+p1*x+p2*x*x
fitted parameters initialized with current variable values

iter      chisq       delta/lim  lambda   p0            p1            p2           
   0 7.4543736855e+10   0.00e+00  7.05e+04    1.000000e+00   1.000000e+00   1.000000e+00
   9 3.0232986589e+00  -5.75e-08  7.05e-05   -8.333689e+01   2.745619e-02   2.223355e-05

After 9 iterations the fit converged.
final sum of squares of residuals : 3.0233
rel. change during last iteration : -5.7463e-13

degrees of freedom    (FIT_NDF)                        : 2
rms of residuals      (FIT_STDFIT) = sqrt(WSSR/ndf)    : 1.22949
variance of residuals (reduced chisquare) = WSSR/ndf   : 1.51165

Final set of parameters            Asymptotic Standard Error
=======================            ==========================
p0              = -83.3369         +/- 0.8559       (1.027%)
p1              = 0.0274562        +/- 0.001822     (6.637%)
p2              = 2.22336e-05      +/- 7.06e-06     (31.75%)

correlation matrix of the fit parameters:
                p0     p1     p2     
p0              1.000 
p1             -0.096  1.000 
p2             -0.766  0.151  1.000 


*******************************************************************************
Tue Jun  4 14:56:49 2024


FIT:    data read from "tof_gr.dat" u 1:3
        format = x:z
        #datapoints = 5
        residuals are weighted equally (unit weight)

function used for fitting: f(x)
	f(x)=p0+p1*x+p2*x*x
fitted parameters initialized with current variable values

iter      chisq       delta/lim  lambda   p0            p1            p2           
   0 7.4591895117e+10   0.00e+00  7.05e+04    1.000000e+00   1.000000e+00   1.000000e+00
   9 3.4772270005e+02  -7.36e-10  7.05e-05   -1.030194e+02  -9.254240e-02  -2.131525e-04

After 9 iterations the fit converged.
final sum of squares of residuals : 347.723
rel. change during last iteration : -7.3563e-15

degrees of freedom    (FIT_NDF)                        : 2
rms of residuals      (FIT_STDFIT) = sqrt(WSSR/ndf)    : 13.1856
variance of residuals (reduced chisquare) = WSSR/ndf   : 173.861

Final set of parameters            Asymptotic Standard Error
=======================            ==========================
p0              = -103.019         +/- 9.179        (8.91%)
p1              = -0.0925424       +/- 0.01954      (21.12%)
p2              = -0.000213153     +/- 7.571e-05    (35.52%)

correlation matrix of the fit parameters:
                p0     p1     p2     
p0              1.000 
p1             -0.096  1.000 
p2             -0.766  0.151  1.000 


*******************************************************************************
Tue Jun  4 14:58:06 2024


FIT:    data read from "tof_gr.dat" u 1:3
        format = x:z
        #datapoints = 5
        residuals are weighted equally (unit weight)

function used for fitting: f(x)
	f(x)=p0+p1*x+p2*x*x
fitted parameters initialized with current variable values

iter      chisq       delta/lim  lambda   p0            p1            p2           
   0 7.4591895117e+10   0.00e+00  7.05e+04    1.000000e+00   1.000000e+00   1.000000e+00
   9 3.4772270005e+02  -7.36e-10  7.05e-05   -1.030194e+02  -9.254240e-02  -2.131525e-04

After 9 iterations the fit converged.
final sum of squares of residuals : 347.723
rel. change during last iteration : -7.3563e-15

degrees of freedom    (FIT_NDF)                        : 2
rms of residuals      (FIT_STDFIT) = sqrt(WSSR/ndf)    : 13.1856
variance of residuals (reduced chisquare) = WSSR/ndf   : 173.861

Final set of parameters            Asymptotic Standard Error
=======================            ==========================
p0              = -103.019         +/- 9.179        (8.91%)
p1              = -0.0925424       +/- 0.01954      (21.12%)
p2              = -0.000213153     +/- 7.571e-05    (35.52%)

correlation matrix of the fit parameters:
                p0     p1     p2     
p0              1.000 
p1             -0.096  1.000 
p2             -0.766  0.151  1.000 


*******************************************************************************
Tue Jun  4 15:00:43 2024


FIT:    data read from "tof_gr.dat" u 1:4
        format = x:z
        #datapoints = 5
        residuals are weighted equally (unit weight)

function used for fitting: f(x)
	f(x)=p0+p1*x+p2*x*x
fitted parameters initialized with current variable values

iter      chisq       delta/lim  lambda   p0            p1            p2           
   0 7.4652481274e+10   0.00e+00  7.05e+04    1.000000e+00   1.000000e+00   1.000000e+00
   8 1.2941826406e+04  -3.67e-01  7.05e-04   -3.381539e+02   3.108534e-01   9.736192e-04

After 8 iterations the fit converged.
final sum of squares of residuals : 12941.8
rel. change during last iteration : -3.66792e-06

degrees of freedom    (FIT_NDF)                        : 2
rms of residuals      (FIT_STDFIT) = sqrt(WSSR/ndf)    : 80.442
variance of residuals (reduced chisquare) = WSSR/ndf   : 6470.91

Final set of parameters            Asymptotic Standard Error
=======================            ==========================
p0              = -338.154         +/- 56           (16.56%)
p1              = 0.310853         +/- 0.1192       (38.36%)
p2              = 0.000973619      +/- 0.0004619    (47.44%)

correlation matrix of the fit parameters:
                p0     p1     p2     
p0              1.000 
p1             -0.096  1.000 
p2             -0.766  0.151  1.000 


*******************************************************************************
Tue Jun  4 15:01:20 2024


FIT:    data read from "tof_gr.dat" u 1:4
        format = x:z
        #datapoints = 5
        residuals are weighted equally (unit weight)

function used for fitting: f(x)
	f(x)=p0+p1*x+p2*x*x
fitted parameters initialized with current variable values

iter      chisq       delta/lim  lambda   p0            p1            p2           
   0 7.4652481274e+10   0.00e+00  7.05e+04    1.000000e+00   1.000000e+00   1.000000e+00
   8 1.2941826406e+04  -3.67e-01  7.05e-04   -3.381539e+02   3.108534e-01   9.736192e-04

After 8 iterations the fit converged.
final sum of squares of residuals : 12941.8
rel. change during last iteration : -3.66792e-06

degrees of freedom    (FIT_NDF)                        : 2
rms of residuals      (FIT_STDFIT) = sqrt(WSSR/ndf)    : 80.442
variance of residuals (reduced chisquare) = WSSR/ndf   : 6470.91

Final set of parameters            Asymptotic Standard Error
=======================            ==========================
p0              = -338.154         +/- 56           (16.56%)
p1              = 0.310853         +/- 0.1192       (38.36%)
p2              = 0.000973619      +/- 0.0004619    (47.44%)

correlation matrix of the fit parameters:
                p0     p1     p2     
p0              1.000 
p1             -0.096  1.000 
p2             -0.766  0.151  1.000 


*******************************************************************************
Tue Jun  4 15:01:37 2024


FIT:    data read from "tof_gr.dat" u 1:3
        format = x:z
        #datapoints = 5
        residuals are weighted equally (unit weight)

function used for fitting: f(x)
	f(x)=p0+p1*x+p2*x*x
fitted parameters initialized with current variable values

iter      chisq       delta/lim  lambda   p0            p1            p2           
   0 7.4591895117e+10   0.00e+00  7.05e+04    1.000000e+00   1.000000e+00   1.000000e+00
   9 3.4772270005e+02  -7.36e-10  7.05e-05   -1.030194e+02  -9.254240e-02  -2.131525e-04

After 9 iterations the fit converged.
final sum of squares of residuals : 347.723
rel. change during last iteration : -7.3563e-15

degrees of freedom    (FIT_NDF)                        : 2
rms of residuals      (FIT_STDFIT) = sqrt(WSSR/ndf)    : 13.1856
variance of residuals (reduced chisquare) = WSSR/ndf   : 173.861

Final set of parameters            Asymptotic Standard Error
=======================            ==========================
p0              = -103.019         +/- 9.179        (8.91%)
p1              = -0.0925424       +/- 0.01954      (21.12%)
p2              = -0.000213153     +/- 7.571e-05    (35.52%)

correlation matrix of the fit parameters:
                p0     p1     p2     
p0              1.000 
p1             -0.096  1.000 
p2             -0.766  0.151  1.000 


*******************************************************************************
Tue Jun  4 15:02:06 2024


FIT:    data read from "tof_gr.dat" u 1:3
        format = x:z
        #datapoints = 5
        residuals are weighted equally (unit weight)

function used for fitting: f(x)
	f(x)=p0+p1*x+p2*x*x
fitted parameters initialized with current variable values

iter      chisq       delta/lim  lambda   p0            p1            p2           
   0 7.4591895117e+10   0.00e+00  7.05e+04    1.000000e+00   1.000000e+00   1.000000e+00
   9 3.4772270005e+02  -7.36e-10  7.05e-05   -1.030194e+02  -9.254240e-02  -2.131525e-04

After 9 iterations the fit converged.
final sum of squares of residuals : 347.723
rel. change during last iteration : -7.3563e-15

degrees of freedom    (FIT_NDF)                        : 2
rms of residuals      (FIT_STDFIT) = sqrt(WSSR/ndf)    : 13.1856
variance of residuals (reduced chisquare) = WSSR/ndf   : 173.861

Final set of parameters            Asymptotic Standard Error
=======================            ==========================
p0              = -103.019         +/- 9.179        (8.91%)
p1              = -0.0925424       +/- 0.01954      (21.12%)
p2              = -0.000213153     +/- 7.571e-05    (35.52%)

correlation matrix of the fit parameters:
                p0     p1     p2     
p0              1.000 
p1             -0.096  1.000 
p2             -0.766  0.151  1.000 


*******************************************************************************
Tue Jun  4 15:02:25 2024


FIT:    data read from "tof_gr.dat" u 1:4
        format = x:z
        #datapoints = 5
        residuals are weighted equally (unit weight)

function used for fitting: f(x)
	f(x)=p0+p1*x+p2*x*x
fitted parameters initialized with current variable values

iter      chisq       delta/lim  lambda   p0            p1            p2           
   0 7.4760463177e+10   0.00e+00  7.05e+04    1.000000e+00   1.000000e+00   1.000000e+00
   9 2.4862609411e-01  -9.53e-06  7.05e-05   -3.136447e+02  -1.354093e-02  -2.035532e-07

After 9 iterations the fit converged.
final sum of squares of residuals : 0.248626
rel. change during last iteration : -9.53222e-11

degrees of freedom    (FIT_NDF)                        : 2
rms of residuals      (FIT_STDFIT) = sqrt(WSSR/ndf)    : 0.352581
variance of residuals (reduced chisquare) = WSSR/ndf   : 0.124313

Final set of parameters            Asymptotic Standard Error
=======================            ==========================
p0              = -313.645         +/- 0.2455       (0.07826%)
p1              = -0.0135409       +/- 0.0005226    (3.859%)
p2              = -2.03553e-07     +/- 2.025e-06    (994.6%)

correlation matrix of the fit parameters:
                p0     p1     p2     
p0              1.000 
p1             -0.096  1.000 
p2             -0.766  0.151  1.000 


*******************************************************************************
Tue Jun  4 15:03:34 2024


FIT:    data read from "tof_gr.dat" u 1:4
        format = x:z
        #datapoints = 5
        residuals are weighted equally (unit weight)

function used for fitting: f(x)
	f(x)=p0+p1*x
fitted parameters initialized with current variable values

iter      chisq       delta/lim  lambda   p0            p1           
   0 9.4375768187e+05   0.00e+00  2.16e+02    1.000000e+00   1.000000e+00
   6 2.4988269018e-01  -3.36e-02  2.16e-04   -3.136636e+02  -1.353299e-02

After 6 iterations the fit converged.
final sum of squares of residuals : 0.249883
rel. change during last iteration : -3.36326e-07

degrees of freedom    (FIT_NDF)                        : 3
rms of residuals      (FIT_STDFIT) = sqrt(WSSR/ndf)    : 0.288607
variance of residuals (reduced chisquare) = WSSR/ndf   : 0.0832942

Final set of parameters            Asymptotic Standard Error
=======================            ==========================
p0              = -313.664         +/- 0.1291       (0.04117%)
p1              = -0.013533        +/- 0.0004229    (3.125%)

correlation matrix of the fit parameters:
                p0     p1     
p0              1.000 
p1              0.031  1.000 


*******************************************************************************
Tue Jun  4 15:27:01 2024


FIT:    data read from "tof_gr.dat" u 1:4
        format = x:z
        #datapoints = 5
        residuals are weighted equally (unit weight)

function used for fitting: f(x)
	f(x)=p0+p1*x
fitted parameters initialized with current variable values

iter      chisq       delta/lim  lambda   p0            p1           
   0 9.4375768187e+05   0.00e+00  2.16e+02    1.000000e+00   1.000000e+00
   6 2.4988269018e-01  -3.36e-02  2.16e-04   -3.136636e+02  -1.353299e-02

After 6 iterations the fit converged.
final sum of squares of residuals : 0.249883
rel. change during last iteration : -3.36326e-07

degrees of freedom    (FIT_NDF)                        : 3
rms of residuals      (FIT_STDFIT) = sqrt(WSSR/ndf)    : 0.288607
variance of residuals (reduced chisquare) = WSSR/ndf   : 0.0832942

Final set of parameters            Asymptotic Standard Error
=======================            ==========================
p0              = -313.664         +/- 0.1291       (0.04117%)
p1              = -0.013533        +/- 0.0004229    (3.125%)

correlation matrix of the fit parameters:
                p0     p1     
p0              1.000 
p1              0.031  1.000 


*******************************************************************************
Tue Jun  4 15:27:07 2024


FIT:    data read from "tof_gr.dat" u 1:2
        format = x:z
        #datapoints = 5
        residuals are weighted equally (unit weight)

function used for fitting: f(x)
	f(x)=p0+p1*x+p2*x*x
fitted parameters initialized with current variable values

iter      chisq       delta/lim  lambda   p0            p1            p2           
   0 7.4543736855e+10   0.00e+00  7.05e+04    1.000000e+00   1.000000e+00   1.000000e+00
   9 3.0232986589e+00  -5.75e-08  7.05e-05   -8.333689e+01   2.745619e-02   2.223355e-05

After 9 iterations the fit converged.
final sum of squares of residuals : 3.0233
rel. change during last iteration : -5.7463e-13

degrees of freedom    (FIT_NDF)                        : 2
rms of residuals      (FIT_STDFIT) = sqrt(WSSR/ndf)    : 1.22949
variance of residuals (reduced chisquare) = WSSR/ndf   : 1.51165

Final set of parameters            Asymptotic Standard Error
=======================            ==========================
p0              = -83.3369         +/- 0.8559       (1.027%)
p1              = 0.0274562        +/- 0.001822     (6.637%)
p2              = 2.22336e-05      +/- 7.06e-06     (31.75%)

correlation matrix of the fit parameters:
                p0     p1     p2     
p0              1.000 
p1             -0.096  1.000 
p2             -0.766  0.151  1.000 


*******************************************************************************
Tue Jun  4 15:27:11 2024


FIT:    data read from "tof_gr.dat" u 1:3
        format = x:z
        #datapoints = 5
        residuals are weighted equally (unit weight)

function used for fitting: f(x)
	f(x)=p0+p1*x+p2*x*x
fitted parameters initialized with current variable values

iter      chisq       delta/lim  lambda   p0            p1            p2           
   0 7.4591895117e+10   0.00e+00  7.05e+04    1.000000e+00   1.000000e+00   1.000000e+00
   9 3.4772270005e+02  -7.36e-10  7.05e-05   -1.030194e+02  -9.254240e-02  -2.131525e-04

After 9 iterations the fit converged.
final sum of squares of residuals : 347.723
rel. change during last iteration : -7.3563e-15

degrees of freedom    (FIT_NDF)                        : 2
rms of residuals      (FIT_STDFIT) = sqrt(WSSR/ndf)    : 13.1856
variance of residuals (reduced chisquare) = WSSR/ndf   : 173.861

Final set of parameters            Asymptotic Standard Error
=======================            ==========================
p0              = -103.019         +/- 9.179        (8.91%)
p1              = -0.0925424       +/- 0.01954      (21.12%)
p2              = -0.000213153     +/- 7.571e-05    (35.52%)

correlation matrix of the fit parameters:
                p0     p1     p2     
p0              1.000 
p1             -0.096  1.000 
p2             -0.766  0.151  1.000 


*******************************************************************************
Tue Jun  4 15:29:22 2024


FIT:    data read from "tof_gr.dat" u 1:3
        format = x:z
        #datapoints = 5
        residuals are weighted equally (unit weight)

function used for fitting: f(x)
	f(x)=p0+p1*x+p2*x*x
fitted parameters initialized with current variable values

iter      chisq       delta/lim  lambda   p0            p1            p2           
   0 7.4591895117e+10   0.00e+00  7.05e+04    1.000000e+00   1.000000e+00   1.000000e+00
   9 3.4772270005e+02  -7.36e-10  7.05e-05   -1.030194e+02  -9.254240e-02  -2.131525e-04

After 9 iterations the fit converged.
final sum of squares of residuals : 347.723
rel. change during last iteration : -7.3563e-15

degrees of freedom    (FIT_NDF)                        : 2
rms of residuals      (FIT_STDFIT) = sqrt(WSSR/ndf)    : 13.1856
variance of residuals (reduced chisquare) = WSSR/ndf   : 173.861

Final set of parameters            Asymptotic Standard Error
=======================            ==========================
p0              = -103.019         +/- 9.179        (8.91%)
p1              = -0.0925424       +/- 0.01954      (21.12%)
p2              = -0.000213153     +/- 7.571e-05    (35.52%)

correlation matrix of the fit parameters:
                p0     p1     p2     
p0              1.000 
p1             -0.096  1.000 
p2             -0.766  0.151  1.000 


*******************************************************************************
Tue Jun  4 15:29:55 2024


FIT:    data read from "tof_gr.dat" u 1:3
        format = x:z
        #datapoints = 5
        residuals are weighted equally (unit weight)

function used for fitting: f(x)
	f(x)=p0+p1*x+p2*x*x
fitted parameters initialized with current variable values

iter      chisq       delta/lim  lambda   p0            p1            p2           
   0 7.4591895117e+10   0.00e+00  7.05e+04    1.000000e+00   1.000000e+00   1.000000e+00
   9 3.4772270005e+02  -7.36e-10  7.05e-05   -1.030194e+02  -9.254240e-02  -2.131525e-04

After 9 iterations the fit converged.
final sum of squares of residuals : 347.723
rel. change during last iteration : -7.3563e-15

degrees of freedom    (FIT_NDF)                        : 2
rms of residuals      (FIT_STDFIT) = sqrt(WSSR/ndf)    : 13.1856
variance of residuals (reduced chisquare) = WSSR/ndf   : 173.861

Final set of parameters            Asymptotic Standard Error
=======================            ==========================
p0              = -103.019         +/- 9.179        (8.91%)
p1              = -0.0925424       +/- 0.01954      (21.12%)
p2              = -0.000213153     +/- 7.571e-05    (35.52%)

correlation matrix of the fit parameters:
                p0     p1     p2     
p0              1.000 
p1             -0.096  1.000 
p2             -0.766  0.151  1.000 


*******************************************************************************
Tue Jun  4 15:29:58 2024


FIT:    data read from "tof_gr.dat" u 1:4
        format = x:z
        #datapoints = 5
        residuals are weighted equally (unit weight)

function used for fitting: f(x)
	f(x)=p0+p1*x
fitted parameters initialized with current variable values

iter      chisq       delta/lim  lambda   p0            p1           
   0 2.2634447137e+05   0.00e+00  7.55e+01   -1.030194e+02  -9.254240e-02
   4 2.4988269018e-01  -1.57e-03  7.55e-03   -3.136636e+02  -1.353299e-02

After 4 iterations the fit converged.
final sum of squares of residuals : 0.249883
rel. change during last iteration : -1.56824e-08

degrees of freedom    (FIT_NDF)                        : 3
rms of residuals      (FIT_STDFIT) = sqrt(WSSR/ndf)    : 0.288607
variance of residuals (reduced chisquare) = WSSR/ndf   : 0.0832942

Final set of parameters            Asymptotic Standard Error
=======================            ==========================
p0              = -313.664         +/- 0.1291       (0.04117%)
p1              = -0.013533        +/- 0.0004229    (3.125%)

correlation matrix of the fit parameters:
                p0     p1     
p0              1.000 
p1              0.031  1.000 


*******************************************************************************
Tue Jul 30 23:47:12 2024


FIT:    data read from "fit/merge.dat" u 1:4
        format = x:z
        #datapoints = 5
        residuals are weighted equally (unit weight)

function used for fitting: f(x)
	f(x)=p0+p1*x
fitted parameters initialized with current variable values

iter      chisq       delta/lim  lambda   p0            p1           
   0 4.8992852322e+05   0.00e+00  2.16e+02    1.000000e+00   1.000000e+00
   6 5.0797894995e+02  -2.18e-06  2.16e-04    1.146398e+02   4.442160e-02

After 6 iterations the fit converged.
final sum of squares of residuals : 507.979
rel. change during last iteration : -2.1764e-11

degrees of freedom    (FIT_NDF)                        : 3
rms of residuals      (FIT_STDFIT) = sqrt(WSSR/ndf)    : 13.0125
variance of residuals (reduced chisquare) = WSSR/ndf   : 169.326

Final set of parameters            Asymptotic Standard Error
=======================            ==========================
p0              = 114.64           +/- 5.819        (5.076%)
p1              = 0.0444216        +/- 0.01903      (42.85%)

correlation matrix of the fit parameters:
                p0     p1     
p0              1.000 
p1             -0.006  1.000 


*******************************************************************************
Tue Jul 30 23:48:00 2024


FIT:    data read from "fit/merge.dat" u 1:2
        format = x:z
        #datapoints = 5
        residuals are weighted equally (unit weight)

function used for fitting: f(x)
	f(x)=p0+p1*x
fitted parameters initialized with current variable values

iter      chisq       delta/lim  lambda   p0            p1           
   0 9.8161662213e+05   0.00e+00  2.16e+02    1.000000e+00   1.000000e+00
   6 2.9481517903e-01  -2.88e-02  2.16e-04   -3.139361e+02  -1.341691e-02

After 6 iterations the fit converged.
final sum of squares of residuals : 0.294815
rel. change during last iteration : -2.88019e-07

degrees of freedom    (FIT_NDF)                        : 3
rms of residuals      (FIT_STDFIT) = sqrt(WSSR/ndf)    : 0.313483
variance of residuals (reduced chisquare) = WSSR/ndf   : 0.0982717

Final set of parameters            Asymptotic Standard Error
=======================            ==========================
p0              = -313.936         +/- 0.1402       (0.04466%)
p1              = -0.0134169       +/- 0.0004585    (3.418%)

correlation matrix of the fit parameters:
                p0     p1     
p0              1.000 
p1             -0.006  1.000 


*******************************************************************************
Tue Jul 30 23:52:28 2024


FIT:    data read from "fit/merge.dat" u 1:(-$3/112.64047)
        format = x:z
        #datapoints = 5
        residuals are weighted equally (unit weight)

function used for fitting: f(x)
	f(x)=p0+p1*x+p2*x*x
fitted parameters initialized with current variable values

iter      chisq       delta/lim  lambda   p0            p1            p2           
   0 7.3091653334e+10   0.00e+00  6.98e+04    1.000000e+00   1.000000e+00   1.000000e+00
   9 2.5094648805e-05  -2.95e-06  6.98e-05   -7.346261e-01   2.182830e-04   1.316705e-07

After 9 iterations the fit converged.
final sum of squares of residuals : 2.50946e-05
rel. change during last iteration : -2.95223e-11

degrees of freedom    (FIT_NDF)                        : 2
rms of residuals      (FIT_STDFIT) = sqrt(WSSR/ndf)    : 0.00354222
variance of residuals (reduced chisquare) = WSSR/ndf   : 1.25473e-05

Final set of parameters            Asymptotic Standard Error
=======================            ==========================
p0              = -0.734626        +/- 0.002502     (0.3406%)
p1              = 0.000218283      +/- 5.197e-06    (2.381%)
p2              = 1.3167e-07       +/- 2.071e-08    (15.73%)

correlation matrix of the fit parameters:
                p0     p1     p2     
p0              1.000 
p1             -0.063  1.000 
p2             -0.774  0.077  1.000 


*******************************************************************************
Tue Jul 30 23:52:36 2024


FIT:    data read from "fit/merge.dat" u 1:(-$4/112.64047)
        format = x:z
        #datapoints = 5
        residuals are weighted equally (unit weight)

function used for fitting: f(x)
	f(x)=p0+p1*x+p2*x*x
fitted parameters initialized with current variable values

iter      chisq       delta/lim  lambda   p0            p1            p2           
   0 7.3091967414e+10   0.00e+00  6.98e+04    1.000000e+00   1.000000e+00   1.000000e+00
   9 2.6604776246e-02  -3.61e-09  6.98e-05   -9.543729e-01  -4.074613e-04  -6.777439e-07

After 9 iterations the fit converged.
final sum of squares of residuals : 0.0266048
rel. change during last iteration : -3.61227e-14

degrees of freedom    (FIT_NDF)                        : 2
rms of residuals      (FIT_STDFIT) = sqrt(WSSR/ndf)    : 0.115336
variance of residuals (reduced chisquare) = WSSR/ndf   : 0.0133024

Final set of parameters            Asymptotic Standard Error
=======================            ==========================
p0              = -0.954373        +/- 0.08148      (8.537%)
p1              = -0.000407461     +/- 0.0001692    (41.53%)
p2              = -6.77744e-07     +/- 6.745e-07    (99.52%)

correlation matrix of the fit parameters:
                p0     p1     p2     
p0              1.000 
p1             -0.063  1.000 
p2             -0.774  0.077  1.000 


*******************************************************************************
Tue Jul 30 23:53:05 2024


FIT:    data read from "fit/merge.dat" u 1:(-$4/112.64047)
        format = x:z
        #datapoints = 5
        residuals are weighted equally (unit weight)

function used for fitting: f(x)
	f(x)=p0+p1*x+p2*x*x
fitted parameters initialized with current variable values

iter      chisq       delta/lim  lambda   p0            p1            p2           
   0 7.3091967414e+10   0.00e+00  6.98e+04    1.000000e+00   1.000000e+00   1.000000e+00
   9 2.6604776246e-02  -3.61e-09  6.98e-05   -9.543729e-01  -4.074613e-04  -6.777439e-07

After 9 iterations the fit converged.
final sum of squares of residuals : 0.0266048
rel. change during last iteration : -3.61227e-14

degrees of freedom    (FIT_NDF)                        : 2
rms of residuals      (FIT_STDFIT) = sqrt(WSSR/ndf)    : 0.115336
variance of residuals (reduced chisquare) = WSSR/ndf   : 0.0133024

Final set of parameters            Asymptotic Standard Error
=======================            ==========================
p0              = -0.954373        +/- 0.08148      (8.537%)
p1              = -0.000407461     +/- 0.0001692    (41.53%)
p2              = -6.77744e-07     +/- 6.745e-07    (99.52%)

correlation matrix of the fit parameters:
                p0     p1     p2     
p0              1.000 
p1             -0.063  1.000 
p2             -0.774  0.077  1.000 


*******************************************************************************
Tue Jul 30 23:53:45 2024


FIT:    data read from "fit/merge.dat" u 1:(-$4/112.64047)
        format = x:z
        #datapoints = 5
        residuals are weighted equally (unit weight)

function used for fitting: f(x)
	f(x)=p0+p1*x+p2*x*x+p3*x*x*x
fitted parameters initialized with current variable values

iter      chisq       delta/lim  lambda   p0            p1            p2            p3           
   0 1.2883801274e+16   0.00e+00  2.54e+07    1.000000e+00   1.000000e+00   1.000000e+00   1.000000e+00
  11 1.2987091018e-03  -3.45e-02  2.54e-04   -9.584814e-01  -1.068058e-03  -5.468644e-07   4.238544e-09

After 11 iterations the fit converged.
final sum of squares of residuals : 0.00129871
rel. change during last iteration : -3.45129e-07

degrees of freedom    (FIT_NDF)                        : 1
rms of residuals      (FIT_STDFIT) = sqrt(WSSR/ndf)    : 0.0360376
variance of residuals (reduced chisquare) = WSSR/ndf   : 0.00129871

Final set of parameters            Asymptotic Standard Error
=======================            ==========================
p0              = -0.958481        +/- 0.02548      (2.658%)
p1              = -0.00106806      +/- 0.0001587    (14.86%)
p2              = -5.46864e-07     +/- 2.128e-07    (38.92%)
p3              = 4.23854e-09      +/- 9.602e-10    (22.65%)

correlation matrix of the fit parameters:
                p0     p1     p2     p3     
p0              1.000 
p1              0.013  1.000 
p2             -0.771 -0.106  1.000 
p3             -0.037 -0.943  0.139  1.000 


*******************************************************************************
Tue Jul 30 23:55:03 2024


FIT:    data read from "fit/merge.dat" u 1:(-$2/112.64047)
        format = x:z
        #datapoints = 5
        residuals are weighted equally (unit weight)

function used for fitting: f(x)
	f(x)=p0+p1*x
fitted parameters initialized with current variable values

iter      chisq       delta/lim  lambda   p0            p1           
   0 4.6725810233e+05   0.00e+00  2.16e+02    1.000000e+00   1.000000e+00
   6 2.3235976697e-05  -1.18e-02  2.16e-04    2.787063e+00   1.191127e-04

After 6 iterations the fit converged.
final sum of squares of residuals : 2.3236e-05
rel. change during last iteration : -1.17667e-07

degrees of freedom    (FIT_NDF)                        : 3
rms of residuals      (FIT_STDFIT) = sqrt(WSSR/ndf)    : 0.00278304
variance of residuals (reduced chisquare) = WSSR/ndf   : 7.74533e-06

Final set of parameters            Asymptotic Standard Error
=======================            ==========================
p0              = 2.78706          +/- 0.001245     (0.04466%)
p1              = 0.000119113      +/- 4.071e-06    (3.418%)

correlation matrix of the fit parameters:
                p0     p1     
p0              1.000 
p1             -0.006  1.000 


*******************************************************************************
Tue Jul 30 23:55:34 2024


FIT:    data read from "fit/merge.dat" u 1:(-$3/112.64047)
        format = x:z
        #datapoints = 5
        residuals are weighted equally (unit weight)

function used for fitting: f(x)
	f(x)=p0+p1*x+p2*x*x
fitted parameters initialized with current variable values

iter      chisq       delta/lim  lambda   p0            p1            p2           
   0 7.3091653334e+10   0.00e+00  6.98e+04    1.000000e+00   1.000000e+00   1.000000e+00
   9 2.5094648805e-05  -2.95e-06  6.98e-05   -7.346261e-01   2.182830e-04   1.316705e-07

After 9 iterations the fit converged.
final sum of squares of residuals : 2.50946e-05
rel. change during last iteration : -2.95223e-11

degrees of freedom    (FIT_NDF)                        : 2
rms of residuals      (FIT_STDFIT) = sqrt(WSSR/ndf)    : 0.00354222
variance of residuals (reduced chisquare) = WSSR/ndf   : 1.25473e-05

Final set of parameters            Asymptotic Standard Error
=======================            ==========================
p0              = -0.734626        +/- 0.002502     (0.3406%)
p1              = 0.000218283      +/- 5.197e-06    (2.381%)
p2              = 1.3167e-07       +/- 2.071e-08    (15.73%)

correlation matrix of the fit parameters:
                p0     p1     p2     
p0              1.000 
p1             -0.063  1.000 
p2             -0.774  0.077  1.000 


*******************************************************************************
Tue Jul 30 23:55:59 2024


FIT:    data read from "fit/merge.dat" u 1:(-$3/112.64047)
        format = x:z
        #datapoints = 5
        residuals are weighted equally (unit weight)

function used for fitting: f(x)
	f(x)=p0+p1*x+p2*x*x
fitted parameters initialized with current variable values

iter      chisq       delta/lim  lambda   p0            p1            p2           
   0 7.3091653334e+10   0.00e+00  6.98e+04    1.000000e+00   1.000000e+00   1.000000e+00
   9 2.5094648805e-05  -2.95e-06  6.98e-05   -7.346261e-01   2.182830e-04   1.316705e-07

After 9 iterations the fit converged.
final sum of squares of residuals : 2.50946e-05
rel. change during last iteration : -2.95223e-11

degrees of freedom    (FIT_NDF)                        : 2
rms of residuals      (FIT_STDFIT) = sqrt(WSSR/ndf)    : 0.00354222
variance of residuals (reduced chisquare) = WSSR/ndf   : 1.25473e-05

Final set of parameters            Asymptotic Standard Error
=======================            ==========================
p0              = -0.734626        +/- 0.002502     (0.3406%)
p1              = 0.000218283      +/- 5.197e-06    (2.381%)
p2              = 1.3167e-07       +/- 2.071e-08    (15.73%)

correlation matrix of the fit parameters:
                p0     p1     p2     
p0              1.000 
p1             -0.063  1.000 
p2             -0.774  0.077  1.000 


*******************************************************************************
Tue Jul 30 23:56:20 2024


FIT:    data read from "fit/merge.dat" u 1:(-$3/112.64047)
        format = x:z
        #datapoints = 5
        residuals are weighted equally (unit weight)

function used for fitting: f(x)
	f(x)=p0+p1*x+p2*x*x
fitted parameters initialized with current variable values

iter      chisq       delta/lim  lambda   p0            p1            p2           
   0 7.3091653334e+10   0.00e+00  6.98e+04    1.000000e+00   1.000000e+00   1.000000e+00
   9 2.5094648805e-05  -2.95e-06  6.98e-05   -7.346261e-01   2.182830e-04   1.316705e-07

After 9 iterations the fit converged.
final sum of squares of residuals : 2.50946e-05
rel. change during last iteration : -2.95223e-11

degrees of freedom    (FIT_NDF)                        : 2
rms of residuals      (FIT_STDFIT) = sqrt(WSSR/ndf)    : 0.00354222
variance of residuals (reduced chisquare) = WSSR/ndf   : 1.25473e-05

Final set of parameters            Asymptotic Standard Error
=======================            ==========================
p0              = -0.734626        +/- 0.002502     (0.3406%)
p1              = 0.000218283      +/- 5.197e-06    (2.381%)
p2              = 1.3167e-07       +/- 2.071e-08    (15.73%)

correlation matrix of the fit parameters:
                p0     p1     p2     
p0              1.000 
p1             -0.063  1.000 
p2             -0.774  0.077  1.000 


*******************************************************************************
Tue Jul 30 23:56:27 2024


FIT:    data read from "fit/merge.dat" u 1:(-$4/112.64047)
        format = x:z
        #datapoints = 5
        residuals are weighted equally (unit weight)

function used for fitting: f(x)
	f(x)=p0+p1*x+p2*x*x+p3*x*x*x
fitted parameters initialized with current variable values

iter      chisq       delta/lim  lambda   p0            p1            p2            p3           
   0 1.2883801274e+16   0.00e+00  2.54e+07    1.000000e+00   1.000000e+00   1.000000e+00   1.000000e+00
  11 1.2987091018e-03  -3.45e-02  2.54e-04   -9.584814e-01  -1.068058e-03  -5.468644e-07   4.238544e-09

After 11 iterations the fit converged.
final sum of squares of residuals : 0.00129871
rel. change during last iteration : -3.45129e-07

degrees of freedom    (FIT_NDF)                        : 1
rms of residuals      (FIT_STDFIT) = sqrt(WSSR/ndf)    : 0.0360376
variance of residuals (reduced chisquare) = WSSR/ndf   : 0.00129871

Final set of parameters            Asymptotic Standard Error
=======================            ==========================
p0              = -0.958481        +/- 0.02548      (2.658%)
p1              = -0.00106806      +/- 0.0001587    (14.86%)
p2              = -5.46864e-07     +/- 2.128e-07    (38.92%)
p3              = 4.23854e-09      +/- 9.602e-10    (22.65%)

correlation matrix of the fit parameters:
                p0     p1     p2     p3     
p0              1.000 
p1              0.013  1.000 
p2             -0.771 -0.106  1.000 
p3             -0.037 -0.943  0.139  1.000 


*******************************************************************************
Tue Jul 30 23:56:42 2024


FIT:    data read from "fit/merge.dat" u 1:(-$4/112.64047)
        format = x:z
        #datapoints = 5
        residuals are weighted equally (unit weight)

function used for fitting: f(x)
	f(x)=p0+p1*x+p2*x*x+p3*x*x*x
fitted parameters initialized with current variable values

iter      chisq       delta/lim  lambda   p0            p1            p2            p3           
   0 1.2883801274e+16   0.00e+00  2.54e+07    1.000000e+00   1.000000e+00   1.000000e+00   1.000000e+00
  11 1.2987091018e-03  -3.45e-02  2.54e-04   -9.584814e-01  -1.068058e-03  -5.468644e-07   4.238544e-09

After 11 iterations the fit converged.
final sum of squares of residuals : 0.00129871
rel. change during last iteration : -3.45129e-07

degrees of freedom    (FIT_NDF)                        : 1
rms of residuals      (FIT_STDFIT) = sqrt(WSSR/ndf)    : 0.0360376
variance of residuals (reduced chisquare) = WSSR/ndf   : 0.00129871

Final set of parameters            Asymptotic Standard Error
=======================            ==========================
p0              = -0.958481        +/- 0.02548      (2.658%)
p1              = -0.00106806      +/- 0.0001587    (14.86%)
p2              = -5.46864e-07     +/- 2.128e-07    (38.92%)
p3              = 4.23854e-09      +/- 9.602e-10    (22.65%)

correlation matrix of the fit parameters:
                p0     p1     p2     p3     
p0              1.000 
p1              0.013  1.000 
p2             -0.771 -0.106  1.000 
p3             -0.037 -0.943  0.139  1.000 


*******************************************************************************
Wed Jul 31 00:08:16 2024


FIT:    data read from "fit/merge.dat" u 1:(-$4/112.64047)
        format = x:z
        #datapoints = 5
        residuals are weighted equally (unit weight)

function used for fitting: f(x)
	f(x)=p0+p1*x+p2*x*x+p3*x*x*x
fitted parameters initialized with current variable values

iter      chisq       delta/lim  lambda   p0            p1            p2            p3           
   0 1.2883801274e+16   0.00e+00  2.54e+07    1.000000e+00   1.000000e+00   1.000000e+00   1.000000e+00
  11 1.2987091018e-03  -3.45e-02  2.54e-04   -9.584814e-01  -1.068058e-03  -5.468644e-07   4.238544e-09

After 11 iterations the fit converged.
final sum of squares of residuals : 0.00129871
rel. change during last iteration : -3.45129e-07

degrees of freedom    (FIT_NDF)                        : 1
rms of residuals      (FIT_STDFIT) = sqrt(WSSR/ndf)    : 0.0360376
variance of residuals (reduced chisquare) = WSSR/ndf   : 0.00129871

Final set of parameters            Asymptotic Standard Error
=======================            ==========================
p0              = -0.958481        +/- 0.02548      (2.658%)
p1              = -0.00106806      +/- 0.0001587    (14.86%)
p2              = -5.46864e-07     +/- 2.128e-07    (38.92%)
p3              = 4.23854e-09      +/- 9.602e-10    (22.65%)

correlation matrix of the fit parameters:
                p0     p1     p2     p3     
p0              1.000 
p1              0.013  1.000 
p2             -0.771 -0.106  1.000 
p3             -0.037 -0.943  0.139  1.000 


*******************************************************************************
Wed Jul 31 00:08:24 2024


FIT:    data read from "fit/merge.dat" u 1:(-$2/112.64047)
        format = x:z
        #datapoints = 5
        residuals are weighted equally (unit weight)

function used for fitting: f(x)
	f(x)=p0+p1*x
fitted parameters initialized with current variable values

iter      chisq       delta/lim  lambda   p0            p1           
   0 4.6725810233e+05   0.00e+00  2.16e+02    1.000000e+00   1.000000e+00
   6 2.3235976697e-05  -1.18e-02  2.16e-04    2.787063e+00   1.191127e-04

After 6 iterations the fit converged.
final sum of squares of residuals : 2.3236e-05
rel. change during last iteration : -1.17667e-07

degrees of freedom    (FIT_NDF)                        : 3
rms of residuals      (FIT_STDFIT) = sqrt(WSSR/ndf)    : 0.00278304
variance of residuals (reduced chisquare) = WSSR/ndf   : 7.74533e-06

Final set of parameters            Asymptotic Standard Error
=======================            ==========================
p0              = 2.78706          +/- 0.001245     (0.04466%)
p1              = 0.000119113      +/- 4.071e-06    (3.418%)

correlation matrix of the fit parameters:
                p0     p1     
p0              1.000 
p1             -0.006  1.000 


*******************************************************************************
Wed Jul 31 00:08:51 2024


FIT:    data read from "fit/merge.dat" u 1:(-$3/112.64047)
        format = x:z
        #datapoints = 5
        residuals are weighted equally (unit weight)

function used for fitting: f(x)
	f(x)=p0+p1*x+p2*x*x
fitted parameters initialized with current variable values

iter      chisq       delta/lim  lambda   p0            p1            p2           
   0 7.3091653334e+10   0.00e+00  6.98e+04    1.000000e+00   1.000000e+00   1.000000e+00
   9 2.5094648805e-05  -2.95e-06  6.98e-05   -7.346261e-01   2.182830e-04   1.316705e-07

After 9 iterations the fit converged.
final sum of squares of residuals : 2.50946e-05
rel. change during last iteration : -2.95223e-11

degrees of freedom    (FIT_NDF)                        : 2
rms of residuals      (FIT_STDFIT) = sqrt(WSSR/ndf)    : 0.00354222
variance of residuals (reduced chisquare) = WSSR/ndf   : 1.25473e-05

Final set of parameters            Asymptotic Standard Error
=======================            ==========================
p0              = -0.734626        +/- 0.002502     (0.3406%)
p1              = 0.000218283      +/- 5.197e-06    (2.381%)
p2              = 1.3167e-07       +/- 2.071e-08    (15.73%)

correlation matrix of the fit parameters:
                p0     p1     p2     
p0              1.000 
p1             -0.063  1.000 
p2             -0.774  0.077  1.000 


*******************************************************************************
Wed Jul 31 00:09:12 2024


FIT:    data read from "fit/merge.dat" u 1:(-$4/112.64047)
        format = x:z
        #datapoints = 5
        residuals are weighted equally (unit weight)

function used for fitting: f(x)
	f(x)=p0+p1*x+p2*x*x+p3*x*x*x
fitted parameters initialized with current variable values

iter      chisq       delta/lim  lambda   p0            p1            p2            p3           
   0 1.2883801274e+16   0.00e+00  2.54e+07    1.000000e+00   1.000000e+00   1.000000e+00   1.000000e+00
  11 1.2987091018e-03  -3.45e-02  2.54e-04   -9.584814e-01  -1.068058e-03  -5.468644e-07   4.238544e-09

After 11 iterations the fit converged.
final sum of squares of residuals : 0.00129871
rel. change during last iteration : -3.45129e-07

degrees of freedom    (FIT_NDF)                        : 1
rms of residuals      (FIT_STDFIT) = sqrt(WSSR/ndf)    : 0.0360376
variance of residuals (reduced chisquare) = WSSR/ndf   : 0.00129871

Final set of parameters            Asymptotic Standard Error
=======================            ==========================
p0              = -0.958481        +/- 0.02548      (2.658%)
p1              = -0.00106806      +/- 0.0001587    (14.86%)
p2              = -5.46864e-07     +/- 2.128e-07    (38.92%)
p3              = 4.23854e-09      +/- 9.602e-10    (22.65%)

correlation matrix of the fit parameters:
                p0     p1     p2     p3     
p0              1.000 
p1              0.013  1.000 
p2             -0.771 -0.106  1.000 
p3             -0.037 -0.943  0.139  1.000 


*******************************************************************************
Thu Aug  1 19:26:37 2024


FIT:    data read from "fit/merge.dat" u 1:(-$2*0.17755607)
        format = x:z
        #datapoints = 5
        residuals are weighted equally (unit weight)

function used for fitting: f(x)
	f(x)=p0+p1*x
fitted parameters initialized with current variable values

iter      chisq       delta/lim  lambda   p0            p1           
   0 4.7917198146e+05   0.00e+00  2.16e+02    1.000000e+00   1.000000e+00
   6 9.2943899130e-03  -2.76e-02  2.16e-04    5.574126e+01   2.382253e-03

After 6 iterations the fit converged.
final sum of squares of residuals : 0.00929439
rel. change during last iteration : -2.76016e-07

degrees of freedom    (FIT_NDF)                        : 3
rms of residuals      (FIT_STDFIT) = sqrt(WSSR/ndf)    : 0.0556608
variance of residuals (reduced chisquare) = WSSR/ndf   : 0.00309813

Final set of parameters            Asymptotic Standard Error
=======================            ==========================
p0              = 55.7413          +/- 0.02489      (0.04466%)
p1              = 0.00238225       +/- 8.142e-05    (3.418%)

correlation matrix of the fit parameters:
                p0     p1     
p0              1.000 
p1             -0.006  1.000 


*******************************************************************************
Thu Aug  1 19:27:25 2024


FIT:    data read from "fit/merge.dat" u 1:(-$3*0.17755607)
        format = x:z
        #datapoints = 5
        residuals are weighted equally (unit weight)

function used for fitting: f(x)
	f(x)=p0+p1*x+p2*x*x
fitted parameters initialized with current variable values

iter      chisq       delta/lim  lambda   p0            p1            p2           
   0 7.3104400581e+10   0.00e+00  6.98e+04    1.000000e+00   1.000000e+00   1.000000e+00
   9 1.0037858695e-02  -6.07e-07  6.98e-05   -1.469252e+01   4.365660e-03   2.633410e-06

After 9 iterations the fit converged.
final sum of squares of residuals : 0.0100379
rel. change during last iteration : -6.07352e-12

degrees of freedom    (FIT_NDF)                        : 2
rms of residuals      (FIT_STDFIT) = sqrt(WSSR/ndf)    : 0.0708444
variance of residuals (reduced chisquare) = WSSR/ndf   : 0.00501893

Final set of parameters            Asymptotic Standard Error
=======================            ==========================
p0              = -14.6925         +/- 0.05005      (0.3406%)
p1              = 0.00436566       +/- 0.0001039    (2.381%)
p2              = 2.63341e-06      +/- 4.143e-07    (15.73%)

correlation matrix of the fit parameters:
                p0     p1     p2     
p0              1.000 
p1             -0.063  1.000 
p2             -0.774  0.077  1.000 


*******************************************************************************
Thu Aug  1 19:27:49 2024


FIT:    data read from "fit/merge.dat" u 1:(-$4*0.17755607)
        format = x:z
        #datapoints = 5
        residuals are weighted equally (unit weight)

function used for fitting: f(x)
	f(x)=p0+p1*x+p2*x*x+p3*x*x*x
fitted parameters initialized with current variable values

iter      chisq       delta/lim  lambda   p0            p1            p2            p3           
   0 1.2883801821e+16   0.00e+00  2.54e+07    1.000000e+00   1.000000e+00   1.000000e+00   1.000000e+00
  11 5.1948359793e-01  -9.15e-03  2.54e-04   -1.916963e+01  -2.136117e-02  -1.093729e-05   8.477087e-08

After 11 iterations the fit converged.
final sum of squares of residuals : 0.519484
rel. change during last iteration : -9.15055e-08

degrees of freedom    (FIT_NDF)                        : 1
rms of residuals      (FIT_STDFIT) = sqrt(WSSR/ndf)    : 0.720752
variance of residuals (reduced chisquare) = WSSR/ndf   : 0.519484

Final set of parameters            Asymptotic Standard Error
=======================            ==========================
p0              = -19.1696         +/- 0.5095       (2.658%)
p1              = -0.0213612       +/- 0.003174     (14.86%)
p2              = -1.09373e-05     +/- 4.256e-06    (38.92%)
p3              = 8.47709e-08      +/- 1.92e-08     (22.65%)

correlation matrix of the fit parameters:
                p0     p1     p2     p3     
p0              1.000 
p1              0.013  1.000 
p2             -0.771 -0.106  1.000 
p3             -0.037 -0.943  0.139  1.000 


*******************************************************************************
Thu Aug  1 19:58:50 2024


FIT:    data read from "fit/merge.dat" u 1:($2*0.17755607)
        format = x:z
        #datapoints = 5
        residuals are weighted equally (unit weight)

function used for fitting: f(x)
	f(x)=p0+p1*x
fitted parameters initialized with current variable values

iter      chisq       delta/lim  lambda   p0            p1           
   0 4.8672511266e+05   0.00e+00  2.16e+02    1.000000e+00   1.000000e+00
   6 9.2943899130e-03  -2.97e-02  2.16e-04   -5.574126e+01  -2.382253e-03

After 6 iterations the fit converged.
final sum of squares of residuals : 0.00929439
rel. change during last iteration : -2.96553e-07

degrees of freedom    (FIT_NDF)                        : 3
rms of residuals      (FIT_STDFIT) = sqrt(WSSR/ndf)    : 0.0556608
variance of residuals (reduced chisquare) = WSSR/ndf   : 0.00309813

Final set of parameters            Asymptotic Standard Error
=======================            ==========================
p0              = -55.7413         +/- 0.02489      (0.04466%)
p1              = -0.00238225      +/- 8.142e-05    (3.418%)

correlation matrix of the fit parameters:
                p0     p1     
p0              1.000 
p1             -0.006  1.000 


*******************************************************************************
Thu Aug  1 19:58:55 2024


FIT:    data read from "fit/merge.dat" u 1:($3*0.17755607)
        format = x:z
        #datapoints = 5
        residuals are weighted equally (unit weight)

function used for fitting: f(x)
	f(x)=p0+p1*x+p2*x*x
fitted parameters initialized with current variable values

iter      chisq       delta/lim  lambda   p0            p1            p2           
   0 7.3040514655e+10   0.00e+00  6.98e+04   -5.574126e+01  -2.382253e-03   1.000000e+00
   9 1.0037858695e-02  -3.06e-09  6.98e-02    1.469252e+01  -4.365660e-03  -2.633410e-06

After 9 iterations the fit converged.
final sum of squares of residuals : 0.0100379
rel. change during last iteration : -3.05888e-14

degrees of freedom    (FIT_NDF)                        : 2
rms of residuals      (FIT_STDFIT) = sqrt(WSSR/ndf)    : 0.0708444
variance of residuals (reduced chisquare) = WSSR/ndf   : 0.00501893

Final set of parameters            Asymptotic Standard Error
=======================            ==========================
p0              = 14.6925          +/- 0.05005      (0.3406%)
p1              = -0.00436566      +/- 0.0001039    (2.381%)
p2              = -2.63341e-06     +/- 4.143e-07    (15.73%)

correlation matrix of the fit parameters:
                p0     p1     p2     
p0              1.000 
p1             -0.063  1.000 
p2             -0.774  0.077  1.000 


*******************************************************************************
Thu Aug  1 19:59:01 2024


FIT:    data read from "fit/merge.dat" u 1:($4*0.17755607)
        format = x:z
        #datapoints = 5
        residuals are weighted equally (unit weight)

function used for fitting: f(x)
	f(x)=p0+p1*x+p2*x*x+p3*x*x*x
fitted parameters initialized with current variable values

iter      chisq       delta/lim  lambda   p0            p1            p2            p3           
   0 1.2889744732e+16   0.00e+00  2.54e+07    1.469252e+01  -4.365660e-03  -2.633410e-06   1.000000e+00
   4 2.2468044565e+02  -3.52e-01  2.54e+03    1.469253e+01  -4.365660e-03  -2.633410e-06   5.504987e-08

After 4 iterations the fit converged.
final sum of squares of residuals : 224.68
rel. change during last iteration : -3.51602e-06

degrees of freedom    (FIT_NDF)                        : 1
rms of residuals      (FIT_STDFIT) = sqrt(WSSR/ndf)    : 14.9893
variance of residuals (reduced chisquare) = WSSR/ndf   : 224.68

Final set of parameters            Asymptotic Standard Error
=======================            ==========================
p0              = 14.6925          +/- 10.6         (72.12%)
p1              = -0.00436566      +/- 0.06602      (1512%)
p2              = -2.63341e-06     +/- 8.852e-05    (3361%)
p3              = 5.50499e-08      +/- 3.994e-07    (725.5%)

correlation matrix of the fit parameters:
                p0     p1     p2     p3     
p0              1.000 
p1              0.013  1.000 
p2             -0.771 -0.106  1.000 
p3             -0.037 -0.943  0.139  1.000 


*******************************************************************************
Fri Aug 16 18:05:47 2024


FIT:    data read from "fit/merge.dat" u 1:($2*0.17755607)
        format = x:z
        #datapoints = 5
        residuals are weighted equally (unit weight)

function used for fitting: f(x)
	f(x)=p0+p1*x
fitted parameters initialized with current variable values

iter      chisq       delta/lim  lambda   p0            p1           
   0 4.8672511266e+05   0.00e+00  2.16e+02    1.000000e+00   1.000000e+00
   6 9.2943899130e-03  -2.97e-02  2.16e-04   -5.574126e+01  -2.382253e-03

After 6 iterations the fit converged.
final sum of squares of residuals : 0.00929439
rel. change during last iteration : -2.96553e-07

degrees of freedom    (FIT_NDF)                        : 3
rms of residuals      (FIT_STDFIT) = sqrt(WSSR/ndf)    : 0.0556608
variance of residuals (reduced chisquare) = WSSR/ndf   : 0.00309813

Final set of parameters            Asymptotic Standard Error
=======================            ==========================
p0              = -55.7413         +/- 0.02489      (0.04466%)
p1              = -0.00238225      +/- 8.142e-05    (3.418%)

correlation matrix of the fit parameters:
                p0     p1     
p0              1.000 
p1             -0.006  1.000 


*******************************************************************************
Wed Sep  4 05:09:13 2024


FIT:    data read from "fit/merge.dat" u 1:($3*0.17755607)
        format = x:z
        #datapoints = 5
        residuals are weighted equally (unit weight)

function used for fitting: f(x)
	f(x)=p0+p1*x+p2*x*x
fitted parameters initialized with current variable values

iter      chisq       delta/lim  lambda   p0            p1            p2           
   0 7.3077566480e+10   0.00e+00  6.98e+04    1.000000e+00   1.000000e+00   1.000000e+00
   9 1.0037858695e-02  -4.62e-07  6.98e-05    1.469252e+01  -4.365660e-03  -2.633410e-06

After 9 iterations the fit converged.
final sum of squares of residuals : 0.0100379
rel. change during last iteration : -4.62046e-12

degrees of freedom    (FIT_NDF)                        : 2
rms of residuals      (FIT_STDFIT) = sqrt(WSSR/ndf)    : 0.0708444
variance of residuals (reduced chisquare) = WSSR/ndf   : 0.00501893

Final set of parameters            Asymptotic Standard Error
=======================            ==========================
p0              = 14.6925          +/- 0.05005      (0.3406%)
p1              = -0.00436566      +/- 0.0001039    (2.381%)
p2              = -2.63341e-06     +/- 4.143e-07    (15.73%)

correlation matrix of the fit parameters:
                p0     p1     p2     
p0              1.000 
p1             -0.063  1.000 
p2             -0.774  0.077  1.000 


*******************************************************************************
Wed Sep  4 05:09:18 2024


FIT:    data read from "fit/merge.dat" u 1:($2*0.17755607)
        format = x:z
        #datapoints = 5
        residuals are weighted equally (unit weight)

function used for fitting: f(x)
	f(x)=p0+p1*x
fitted parameters initialized with current variable values

iter      chisq       delta/lim  lambda   p0            p1           
   0 4.8672511266e+05   0.00e+00  2.16e+02    1.000000e+00   1.000000e+00
   6 9.2943899130e-03  -2.97e-02  2.16e-04   -5.574126e+01  -2.382253e-03

After 6 iterations the fit converged.
final sum of squares of residuals : 0.00929439
rel. change during last iteration : -2.96553e-07

degrees of freedom    (FIT_NDF)                        : 3
rms of residuals      (FIT_STDFIT) = sqrt(WSSR/ndf)    : 0.0556608
variance of residuals (reduced chisquare) = WSSR/ndf   : 0.00309813

Final set of parameters            Asymptotic Standard Error
=======================            ==========================
p0              = -55.7413         +/- 0.02489      (0.04466%)
p1              = -0.00238225      +/- 8.142e-05    (3.418%)

correlation matrix of the fit parameters:
                p0     p1     
p0              1.000 
p1             -0.006  1.000 
