

*******************************************************************************
Wed Aug  7 06:07:56 2024


FIT:    data read from "fit_itr.dat" u 1:2
        format = x:z
        #datapoints = 5
        residuals are weighted equally (unit weight)

function used for fitting: f(x)
	f(x)=p0+p1*x+p2*x*x
fitted parameters initialized with current variable values

iter      chisq       delta/lim  lambda   p0            p1            p2           
   0 2.5200729445e+10   0.00e+00  4.10e+04    1.000000e+00   1.000000e+00   1.000000e+00
   8 2.0642588223e+01  -1.88e-03  4.10e-04   -7.055347e+00   3.221954e-02  -7.901890e-05

After 8 iterations the fit converged.
final sum of squares of residuals : 20.6426
rel. change during last iteration : -1.88162e-08

degrees of freedom    (FIT_NDF)                        : 2
rms of residuals      (FIT_STDFIT) = sqrt(WSSR/ndf)    : 3.21268
variance of residuals (reduced chisquare) = WSSR/ndf   : 10.3213

Final set of parameters            Asymptotic Standard Error
=======================            ==========================
p0              = -7.05535         +/- 2.231        (31.62%)
p1              = 0.0322195        +/- 0.006453     (20.03%)
p2              = -7.90189e-05     +/- 3.215e-05    (40.69%)

correlation matrix of the fit parameters:
                p0     p1     p2     
p0              1.000 
p1              0.177  1.000 
p2             -0.764 -0.271  1.000 


*******************************************************************************
Wed Aug  7 06:09:48 2024


FIT:    data read from "fit_itr.dat" u 1:3
        format = x:z
        #datapoints = 5
        residuals are weighted equally (unit weight)

function used for fitting: f(x)
	f(x)=p0+p1*x+p2*x*x
fitted parameters initialized with current variable values

iter      chisq       delta/lim  lambda   p0            p1            p2           
   0 7.0372725071e+04   0.00e+00  6.75e+00   -7.055347e+00   3.221954e-02  -7.901890e-05
   4 1.8966128957e+03  -2.92e-07  6.75e-04   -1.542800e+02  -1.036768e-01   6.378026e-04

After 4 iterations the fit converged.
final sum of squares of residuals : 1896.61
rel. change during last iteration : -2.92313e-12

degrees of freedom    (FIT_NDF)                        : 2
rms of residuals      (FIT_STDFIT) = sqrt(WSSR/ndf)    : 30.7946
variance of residuals (reduced chisquare) = WSSR/ndf   : 948.306

Final set of parameters            Asymptotic Standard Error
=======================            ==========================
p0              = -154.28          +/- 21.38        (13.86%)
p1              = -0.103677        +/- 0.06185      (59.66%)
p2              = 0.000637803      +/- 0.0003082    (48.32%)

correlation matrix of the fit parameters:
                p0     p1     p2     
p0              1.000 
p1              0.177  1.000 
p2             -0.764 -0.271  1.000 


*******************************************************************************
Wed Aug  7 06:10:38 2024


FIT:    data read from "fit_itr.dat" u 1:4
        format = x:z
        #datapoints = 5
        residuals are weighted equally (unit weight)

function used for fitting: f(x)
	f(x)=p0+p1*x+p2*x*x
fitted parameters initialized with current variable values

iter      chisq       delta/lim  lambda   p0            p1            p2           
   0 2.4804050299e+10   0.00e+00  4.10e+04    1.000000e+00   1.000000e+00   1.000000e+00
   8 6.5998727021e+04  -4.25e-05  4.10e-04   -6.746270e+01  -6.661898e-01   8.970944e-03

After 8 iterations the fit converged.
final sum of squares of residuals : 65998.7
rel. change during last iteration : -4.25067e-10

degrees of freedom    (FIT_NDF)                        : 2
rms of residuals      (FIT_STDFIT) = sqrt(WSSR/ndf)    : 181.657
variance of residuals (reduced chisquare) = WSSR/ndf   : 32999.4

Final set of parameters            Asymptotic Standard Error
=======================            ==========================
p0              = -67.4627         +/- 126.1        (187%)
p1              = -0.66619         +/- 0.3649       (54.77%)
p2              = 0.00897094       +/- 0.001818     (20.27%)

correlation matrix of the fit parameters:
                p0     p1     p2     
p0              1.000 
p1              0.177  1.000 
p2             -0.764 -0.271  1.000 
